#
# There is insufficient memory for the Java Runtime Environment to continue.
# Native memory allocation (malloc) failed to allocate 1624672 bytes. Error detail: Chunk::new
# Possible reasons:
#   The system is out of physical RAM or swap space
#   This process is running with CompressedOops enabled, and the Java Heap may be blocking the growth of the native heap
# Possible solutions:
#   Reduce memory load on the system
#   Increase physical memory or swap space
#   Check if swap backing store is full
#   Decrease Java heap size (-Xmx/-Xms)
#   Decrease number of Java threads
#   Decrease Java thread stack sizes (-Xss)
#   Set larger code cache with -XX:ReservedCodeCacheSize=
#   JVM is running with Unscaled Compressed Oops mode in which the Java heap is
#     placed in the first 4GB address space. The Java Heap base address is the
#     maximum limit for the native heap growth. Please use -XX:HeapBaseMinAddress
#     to set the Java Heap base and to place the Java Heap above 4GB virtual address.
# This output file may be truncated or incomplete.
#
#  Out of Memory Error (arena.cpp:168), pid=23688, tid=8756
#
# JRE version: OpenJDK Runtime Environment Temurin-21.0.7+6 (21.0.7+6) (build 21.0.7+6-LTS)
# Java VM: OpenJDK 64-Bit Server VM Temurin-21.0.7+6 (21.0.7+6-LTS, mixed mode, sharing, tiered, compressed oops, compressed class ptrs, parallel gc, windows-amd64)
# No core dump will be written. Minidumps are not enabled by default on client versions of Windows
#

---------------  S U M M A R Y ------------

Command Line: --add-modules=ALL-SYSTEM --add-opens=java.base/java.util=ALL-UNNAMED --add-opens=java.base/java.lang=ALL-UNNAMED --add-opens=java.base/sun.nio.fs=ALL-UNNAMED -Declipse.application=org.eclipse.jdt.ls.core.id1 -Dosgi.bundles.defaultStartLevel=4 -Declipse.product=org.eclipse.jdt.ls.core.product -Djava.import.generatesMetadataFilesAtProjectRoot=false -DDetectVMInstallationsJob.disabled=true -Dfile.encoding=utf8 -XX:+UseParallelGC -XX:GCTimeRatio=4 -XX:AdaptiveSizePolicyWeight=90 -Dsun.zip.disableMemoryMapping=true -Xmx1G -Xms100m -Xlog:disable -javaagent:c:\Users\ASUS\.vscode\extensions\redhat.java-1.42.0-win32-x64\lombok\lombok-1.18.36.jar -XX:+HeapDumpOnOutOfMemoryError -XX:HeapDumpPath=c:\Users\ASUS\AppData\Roaming\Code\User\workspaceStorage\4b0376d230ac6989838f7d7fb20bbc41\redhat.java -Daether.dependencyCollector.impl=bf c:\Users\ASUS\.vscode\extensions\redhat.java-1.42.0-win32-x64\server\plugins\org.eclipse.equinox.launcher_1.7.0.v20250424-1814.jar -configuration c:\Users\ASUS\AppData\Roaming\Code\User\globalStorage\redhat.java\1.42.0\config_win -data c:\Users\ASUS\AppData\Roaming\Code\User\workspaceStorage\4b0376d230ac6989838f7d7fb20bbc41\redhat.java\jdt_ws --pipe=\\.\pipe\lsp-02ab5555bdd590a3ea357d08cdaee502-sock

Host: AMD Ryzen 5 7535HS with Radeon Graphics        , 12 cores, 7G,  Windows 11 , 64 bit Build 26100 (10.0.26100.3775)
Time: Fri May 16 00:55:42 2025 SE Asia Standard Time elapsed time: 20.086924 seconds (0d 0h 0m 20s)

---------------  T H R E A D  ---------------

Current thread (0x000001c871272fa0):  JavaThread "C2 CompilerThread1" daemon [_thread_in_native, id=8756, stack(0x0000004e29f00000,0x0000004e2a000000) (1024K)]


Current CompileTask:
C2:20087 9793       4       org.eclipse.jdt.internal.compiler.parser.Parser::consumeRule (7748 bytes)

Stack: [0x0000004e29f00000,0x0000004e2a000000]
Native frames: (J=compiled Java code, j=interpreted, Vv=VM code, C=native code)
V  [jvm.dll+0x6ce119]
V  [jvm.dll+0x8a84a1]
V  [jvm.dll+0x8aa9ce]
V  [jvm.dll+0x8ab0b3]
V  [jvm.dll+0x27f8a6]
V  [jvm.dll+0xc507d]
V  [jvm.dll+0xc55b3]
V  [jvm.dll+0x3b692c]
V  [jvm.dll+0x382aa5]
V  [jvm.dll+0x381f0a]
V  [jvm.dll+0x247af0]
V  [jvm.dll+0x2470cf]
V  [jvm.dll+0x1c760e]
V  [jvm.dll+0x25695a]
V  [jvm.dll+0x254efa]
V  [jvm.dll+0x3f03f6]
V  [jvm.dll+0x851f6b]
V  [jvm.dll+0x6cc7dd]
C  [ucrtbase.dll+0x37b0]
C  [KERNEL32.DLL+0x2e8d7]
C  [ntdll.dll+0xb14fc]


---------------  P R O C E S S  ---------------

Threads class SMR info:
_java_thread_list=0x000001c87dc95820, length=78, elements={
0x000001c8146c32e0, 0x000001c82924de30, 0x000001c8147622b0, 0x000001c8147665d0,
0x000001c814769620, 0x000001c8147706f0, 0x000001c814775650, 0x000001c81477ae10,
0x000001c81477ce10, 0x000001c86b888760, 0x000001c86baef2b0, 0x000001c86cf29e20,
0x000001c86cf11b90, 0x000001c86b9b0e60, 0x000001c86b9b14c0, 0x000001c871849950,
0x000001c8717e25c0, 0x000001c871483890, 0x000001c8714852d0, 0x000001c871483f20,
0x000001c871483200, 0x000001c871272fa0, 0x000001c8714845b0, 0x000001c871d13ed0,
0x000001c871484c40, 0x000001c871481e50, 0x000001c8714824e0, 0x000001c871482b70,
0x000001c8741b66a0, 0x000001c8741b8e00, 0x000001c8741b73c0, 0x000001c8741b9490,
0x000001c8741b6d30, 0x000001c8741b7a50, 0x000001c8741b80e0, 0x000001c8741b8770,
0x000001c8741b6010, 0x000001c8741bc910, 0x000001c8741b9b20, 0x000001c8741baed0,
0x000001c8741bcfa0, 0x000001c8741bc280, 0x000001c8741bbbf0, 0x000001c8741bd630,
0x000001c8741bb560, 0x000001c8741ba840, 0x000001c87d7fe420, 0x000001c87d7fd700,
0x000001c87d7feab0, 0x000001c87d7ff140, 0x000001c87d7ff7d0, 0x000001c87d7ffe60,
0x000001c87d7fd070, 0x000001c87d8004f0, 0x000001c87d7fdd90, 0x000001c87d53dfa0,
0x000001c87d53f350, 0x000001c87d541ab0, 0x000001c87d540d90, 0x000001c87d542140,
0x000001c8742d7000, 0x000001c8742d7690, 0x000001c8742d7d20, 0x000001c8742d5c50,
0x000001c8742d48a0, 0x000001c8742d83b0, 0x000001c8742d4f30, 0x000001c8742d8a40,
0x000001c8742d62e0, 0x000001c8742d6970, 0x000001c8742d55c0, 0x000001c8742d90d0,
0x000001c8742d9760, 0x000001c8742db830, 0x000001c8742dab10, 0x000001c8742d9df0,
0x000001c8742dbec0, 0x000001c8742da480
}

Java Threads: ( => current thread )
  0x000001c8146c32e0 JavaThread "main"                              [_thread_blocked, id=2276, stack(0x0000004e27d00000,0x0000004e27e00000) (1024K)]
  0x000001c82924de30 JavaThread "Reference Handler"          daemon [_thread_blocked, id=17312, stack(0x0000004e28100000,0x0000004e28200000) (1024K)]
  0x000001c8147622b0 JavaThread "Finalizer"                  daemon [_thread_blocked, id=39244, stack(0x0000004e28200000,0x0000004e28300000) (1024K)]
  0x000001c8147665d0 JavaThread "Signal Dispatcher"          daemon [_thread_blocked, id=16076, stack(0x0000004e28300000,0x0000004e28400000) (1024K)]
  0x000001c814769620 JavaThread "Attach Listener"            daemon [_thread_blocked, id=15624, stack(0x0000004e28400000,0x0000004e28500000) (1024K)]
  0x000001c8147706f0 JavaThread "Service Thread"             daemon [_thread_blocked, id=25312, stack(0x0000004e28500000,0x0000004e28600000) (1024K)]
  0x000001c814775650 JavaThread "Monitor Deflation Thread"   daemon [_thread_blocked, id=36068, stack(0x0000004e28600000,0x0000004e28700000) (1024K)]
  0x000001c81477ae10 JavaThread "C2 CompilerThread0"         daemon [_thread_in_native, id=14244, stack(0x0000004e28700000,0x0000004e28800000) (1024K)]
  0x000001c81477ce10 JavaThread "C1 CompilerThread0"         daemon [_thread_blocked, id=13268, stack(0x0000004e28800000,0x0000004e28900000) (1024K)]
  0x000001c86b888760 JavaThread "Common-Cleaner"             daemon [_thread_blocked, id=36992, stack(0x0000004e28900000,0x0000004e28a00000) (1024K)]
  0x000001c86baef2b0 JavaThread "Notification Thread"        daemon [_thread_blocked, id=27292, stack(0x0000004e28b00000,0x0000004e28c00000) (1024K)]
  0x000001c86cf29e20 JavaThread "Active Thread: Equinox Container: f704e17f-46d1-4290-acaf-005515df9c3a"        [_thread_blocked, id=34384, stack(0x0000004e29300000,0x0000004e29400000) (1024K)]
  0x000001c86cf11b90 JavaThread "Refresh Thread: Equinox Container: f704e17f-46d1-4290-acaf-005515df9c3a" daemon [_thread_blocked, id=34556, stack(0x0000004e29400000,0x0000004e29500000) (1024K)]
  0x000001c86b9b0e60 JavaThread "Framework Event Dispatcher: Equinox Container: f704e17f-46d1-4290-acaf-005515df9c3a" daemon [_thread_blocked, id=39252, stack(0x0000004e28c00000,0x0000004e28d00000) (1024K)]
  0x000001c86b9b14c0 JavaThread "Start Level: Equinox Container: f704e17f-46d1-4290-acaf-005515df9c3a" daemon [_thread_blocked, id=16272, stack(0x0000004e29500000,0x0000004e29600000) (1024K)]
  0x000001c871849950 JavaThread "Bundle File Closer"         daemon [_thread_blocked, id=24888, stack(0x0000004e29a00000,0x0000004e29b00000) (1024K)]
  0x000001c8717e25c0 JavaThread "SCR Component Actor"        daemon [_thread_blocked, id=30444, stack(0x0000004e29b00000,0x0000004e29c00000) (1024K)]
  0x000001c871483890 JavaThread "Worker-JM"                         [_thread_blocked, id=9848, stack(0x0000004e29d00000,0x0000004e29e00000) (1024K)]
  0x000001c8714852d0 JavaThread "JNA Cleaner"                daemon [_thread_blocked, id=3320, stack(0x0000004e29600000,0x0000004e29700000) (1024K)]
  0x000001c871483f20 JavaThread "Worker-0"                          [_thread_blocked, id=3836, stack(0x0000004e29700000,0x0000004e29800000) (1024K)]
  0x000001c871483200 JavaThread "Worker-1: Building"                [_thread_blocked, id=26424, stack(0x0000004e29e00000,0x0000004e29f00000) (1024K)]
=>0x000001c871272fa0 JavaThread "C2 CompilerThread1"         daemon [_thread_in_native, id=8756, stack(0x0000004e29f00000,0x0000004e2a000000) (1024K)]
  0x000001c8714845b0 JavaThread "Worker-2"                          [_thread_blocked, id=37880, stack(0x0000004e2a000000,0x0000004e2a100000) (1024K)]
  0x000001c871d13ed0 JavaThread "C2 CompilerThread2"         daemon [_thread_blocked, id=4652, stack(0x0000004e2a100000,0x0000004e2a200000) (1024K)]
  0x000001c871484c40 JavaThread "Java indexing"              daemon [_thread_blocked, id=24752, stack(0x0000004e2a200000,0x0000004e2a300000) (1024K)]
  0x000001c871481e50 JavaThread "Worker-3"                          [_thread_blocked, id=24580, stack(0x0000004e2a300000,0x0000004e2a400000) (1024K)]
  0x000001c8714824e0 JavaThread "Worker-4: Java indexing... "        [_thread_blocked, id=20840, stack(0x0000004e2a600000,0x0000004e2a700000) (1024K)]
  0x000001c871482b70 JavaThread "Worker-5"                          [_thread_blocked, id=24012, stack(0x0000004e2a700000,0x0000004e2a800000) (1024K)]
  0x000001c8741b66a0 JavaThread "Worker-6"                          [_thread_blocked, id=39808, stack(0x0000004e2a800000,0x0000004e2a900000) (1024K)]
  0x000001c8741b8e00 JavaThread "Thread-2"                   daemon [_thread_in_native, id=36684, stack(0x0000004e2a900000,0x0000004e2aa00000) (1024K)]
  0x000001c8741b73c0 JavaThread "Thread-3"                   daemon [_thread_in_native, id=2996, stack(0x0000004e2aa00000,0x0000004e2ab00000) (1024K)]
  0x000001c8741b9490 JavaThread "Thread-4"                   daemon [_thread_in_native, id=25776, stack(0x0000004e2ab00000,0x0000004e2ac00000) (1024K)]
  0x000001c8741b6d30 JavaThread "Thread-5"                   daemon [_thread_in_native, id=37088, stack(0x0000004e2ac00000,0x0000004e2ad00000) (1024K)]
  0x000001c8741b7a50 JavaThread "Thread-6"                   daemon [_thread_in_native, id=9240, stack(0x0000004e2ad00000,0x0000004e2ae00000) (1024K)]
  0x000001c8741b80e0 JavaThread "Thread-7"                   daemon [_thread_in_native, id=20440, stack(0x0000004e2ae00000,0x0000004e2af00000) (1024K)]
  0x000001c8741b8770 JavaThread "Thread-8"                   daemon [_thread_in_native, id=28812, stack(0x0000004e2af00000,0x0000004e2b000000) (1024K)]
  0x000001c8741b6010 JavaThread "Thread-9"                   daemon [_thread_in_native, id=35892, stack(0x0000004e2b000000,0x0000004e2b100000) (1024K)]
  0x000001c8741bc910 JavaThread "Thread-10"                  daemon [_thread_in_native, id=15500, stack(0x0000004e2b100000,0x0000004e2b200000) (1024K)]
  0x000001c8741b9b20 JavaThread "Thread-11"                  daemon [_thread_in_native, id=24952, stack(0x0000004e2b200000,0x0000004e2b300000) (1024K)]
  0x000001c8741baed0 JavaThread "Thread-12"                  daemon [_thread_in_native, id=38272, stack(0x0000004e2b300000,0x0000004e2b400000) (1024K)]
  0x000001c8741bcfa0 JavaThread "Thread-13"                  daemon [_thread_in_native, id=20980, stack(0x0000004e2b400000,0x0000004e2b500000) (1024K)]
  0x000001c8741bc280 JavaThread "Thread-14"                  daemon [_thread_in_native, id=36172, stack(0x0000004e2b500000,0x0000004e2b600000) (1024K)]
  0x000001c8741bbbf0 JavaThread "pool-2-thread-1"                   [_thread_blocked, id=22020, stack(0x0000004e2b600000,0x0000004e2b700000) (1024K)]
  0x000001c8741bd630 JavaThread "WorkspaceEventsHandler"            [_thread_blocked, id=32520, stack(0x0000004e2b700000,0x0000004e2b800000) (1024K)]
  0x000001c8741bb560 JavaThread "pool-1-thread-1"                   [_thread_blocked, id=34264, stack(0x0000004e2b800000,0x0000004e2b900000) (1024K)]
  0x000001c8741ba840 JavaThread "LocalFile Deleter"          daemon [_thread_blocked, id=27812, stack(0x0000004e2b900000,0x0000004e2ba00000) (1024K)]
  0x000001c87d7fe420 JavaThread "LocalFile Deleter"          daemon [_thread_blocked, id=1772, stack(0x0000004e2ba00000,0x0000004e2bb00000) (1024K)]
  0x000001c87d7fd700 JavaThread "LocalFile Deleter"          daemon [_thread_blocked, id=19416, stack(0x0000004e2bb00000,0x0000004e2bc00000) (1024K)]
  0x000001c87d7feab0 JavaThread "LocalFile Deleter"          daemon [_thread_blocked, id=31264, stack(0x0000004e2bc00000,0x0000004e2bd00000) (1024K)]
  0x000001c87d7ff140 JavaThread "Compiler Source File Reader" daemon [_thread_blocked, id=25944, stack(0x0000004e2bd00000,0x0000004e2be00000) (1024K)]
  0x000001c87d7ff7d0 JavaThread "Compiler Source File Reader" daemon [_thread_blocked, id=36856, stack(0x0000004e2be00000,0x0000004e2bf00000) (1024K)]
  0x000001c87d7ffe60 JavaThread "Compiler Source File Reader" daemon [_thread_blocked, id=38464, stack(0x0000004e2bf00000,0x0000004e2c000000) (1024K)]
  0x000001c87d7fd070 JavaThread "Compiler Source File Reader" daemon [_thread_blocked, id=1696, stack(0x0000004e2c000000,0x0000004e2c100000) (1024K)]
  0x000001c87d8004f0 JavaThread "Compiler Source File Reader" daemon [_thread_blocked, id=3688, stack(0x0000004e2c100000,0x0000004e2c200000) (1024K)]
  0x000001c87d7fdd90 JavaThread "Compiler Source File Reader" daemon [_thread_blocked, id=32648, stack(0x0000004e2c200000,0x0000004e2c300000) (1024K)]
  0x000001c87d53dfa0 JavaThread "Compiler Source File Reader" daemon [_thread_blocked, id=23860, stack(0x0000004e2c300000,0x0000004e2c400000) (1024K)]
  0x000001c87d53f350 JavaThread "Compiler Source File Reader" daemon [_thread_blocked, id=34904, stack(0x0000004e2c400000,0x0000004e2c500000) (1024K)]
  0x000001c87d541ab0 JavaThread "Compiler Source File Reader" daemon [_thread_blocked, id=3612, stack(0x0000004e2c500000,0x0000004e2c600000) (1024K)]
  0x000001c87d540d90 JavaThread "Compiler Source File Reader" daemon [_thread_blocked, id=15336, stack(0x0000004e2c600000,0x0000004e2c700000) (1024K)]
  0x000001c87d542140 JavaThread "Compiler Processing Task"   daemon [_thread_blocked, id=16172, stack(0x0000004e29c00000,0x0000004e29d00000) (1024K)]
  0x000001c8742d7000 JavaThread "Compiler Class File Writer" daemon [_thread_blocked, id=21608, stack(0x0000004e2d300000,0x0000004e2d400000) (1024K)]
  0x000001c8742d7690 JavaThread "Compiler Class File Writer" daemon [_thread_blocked, id=16244, stack(0x0000004e2d400000,0x0000004e2d500000) (1024K)]
  0x000001c8742d7d20 JavaThread "Compiler Class File Writer" daemon [_thread_blocked, id=33016, stack(0x0000004e2d500000,0x0000004e2d600000) (1024K)]
  0x000001c8742d5c50 JavaThread "Compiler Class File Writer" daemon [_thread_blocked, id=35436, stack(0x0000004e2d600000,0x0000004e2d700000) (1024K)]
  0x000001c8742d48a0 JavaThread "Compiler Class File Writer" daemon [_thread_blocked, id=15312, stack(0x0000004e2d700000,0x0000004e2d800000) (1024K)]
  0x000001c8742d83b0 JavaThread "Compiler Class File Writer" daemon [_thread_blocked, id=1004, stack(0x0000004e2d800000,0x0000004e2d900000) (1024K)]
  0x000001c8742d4f30 JavaThread "Compiler Class File Writer" daemon [_thread_blocked, id=39052, stack(0x0000004e2d900000,0x0000004e2da00000) (1024K)]
  0x000001c8742d8a40 JavaThread "Compiler Class File Writer" daemon [_thread_blocked, id=24256, stack(0x0000004e2da00000,0x0000004e2db00000) (1024K)]
  0x000001c8742d62e0 JavaThread "Compiler Class File Writer" daemon [_thread_blocked, id=26352, stack(0x0000004e2db00000,0x0000004e2dc00000) (1024K)]
  0x000001c8742d6970 JavaThread "Compiler Class File Writer" daemon [_thread_blocked, id=21284, stack(0x0000004e2dc00000,0x0000004e2dd00000) (1024K)]
  0x000001c8742d55c0 JavaThread "LocalFile Deleter"          daemon [_thread_blocked, id=37840, stack(0x0000004e2dd00000,0x0000004e2de00000) (1024K)]
  0x000001c8742d90d0 JavaThread "LocalFile Deleter"          daemon [_thread_blocked, id=25756, stack(0x0000004e2de00000,0x0000004e2df00000) (1024K)]
  0x000001c8742d9760 JavaThread "LocalFile Deleter"          daemon [_thread_blocked, id=18224, stack(0x0000004e2df00000,0x0000004e2e000000) (1024K)]
  0x000001c8742db830 JavaThread "LocalFile Deleter"          daemon [_thread_blocked, id=15764, stack(0x0000004e2e000000,0x0000004e2e100000) (1024K)]
  0x000001c8742dab10 JavaThread "LocalFile Deleter"          daemon [_thread_blocked, id=36096, stack(0x0000004e2e100000,0x0000004e2e200000) (1024K)]
  0x000001c8742d9df0 JavaThread "LocalFile Deleter"          daemon [_thread_blocked, id=39248, stack(0x0000004e2e200000,0x0000004e2e300000) (1024K)]
  0x000001c8742dbec0 JavaThread "LocalFile Deleter"          daemon [_thread_blocked, id=25708, stack(0x0000004e2e300000,0x0000004e2e400000) (1024K)]
  0x000001c8742da480 JavaThread "LocalFile Deleter"          daemon [_thread_blocked, id=18776, stack(0x0000004e2e400000,0x0000004e2e500000) (1024K)]
Total: 78

Other Threads:
  0x000001c812c5e8c0 VMThread "VM Thread"                           [id=21428, stack(0x0000004e28000000,0x0000004e28100000) (1024K)]
  0x000001c82912ca00 WatcherThread "VM Periodic Task Thread"        [id=30960, stack(0x0000004e27f00000,0x0000004e28000000) (1024K)]
  0x000001c8146e1540 WorkerThread "GC Thread#0"                     [id=28488, stack(0x0000004e27e00000,0x0000004e27f00000) (1024K)]
  0x000001c86cf32c50 WorkerThread "GC Thread#1"                     [id=25588, stack(0x0000004e28d00000,0x0000004e28e00000) (1024K)]
  0x000001c86cc73aa0 WorkerThread "GC Thread#2"                     [id=37872, stack(0x0000004e28e00000,0x0000004e28f00000) (1024K)]
  0x000001c86cc73e40 WorkerThread "GC Thread#3"                     [id=39112, stack(0x0000004e28f00000,0x0000004e29000000) (1024K)]
  0x000001c86cc741e0 WorkerThread "GC Thread#4"                     [id=31140, stack(0x0000004e29000000,0x0000004e29100000) (1024K)]
  0x000001c86cbf4290 WorkerThread "GC Thread#5"                     [id=28764, stack(0x0000004e29100000,0x0000004e29200000) (1024K)]
  0x000001c86cbf4630 WorkerThread "GC Thread#6"                     [id=23512, stack(0x0000004e29200000,0x0000004e29300000) (1024K)]
  0x000001c8710cee30 WorkerThread "GC Thread#7"                     [id=23368, stack(0x0000004e28a00000,0x0000004e28b00000) (1024K)]
  0x000001c8717051b0 WorkerThread "GC Thread#8"                     [id=17720, stack(0x0000004e29800000,0x0000004e29900000) (1024K)]
  0x000001c871163c30 WorkerThread "GC Thread#9"                     [id=38692, stack(0x0000004e29900000,0x0000004e29a00000) (1024K)]
Total: 12

Threads with active compile tasks:
C2 CompilerThread0  22150 9718   !   4       org.eclipse.jdt.internal.core.search.indexing.AddJrtToIndex$JrtIndexer::visitFile (133 bytes)
C1 CompilerThread0  22151 9945       3       org.eclipse.jdt.internal.compiler.ast.ASTNode::checkInvocationArguments (838 bytes)
C2 CompilerThread1  22151 9793       4       org.eclipse.jdt.internal.compiler.parser.Parser::consumeRule (7748 bytes)
C2 CompilerThread2  22151 9805       4       org.eclipse.jdt.core.Signature::encodeQualifiedName (207 bytes)
Total: 4

VM state: at safepoint (normal execution)

VM Mutex/Monitor currently owned by a thread:  ([mutex/lock_event])
[0x00007fff505fe308] Threads_lock - owner thread: 0x000001c812c5e8c0
[0x00007fff505fe408] Heap_lock - owner thread: 0x000001c871484c40
[0x00007fff505fe888] PSOldGenExpand_lock - owner thread: 0x000001c8146e1540

Heap address: 0x00000000c0000000, size: 1024 MB, Compressed Oops mode: 32-bit

CDS archive(s) mapped at: [0x000001c82a000000-0x000001c82aba0000-0x000001c82aba0000), size 12189696, SharedBaseAddress: 0x000001c82a000000, ArchiveRelocationMode: 1.
Compressed class space mapped at: 0x000001c82b000000-0x000001c86b000000, reserved size: 1073741824
Narrow klass base: 0x000001c82a000000, Narrow klass shift: 0, Narrow klass range: 0x100000000

GC Precious Log:
 CardTable entry size: 512
 CPUs: 12 total, 12 available
 Memory: 7498M
 Large Page Support: Disabled
 NUMA Support: Disabled
 Compressed Oops: Enabled (32-bit)
 Alignments: Space 512K, Generation 512K, Heap 2M
 Heap Min Capacity: 100M
 Heap Initial Capacity: 100M
 Heap Max Capacity: 1G
 Pre-touch: Disabled
 Parallel Workers: 10

Heap:
 PSYoungGen      total 11776K, used 11756K [0x00000000eab00000, 0x00000000ec100000, 0x0000000100000000)
  eden space 9216K, 100% used [0x00000000eab00000,0x00000000eb400000,0x00000000eb400000)
  from space 2560K, 99% used [0x00000000eb980000,0x00000000ebbfb020,0x00000000ebc00000)
  to   space 5632K, 25% used [0x00000000eb400000,0x00000000eb5640a8,0x00000000eb980000)
 ParOldGen       total 200192K, used 200191K [0x00000000c0000000, 0x00000000cc380000, 0x00000000eab00000)
  object space 200192K, 99% used [0x00000000c0000000,0x00000000cc37fd88,0x00000000cc380000)
 Metaspace       used 57915K, committed 59264K, reserved 1114112K
  class space    used 5952K, committed 6592K, reserved 1048576K

Card table byte_map: [0x000001c826ae0000,0x000001c826cf0000] _byte_map_base: 0x000001c8264e0000

Marking Bits: (ParMarkBitMap*) 0x00007fff506031f0
 Begin Bits: [0x000001c826e50000, 0x000001c827e50000)
 End Bits:   [0x000001c827e50000, 0x000001c828e50000)

Polling page: 0x000001c812b30000

Metaspace:

Usage:
  Non-class:     50.75 MB used.
      Class:      5.81 MB used.
       Both:     56.56 MB used.

Virtual space:
  Non-class space:       64.00 MB reserved,      51.44 MB ( 80%) committed,  1 nodes.
      Class space:        1.00 GB reserved,       6.44 MB ( <1%) committed,  1 nodes.
             Both:        1.06 GB reserved,      57.88 MB (  5%) committed. 

Chunk freelists:
   Non-Class:  11.33 MB
       Class:  9.62 MB
        Both:  20.95 MB

MaxMetaspaceSize: unlimited
CompressedClassSpaceSize: 1.00 GB
Initial GC threshold: 21.00 MB
Current GC threshold: 95.56 MB
CDS: on
 - commit_granule_bytes: 65536.
 - commit_granule_words: 8192.
 - virtual_space_node_default_size: 8388608.
 - enlarge_chunks_in_place: 1.
 - use_allocation_guard: 0.


Internal statistics:

num_allocs_failed_limit: 6.
num_arena_births: 1140.
num_arena_deaths: 14.
num_vsnodes_births: 2.
num_vsnodes_deaths: 0.
num_space_committed: 926.
num_space_uncommitted: 0.
num_chunks_returned_to_freelist: 20.
num_chunks_taken_from_freelist: 3885.
num_chunk_merges: 12.
num_chunk_splits: 2375.
num_chunks_enlarged: 1269.
num_inconsistent_stats: 0.

CodeHeap 'non-profiled nmethods': size=120000Kb used=4898Kb max_used=4898Kb free=115101Kb
 bounds [0x000001c81f3d0000, 0x000001c81f8a0000, 0x000001c826900000]
CodeHeap 'profiled nmethods': size=120000Kb used=20111Kb max_used=20111Kb free=99888Kb
 bounds [0x000001c817900000, 0x000001c818cb0000, 0x000001c81ee30000]
CodeHeap 'non-nmethods': size=5760Kb used=1414Kb max_used=1493Kb free=4345Kb
 bounds [0x000001c81ee30000, 0x000001c81f0a0000, 0x000001c81f3d0000]
 total_blobs=9848 nmethods=9124 adapters=629
 compilation: enabled
              stopped_count=0, restarted_count=0
 full_count=0

Compilation events (20 events):
Event: 19.072 Thread 0x000001c81477ce10 9908       2       java.util.Spliterators::spliteratorUnknownSize (16 bytes)
Event: 19.079 Thread 0x000001c81477ce10 nmethod 9908 0x000001c818c82c90 code [0x000001c818c82e40, 0x000001c818c830f0]
Event: 19.079 Thread 0x000001c81477ce10 9912       2       org.eclipse.jdt.internal.compiler.ast.NullAnnotationMatching::validNullTagBits (20 bytes)
Event: 19.079 Thread 0x000001c81477ce10 nmethod 9912 0x000001c818c83210 code [0x000001c818c833a0, 0x000001c818c834a8]
Event: 19.079 Thread 0x000001c81477ce10 9910       1       org.eclipse.jdt.internal.compiler.lookup.MethodBinding::typeVariables (5 bytes)
Event: 19.079 Thread 0x000001c81477ce10 nmethod 9910 0x000001c81f894390 code [0x000001c81f894520, 0x000001c81f8945e8]
Event: 19.080 Thread 0x000001c81477ce10 9913       2       sun.nio.ch.IOUtil::bufferAddress (10 bytes)
Event: 19.080 Thread 0x000001c81477ce10 nmethod 9913 0x000001c818c83510 code [0x000001c818c836a0, 0x000001c818c83790]
Event: 19.080 Thread 0x000001c81477ce10 9914       2       java.nio.Buffer$2::getBufferAddress (5 bytes)
Event: 19.080 Thread 0x000001c81477ce10 nmethod 9914 0x000001c818c83890 code [0x000001c818c83a20, 0x000001c818c83b30]
Event: 19.081 Thread 0x000001c81477ce10 9915       2       org.eclipse.jdt.internal.compiler.lookup.MethodBinding::findOriginalInheritedMethod (104 bytes)
Event: 19.082 Thread 0x000001c81477ce10 nmethod 9915 0x000001c818c83c10 code [0x000001c818c83e20, 0x000001c818c841f8]
Event: 19.082 Thread 0x000001c81477ce10 9916       2       org.eclipse.jdt.internal.compiler.lookup.ImplicitNullAnnotationVerifier::areParametersEqual (260 bytes)
Event: 19.084 Thread 0x000001c81477ce10 nmethod 9916 0x000001c818c84410 code [0x000001c818c84760, 0x000001c818c852c8]
Event: 19.084 Thread 0x000001c81477ce10 9917       2       org.eclipse.jdt.internal.compiler.ast.IntLiteral::literalType (4 bytes)
Event: 19.084 Thread 0x000001c81477ce10 nmethod 9917 0x000001c818c85910 code [0x000001c818c85aa0, 0x000001c818c85bb0]
Event: 19.084 Thread 0x000001c81477ce10 9918       2       org.eclipse.jdt.internal.compiler.ast.IntLiteral::computeConstant (293 bytes)
Event: 19.085 Thread 0x000001c81477ce10 nmethod 9918 0x000001c818c85c90 code [0x000001c818c85f00, 0x000001c818c86568]
Event: 19.085 Thread 0x000001c81477ce10 9919       2       org.eclipse.jdt.internal.compiler.lookup.SourceTypeBinding::hasNonNullDefaultForType (92 bytes)
Event: 19.086 Thread 0x000001c81477ce10 nmethod 9919 0x000001c818c86790 code [0x000001c818c869a0, 0x000001c818c86d40]

GC Heap History (20 events):
Event: 18.477 GC heap before
{Heap before GC invocations=114 (full 3):
 PSYoungGen      total 18944K, used 18847K [0x00000000eab00000, 0x00000000ec800000, 0x0000000100000000)
  eden space 14848K, 100% used [0x00000000eab00000,0x00000000eb980000,0x00000000eb980000)
  from space 4096K, 97% used [0x00000000ec400000,0x00000000ec7e7f20,0x00000000ec800000)
  to   space 5120K, 0% used [0x00000000ebe00000,0x00000000ebe00000,0x00000000ec300000)
 ParOldGen       total 187392K, used 167398K [0x00000000c0000000, 0x00000000cb700000, 0x00000000eab00000)
  object space 187392K, 89% used [0x00000000c0000000,0x00000000ca379838,0x00000000cb700000)
 Metaspace       used 57429K, committed 58752K, reserved 1114112K
  class space    used 5933K, committed 6528K, reserved 1048576K
}
Event: 18.483 GC heap after
{Heap after GC invocations=114 (full 3):
 PSYoungGen      total 18944K, used 3851K [0x00000000eab00000, 0x00000000ec480000, 0x0000000100000000)
  eden space 14848K, 0% used [0x00000000eab00000,0x00000000eab00000,0x00000000eb980000)
  from space 4096K, 94% used [0x00000000ebe00000,0x00000000ec1c2c68,0x00000000ec200000)
  to   space 2560K, 0% used [0x00000000ec200000,0x00000000ec200000,0x00000000ec480000)
 ParOldGen       total 187392K, used 171104K [0x00000000c0000000, 0x00000000cb700000, 0x00000000eab00000)
  object space 187392K, 91% used [0x00000000c0000000,0x00000000ca7181e8,0x00000000cb700000)
 Metaspace       used 57429K, committed 58752K, reserved 1114112K
  class space    used 5933K, committed 6528K, reserved 1048576K
}
Event: 18.568 GC heap before
{Heap before GC invocations=115 (full 3):
 PSYoungGen      total 18944K, used 18699K [0x00000000eab00000, 0x00000000ec480000, 0x0000000100000000)
  eden space 14848K, 100% used [0x00000000eab00000,0x00000000eb980000,0x00000000eb980000)
  from space 4096K, 94% used [0x00000000ebe00000,0x00000000ec1c2c68,0x00000000ec200000)
  to   space 2560K, 0% used [0x00000000ec200000,0x00000000ec200000,0x00000000ec480000)
 ParOldGen       total 187392K, used 171104K [0x00000000c0000000, 0x00000000cb700000, 0x00000000eab00000)
  object space 187392K, 91% used [0x00000000c0000000,0x00000000ca7181e8,0x00000000cb700000)
 Metaspace       used 57476K, committed 58816K, reserved 1114112K
  class space    used 5934K, committed 6528K, reserved 1048576K
}
Event: 18.575 GC heap after
{Heap after GC invocations=115 (full 3):
 PSYoungGen      total 14848K, used 2529K [0x00000000eab00000, 0x00000000ecf80000, 0x0000000100000000)
  eden space 12288K, 0% used [0x00000000eab00000,0x00000000eab00000,0x00000000eb700000)
  from space 2560K, 98% used [0x00000000ec200000,0x00000000ec478750,0x00000000ec480000)
  to   space 11264K, 0% used [0x00000000eb700000,0x00000000eb700000,0x00000000ec200000)
 ParOldGen       total 187392K, used 178485K [0x00000000c0000000, 0x00000000cb700000, 0x00000000eab00000)
  object space 187392K, 95% used [0x00000000c0000000,0x00000000cae4d760,0x00000000cb700000)
 Metaspace       used 57476K, committed 58816K, reserved 1114112K
  class space    used 5934K, committed 6528K, reserved 1048576K
}
Event: 18.634 GC heap before
{Heap before GC invocations=116 (full 3):
 PSYoungGen      total 14848K, used 14804K [0x00000000eab00000, 0x00000000ecf80000, 0x0000000100000000)
  eden space 12288K, 99% used [0x00000000eab00000,0x00000000eb6fcc00,0x00000000eb700000)
  from space 2560K, 98% used [0x00000000ec200000,0x00000000ec478750,0x00000000ec480000)
  to   space 11264K, 0% used [0x00000000eb700000,0x00000000eb700000,0x00000000ec200000)
 ParOldGen       total 187392K, used 178485K [0x00000000c0000000, 0x00000000cb700000, 0x00000000eab00000)
  object space 187392K, 95% used [0x00000000c0000000,0x00000000cae4d760,0x00000000cb700000)
 Metaspace       used 57522K, committed 58880K, reserved 1114112K
  class space    used 5938K, committed 6528K, reserved 1048576K
}
Event: 18.641 GC heap after
{Heap after GC invocations=116 (full 3):
 PSYoungGen      total 15360K, used 2812K [0x00000000eab00000, 0x00000000ec280000, 0x0000000100000000)
  eden space 12288K, 0% used [0x00000000eab00000,0x00000000eab00000,0x00000000eb700000)
  from space 3072K, 91% used [0x00000000eb700000,0x00000000eb9bf2e8,0x00000000eba00000)
  to   space 5632K, 0% used [0x00000000ebd00000,0x00000000ebd00000,0x00000000ec280000)
 ParOldGen       total 187392K, used 180991K [0x00000000c0000000, 0x00000000cb700000, 0x00000000eab00000)
  object space 187392K, 96% used [0x00000000c0000000,0x00000000cb0bfc58,0x00000000cb700000)
 Metaspace       used 57522K, committed 58880K, reserved 1114112K
  class space    used 5938K, committed 6528K, reserved 1048576K
}
Event: 18.733 GC heap before
{Heap before GC invocations=117 (full 3):
 PSYoungGen      total 15360K, used 15100K [0x00000000eab00000, 0x00000000ec280000, 0x0000000100000000)
  eden space 12288K, 100% used [0x00000000eab00000,0x00000000eb700000,0x00000000eb700000)
  from space 3072K, 91% used [0x00000000eb700000,0x00000000eb9bf2e8,0x00000000eba00000)
  to   space 5632K, 0% used [0x00000000ebd00000,0x00000000ebd00000,0x00000000ec280000)
 ParOldGen       total 187392K, used 180991K [0x00000000c0000000, 0x00000000cb700000, 0x00000000eab00000)
  object space 187392K, 96% used [0x00000000c0000000,0x00000000cb0bfc58,0x00000000cb700000)
 Metaspace       used 57578K, committed 59008K, reserved 1114112K
  class space    used 5944K, committed 6592K, reserved 1048576K
}
Event: 18.737 GC heap after
{Heap after GC invocations=117 (full 3):
 PSYoungGen      total 15360K, used 2852K [0x00000000eab00000, 0x00000000ec000000, 0x0000000100000000)
  eden space 12288K, 0% used [0x00000000eab00000,0x00000000eab00000,0x00000000eb700000)
  from space 3072K, 92% used [0x00000000ebd00000,0x00000000ebfc9008,0x00000000ec000000)
  to   space 3584K, 0% used [0x00000000eb900000,0x00000000eb900000,0x00000000ebc80000)
 ParOldGen       total 187392K, used 183675K [0x00000000c0000000, 0x00000000cb700000, 0x00000000eab00000)
  object space 187392K, 98% used [0x00000000c0000000,0x00000000cb35ec50,0x00000000cb700000)
 Metaspace       used 57578K, committed 59008K, reserved 1114112K
  class space    used 5944K, committed 6592K, reserved 1048576K
}
Event: 18.806 GC heap before
{Heap before GC invocations=118 (full 3):
 PSYoungGen      total 15360K, used 15140K [0x00000000eab00000, 0x00000000ec000000, 0x0000000100000000)
  eden space 12288K, 100% used [0x00000000eab00000,0x00000000eb700000,0x00000000eb700000)
  from space 3072K, 92% used [0x00000000ebd00000,0x00000000ebfc9008,0x00000000ec000000)
  to   space 3584K, 0% used [0x00000000eb900000,0x00000000eb900000,0x00000000ebc80000)
 ParOldGen       total 187392K, used 183675K [0x00000000c0000000, 0x00000000cb700000, 0x00000000eab00000)
  object space 187392K, 98% used [0x00000000c0000000,0x00000000cb35ec50,0x00000000cb700000)
 Metaspace       used 57679K, committed 59072K, reserved 1114112K
  class space    used 5944K, committed 6592K, reserved 1048576K
}
Event: 18.810 GC heap after
{Heap after GC invocations=118 (full 3):
 PSYoungGen      total 15360K, used 2928K [0x00000000eab00000, 0x00000000ebd80000, 0x0000000100000000)
  eden space 12288K, 0% used [0x00000000eab00000,0x00000000eab00000,0x00000000eb700000)
  from space 3072K, 95% used [0x00000000eb900000,0x00000000ebbdc2e0,0x00000000ebc00000)
  to   space 1536K, 0% used [0x00000000ebc00000,0x00000000ebc00000,0x00000000ebd80000)
 ParOldGen       total 187392K, used 186350K [0x00000000c0000000, 0x00000000cb700000, 0x00000000eab00000)
  object space 187392K, 99% used [0x00000000c0000000,0x00000000cb5fb908,0x00000000cb700000)
 Metaspace       used 57679K, committed 59072K, reserved 1114112K
  class space    used 5944K, committed 6592K, reserved 1048576K
}
Event: 18.862 GC heap before
{Heap before GC invocations=119 (full 3):
 PSYoungGen      total 15360K, used 15216K [0x00000000eab00000, 0x00000000ebd80000, 0x0000000100000000)
  eden space 12288K, 100% used [0x00000000eab00000,0x00000000eb700000,0x00000000eb700000)
  from space 3072K, 95% used [0x00000000eb900000,0x00000000ebbdc2e0,0x00000000ebc00000)
  to   space 1536K, 0% used [0x00000000ebc00000,0x00000000ebc00000,0x00000000ebd80000)
 ParOldGen       total 187392K, used 186350K [0x00000000c0000000, 0x00000000cb700000, 0x00000000eab00000)
  object space 187392K, 99% used [0x00000000c0000000,0x00000000cb5fb908,0x00000000cb700000)
 Metaspace       used 57723K, committed 59072K, reserved 1114112K
  class space    used 5944K, committed 6592K, reserved 1048576K
}
Event: 18.867 GC heap after
{Heap after GC invocations=119 (full 3):
 PSYoungGen      total 12800K, used 1521K [0x00000000eab00000, 0x00000000ec300000, 0x0000000100000000)
  eden space 11264K, 0% used [0x00000000eab00000,0x00000000eab00000,0x00000000eb600000)
  from space 1536K, 99% used [0x00000000ebc00000,0x00000000ebd7c4f8,0x00000000ebd80000)
  to   space 6144K, 0% used [0x00000000eb600000,0x00000000eb600000,0x00000000ebc00000)
 ParOldGen       total 190464K, used 190244K [0x00000000c0000000, 0x00000000cba00000, 0x00000000eab00000)
  object space 190464K, 99% used [0x00000000c0000000,0x00000000cb9c9068,0x00000000cba00000)
 Metaspace       used 57723K, committed 59072K, reserved 1114112K
  class space    used 5944K, committed 6592K, reserved 1048576K
}
Event: 18.915 GC heap before
{Heap before GC invocations=120 (full 3):
 PSYoungGen      total 12800K, used 12785K [0x00000000eab00000, 0x00000000ec300000, 0x0000000100000000)
  eden space 11264K, 100% used [0x00000000eab00000,0x00000000eb600000,0x00000000eb600000)
  from space 1536K, 99% used [0x00000000ebc00000,0x00000000ebd7c4f8,0x00000000ebd80000)
  to   space 6144K, 0% used [0x00000000eb600000,0x00000000eb600000,0x00000000ebc00000)
 ParOldGen       total 190464K, used 190244K [0x00000000c0000000, 0x00000000cba00000, 0x00000000eab00000)
  object space 190464K, 99% used [0x00000000c0000000,0x00000000cb9c9068,0x00000000cba00000)
 Metaspace       used 57766K, committed 59136K, reserved 1114112K
  class space    used 5945K, committed 6592K, reserved 1048576K
}
Event: 18.921 GC heap after
{Heap after GC invocations=120 (full 3):
 PSYoungGen      total 14336K, used 2718K [0x00000000eab00000, 0x00000000ebe00000, 0x0000000100000000)
  eden space 11264K, 0% used [0x00000000eab00000,0x00000000eab00000,0x00000000eb600000)
  from space 3072K, 88% used [0x00000000eb600000,0x00000000eb8a7af8,0x00000000eb900000)
  to   space 4096K, 0% used [0x00000000eba00000,0x00000000eba00000,0x00000000ebe00000)
 ParOldGen       total 192000K, used 191753K [0x00000000c0000000, 0x00000000cbb80000, 0x00000000eab00000)
  object space 192000K, 99% used [0x00000000c0000000,0x00000000cbb42760,0x00000000cbb80000)
 Metaspace       used 57766K, committed 59136K, reserved 1114112K
  class space    used 5945K, committed 6592K, reserved 1048576K
}
Event: 18.960 GC heap before
{Heap before GC invocations=121 (full 3):
 PSYoungGen      total 14336K, used 13982K [0x00000000eab00000, 0x00000000ebe00000, 0x0000000100000000)
  eden space 11264K, 100% used [0x00000000eab00000,0x00000000eb600000,0x00000000eb600000)
  from space 3072K, 88% used [0x00000000eb600000,0x00000000eb8a7af8,0x00000000eb900000)
  to   space 4096K, 0% used [0x00000000eba00000,0x00000000eba00000,0x00000000ebe00000)
 ParOldGen       total 192000K, used 191753K [0x00000000c0000000, 0x00000000cbb80000, 0x00000000eab00000)
  object space 192000K, 99% used [0x00000000c0000000,0x00000000cbb42760,0x00000000cbb80000)
 Metaspace       used 57820K, committed 59200K, reserved 1114112K
  class space    used 5947K, committed 6592K, reserved 1048576K
}
Event: 18.964 GC heap after
{Heap after GC invocations=121 (full 3):
 PSYoungGen      total 13824K, used 2462K [0x00000000eab00000, 0x00000000ebc80000, 0x0000000100000000)
  eden space 11264K, 0% used [0x00000000eab00000,0x00000000eab00000,0x00000000eb600000)
  from space 2560K, 96% used [0x00000000eba00000,0x00000000ebc67b40,0x00000000ebc80000)
  to   space 3072K, 0% used [0x00000000eb680000,0x00000000eb680000,0x00000000eb980000)
 ParOldGen       total 194560K, used 194275K [0x00000000c0000000, 0x00000000cbe00000, 0x00000000eab00000)
  object space 194560K, 99% used [0x00000000c0000000,0x00000000cbdb8c10,0x00000000cbe00000)
 Metaspace       used 57820K, committed 59200K, reserved 1114112K
  class space    used 5947K, committed 6592K, reserved 1048576K
}
Event: 19.003 GC heap before
{Heap before GC invocations=122 (full 3):
 PSYoungGen      total 13824K, used 13726K [0x00000000eab00000, 0x00000000ebc80000, 0x0000000100000000)
  eden space 11264K, 100% used [0x00000000eab00000,0x00000000eb600000,0x00000000eb600000)
  from space 2560K, 96% used [0x00000000eba00000,0x00000000ebc67b40,0x00000000ebc80000)
  to   space 3072K, 0% used [0x00000000eb680000,0x00000000eb680000,0x00000000eb980000)
 ParOldGen       total 194560K, used 194275K [0x00000000c0000000, 0x00000000cbe00000, 0x00000000eab00000)
  object space 194560K, 99% used [0x00000000c0000000,0x00000000cbdb8c10,0x00000000cbe00000)
 Metaspace       used 57834K, committed 59200K, reserved 1114112K
  class space    used 5947K, committed 6592K, reserved 1048576K
}
Event: 19.008 GC heap after
{Heap after GC invocations=122 (full 3):
 PSYoungGen      total 14336K, used 2685K [0x00000000eab00000, 0x00000000ebc00000, 0x0000000100000000)
  eden space 11264K, 0% used [0x00000000eab00000,0x00000000eab00000,0x00000000eb600000)
  from space 3072K, 87% used [0x00000000eb680000,0x00000000eb91f668,0x00000000eb980000)
  to   space 2560K, 0% used [0x00000000eb980000,0x00000000eb980000,0x00000000ebc00000)
 ParOldGen       total 196608K, used 196498K [0x00000000c0000000, 0x00000000cc000000, 0x00000000eab00000)
  object space 196608K, 99% used [0x00000000c0000000,0x00000000cbfe4a30,0x00000000cc000000)
 Metaspace       used 57834K, committed 59200K, reserved 1114112K
  class space    used 5947K, committed 6592K, reserved 1048576K
}
Event: 19.072 GC heap before
{Heap before GC invocations=123 (full 3):
 PSYoungGen      total 14336K, used 13949K [0x00000000eab00000, 0x00000000ebc00000, 0x0000000100000000)
  eden space 11264K, 100% used [0x00000000eab00000,0x00000000eb600000,0x00000000eb600000)
  from space 3072K, 87% used [0x00000000eb680000,0x00000000eb91f668,0x00000000eb980000)
  to   space 2560K, 0% used [0x00000000eb980000,0x00000000eb980000,0x00000000ebc00000)
 ParOldGen       total 196608K, used 196498K [0x00000000c0000000, 0x00000000cc000000, 0x00000000eab00000)
  object space 196608K, 99% used [0x00000000c0000000,0x00000000cbfe4a30,0x00000000cc000000)
 Metaspace       used 57888K, committed 59264K, reserved 1114112K
  class space    used 5952K, committed 6592K, reserved 1048576K
}
Event: 19.078 GC heap after
{Heap after GC invocations=123 (full 3):
 PSYoungGen      total 11776K, used 2540K [0x00000000eab00000, 0x00000000ec100000, 0x0000000100000000)
  eden space 9216K, 0% used [0x00000000eab00000,0x00000000eab00000,0x00000000eb400000)
  from space 2560K, 99% used [0x00000000eb980000,0x00000000ebbfb020,0x00000000ebc00000)
  to   space 5632K, 0% used [0x00000000eb400000,0x00000000eb400000,0x00000000eb980000)
 ParOldGen       total 199168K, used 199033K [0x00000000c0000000, 0x00000000cc280000, 0x00000000eab00000)
  object space 199168K, 99% used [0x00000000c0000000,0x00000000cc25e4f8,0x00000000cc280000)
 Metaspace       used 57888K, committed 59264K, reserved 1114112K
  class space    used 5952K, committed 6592K, reserved 1048576K
}

Dll operation events (10 events):
Event: 0.018 Loaded shared library c:\Users\ASUS\.vscode\extensions\redhat.java-1.42.0-win32-x64\jre\21.0.7-win32-x86_64\bin\java.dll
Event: 0.102 Loaded shared library c:\Users\ASUS\.vscode\extensions\redhat.java-1.42.0-win32-x64\jre\21.0.7-win32-x86_64\bin\zip.dll
Event: 0.127 Loaded shared library C:\Users\ASUS\.vscode\extensions\redhat.java-1.42.0-win32-x64\jre\21.0.7-win32-x86_64\bin\instrument.dll
Event: 0.133 Loaded shared library C:\Users\ASUS\.vscode\extensions\redhat.java-1.42.0-win32-x64\jre\21.0.7-win32-x86_64\bin\net.dll
Event: 0.135 Loaded shared library C:\Users\ASUS\.vscode\extensions\redhat.java-1.42.0-win32-x64\jre\21.0.7-win32-x86_64\bin\nio.dll
Event: 0.140 Loaded shared library C:\Users\ASUS\.vscode\extensions\redhat.java-1.42.0-win32-x64\jre\21.0.7-win32-x86_64\bin\zip.dll
Event: 0.161 Loaded shared library C:\Users\ASUS\.vscode\extensions\redhat.java-1.42.0-win32-x64\jre\21.0.7-win32-x86_64\bin\jimage.dll
Event: 0.247 Loaded shared library c:\Users\ASUS\.vscode\extensions\redhat.java-1.42.0-win32-x64\jre\21.0.7-win32-x86_64\bin\verify.dll
Event: 1.497 Loaded shared library C:\Users\ASUS\AppData\Roaming\Code\User\globalStorage\redhat.java\1.42.0\config_win\org.eclipse.equinox.launcher\org.eclipse.equinox.launcher.win32.win32.x86_64_1.2.1300.v20250331-1702\eclipse_11911.dll
Event: 3.752 Loaded shared library C:\Users\ASUS\AppData\Local\Temp\jna-2018896\jna6239098574121995513.dll

Deoptimization events (20 events):
Event: 18.833 Thread 0x000001c87d542140 Uncommon trap: trap_request=0xffffff6e fr.pc=0x000001c81f804bfc relative=0x000000000000015c
Event: 18.833 Thread 0x000001c87d542140 Uncommon trap: reason=loop_limit_check action=maybe_recompile pc=0x000001c81f804bfc method=org.eclipse.jdt.internal.compiler.lookup.ReferenceBinding.compare([C[CII)I @ 46 c2
Event: 18.833 Thread 0x000001c87d542140 DEOPT PACKING pc=0x000001c81f804bfc sp=0x0000004e29cfe460
Event: 18.833 Thread 0x000001c87d542140 DEOPT UNPACKING pc=0x000001c81ee83aa2 sp=0x0000004e29cfe3d0 mode 2
Event: 18.838 Thread 0x000001c87d542140 Uncommon trap: trap_request=0xffffff76 fr.pc=0x000001c81f79d8a0 relative=0x0000000000001040
Event: 18.838 Thread 0x000001c87d542140 Uncommon trap: reason=predicate action=maybe_recompile pc=0x000001c81f79d8a0 method=java.util.TimSort.reverseRange([Ljava/lang/Object;II)V @ 5 c2
Event: 18.838 Thread 0x000001c87d542140 DEOPT PACKING pc=0x000001c81f79d8a0 sp=0x0000004e29cfeb70
Event: 18.838 Thread 0x000001c87d542140 DEOPT UNPACKING pc=0x000001c81ee83aa2 sp=0x0000004e29cfe9b8 mode 2
Event: 18.902 Thread 0x000001c87d542140 DEOPT PACKING pc=0x000001c818969eec sp=0x0000004e29cfe9d0
Event: 18.902 Thread 0x000001c87d542140 DEOPT UNPACKING pc=0x000001c81ee84242 sp=0x0000004e29cfdeb0 mode 0
Event: 18.965 Thread 0x000001c871484c40 DEOPT PACKING pc=0x000001c81879b3ac sp=0x0000004e2a2fe910
Event: 18.965 Thread 0x000001c871484c40 DEOPT UNPACKING pc=0x000001c81ee84242 sp=0x0000004e2a2fdd78 mode 0
Event: 18.965 Thread 0x000001c871484c40 DEOPT PACKING pc=0x000001c81879c2a6 sp=0x0000004e2a2fe880
Event: 18.965 Thread 0x000001c871484c40 DEOPT UNPACKING pc=0x000001c81ee84242 sp=0x0000004e2a2fdd58 mode 0
Event: 18.967 Thread 0x000001c871484c40 DEOPT PACKING pc=0x000001c81879b3ac sp=0x0000004e2a2fe910
Event: 18.967 Thread 0x000001c871484c40 DEOPT UNPACKING pc=0x000001c81ee84242 sp=0x0000004e2a2fdd78 mode 0
Event: 18.967 Thread 0x000001c871484c40 DEOPT PACKING pc=0x000001c81879c2a6 sp=0x0000004e2a2fe880
Event: 18.967 Thread 0x000001c871484c40 DEOPT UNPACKING pc=0x000001c81ee84242 sp=0x0000004e2a2fdd58 mode 0
Event: 19.000 Thread 0x000001c87d542140 DEOPT PACKING pc=0x000001c8186686db sp=0x0000004e29cfe680
Event: 19.000 Thread 0x000001c87d542140 DEOPT UNPACKING pc=0x000001c81ee84242 sp=0x0000004e29cfdbb0 mode 0

Classes loaded (20 events):
Event: 9.737 Loading class sun/nio/ch/ChannelOutputStream
Event: 9.738 Loading class sun/nio/ch/ChannelOutputStream done
Event: 9.776 Loading class java/util/stream/ReferencePipeline$4
Event: 9.777 Loading class java/util/stream/ReferencePipeline$4 done
Event: 9.778 Loading class java/util/stream/Nodes$IntFixedNodeBuilder
Event: 9.778 Loading class java/util/stream/Node$Builder$OfInt
Event: 9.778 Loading class java/util/stream/Node$Builder$OfInt done
Event: 9.778 Loading class java/util/stream/Nodes$IntArrayNode
Event: 9.778 Loading class java/util/stream/Nodes$IntArrayNode done
Event: 9.778 Loading class java/util/stream/Nodes$IntFixedNodeBuilder done
Event: 9.779 Loading class java/util/stream/ReferencePipeline$4$1
Event: 9.779 Loading class java/util/stream/ReferencePipeline$4$1 done
Event: 11.647 Loading class java/nio/file/attribute/PosixFileAttributes
Event: 11.647 Loading class java/nio/file/attribute/PosixFileAttributes done
Event: 13.716 Loading class java/nio/file/attribute/PosixFileAttributeView
Event: 13.716 Loading class java/nio/file/attribute/PosixFileAttributeView done
Event: 13.799 Loading class java/nio/file/DirectoryIteratorException
Event: 13.800 Loading class java/nio/file/DirectoryIteratorException done
Event: 18.428 Loading class java/nio/file/FileTreeIterator
Event: 18.429 Loading class java/nio/file/FileTreeIterator done

Classes unloaded (7 events):
Event: 4.392 Thread 0x000001c812c5e8c0 Unloading class 0x000001c82b1a3c00 'java/lang/invoke/LambdaForm$MH+0x000001c82b1a3c00'
Event: 4.392 Thread 0x000001c812c5e8c0 Unloading class 0x000001c82b1a3800 'java/lang/invoke/LambdaForm$MH+0x000001c82b1a3800'
Event: 4.392 Thread 0x000001c812c5e8c0 Unloading class 0x000001c82b1a3400 'java/lang/invoke/LambdaForm$MH+0x000001c82b1a3400'
Event: 4.392 Thread 0x000001c812c5e8c0 Unloading class 0x000001c82b1a3000 'java/lang/invoke/LambdaForm$MH+0x000001c82b1a3000'
Event: 4.392 Thread 0x000001c812c5e8c0 Unloading class 0x000001c82b1a2c00 'java/lang/invoke/LambdaForm$BMH+0x000001c82b1a2c00'
Event: 4.392 Thread 0x000001c812c5e8c0 Unloading class 0x000001c82b1a2800 'java/lang/invoke/LambdaForm$DMH+0x000001c82b1a2800'
Event: 4.392 Thread 0x000001c812c5e8c0 Unloading class 0x000001c82b1a1400 'java/lang/invoke/LambdaForm$DMH+0x000001c82b1a1400'

Classes redefined (0 events):
No events

Internal exceptions (20 events):
Event: 9.439 Thread 0x000001c871483200 Exception <a 'java/lang/NoSuchMethodError'{0x00000000eb0b0c78}: 'int java.lang.invoke.DirectMethodHandle$Holder.invokeSpecialIFC(java.lang.Object, java.lang.Object, java.lang.Object)'> (0x00000000eb0b0c78) 
thrown [s\src\hotspot\share\interpreter\linkResolver.cpp, line 773]
Event: 9.728 Thread 0x000001c871483200 Exception <a 'java/lang/NoSuchMethodError'{0x00000000eaeae6c0}: 'java.lang.Object java.lang.invoke.DirectMethodHandle$Holder.newInvokeSpecial(java.lang.Object, java.lang.Object, int, int, java.lang.Object)'> (0x00000000eaeae6c0) 
thrown [s\src\hotspot\share\interpreter\linkResolver.cpp, line 773]
Event: 10.566 Thread 0x000001c871483200 Exception <a 'sun/nio/fs/WindowsException'{0x00000000eae14030}> (0x00000000eae14030) 
thrown [s\src\hotspot\share\prims\jni.cpp, line 520]
Event: 10.566 Thread 0x000001c871483200 Exception <a 'sun/nio/fs/WindowsException'{0x00000000eae3f5e0}> (0x00000000eae3f5e0) 
thrown [s\src\hotspot\share\prims\jni.cpp, line 520]
Event: 13.861 Thread 0x000001c871483200 Exception <a 'sun/nio/fs/WindowsException'{0x00000000eab02bb8}> (0x00000000eab02bb8) 
thrown [s\src\hotspot\share\prims\jni.cpp, line 520]
Event: 13.862 Thread 0x000001c87d7feab0 Exception <a 'sun/nio/fs/WindowsException'{0x00000000eabdaec8}> (0x00000000eabdaec8) 
thrown [s\src\hotspot\share\prims\jni.cpp, line 520]
Event: 13.863 Thread 0x000001c87d7fe420 Exception <a 'sun/nio/fs/WindowsException'{0x00000000eac312b8}> (0x00000000eac312b8) 
thrown [s\src\hotspot\share\prims\jni.cpp, line 520]
Event: 13.863 Thread 0x000001c87d7fd700 Exception <a 'sun/nio/fs/WindowsException'{0x00000000eac34d70}> (0x00000000eac34d70) 
thrown [s\src\hotspot\share\prims\jni.cpp, line 520]
Event: 13.863 Thread 0x000001c8741ba840 Exception <a 'sun/nio/fs/WindowsException'{0x00000000eac61e48}> (0x00000000eac61e48) 
thrown [s\src\hotspot\share\prims\jni.cpp, line 520]
Event: 13.864 Thread 0x000001c8742db830 Exception <a 'sun/nio/fs/WindowsException'{0x00000000eacc0798}> (0x00000000eacc0798) 
thrown [s\src\hotspot\share\prims\jni.cpp, line 520]
Event: 13.864 Thread 0x000001c8742d9df0 Exception <a 'sun/nio/fs/WindowsException'{0x00000000eacda0a0}> (0x00000000eacda0a0) 
thrown [s\src\hotspot\share\prims\jni.cpp, line 520]
Event: 13.877 Thread 0x000001c871483200 Exception <a 'sun/nio/fs/WindowsException'{0x00000000eaed88b8}> (0x00000000eaed88b8) 
thrown [s\src\hotspot\share\prims\jni.cpp, line 520]
Event: 13.878 Thread 0x000001c87d7feab0 Exception <a 'sun/nio/fs/WindowsException'{0x00000000eaf55df8}> (0x00000000eaf55df8) 
thrown [s\src\hotspot\share\prims\jni.cpp, line 520]
Event: 13.878 Thread 0x000001c8742db830 Exception <a 'sun/nio/fs/WindowsException'{0x00000000eacc28e0}> (0x00000000eacc28e0) 
thrown [s\src\hotspot\share\prims\jni.cpp, line 520]
Event: 13.878 Thread 0x000001c8742d9df0 Exception <a 'sun/nio/fs/WindowsException'{0x00000000eacdb540}> (0x00000000eacdb540) 
thrown [s\src\hotspot\share\prims\jni.cpp, line 520]
Event: 13.885 Thread 0x000001c871483200 Exception <a 'sun/nio/fs/WindowsException'{0x00000000eb030a28}> (0x00000000eb030a28) 
thrown [s\src\hotspot\share\prims\jni.cpp, line 520]
Event: 13.886 Thread 0x000001c87d7feab0 Exception <a 'sun/nio/fs/WindowsException'{0x00000000eaf57bf0}> (0x00000000eaf57bf0) 
thrown [s\src\hotspot\share\prims\jni.cpp, line 520]
Event: 13.886 Thread 0x000001c8742d90d0 Exception <a 'sun/nio/fs/WindowsException'{0x00000000eac76e08}> (0x00000000eac76e08) 
thrown [s\src\hotspot\share\prims\jni.cpp, line 520]
Event: 18.542 Thread 0x000001c871483200 Implicit null exception at 0x000001c81f650acb to 0x000001c81f650c2c
Event: 18.656 Thread 0x000001c87d542140 Exception <a 'java/lang/NoSuchMethodError'{0x00000000eac01e58}: 'void java.lang.invoke.DirectMethodHandle$Holder.invokeStatic(java.lang.Object, int, java.lang.Object)'> (0x00000000eac01e58) 
thrown [s\src\hotspot\share\interpreter\linkResolver.cpp, line 773]

ZGC Phase Switch (0 events):
No events

VM Operations (20 events):
Event: 18.557 Executing VM operation: HandshakeAllThreads (Deoptimize) done
Event: 18.568 Executing VM operation: ParallelGCFailedAllocation (Allocation Failure)
Event: 18.575 Executing VM operation: ParallelGCFailedAllocation (Allocation Failure) done
Event: 18.633 Executing VM operation: ParallelGCFailedAllocation (Allocation Failure)
Event: 18.641 Executing VM operation: ParallelGCFailedAllocation (Allocation Failure) done
Event: 18.732 Executing VM operation: ParallelGCFailedAllocation (Allocation Failure)
Event: 18.737 Executing VM operation: ParallelGCFailedAllocation (Allocation Failure) done
Event: 18.806 Executing VM operation: ParallelGCFailedAllocation (Allocation Failure)
Event: 18.811 Executing VM operation: ParallelGCFailedAllocation (Allocation Failure) done
Event: 18.862 Executing VM operation: ParallelGCFailedAllocation (Allocation Failure)
Event: 18.867 Executing VM operation: ParallelGCFailedAllocation (Allocation Failure) done
Event: 18.915 Executing VM operation: ParallelGCFailedAllocation (Allocation Failure)
Event: 18.921 Executing VM operation: ParallelGCFailedAllocation (Allocation Failure) done
Event: 18.960 Executing VM operation: ParallelGCFailedAllocation (Allocation Failure)
Event: 18.964 Executing VM operation: ParallelGCFailedAllocation (Allocation Failure) done
Event: 19.003 Executing VM operation: ParallelGCFailedAllocation (Allocation Failure)
Event: 19.008 Executing VM operation: ParallelGCFailedAllocation (Allocation Failure) done
Event: 19.072 Executing VM operation: ParallelGCFailedAllocation (Allocation Failure)
Event: 19.078 Executing VM operation: ParallelGCFailedAllocation (Allocation Failure) done
Event: 20.078 Executing VM operation: Cleanup

Memory protections (0 events):
No events

Nmethod flushes (20 events):
Event: 18.026 Thread 0x000001c812c5e8c0 flushing  nmethod 0x000001c818194f10
Event: 18.026 Thread 0x000001c812c5e8c0 flushing osr nmethod 0x000001c8181a3f90
Event: 18.026 Thread 0x000001c812c5e8c0 flushing  nmethod 0x000001c8181abd10
Event: 18.026 Thread 0x000001c812c5e8c0 flushing  nmethod 0x000001c8181b6810
Event: 18.026 Thread 0x000001c812c5e8c0 flushing  nmethod 0x000001c8181d0a90
Event: 18.026 Thread 0x000001c812c5e8c0 flushing  nmethod 0x000001c8181d0d90
Event: 18.026 Thread 0x000001c812c5e8c0 flushing  nmethod 0x000001c8181d6890
Event: 18.026 Thread 0x000001c812c5e8c0 flushing  nmethod 0x000001c8181d8a10
Event: 18.026 Thread 0x000001c812c5e8c0 flushing  nmethod 0x000001c8181d9a90
Event: 18.026 Thread 0x000001c812c5e8c0 flushing  nmethod 0x000001c8181dde10
Event: 18.026 Thread 0x000001c812c5e8c0 flushing osr nmethod 0x000001c8181e4d10
Event: 18.026 Thread 0x000001c812c5e8c0 flushing  nmethod 0x000001c81821cc90
Event: 18.026 Thread 0x000001c812c5e8c0 flushing  nmethod 0x000001c81822ce10
Event: 18.026 Thread 0x000001c812c5e8c0 flushing  nmethod 0x000001c81822d290
Event: 18.026 Thread 0x000001c812c5e8c0 flushing  nmethod 0x000001c81822e710
Event: 18.026 Thread 0x000001c812c5e8c0 flushing  nmethod 0x000001c81822ec90
Event: 18.026 Thread 0x000001c812c5e8c0 flushing  nmethod 0x000001c81822f010
Event: 18.026 Thread 0x000001c812c5e8c0 flushing  nmethod 0x000001c81823f610
Event: 18.026 Thread 0x000001c812c5e8c0 flushing  nmethod 0x000001c818241110
Event: 18.026 Thread 0x000001c812c5e8c0 flushing  nmethod 0x000001c81828c490

Events (20 events):
Event: 13.863 Thread 0x000001c8741ba840 Thread added: 0x000001c8742d55c0
Event: 13.863 Thread 0x000001c87d7feab0 Thread added: 0x000001c8742d90d0
Event: 13.863 Thread 0x000001c87d7fe420 Thread added: 0x000001c8742d9760
Event: 13.863 Thread 0x000001c87d7fd700 Thread added: 0x000001c8742db830
Event: 13.863 Thread 0x000001c8742d55c0 Thread added: 0x000001c8742dab10
Event: 13.864 Thread 0x000001c8742d9760 Thread added: 0x000001c8742d9df0
Event: 13.864 Thread 0x000001c87d7fe420 Thread added: 0x000001c8742dbec0
Event: 13.864 Thread 0x000001c8742db830 Thread added: 0x000001c8742da480
Event: 18.531 Thread 0x000001c87d5434f0 Thread exited: 0x000001c87d5434f0
Event: 18.531 Thread 0x000001c87d542e60 Thread exited: 0x000001c87d542e60
Event: 18.531 Thread 0x000001c87d5427d0 Thread exited: 0x000001c87d5427d0
Event: 18.531 Thread 0x000001c87d5448a0 Thread exited: 0x000001c87d5448a0
Event: 18.531 Thread 0x000001c87d541420 Thread exited: 0x000001c87d541420
Event: 18.531 Thread 0x000001c87d53e630 Thread exited: 0x000001c87d53e630
Event: 18.531 Thread 0x000001c87d543b80 Thread exited: 0x000001c87d543b80
Event: 18.532 Thread 0x000001c87d540070 Thread exited: 0x000001c87d540070
Event: 18.532 Thread 0x000001c87d53f9e0 Thread exited: 0x000001c87d53f9e0
Event: 18.532 Thread 0x000001c87d53ecc0 Thread exited: 0x000001c87d53ecc0
Event: 18.532 Thread 0x000001c87d540700 Thread exited: 0x000001c87d540700
Event: 18.532 Thread 0x000001c87d544210 Thread exited: 0x000001c87d544210


Dynamic libraries:
0x00007ff685ad0000 - 0x00007ff685ade000 	c:\Users\ASUS\.vscode\extensions\redhat.java-1.42.0-win32-x64\jre\21.0.7-win32-x86_64\bin\java.exe
0x00007fffca200000 - 0x00007fffca460000 	C:\WINDOWS\SYSTEM32\ntdll.dll
0x00007fffc9010000 - 0x00007fffc90d7000 	C:\WINDOWS\System32\KERNEL32.DLL
0x00007fffc73e0000 - 0x00007fffc77aa000 	C:\WINDOWS\System32\KERNELBASE.dll
0x00007fffc7eb0000 - 0x00007fffc7ffb000 	C:\WINDOWS\System32\ucrtbase.dll
0x00007fff96f10000 - 0x00007fff96f2e000 	c:\Users\ASUS\.vscode\extensions\redhat.java-1.42.0-win32-x64\jre\21.0.7-win32-x86_64\bin\VCRUNTIME140.dll
0x00007fffa0310000 - 0x00007fffa0328000 	c:\Users\ASUS\.vscode\extensions\redhat.java-1.42.0-win32-x64\jre\21.0.7-win32-x86_64\bin\jli.dll
0x00007fffc8560000 - 0x00007fffc872c000 	C:\WINDOWS\System32\USER32.dll
0x00007fffc7930000 - 0x00007fffc7957000 	C:\WINDOWS\System32\win32u.dll
0x00007fffb0dd0000 - 0x00007fffb1067000 	C:\WINDOWS\WinSxS\amd64_microsoft.windows.common-controls_6595b64144ccf1df_6.0.26100.3624_none_3e086962e3345f24\COMCTL32.dll
0x00007fffc9570000 - 0x00007fffc959a000 	C:\WINDOWS\System32\GDI32.dll
0x00007fffc8100000 - 0x00007fffc81a9000 	C:\WINDOWS\System32\msvcrt.dll
0x00007fffc7c20000 - 0x00007fffc7d51000 	C:\WINDOWS\System32\gdi32full.dll
0x00007fffc7b70000 - 0x00007fffc7c13000 	C:\WINDOWS\System32\msvcp_win.dll
0x00007fffc9650000 - 0x00007fffc967f000 	C:\WINDOWS\System32\IMM32.DLL
0x00007fffba170000 - 0x00007fffba17c000 	c:\Users\ASUS\.vscode\extensions\redhat.java-1.42.0-win32-x64\jre\21.0.7-win32-x86_64\bin\vcruntime140_1.dll
0x00007fff5cc30000 - 0x00007fff5ccbd000 	c:\Users\ASUS\.vscode\extensions\redhat.java-1.42.0-win32-x64\jre\21.0.7-win32-x86_64\bin\msvcp140.dll
0x00007fff4f950000 - 0x00007fff506e0000 	c:\Users\ASUS\.vscode\extensions\redhat.java-1.42.0-win32-x64\jre\21.0.7-win32-x86_64\bin\server\jvm.dll
0x00007fffc8850000 - 0x00007fffc8902000 	C:\WINDOWS\System32\ADVAPI32.dll
0x00007fffc9700000 - 0x00007fffc97a6000 	C:\WINDOWS\System32\sechost.dll
0x00007fffc8730000 - 0x00007fffc8846000 	C:\WINDOWS\System32\RPCRT4.dll
0x00007fffc8ca0000 - 0x00007fffc8d14000 	C:\WINDOWS\System32\WS2_32.dll
0x00007fffc7250000 - 0x00007fffc72ae000 	C:\WINDOWS\SYSTEM32\POWRPROF.dll
0x00007fffc0830000 - 0x00007fffc083b000 	C:\WINDOWS\SYSTEM32\VERSION.dll
0x00007fffba540000 - 0x00007fffba576000 	C:\WINDOWS\SYSTEM32\WINMM.dll
0x00007fffc7230000 - 0x00007fffc7244000 	C:\WINDOWS\SYSTEM32\UMPDC.dll
0x00007fffc61d0000 - 0x00007fffc61ea000 	C:\WINDOWS\SYSTEM32\kernel.appcore.dll
0x00007fffb7cf0000 - 0x00007fffb7cfa000 	c:\Users\ASUS\.vscode\extensions\redhat.java-1.42.0-win32-x64\jre\21.0.7-win32-x86_64\bin\jimage.dll
0x00007fffbe760000 - 0x00007fffbe9a1000 	C:\WINDOWS\SYSTEM32\DBGHELP.DLL
0x00007fffc8910000 - 0x00007fffc8c92000 	C:\WINDOWS\System32\combase.dll
0x00007fffc83e0000 - 0x00007fffc84b6000 	C:\WINDOWS\System32\OLEAUT32.dll
0x00007fff8e690000 - 0x00007fff8e6c9000 	C:\WINDOWS\SYSTEM32\dbgcore.DLL
0x00007fffc7ad0000 - 0x00007fffc7b69000 	C:\WINDOWS\System32\bcryptPrimitives.dll
0x00007fffb6fc0000 - 0x00007fffb6fcf000 	c:\Users\ASUS\.vscode\extensions\redhat.java-1.42.0-win32-x64\jre\21.0.7-win32-x86_64\bin\instrument.dll
0x00007fff939f0000 - 0x00007fff93a0f000 	c:\Users\ASUS\.vscode\extensions\redhat.java-1.42.0-win32-x64\jre\21.0.7-win32-x86_64\bin\java.dll
0x00007fffc9a90000 - 0x00007fffca1b9000 	C:\WINDOWS\System32\SHELL32.dll
0x00007fffc7960000 - 0x00007fffc7ac8000 	C:\WINDOWS\System32\wintypes.dll
0x00007fffc5040000 - 0x00007fffc5892000 	C:\WINDOWS\SYSTEM32\windows.storage.dll
0x00007fffc97b0000 - 0x00007fffc989d000 	C:\WINDOWS\System32\SHCORE.dll
0x00007fffc9690000 - 0x00007fffc96f4000 	C:\WINDOWS\System32\shlwapi.dll
0x00007fffc72f0000 - 0x00007fffc731f000 	C:\WINDOWS\SYSTEM32\profapi.dll
0x00007fff938f0000 - 0x00007fff93908000 	c:\Users\ASUS\.vscode\extensions\redhat.java-1.42.0-win32-x64\jre\21.0.7-win32-x86_64\bin\zip.dll
0x00007fffb5590000 - 0x00007fffb55a0000 	C:\Users\ASUS\.vscode\extensions\redhat.java-1.42.0-win32-x64\jre\21.0.7-win32-x86_64\bin\net.dll
0x00007fffc1300000 - 0x00007fffc141d000 	C:\WINDOWS\SYSTEM32\WINHTTP.dll
0x00007fffc6710000 - 0x00007fffc677a000 	C:\WINDOWS\system32\mswsock.dll
0x00007fff93660000 - 0x00007fff93676000 	C:\Users\ASUS\.vscode\extensions\redhat.java-1.42.0-win32-x64\jre\21.0.7-win32-x86_64\bin\nio.dll
0x00007fffb3500000 - 0x00007fffb3510000 	c:\Users\ASUS\.vscode\extensions\redhat.java-1.42.0-win32-x64\jre\21.0.7-win32-x86_64\bin\verify.dll
0x00007fff864d0000 - 0x00007fff86515000 	C:\Users\ASUS\AppData\Roaming\Code\User\globalStorage\redhat.java\1.42.0\config_win\org.eclipse.equinox.launcher\org.eclipse.equinox.launcher.win32.win32.x86_64_1.2.1300.v20250331-1702\eclipse_11911.dll
0x00007fffc81b0000 - 0x00007fffc8346000 	C:\WINDOWS\System32\ole32.dll
0x00007fffc69b0000 - 0x00007fffc69cc000 	C:\WINDOWS\SYSTEM32\CRYPTSP.dll
0x00007fffc6120000 - 0x00007fffc615a000 	C:\WINDOWS\system32\rsaenh.dll
0x00007fffc67b0000 - 0x00007fffc67db000 	C:\WINDOWS\SYSTEM32\USERENV.dll
0x00007fffc72c0000 - 0x00007fffc72e6000 	C:\WINDOWS\SYSTEM32\bcrypt.dll
0x00007fffc69d0000 - 0x00007fffc69dc000 	C:\WINDOWS\SYSTEM32\CRYPTBASE.dll
0x00007fffc5bc0000 - 0x00007fffc5bf3000 	C:\WINDOWS\SYSTEM32\IPHLPAPI.DLL
0x00007fffc9a80000 - 0x00007fffc9a8a000 	C:\WINDOWS\System32\NSI.dll
0x00007fff833f0000 - 0x00007fff83439000 	C:\Users\ASUS\AppData\Local\Temp\jna-2018896\jna6239098574121995513.dll
0x00007fffc8e20000 - 0x00007fffc8e28000 	C:\WINDOWS\System32\PSAPI.DLL
0x00007fffc1a90000 - 0x00007fffc1aaf000 	C:\WINDOWS\SYSTEM32\dhcpcsvc6.DLL
0x00007fffc1740000 - 0x00007fffc1765000 	C:\WINDOWS\SYSTEM32\dhcpcsvc.DLL

dbghelp: loaded successfully - version: 4.0.5 - missing functions: none
symbol engine: initialized successfully - sym options: 0x614 - pdb path: .;c:\Users\ASUS\.vscode\extensions\redhat.java-1.42.0-win32-x64\jre\21.0.7-win32-x86_64\bin;C:\WINDOWS\SYSTEM32;C:\WINDOWS\WinSxS\amd64_microsoft.windows.common-controls_6595b64144ccf1df_6.0.26100.3624_none_3e086962e3345f24;c:\Users\ASUS\.vscode\extensions\redhat.java-1.42.0-win32-x64\jre\21.0.7-win32-x86_64\bin\server;C:\Users\ASUS\AppData\Roaming\Code\User\globalStorage\redhat.java\1.42.0\config_win\org.eclipse.equinox.launcher\org.eclipse.equinox.launcher.win32.win32.x86_64_1.2.1300.v20250331-1702;C:\Users\ASUS\AppData\Local\Temp\jna-2018896

VM Arguments:
jvm_args: --add-modules=ALL-SYSTEM --add-opens=java.base/java.util=ALL-UNNAMED --add-opens=java.base/java.lang=ALL-UNNAMED --add-opens=java.base/sun.nio.fs=ALL-UNNAMED -Declipse.application=org.eclipse.jdt.ls.core.id1 -Dosgi.bundles.defaultStartLevel=4 -Declipse.product=org.eclipse.jdt.ls.core.product -Djava.import.generatesMetadataFilesAtProjectRoot=false -DDetectVMInstallationsJob.disabled=true -Dfile.encoding=utf8 -XX:+UseParallelGC -XX:GCTimeRatio=4 -XX:AdaptiveSizePolicyWeight=90 -Dsun.zip.disableMemoryMapping=true -Xmx1G -Xms100m -Xlog:disable -javaagent:c:\Users\ASUS\.vscode\extensions\redhat.java-1.42.0-win32-x64\lombok\lombok-1.18.36.jar -XX:+HeapDumpOnOutOfMemoryError -XX:HeapDumpPath=c:\Users\ASUS\AppData\Roaming\Code\User\workspaceStorage\4b0376d230ac6989838f7d7fb20bbc41\redhat.java -Daether.dependencyCollector.impl=bf 
java_command: c:\Users\ASUS\.vscode\extensions\redhat.java-1.42.0-win32-x64\server\plugins\org.eclipse.equinox.launcher_1.7.0.v20250424-1814.jar -configuration c:\Users\ASUS\AppData\Roaming\Code\User\globalStorage\redhat.java\1.42.0\config_win -data c:\Users\ASUS\AppData\Roaming\Code\User\workspaceStorage\4b0376d230ac6989838f7d7fb20bbc41\redhat.java\jdt_ws --pipe=\\.\pipe\lsp-02ab5555bdd590a3ea357d08cdaee502-sock
java_class_path (initial): c:\Users\ASUS\.vscode\extensions\redhat.java-1.42.0-win32-x64\server\plugins\org.eclipse.equinox.launcher_1.7.0.v20250424-1814.jar
Launcher Type: SUN_STANDARD

[Global flags]
    uintx AdaptiveSizePolicyWeight                 = 90                                        {product} {command line}
     intx CICompilerCount                          = 4                                         {product} {ergonomic}
    uintx GCTimeRatio                              = 4                                         {product} {command line}
     bool HeapDumpOnOutOfMemoryError               = true                                   {manageable} {command line}
    ccstr HeapDumpPath                             = c:\Users\ASUS\AppData\Roaming\Code\User\workspaceStorage\4b0376d230ac6989838f7d7fb20bbc41\redhat.java         {manageable} {command line}
   size_t InitialHeapSize                          = 104857600                                 {product} {command line}
   size_t MaxHeapSize                              = 1073741824                                {product} {command line}
   size_t MaxNewSize                               = 357564416                                 {product} {ergonomic}
   size_t MinHeapDeltaBytes                        = 524288                                    {product} {ergonomic}
   size_t MinHeapSize                              = 104857600                                 {product} {command line}
   size_t NewSize                                  = 34603008                                  {product} {ergonomic}
    uintx NonNMethodCodeHeapSize                   = 5839372                                {pd product} {ergonomic}
    uintx NonProfiledCodeHeapSize                  = 122909434                              {pd product} {ergonomic}
   size_t OldSize                                  = 70254592                                  {product} {ergonomic}
    uintx ProfiledCodeHeapSize                     = 122909434                              {pd product} {ergonomic}
    uintx ReservedCodeCacheSize                    = 251658240                              {pd product} {ergonomic}
     bool SegmentedCodeCache                       = true                                      {product} {ergonomic}
   size_t SoftMaxHeapSize                          = 1073741824                             {manageable} {ergonomic}
     bool UseCompressedOops                        = true                           {product lp64_product} {ergonomic}
     bool UseLargePagesIndividualAllocation        = false                                  {pd product} {ergonomic}
     bool UseParallelGC                            = true                                      {product} {command line}

Logging:
Log output configuration:
 #0: stdout all=off uptime,level,tags foldmultilines=false
 #1: stderr all=off uptime,level,tags foldmultilines=false

Environment Variables:
PATH=C:\Program Files (x86)\VMware\VMware Workstation\bin\;C:\Program Files\Eclipse Adoptium\jdk-21.0.4.7-hotspot\bin;C:\WINDOWS\system32;C:\WINDOWS;C:\WINDOWS\System32\Wbem;C:\WINDOWS\System32\WindowsPowerShell\v1.0\;C:\WINDOWS\System32\OpenSSH\;C:\Program Files (x86)\NVIDIA Corporation\PhysX\Common;C:\Program Files\NVIDIA Corporation\NVIDIA NvDLISR;C:\Program Files\dotnet\;C:\Program Files (x86)\Git\cmd;C:\Program Files\nodejs\;%MAVEN_HOME%\bin.;C:\Users\ASUS\Downloads\apache-maven-3.9.9\bin;C:\Users\ASUS\AppData\Local\Programs\Python\Python313\Scripts\;C:\Users\ASUS\AppData\Local\Programs\Python\Python313\;C:\Users\ASUS\.cargo\bin;C:\Users\ASUS\AppData\Local\Microsoft\WindowsApps;C:\Users\ASUS\AppData\Local\Programs\Microsoft VS Code\bin;;C:\Program Files\JetBrains\IntelliJ IDEA 2024.3.5\bin;;C:\Users\ASUS\AppData\Roaming\npm
USERNAME=ASUS
OS=Windows_NT
PROCESSOR_IDENTIFIER=AMD64 Family 25 Model 68 Stepping 1, AuthenticAMD
TMP=C:\Users\ASUS\AppData\Local\Temp
TEMP=C:\Users\ASUS\AppData\Local\Temp




Periodic native trim disabled

---------------  S Y S T E M  ---------------

OS:
 Windows 11 , 64 bit Build 26100 (10.0.26100.3775)
OS uptime: 4 days 3:52 hours
Hyper-V role detected

CPU: total 12 (initial active 12) (12 cores per cpu, 2 threads per core) family 25 model 68 stepping 1 microcode 0xa404102, cx8, cmov, fxsr, ht, mmx, 3dnowpref, sse, sse2, sse3, ssse3, sse4a, sse4.1, sse4.2, popcnt, lzcnt, tsc, tscinvbit, avx, avx2, aes, erms, clmul, bmi1, bmi2, adx, sha, fma, vzeroupper, clflush, clflushopt, hv, rdtscp, rdpid, fsrm, f16c, cet_ss
Processor Information for processor 0
  Max Mhz: 3301, Current Mhz: 2024, Mhz Limit: 3301
Processor Information for processor 1
  Max Mhz: 3301, Current Mhz: 2024, Mhz Limit: 3301
Processor Information for processor 2
  Max Mhz: 3301, Current Mhz: 2024, Mhz Limit: 3301
Processor Information for processor 3
  Max Mhz: 3301, Current Mhz: 2024, Mhz Limit: 3301
Processor Information for processor 4
  Max Mhz: 3301, Current Mhz: 2496, Mhz Limit: 3301
Processor Information for processor 5
  Max Mhz: 3301, Current Mhz: 2496, Mhz Limit: 3301
Processor Information for processor 6
  Max Mhz: 3301, Current Mhz: 2024, Mhz Limit: 3301
Processor Information for processor 7
  Max Mhz: 3301, Current Mhz: 2024, Mhz Limit: 3301
Processor Information for processor 8
  Max Mhz: 3301, Current Mhz: 2024, Mhz Limit: 3301
Processor Information for processor 9
  Max Mhz: 3301, Current Mhz: 2024, Mhz Limit: 3301
Processor Information for processor 10
  Max Mhz: 3301, Current Mhz: 2024, Mhz Limit: 3301
Processor Information for processor 11
  Max Mhz: 3301, Current Mhz: 2496, Mhz Limit: 3301

Memory: 4k page, system-wide physical 7498M (546M free)
TotalPageFile size 30026M (AvailPageFile size 4M)
current process WorkingSet (physical memory assigned to process): 505M, peak: 505M
current process commit charge ("private bytes"): 484M, peak: 950M

vm_info: OpenJDK 64-Bit Server VM (21.0.7+6-LTS) for windows-amd64 JRE (21.0.7+6-LTS), built on 2025-04-15T00:00:00Z by "admin" with MS VC++ 17.7 (VS2022)

END.
