#
# There is insufficient memory for the Java Runtime Environment to continue.
# Native memory allocation (malloc) failed to allocate 1237936 bytes. Error detail: Chunk::new
# Possible reasons:
#   The system is out of physical RAM or swap space
#   This process is running with CompressedOops enabled, and the Java Heap may be blocking the growth of the native heap
# Possible solutions:
#   Reduce memory load on the system
#   Increase physical memory or swap space
#   Check if swap backing store is full
#   Decrease Java heap size (-Xmx/-Xms)
#   Decrease number of Java threads
#   Decrease Java thread stack sizes (-Xss)
#   Set larger code cache with -XX:ReservedCodeCacheSize=
#   JVM is running with Unscaled Compressed Oops mode in which the Java heap is
#     placed in the first 4GB address space. The Java Heap base address is the
#     maximum limit for the native heap growth. Please use -XX:HeapBaseMinAddress
#     to set the Java Heap base and to place the Java Heap above 4GB virtual address.
# This output file may be truncated or incomplete.
#
#  Out of Memory Error (arena.cpp:168), pid=22644, tid=26680
#
# JRE version: OpenJDK Runtime Environment Temurin-21.0.7+6 (21.0.7+6) (build 21.0.7+6-LTS)
# Java VM: OpenJDK 64-Bit Server VM Temurin-21.0.7+6 (21.0.7+6-LTS, mixed mode, sharing, tiered, compressed oops, compressed class ptrs, parallel gc, windows-amd64)
# No core dump will be written. Minidumps are not enabled by default on client versions of Windows
#

---------------  S U M M A R Y ------------

Command Line: --add-modules=ALL-SYSTEM --add-opens=java.base/java.util=ALL-UNNAMED --add-opens=java.base/java.lang=ALL-UNNAMED --add-opens=java.base/sun.nio.fs=ALL-UNNAMED -Declipse.application=org.eclipse.jdt.ls.core.id1 -Dosgi.bundles.defaultStartLevel=4 -Declipse.product=org.eclipse.jdt.ls.core.product -Djava.import.generatesMetadataFilesAtProjectRoot=false -DDetectVMInstallationsJob.disabled=true -Dfile.encoding=utf8 -XX:+UseParallelGC -XX:GCTimeRatio=4 -XX:AdaptiveSizePolicyWeight=90 -Dsun.zip.disableMemoryMapping=true -Xmx1G -Xms100m -Xlog:disable -javaagent:c:\Users\ASUS\.vscode\extensions\redhat.java-1.42.0-win32-x64\lombok\lombok-1.18.36.jar -XX:+HeapDumpOnOutOfMemoryError -XX:HeapDumpPath=c:\Users\ASUS\AppData\Roaming\Code\User\workspaceStorage\4b0376d230ac6989838f7d7fb20bbc41\redhat.java -Daether.dependencyCollector.impl=bf c:\Users\ASUS\.vscode\extensions\redhat.java-1.42.0-win32-x64\server\plugins\org.eclipse.equinox.launcher_1.7.0.v20250424-1814.jar -configuration c:\Users\ASUS\AppData\Roaming\Code\User\globalStorage\redhat.java\1.42.0\config_win -data c:\Users\ASUS\AppData\Roaming\Code\User\workspaceStorage\4b0376d230ac6989838f7d7fb20bbc41\redhat.java\jdt_ws --pipe=\\.\pipe\lsp-81822b5b9e7e6dcf2d1c4c41303bb4f6-sock

Host: AMD Ryzen 5 7535HS with Radeon Graphics        , 12 cores, 7G,  Windows 11 , 64 bit Build 26100 (10.0.26100.3775)
Time: Fri May 16 00:55:10 2025 SE Asia Standard Time elapsed time: 10.799470 seconds (0d 0h 0m 10s)

---------------  T H R E A D  ---------------

Current thread (0x0000024b8e36e2c0):  JavaThread "C2 CompilerThread1" daemon [_thread_in_native, id=26680, stack(0x0000009e35500000,0x0000009e35600000) (1024K)]


Current CompileTask:
C2:10799 7667       4       org.eclipse.jdt.internal.core.search.indexing.BinaryIndexer::extractReferenceFromConstantPool (358 bytes)

Stack: [0x0000009e35500000,0x0000009e35600000]
Native frames: (J=compiled Java code, j=interpreted, Vv=VM code, C=native code)
V  [jvm.dll+0x6ce119]
V  [jvm.dll+0x8a84a1]
V  [jvm.dll+0x8aa9ce]
V  [jvm.dll+0x8ab0b3]
V  [jvm.dll+0x27f8a6]
V  [jvm.dll+0xc507d]
V  [jvm.dll+0xc55b3]
V  [jvm.dll+0x3b68f2]
V  [jvm.dll+0x382aa5]
V  [jvm.dll+0x381f0a]
V  [jvm.dll+0x247af0]
V  [jvm.dll+0x2470cf]
V  [jvm.dll+0x1c760e]
V  [jvm.dll+0x25695a]
V  [jvm.dll+0x254efa]
V  [jvm.dll+0x3f03f6]
V  [jvm.dll+0x851f6b]
V  [jvm.dll+0x6cc7dd]
C  [ucrtbase.dll+0x37b0]
C  [KERNEL32.DLL+0x2e8d7]
C  [ntdll.dll+0xb14fc]


---------------  P R O C E S S  ---------------

Threads class SMR info:
_java_thread_list=0x0000024b95b96430, length=74, elements={
0x0000024b36c6bea0, 0x0000024b8e0e44b0, 0x0000024b8c1fe6b0, 0x0000024b8e0e7570,
0x0000024b8e0e9f90, 0x0000024b8e0ed1b0, 0x0000024b8e0f5120, 0x0000024b8e0fae20,
0x0000024b8e0fcec0, 0x0000024b8e1f2b90, 0x0000024b8e36e2c0, 0x0000024b8e444a90,
0x0000024b8e83d140, 0x0000024b930706e0, 0x0000024b93034170, 0x0000024b93034ba0,
0x0000024b93421db0, 0x0000024b93814e90, 0x0000024b935ed560, 0x0000024b935edbf0,
0x0000024b935eced0, 0x0000024b935ee280, 0x0000024b935ec840, 0x0000024b935ee910,
0x0000024b9519d150, 0x0000024b935eefa0, 0x0000024b935ebb20, 0x0000024b935ec1b0,
0x0000024b951fdef0, 0x0000024b951ff2a0, 0x0000024b951fd860, 0x0000024b95200ce0,
0x0000024b95201a00, 0x0000024b951fe580, 0x0000024b951fffc0, 0x0000024b95201370,
0x0000024b951ff930, 0x0000024b95202090, 0x0000024b951fec10, 0x0000024b95202720,
0x0000024b95204160, 0x0000024b95203ad0, 0x0000024b952047f0, 0x0000024b95204e80,
0x0000024b95202db0, 0x0000024b95203440, 0x0000024b9f268680, 0x0000024b9f26a0c0,
0x0000024b9f268d10, 0x0000024b9f2693a0, 0x0000024b9f269a30, 0x0000024b9f267960,
0x0000024b952d6170, 0x0000024b952d40a0, 0x0000024b952d6800, 0x0000024b952d7bb0,
0x0000024b952d7520, 0x0000024b952d5ae0, 0x0000024b952d5450, 0x0000024b952d4730,
0x0000024b952d6e90, 0x0000024b952d4dc0, 0x0000024b952d9c80, 0x0000024b952da9a0,
0x0000024b952d95f0, 0x0000024b952d88d0, 0x0000024b952db030, 0x0000024b952db6c0,
0x0000024b952d8f60, 0x0000024b952da310, 0x0000024ba0d1aa90, 0x0000024ba0d18330,
0x0000024ba0d1a400, 0x0000024ba0d189c0
}

Java Threads: ( => current thread )
  0x0000024b36c6bea0 JavaThread "main"                              [_thread_blocked, id=9832, stack(0x0000009e34800000,0x0000009e34900000) (1024K)]
  0x0000024b8e0e44b0 JavaThread "Reference Handler"          daemon [_thread_blocked, id=15144, stack(0x0000009e34c00000,0x0000009e34d00000) (1024K)]
  0x0000024b8c1fe6b0 JavaThread "Finalizer"                  daemon [_thread_blocked, id=35432, stack(0x0000009e34d00000,0x0000009e34e00000) (1024K)]
  0x0000024b8e0e7570 JavaThread "Signal Dispatcher"          daemon [_thread_blocked, id=9212, stack(0x0000009e34e00000,0x0000009e34f00000) (1024K)]
  0x0000024b8e0e9f90 JavaThread "Attach Listener"            daemon [_thread_blocked, id=8812, stack(0x0000009e34f00000,0x0000009e35000000) (1024K)]
  0x0000024b8e0ed1b0 JavaThread "Service Thread"             daemon [_thread_blocked, id=38492, stack(0x0000009e35000000,0x0000009e35100000) (1024K)]
  0x0000024b8e0f5120 JavaThread "Monitor Deflation Thread"   daemon [_thread_blocked, id=6452, stack(0x0000009e35100000,0x0000009e35200000) (1024K)]
  0x0000024b8e0fae20 JavaThread "C2 CompilerThread0"         daemon [_thread_blocked, id=19460, stack(0x0000009e35200000,0x0000009e35300000) (1024K)]
  0x0000024b8e0fcec0 JavaThread "C1 CompilerThread0"         daemon [_thread_in_native, id=39504, stack(0x0000009e35300000,0x0000009e35400000) (1024K)]
  0x0000024b8e1f2b90 JavaThread "Common-Cleaner"             daemon [_thread_blocked, id=34612, stack(0x0000009e35400000,0x0000009e35500000) (1024K)]
=>0x0000024b8e36e2c0 JavaThread "C2 CompilerThread1"         daemon [_thread_in_native, id=26680, stack(0x0000009e35500000,0x0000009e35600000) (1024K)]
  0x0000024b8e444a90 JavaThread "Notification Thread"        daemon [_thread_blocked, id=8980, stack(0x0000009e35600000,0x0000009e35700000) (1024K)]
  0x0000024b8e83d140 JavaThread "Active Thread: Equinox Container: cb7daf7e-7e61-457f-9499-24423b8d3547"        [_thread_blocked, id=32108, stack(0x0000009e35e00000,0x0000009e35f00000) (1024K)]
  0x0000024b930706e0 JavaThread "Refresh Thread: Equinox Container: cb7daf7e-7e61-457f-9499-24423b8d3547" daemon [_thread_blocked, id=17632, stack(0x0000009e35f00000,0x0000009e36000000) (1024K)]
  0x0000024b93034170 JavaThread "Framework Event Dispatcher: Equinox Container: cb7daf7e-7e61-457f-9499-24423b8d3547" daemon [_thread_blocked, id=21356, stack(0x0000009e36100000,0x0000009e36200000) (1024K)]
  0x0000024b93034ba0 JavaThread "Start Level: Equinox Container: cb7daf7e-7e61-457f-9499-24423b8d3547" daemon [_thread_blocked, id=29912, stack(0x0000009e36200000,0x0000009e36300000) (1024K)]
  0x0000024b93421db0 JavaThread "Bundle File Closer"         daemon [_thread_blocked, id=27528, stack(0x0000009e36500000,0x0000009e36600000) (1024K)]
  0x0000024b93814e90 JavaThread "SCR Component Actor"        daemon [_thread_blocked, id=21668, stack(0x0000009e36600000,0x0000009e36700000) (1024K)]
  0x0000024b935ed560 JavaThread "Worker-JM"                         [_thread_blocked, id=37596, stack(0x0000009e36800000,0x0000009e36900000) (1024K)]
  0x0000024b935edbf0 JavaThread "JNA Cleaner"                daemon [_thread_blocked, id=14696, stack(0x0000009e35700000,0x0000009e35800000) (1024K)]
  0x0000024b935eced0 JavaThread "Worker-0"                          [_thread_blocked, id=25380, stack(0x0000009e36900000,0x0000009e36a00000) (1024K)]
  0x0000024b935ee280 JavaThread "Worker-1"                          [_thread_blocked, id=2348, stack(0x0000009e36a00000,0x0000009e36b00000) (1024K)]
  0x0000024b935ec840 JavaThread "Worker-2"                          [_thread_blocked, id=13244, stack(0x0000009e36b00000,0x0000009e36c00000) (1024K)]
  0x0000024b935ee910 JavaThread "Java indexing"              daemon [_thread_in_vm, id=28156, stack(0x0000009e36c00000,0x0000009e36d00000) (1024K)]
  0x0000024b9519d150 JavaThread "C2 CompilerThread2"         daemon [_thread_in_native, id=19624, stack(0x0000009e36d00000,0x0000009e36e00000) (1024K)]
  0x0000024b935eefa0 JavaThread "Worker-3"                          [_thread_blocked, id=25884, stack(0x0000009e36e00000,0x0000009e36f00000) (1024K)]
  0x0000024b935ebb20 JavaThread "Worker-4"                          [_thread_blocked, id=23320, stack(0x0000009e37100000,0x0000009e37200000) (1024K)]
  0x0000024b935ec1b0 JavaThread "Worker-5: Building"                [_thread_blocked, id=35992, stack(0x0000009e37200000,0x0000009e37300000) (1024K)]
  0x0000024b951fdef0 JavaThread "Worker-6: Java indexing... "        [_thread_blocked, id=25496, stack(0x0000009e37300000,0x0000009e37400000) (1024K)]
  0x0000024b951ff2a0 JavaThread "Thread-2"                   daemon [_thread_in_native, id=21052, stack(0x0000009e37400000,0x0000009e37500000) (1024K)]
  0x0000024b951fd860 JavaThread "Thread-3"                   daemon [_thread_in_native, id=21004, stack(0x0000009e37500000,0x0000009e37600000) (1024K)]
  0x0000024b95200ce0 JavaThread "Thread-4"                   daemon [_thread_in_native, id=33920, stack(0x0000009e37600000,0x0000009e37700000) (1024K)]
  0x0000024b95201a00 JavaThread "Thread-5"                   daemon [_thread_in_native, id=31500, stack(0x0000009e37700000,0x0000009e37800000) (1024K)]
  0x0000024b951fe580 JavaThread "Thread-6"                   daemon [_thread_in_native, id=28832, stack(0x0000009e37800000,0x0000009e37900000) (1024K)]
  0x0000024b951fffc0 JavaThread "Thread-7"                   daemon [_thread_in_native, id=16920, stack(0x0000009e37900000,0x0000009e37a00000) (1024K)]
  0x0000024b95201370 JavaThread "Thread-8"                   daemon [_thread_in_native, id=4176, stack(0x0000009e37a00000,0x0000009e37b00000) (1024K)]
  0x0000024b951ff930 JavaThread "Thread-9"                   daemon [_thread_in_native, id=34432, stack(0x0000009e37b00000,0x0000009e37c00000) (1024K)]
  0x0000024b95202090 JavaThread "Thread-10"                  daemon [_thread_in_native, id=28372, stack(0x0000009e37c00000,0x0000009e37d00000) (1024K)]
  0x0000024b951fec10 JavaThread "Thread-11"                  daemon [_thread_in_native, id=32204, stack(0x0000009e37d00000,0x0000009e37e00000) (1024K)]
  0x0000024b95202720 JavaThread "Thread-12"                  daemon [_thread_in_native, id=28424, stack(0x0000009e37e00000,0x0000009e37f00000) (1024K)]
  0x0000024b95204160 JavaThread "Thread-13"                  daemon [_thread_in_native, id=24428, stack(0x0000009e37f00000,0x0000009e38000000) (1024K)]
  0x0000024b95203ad0 JavaThread "Thread-14"                  daemon [_thread_in_native, id=14464, stack(0x0000009e38000000,0x0000009e38100000) (1024K)]
  0x0000024b952047f0 JavaThread "pool-2-thread-1"                   [_thread_blocked, id=20704, stack(0x0000009e38100000,0x0000009e38200000) (1024K)]
  0x0000024b95204e80 JavaThread "WorkspaceEventsHandler"            [_thread_blocked, id=32888, stack(0x0000009e38200000,0x0000009e38300000) (1024K)]
  0x0000024b95202db0 JavaThread "pool-1-thread-1"                   [_thread_in_vm, id=35576, stack(0x0000009e38300000,0x0000009e38400000) (1024K)]
  0x0000024b95203440 JavaThread "Worker-7"                          [_thread_blocked, id=4584, stack(0x0000009e38400000,0x0000009e38500000) (1024K)]
  0x0000024b9f268680 JavaThread "LocalFile Deleter"          daemon [_thread_blocked, id=33124, stack(0x0000009e38500000,0x0000009e38600000) (1024K)]
  0x0000024b9f26a0c0 JavaThread "LocalFile Deleter"          daemon [_thread_blocked, id=17060, stack(0x0000009e38600000,0x0000009e38700000) (1024K)]
  0x0000024b9f268d10 JavaThread "LocalFile Deleter"          daemon [_thread_blocked, id=23136, stack(0x0000009e38700000,0x0000009e38800000) (1024K)]
  0x0000024b9f2693a0 JavaThread "LocalFile Deleter"          daemon [_thread_blocked, id=30964, stack(0x0000009e38800000,0x0000009e38900000) (1024K)]
  0x0000024b9f269a30 JavaThread "LocalFile Deleter"          daemon [_thread_blocked, id=18124, stack(0x0000009e38900000,0x0000009e38a00000) (1024K)]
  0x0000024b9f267960 JavaThread "Compiler Source File Reader" daemon [_thread_blocked, id=23296, stack(0x0000009e38a00000,0x0000009e38b00000) (1024K)]
  0x0000024b952d6170 JavaThread "Compiler Source File Reader" daemon [_thread_blocked, id=36780, stack(0x0000009e38b00000,0x0000009e38c00000) (1024K)]
  0x0000024b952d40a0 JavaThread "Compiler Source File Reader" daemon [_thread_blocked, id=19308, stack(0x0000009e38c00000,0x0000009e38d00000) (1024K)]
  0x0000024b952d6800 JavaThread "Compiler Source File Reader" daemon [_thread_blocked, id=13316, stack(0x0000009e38d00000,0x0000009e38e00000) (1024K)]
  0x0000024b952d7bb0 JavaThread "Compiler Source File Reader" daemon [_thread_blocked, id=30420, stack(0x0000009e38e00000,0x0000009e38f00000) (1024K)]
  0x0000024b952d7520 JavaThread "Compiler Source File Reader" daemon [_thread_blocked, id=6240, stack(0x0000009e38f00000,0x0000009e39000000) (1024K)]
  0x0000024b952d5ae0 JavaThread "Compiler Source File Reader" daemon [_thread_blocked, id=21764, stack(0x0000009e39000000,0x0000009e39100000) (1024K)]
  0x0000024b952d5450 JavaThread "Compiler Source File Reader" daemon [_thread_blocked, id=11212, stack(0x0000009e39100000,0x0000009e39200000) (1024K)]
  0x0000024b952d4730 JavaThread "Compiler Source File Reader" daemon [_thread_blocked, id=31536, stack(0x0000009e39200000,0x0000009e39300000) (1024K)]
  0x0000024b952d6e90 JavaThread "Compiler Source File Reader" daemon [_thread_blocked, id=7536, stack(0x0000009e39300000,0x0000009e39400000) (1024K)]
  0x0000024b952d4dc0 JavaThread "Equinox resolver thread - Equinox Container: cb7daf7e-7e61-457f-9499-24423b8d3547" daemon [_thread_blocked, id=3144, stack(0x0000009e36700000,0x0000009e36800000) (1024K)]
  0x0000024b952d9c80 JavaThread "Equinox resolver thread - Equinox Container: cb7daf7e-7e61-457f-9499-24423b8d3547" daemon [_thread_blocked, id=10172, stack(0x0000009e39400000,0x0000009e39500000) (1024K)]
  0x0000024b952da9a0 JavaThread "Equinox resolver thread - Equinox Container: cb7daf7e-7e61-457f-9499-24423b8d3547" daemon [_thread_blocked, id=34564, stack(0x0000009e39500000,0x0000009e39600000) (1024K)]
  0x0000024b952d95f0 JavaThread "Equinox resolver thread - Equinox Container: cb7daf7e-7e61-457f-9499-24423b8d3547" daemon [_thread_blocked, id=31224, stack(0x0000009e39600000,0x0000009e39700000) (1024K)]
  0x0000024b952d88d0 JavaThread "Equinox resolver thread - Equinox Container: cb7daf7e-7e61-457f-9499-24423b8d3547" daemon [_thread_blocked, id=13324, stack(0x0000009e39700000,0x0000009e39800000) (1024K)]
  0x0000024b952db030 JavaThread "Equinox resolver thread - Equinox Container: cb7daf7e-7e61-457f-9499-24423b8d3547" daemon [_thread_blocked, id=38184, stack(0x0000009e39800000,0x0000009e39900000) (1024K)]
  0x0000024b952db6c0 JavaThread "Equinox resolver thread - Equinox Container: cb7daf7e-7e61-457f-9499-24423b8d3547" daemon [_thread_blocked, id=32308, stack(0x0000009e39900000,0x0000009e39a00000) (1024K)]
  0x0000024b952d8f60 JavaThread "Equinox resolver thread - Equinox Container: cb7daf7e-7e61-457f-9499-24423b8d3547" daemon [_thread_blocked, id=31380, stack(0x0000009e39a00000,0x0000009e39b00000) (1024K)]
  0x0000024b952da310 JavaThread "Equinox resolver thread - Equinox Container: cb7daf7e-7e61-457f-9499-24423b8d3547" daemon [_thread_blocked, id=16240, stack(0x0000009e39b00000,0x0000009e39c00000) (1024K)]
  0x0000024ba0d1aa90 JavaThread "Equinox resolver thread - Equinox Container: cb7daf7e-7e61-457f-9499-24423b8d3547" daemon [_thread_blocked, id=17292, stack(0x0000009e39c00000,0x0000009e39d00000) (1024K)]
  0x0000024ba0d18330 JavaThread "Equinox resolver thread - Equinox Container: cb7daf7e-7e61-457f-9499-24423b8d3547" daemon [_thread_blocked, id=12364, stack(0x0000009e39d00000,0x0000009e39e00000) (1024K)]
  0x0000024ba0d1a400 JavaThread "Equinox resolver thread - Equinox Container: cb7daf7e-7e61-457f-9499-24423b8d3547" daemon [_thread_blocked, id=19384, stack(0x0000009e39e00000,0x0000009e39f00000) (1024K)]
  0x0000024ba0d189c0 JavaThread "Compiler Processing Task"   daemon [_thread_in_vm, id=17660, stack(0x0000009e39f00000,0x0000009e3a000000) (1024K)]
Total: 74

Other Threads:
  0x0000024b8c1e3800 VMThread "VM Thread"                           [id=38968, stack(0x0000009e34b00000,0x0000009e34c00000) (1024K)]
  0x0000024b8c0dca00 WatcherThread "VM Periodic Task Thread"        [id=1720, stack(0x0000009e34a00000,0x0000009e34b00000) (1024K)]
  0x0000024b36c8a4f0 WorkerThread "GC Thread#0"                     [id=17696, stack(0x0000009e34900000,0x0000009e34a00000) (1024K)]
  0x0000024b8e9b6a20 WorkerThread "GC Thread#1"                     [id=36168, stack(0x0000009e35800000,0x0000009e35900000) (1024K)]
  0x0000024b8e9b6dc0 WorkerThread "GC Thread#2"                     [id=27712, stack(0x0000009e35900000,0x0000009e35a00000) (1024K)]
  0x0000024b8e9b7160 WorkerThread "GC Thread#3"                     [id=38044, stack(0x0000009e35a00000,0x0000009e35b00000) (1024K)]
  0x0000024b8e9b7500 WorkerThread "GC Thread#4"                     [id=14092, stack(0x0000009e35b00000,0x0000009e35c00000) (1024K)]
  0x0000024b8e7f0ac0 WorkerThread "GC Thread#5"                     [id=1060, stack(0x0000009e35c00000,0x0000009e35d00000) (1024K)]
  0x0000024b8e7f0e60 WorkerThread "GC Thread#6"                     [id=38364, stack(0x0000009e35d00000,0x0000009e35e00000) (1024K)]
  0x0000024b93036d00 WorkerThread "GC Thread#7"                     [id=17860, stack(0x0000009e36000000,0x0000009e36100000) (1024K)]
  0x0000024b9359d550 WorkerThread "GC Thread#8"                     [id=31696, stack(0x0000009e36300000,0x0000009e36400000) (1024K)]
  0x0000024b932123d0 WorkerThread "GC Thread#9"                     [id=29232, stack(0x0000009e36400000,0x0000009e36500000) (1024K)]
Total: 12

Threads with active compile tasks:
C2 CompilerThread0  10860 7798       4       org.eclipse.jdt.internal.compiler.classfmt.FieldInfo::getTypeName (49 bytes)
C1 CompilerThread0  10860 7816       2       org.apache.felix.resolver.ResolverImpl::mergeCandidatePackages (436 bytes)
C2 CompilerThread1  10860 7667       4       org.eclipse.jdt.internal.core.search.indexing.BinaryIndexer::extractReferenceFromConstantPool (358 bytes)
C2 CompilerThread2  10860 7807       4       org.eclipse.jdt.internal.compiler.classfmt.MethodInfo::getArgumentNames (16 bytes)
Total: 4

VM state: not at safepoint (normal execution)

VM Mutex/Monitor currently owned by a thread: None

Heap address: 0x00000000c0000000, size: 1024 MB, Compressed Oops mode: 32-bit

CDS archive(s) mapped at: [0x0000024b4b000000-0x0000024b4bba0000-0x0000024b4bba0000), size 12189696, SharedBaseAddress: 0x0000024b4b000000, ArchiveRelocationMode: 1.
Compressed class space mapped at: 0x0000024b4c000000-0x0000024b8c000000, reserved size: 1073741824
Narrow klass base: 0x0000024b4b000000, Narrow klass shift: 0, Narrow klass range: 0x100000000

GC Precious Log:
 CardTable entry size: 512
 CPUs: 12 total, 12 available
 Memory: 7498M
 Large Page Support: Disabled
 NUMA Support: Disabled
 Compressed Oops: Enabled (32-bit)
 Alignments: Space 512K, Generation 512K, Heap 2M
 Heap Min Capacity: 100M
 Heap Initial Capacity: 100M
 Heap Max Capacity: 1G
 Pre-touch: Disabled
 Parallel Workers: 10

Heap:
 PSYoungGen      total 14336K, used 12880K [0x00000000eab00000, 0x00000000ebb80000, 0x0000000100000000)
  eden space 11776K, 87% used [0x00000000eab00000,0x00000000eb519bb0,0x00000000eb680000)
  from space 2560K, 99% used [0x00000000eb680000,0x00000000eb8fa758,0x00000000eb900000)
  to   space 2560K, 0% used [0x00000000eb900000,0x00000000eb900000,0x00000000ebb80000)
 ParOldGen       total 117248K, used 116870K [0x00000000c0000000, 0x00000000c7280000, 0x00000000eab00000)
  object space 117248K, 99% used [0x00000000c0000000,0x00000000c7221938,0x00000000c7280000)
 Metaspace       used 54285K, committed 55680K, reserved 1114112K
  class space    used 5700K, committed 6336K, reserved 1048576K

Card table byte_map: [0x0000024b36610000,0x0000024b36820000] _byte_map_base: 0x0000024b36010000

Marking Bits: (ParMarkBitMap*) 0x00007fff506031f0
 Begin Bits: [0x0000024b48e60000, 0x0000024b49e60000)
 End Bits:   [0x0000024b49e60000, 0x0000024b4ae60000)

Polling page: 0x0000024b34a80000

Metaspace:

Usage:
  Non-class:     47.45 MB used.
      Class:      5.57 MB used.
       Both:     53.01 MB used.

Virtual space:
  Non-class space:       64.00 MB reserved,      48.19 MB ( 75%) committed,  1 nodes.
      Class space:        1.00 GB reserved,       6.19 MB ( <1%) committed,  1 nodes.
             Both:        1.06 GB reserved,      54.38 MB (  5%) committed. 

Chunk freelists:
   Non-Class:  14.97 MB
       Class:  9.84 MB
        Both:  24.81 MB

MaxMetaspaceSize: unlimited
CompressedClassSpaceSize: 1.00 GB
Initial GC threshold: 21.00 MB
Current GC threshold: 58.38 MB
CDS: on
 - commit_granule_bytes: 65536.
 - commit_granule_words: 8192.
 - virtual_space_node_default_size: 8388608.
 - enlarge_chunks_in_place: 1.
 - use_allocation_guard: 0.


Internal statistics:

num_allocs_failed_limit: 8.
num_arena_births: 1058.
num_arena_deaths: 14.
num_vsnodes_births: 2.
num_vsnodes_deaths: 0.
num_space_committed: 870.
num_space_uncommitted: 0.
num_chunks_returned_to_freelist: 22.
num_chunks_taken_from_freelist: 3606.
num_chunk_merges: 6.
num_chunk_splits: 2198.
num_chunks_enlarged: 1185.
num_inconsistent_stats: 0.

CodeHeap 'non-profiled nmethods': size=120000Kb used=3557Kb max_used=3557Kb free=116442Kb
 bounds [0x0000024b41930000, 0x0000024b41cb0000, 0x0000024b48e60000]
CodeHeap 'profiled nmethods': size=120000Kb used=14868Kb max_used=14868Kb free=105131Kb
 bounds [0x0000024b39e60000, 0x0000024b3acf0000, 0x0000024b41390000]
CodeHeap 'non-nmethods': size=5760Kb used=1402Kb max_used=1480Kb free=4357Kb
 bounds [0x0000024b41390000, 0x0000024b41600000, 0x0000024b41930000]
 total_blobs=7862 nmethods=7152 adapters=616
 compilation: enabled
              stopped_count=0, restarted_count=0
 full_count=0

Compilation events (20 events):
Event: 9.747 Thread 0x0000024b8e0fcec0 nmethod 7758 0x0000024b3accb990 code [0x0000024b3accbb60, 0x0000024b3accbdd0]
Event: 9.747 Thread 0x0000024b8e0fcec0 7756       2       org.eclipse.osgi.container.ModuleDatabase$1::apply (13 bytes)
Event: 9.748 Thread 0x0000024b8e0fcec0 nmethod 7756 0x0000024b3accbe90 code [0x0000024b3accc040, 0x0000024b3accc1e0]
Event: 9.748 Thread 0x0000024b8e0fcec0 7757       2       org.eclipse.osgi.container.ModuleDatabase$1::apply (29 bytes)
Event: 9.748 Thread 0x0000024b9519d150 7741       4       org.eclipse.core.runtime.Path::computeLength (100 bytes)
Event: 9.749 Thread 0x0000024b8e0fcec0 nmethod 7757 0x0000024b3accc310 code [0x0000024b3accc4e0, 0x0000024b3accc890]
Event: 9.750 Thread 0x0000024b8e0fcec0 7759       2       org.eclipse.osgi.container.ModuleWiring::<init> (93 bytes)
Event: 9.752 Thread 0x0000024b8e0fcec0 nmethod 7759 0x0000024b3acccb10 code [0x0000024b3accccc0, 0x0000024b3accd0b8]
Event: 9.753 Thread 0x0000024b8e0fcec0 7760       2       org.eclipse.osgi.container.ModuleWiring$LoaderInitializer::<init> (10 bytes)
Event: 9.754 Thread 0x0000024b8e0fcec0 nmethod 7760 0x0000024b3accd210 code [0x0000024b3accd3a0, 0x0000024b3accd4c0]
Event: 9.758 Thread 0x0000024b8e0fcec0 7761       2       lombok.launch.ShadowClassLoader::exclusionListMatch (44 bytes)
Event: 9.759 Thread 0x0000024b8e0fcec0 nmethod 7761 0x0000024b3accd590 code [0x0000024b3accd780, 0x0000024b3accda48]
Event: 9.764 Thread 0x0000024b9519d150 nmethod 7741 0x0000024b41c9ad10 code [0x0000024b41c9aea0, 0x0000024b41c9b118]
Event: 9.764 Thread 0x0000024b9519d150 7732       4       org.eclipse.jdt.internal.compiler.classfmt.FieldInfo::createField (450 bytes)
Event: 9.772 Thread 0x0000024b8e0fcec0 7764   !   3       java.util.AbstractList$Itr::next (46 bytes)
Event: 9.773 Thread 0x0000024b8e0fcec0 nmethod 7764 0x0000024b3accdc10 code [0x0000024b3accde20, 0x0000024b3acce430]
Event: 9.773 Thread 0x0000024b8e0fcec0 7765       2       org.apache.felix.resolver.util.OpenHashMap::nextPowerOfTwo (53 bytes)
Event: 9.773 Thread 0x0000024b8e0fcec0 nmethod 7765 0x0000024b3acce710 code [0x0000024b3acce8a0, 0x0000024b3accea28]
Event: 9.773 Thread 0x0000024b8e0fcec0 7766       2       org.apache.felix.resolver.util.OpenHashMap::maxFill (16 bytes)
Event: 9.774 Thread 0x0000024b8e0fcec0 nmethod 7766 0x0000024b3accea90 code [0x0000024b3accec40, 0x0000024b3acced80]

GC Heap History (20 events):
Event: 8.291 GC heap before
{Heap before GC invocations=50 (full 2):
 PSYoungGen      total 14848K, used 14362K [0x00000000eab00000, 0x00000000ebc80000, 0x0000000100000000)
  eden space 11776K, 100% used [0x00000000eab00000,0x00000000eb680000,0x00000000eb680000)
  from space 3072K, 84% used [0x00000000eb680000,0x00000000eb906b18,0x00000000eb980000)
  to   space 3072K, 0% used [0x00000000eb980000,0x00000000eb980000,0x00000000ebc80000)
 ParOldGen       total 97792K, used 97608K [0x00000000c0000000, 0x00000000c5f80000, 0x00000000eab00000)
  object space 97792K, 99% used [0x00000000c0000000,0x00000000c5f52160,0x00000000c5f80000)
 Metaspace       used 52432K, committed 53824K, reserved 1114112K
  class space    used 5538K, committed 6144K, reserved 1048576K
}
Event: 8.295 GC heap after
{Heap after GC invocations=50 (full 2):
 PSYoungGen      total 14848K, used 2536K [0x00000000eab00000, 0x00000000ebc80000, 0x0000000100000000)
  eden space 11776K, 0% used [0x00000000eab00000,0x00000000eab00000,0x00000000eb680000)
  from space 3072K, 82% used [0x00000000eb980000,0x00000000ebbfa0d8,0x00000000ebc80000)
  to   space 3072K, 0% used [0x00000000eb680000,0x00000000eb680000,0x00000000eb980000)
 ParOldGen       total 100352K, used 100007K [0x00000000c0000000, 0x00000000c6200000, 0x00000000eab00000)
  object space 100352K, 99% used [0x00000000c0000000,0x00000000c61a9c48,0x00000000c6200000)
 Metaspace       used 52432K, committed 53824K, reserved 1114112K
  class space    used 5538K, committed 6144K, reserved 1048576K
}
Event: 8.333 GC heap before
{Heap before GC invocations=51 (full 2):
 PSYoungGen      total 14848K, used 14312K [0x00000000eab00000, 0x00000000ebc80000, 0x0000000100000000)
  eden space 11776K, 100% used [0x00000000eab00000,0x00000000eb680000,0x00000000eb680000)
  from space 3072K, 82% used [0x00000000eb980000,0x00000000ebbfa0d8,0x00000000ebc80000)
  to   space 3072K, 0% used [0x00000000eb680000,0x00000000eb680000,0x00000000eb980000)
 ParOldGen       total 100352K, used 100007K [0x00000000c0000000, 0x00000000c6200000, 0x00000000eab00000)
  object space 100352K, 99% used [0x00000000c0000000,0x00000000c61a9c48,0x00000000c6200000)
 Metaspace       used 52578K, committed 54016K, reserved 1114112K
  class space    used 5550K, committed 6208K, reserved 1048576K
}
Event: 8.336 GC heap after
{Heap after GC invocations=51 (full 2):
 PSYoungGen      total 14848K, used 3065K [0x00000000eab00000, 0x00000000ec280000, 0x0000000100000000)
  eden space 11776K, 0% used [0x00000000eab00000,0x00000000eab00000,0x00000000eb680000)
  from space 3072K, 99% used [0x00000000eb680000,0x00000000eb97e740,0x00000000eb980000)
  to   space 6144K, 0% used [0x00000000ebc80000,0x00000000ebc80000,0x00000000ec280000)
 ParOldGen       total 102400K, used 102389K [0x00000000c0000000, 0x00000000c6400000, 0x00000000eab00000)
  object space 102400K, 99% used [0x00000000c0000000,0x00000000c63fd688,0x00000000c6400000)
 Metaspace       used 52578K, committed 54016K, reserved 1114112K
  class space    used 5550K, committed 6208K, reserved 1048576K
}
Event: 8.359 GC heap before
{Heap before GC invocations=52 (full 2):
 PSYoungGen      total 14848K, used 14825K [0x00000000eab00000, 0x00000000ec280000, 0x0000000100000000)
  eden space 11776K, 99% used [0x00000000eab00000,0x00000000eb67bff8,0x00000000eb680000)
  from space 3072K, 99% used [0x00000000eb680000,0x00000000eb97e740,0x00000000eb980000)
  to   space 6144K, 0% used [0x00000000ebc80000,0x00000000ebc80000,0x00000000ec280000)
 ParOldGen       total 102400K, used 102389K [0x00000000c0000000, 0x00000000c6400000, 0x00000000eab00000)
  object space 102400K, 99% used [0x00000000c0000000,0x00000000c63fd688,0x00000000c6400000)
 Metaspace       used 52586K, committed 54016K, reserved 1114112K
  class space    used 5550K, committed 6208K, reserved 1048576K
}
Event: 8.362 GC heap after
{Heap after GC invocations=52 (full 2):
 PSYoungGen      total 13312K, used 1427K [0x00000000eab00000, 0x00000000ebe00000, 0x0000000100000000)
  eden space 11776K, 0% used [0x00000000eab00000,0x00000000eab00000,0x00000000eb680000)
  from space 1536K, 92% used [0x00000000ebc80000,0x00000000ebde4cf8,0x00000000ebe00000)
  to   space 3072K, 0% used [0x00000000eb800000,0x00000000eb800000,0x00000000ebb00000)
 ParOldGen       total 104960K, used 104705K [0x00000000c0000000, 0x00000000c6680000, 0x00000000eab00000)
  object space 104960K, 99% used [0x00000000c0000000,0x00000000c66407c0,0x00000000c6680000)
 Metaspace       used 52586K, committed 54016K, reserved 1114112K
  class space    used 5550K, committed 6208K, reserved 1048576K
}
Event: 8.395 GC heap before
{Heap before GC invocations=53 (full 2):
 PSYoungGen      total 13312K, used 13203K [0x00000000eab00000, 0x00000000ebe00000, 0x0000000100000000)
  eden space 11776K, 100% used [0x00000000eab00000,0x00000000eb680000,0x00000000eb680000)
  from space 1536K, 92% used [0x00000000ebc80000,0x00000000ebde4cf8,0x00000000ebe00000)
  to   space 3072K, 0% used [0x00000000eb800000,0x00000000eb800000,0x00000000ebb00000)
 ParOldGen       total 104960K, used 104705K [0x00000000c0000000, 0x00000000c6680000, 0x00000000eab00000)
  object space 104960K, 99% used [0x00000000c0000000,0x00000000c66407c0,0x00000000c6680000)
 Metaspace       used 52605K, committed 54016K, reserved 1114112K
  class space    used 5550K, committed 6208K, reserved 1048576K
}
Event: 8.397 GC heap after
{Heap after GC invocations=53 (full 2):
 PSYoungGen      total 14336K, used 2446K [0x00000000eab00000, 0x00000000ebd00000, 0x0000000100000000)
  eden space 11776K, 0% used [0x00000000eab00000,0x00000000eab00000,0x00000000eb680000)
  from space 2560K, 95% used [0x00000000eb800000,0x00000000eba63850,0x00000000eba80000)
  to   space 2560K, 0% used [0x00000000eba80000,0x00000000eba80000,0x00000000ebd00000)
 ParOldGen       total 105984K, used 105685K [0x00000000c0000000, 0x00000000c6780000, 0x00000000eab00000)
  object space 105984K, 99% used [0x00000000c0000000,0x00000000c6735470,0x00000000c6780000)
 Metaspace       used 52605K, committed 54016K, reserved 1114112K
  class space    used 5550K, committed 6208K, reserved 1048576K
}
Event: 8.422 GC heap before
{Heap before GC invocations=54 (full 2):
 PSYoungGen      total 14336K, used 14222K [0x00000000eab00000, 0x00000000ebd00000, 0x0000000100000000)
  eden space 11776K, 100% used [0x00000000eab00000,0x00000000eb680000,0x00000000eb680000)
  from space 2560K, 95% used [0x00000000eb800000,0x00000000eba63850,0x00000000eba80000)
  to   space 2560K, 0% used [0x00000000eba80000,0x00000000eba80000,0x00000000ebd00000)
 ParOldGen       total 105984K, used 105685K [0x00000000c0000000, 0x00000000c6780000, 0x00000000eab00000)
  object space 105984K, 99% used [0x00000000c0000000,0x00000000c6735470,0x00000000c6780000)
 Metaspace       used 52605K, committed 54016K, reserved 1114112K
  class space    used 5550K, committed 6208K, reserved 1048576K
}
Event: 8.424 GC heap after
{Heap after GC invocations=54 (full 2):
 PSYoungGen      total 14336K, used 2504K [0x00000000eab00000, 0x00000000ebd00000, 0x0000000100000000)
  eden space 11776K, 0% used [0x00000000eab00000,0x00000000eab00000,0x00000000eb680000)
  from space 2560K, 97% used [0x00000000eba80000,0x00000000ebcf2040,0x00000000ebd00000)
  to   space 2560K, 0% used [0x00000000eb800000,0x00000000eb800000,0x00000000eba80000)
 ParOldGen       total 107520K, used 107074K [0x00000000c0000000, 0x00000000c6900000, 0x00000000eab00000)
  object space 107520K, 99% used [0x00000000c0000000,0x00000000c6890970,0x00000000c6900000)
 Metaspace       used 52605K, committed 54016K, reserved 1114112K
  class space    used 5550K, committed 6208K, reserved 1048576K
}
Event: 8.441 GC heap before
{Heap before GC invocations=55 (full 2):
 PSYoungGen      total 14336K, used 14280K [0x00000000eab00000, 0x00000000ebd00000, 0x0000000100000000)
  eden space 11776K, 100% used [0x00000000eab00000,0x00000000eb680000,0x00000000eb680000)
  from space 2560K, 97% used [0x00000000eba80000,0x00000000ebcf2040,0x00000000ebd00000)
  to   space 2560K, 0% used [0x00000000eb800000,0x00000000eb800000,0x00000000eba80000)
 ParOldGen       total 107520K, used 107074K [0x00000000c0000000, 0x00000000c6900000, 0x00000000eab00000)
  object space 107520K, 99% used [0x00000000c0000000,0x00000000c6890970,0x00000000c6900000)
 Metaspace       used 52606K, committed 54016K, reserved 1114112K
  class space    used 5550K, committed 6208K, reserved 1048576K
}
Event: 8.443 GC heap after
{Heap after GC invocations=55 (full 2):
 PSYoungGen      total 13824K, used 1650K [0x00000000eab00000, 0x00000000ebb00000, 0x0000000100000000)
  eden space 11776K, 0% used [0x00000000eab00000,0x00000000eab00000,0x00000000eb680000)
  from space 2048K, 80% used [0x00000000eb800000,0x00000000eb99cb40,0x00000000eba00000)
  to   space 1024K, 0% used [0x00000000eba00000,0x00000000eba00000,0x00000000ebb00000)
 ParOldGen       total 109056K, used 108590K [0x00000000c0000000, 0x00000000c6a80000, 0x00000000eab00000)
  object space 109056K, 99% used [0x00000000c0000000,0x00000000c6a0b9e0,0x00000000c6a80000)
 Metaspace       used 52606K, committed 54016K, reserved 1114112K
  class space    used 5550K, committed 6208K, reserved 1048576K
}
Event: 8.477 GC heap before
{Heap before GC invocations=56 (full 2):
 PSYoungGen      total 13824K, used 13426K [0x00000000eab00000, 0x00000000ebb00000, 0x0000000100000000)
  eden space 11776K, 100% used [0x00000000eab00000,0x00000000eb680000,0x00000000eb680000)
  from space 2048K, 80% used [0x00000000eb800000,0x00000000eb99cb40,0x00000000eba00000)
  to   space 1024K, 0% used [0x00000000eba00000,0x00000000eba00000,0x00000000ebb00000)
 ParOldGen       total 109056K, used 108590K [0x00000000c0000000, 0x00000000c6a80000, 0x00000000eab00000)
  object space 109056K, 99% used [0x00000000c0000000,0x00000000c6a0b9e0,0x00000000c6a80000)
 Metaspace       used 52899K, committed 54272K, reserved 1114112K
  class space    used 5568K, committed 6208K, reserved 1048576K
}
Event: 8.479 GC heap after
{Heap after GC invocations=56 (full 2):
 PSYoungGen      total 12800K, used 1006K [0x00000000eab00000, 0x00000000ebb80000, 0x0000000100000000)
  eden space 11776K, 0% used [0x00000000eab00000,0x00000000eab00000,0x00000000eb680000)
  from space 1024K, 98% used [0x00000000eba00000,0x00000000ebafb918,0x00000000ebb00000)
  to   space 2560K, 0% used [0x00000000eb680000,0x00000000eb680000,0x00000000eb900000)
 ParOldGen       total 110080K, used 109981K [0x00000000c0000000, 0x00000000c6b80000, 0x00000000eab00000)
  object space 110080K, 99% used [0x00000000c0000000,0x00000000c6b674c8,0x00000000c6b80000)
 Metaspace       used 52899K, committed 54272K, reserved 1114112K
  class space    used 5568K, committed 6208K, reserved 1048576K
}
Event: 8.520 GC heap before
{Heap before GC invocations=57 (full 2):
 PSYoungGen      total 12800K, used 12782K [0x00000000eab00000, 0x00000000ebb80000, 0x0000000100000000)
  eden space 11776K, 100% used [0x00000000eab00000,0x00000000eb680000,0x00000000eb680000)
  from space 1024K, 98% used [0x00000000eba00000,0x00000000ebafb918,0x00000000ebb00000)
  to   space 2560K, 0% used [0x00000000eb680000,0x00000000eb680000,0x00000000eb900000)
 ParOldGen       total 110080K, used 109981K [0x00000000c0000000, 0x00000000c6b80000, 0x00000000eab00000)
  object space 110080K, 99% used [0x00000000c0000000,0x00000000c6b674c8,0x00000000c6b80000)
 Metaspace       used 53474K, committed 54848K, reserved 1114112K
  class space    used 5629K, committed 6272K, reserved 1048576K
}
Event: 8.523 GC heap after
{Heap after GC invocations=57 (full 2):
 PSYoungGen      total 14336K, used 2356K [0x00000000eab00000, 0x00000000ebb80000, 0x0000000100000000)
  eden space 11776K, 0% used [0x00000000eab00000,0x00000000eab00000,0x00000000eb680000)
  from space 2560K, 92% used [0x00000000eb680000,0x00000000eb8cd348,0x00000000eb900000)
  to   space 2560K, 0% used [0x00000000eb900000,0x00000000eb900000,0x00000000ebb80000)
 ParOldGen       total 111104K, used 110957K [0x00000000c0000000, 0x00000000c6c80000, 0x00000000eab00000)
  object space 111104K, 99% used [0x00000000c0000000,0x00000000c6c5b488,0x00000000c6c80000)
 Metaspace       used 53474K, committed 54848K, reserved 1114112K
  class space    used 5629K, committed 6272K, reserved 1048576K
}
Event: 8.585 GC heap before
{Heap before GC invocations=58 (full 2):
 PSYoungGen      total 14336K, used 14129K [0x00000000eab00000, 0x00000000ebb80000, 0x0000000100000000)
  eden space 11776K, 99% used [0x00000000eab00000,0x00000000eb67f180,0x00000000eb680000)
  from space 2560K, 92% used [0x00000000eb680000,0x00000000eb8cd348,0x00000000eb900000)
  to   space 2560K, 0% used [0x00000000eb900000,0x00000000eb900000,0x00000000ebb80000)
 ParOldGen       total 111104K, used 110957K [0x00000000c0000000, 0x00000000c6c80000, 0x00000000eab00000)
  object space 111104K, 99% used [0x00000000c0000000,0x00000000c6c5b488,0x00000000c6c80000)
 Metaspace       used 53854K, committed 55232K, reserved 1114112K
  class space    used 5653K, committed 6272K, reserved 1048576K
}
Event: 8.589 GC heap after
{Heap after GC invocations=58 (full 2):
 PSYoungGen      total 14336K, used 2182K [0x00000000eab00000, 0x00000000ebb80000, 0x0000000100000000)
  eden space 11776K, 0% used [0x00000000eab00000,0x00000000eab00000,0x00000000eb680000)
  from space 2560K, 85% used [0x00000000eb900000,0x00000000ebb21b20,0x00000000ebb80000)
  to   space 2560K, 0% used [0x00000000eb680000,0x00000000eb680000,0x00000000eb900000)
 ParOldGen       total 115200K, used 114801K [0x00000000c0000000, 0x00000000c7080000, 0x00000000eab00000)
  object space 115200K, 99% used [0x00000000c0000000,0x00000000c701c660,0x00000000c7080000)
 Metaspace       used 53854K, committed 55232K, reserved 1114112K
  class space    used 5653K, committed 6272K, reserved 1048576K
}
Event: 8.663 GC heap before
{Heap before GC invocations=59 (full 2):
 PSYoungGen      total 14336K, used 13958K [0x00000000eab00000, 0x00000000ebb80000, 0x0000000100000000)
  eden space 11776K, 100% used [0x00000000eab00000,0x00000000eb680000,0x00000000eb680000)
  from space 2560K, 85% used [0x00000000eb900000,0x00000000ebb21b20,0x00000000ebb80000)
  to   space 2560K, 0% used [0x00000000eb680000,0x00000000eb680000,0x00000000eb900000)
 ParOldGen       total 115200K, used 114801K [0x00000000c0000000, 0x00000000c7080000, 0x00000000eab00000)
  object space 115200K, 99% used [0x00000000c0000000,0x00000000c701c660,0x00000000c7080000)
 Metaspace       used 54080K, committed 55488K, reserved 1114112K
  class space    used 5682K, committed 6336K, reserved 1048576K
}
Event: 9.743 GC heap after
{Heap after GC invocations=59 (full 2):
 PSYoungGen      total 14336K, used 2537K [0x00000000eab00000, 0x00000000ebb80000, 0x0000000100000000)
  eden space 11776K, 0% used [0x00000000eab00000,0x00000000eab00000,0x00000000eb680000)
  from space 2560K, 99% used [0x00000000eb680000,0x00000000eb8fa758,0x00000000eb900000)
  to   space 2560K, 0% used [0x00000000eb900000,0x00000000eb900000,0x00000000ebb80000)
 ParOldGen       total 117248K, used 116870K [0x00000000c0000000, 0x00000000c7280000, 0x00000000eab00000)
  object space 117248K, 99% used [0x00000000c0000000,0x00000000c7221938,0x00000000c7280000)
 Metaspace       used 54080K, committed 55488K, reserved 1114112K
  class space    used 5682K, committed 6336K, reserved 1048576K
}

Dll operation events (10 events):
Event: 0.018 Loaded shared library c:\Users\ASUS\.vscode\extensions\redhat.java-1.42.0-win32-x64\jre\21.0.7-win32-x86_64\bin\java.dll
Event: 0.106 Loaded shared library c:\Users\ASUS\.vscode\extensions\redhat.java-1.42.0-win32-x64\jre\21.0.7-win32-x86_64\bin\zip.dll
Event: 0.130 Loaded shared library C:\Users\ASUS\.vscode\extensions\redhat.java-1.42.0-win32-x64\jre\21.0.7-win32-x86_64\bin\instrument.dll
Event: 0.136 Loaded shared library C:\Users\ASUS\.vscode\extensions\redhat.java-1.42.0-win32-x64\jre\21.0.7-win32-x86_64\bin\net.dll
Event: 0.138 Loaded shared library C:\Users\ASUS\.vscode\extensions\redhat.java-1.42.0-win32-x64\jre\21.0.7-win32-x86_64\bin\nio.dll
Event: 0.143 Loaded shared library C:\Users\ASUS\.vscode\extensions\redhat.java-1.42.0-win32-x64\jre\21.0.7-win32-x86_64\bin\zip.dll
Event: 0.164 Loaded shared library C:\Users\ASUS\.vscode\extensions\redhat.java-1.42.0-win32-x64\jre\21.0.7-win32-x86_64\bin\jimage.dll
Event: 0.258 Loaded shared library c:\Users\ASUS\.vscode\extensions\redhat.java-1.42.0-win32-x64\jre\21.0.7-win32-x86_64\bin\verify.dll
Event: 1.585 Loaded shared library C:\Users\ASUS\AppData\Roaming\Code\User\globalStorage\redhat.java\1.42.0\config_win\org.eclipse.equinox.launcher\org.eclipse.equinox.launcher.win32.win32.x86_64_1.2.1300.v20250331-1702\eclipse_11911.dll
Event: 3.332 Loaded shared library C:\Users\ASUS\AppData\Local\Temp\jna-2018896\jna3758897514904892279.dll

Deoptimization events (20 events):
Event: 8.623 Thread 0x0000024b935ec1b0 DEOPT PACKING pc=0x0000024b4199a468 sp=0x0000009e372fd9f0
Event: 8.623 Thread 0x0000024b935ec1b0 DEOPT UNPACKING pc=0x0000024b413e3aa2 sp=0x0000009e372fd9f0 mode 2
Event: 8.631 Thread 0x0000024b935ee910 DEOPT PACKING pc=0x0000024b3a9543d3 sp=0x0000009e36cfe660
Event: 8.631 Thread 0x0000024b935ee910 DEOPT UNPACKING pc=0x0000024b413e4242 sp=0x0000009e36cfdbc8 mode 0
Event: 8.642 Thread 0x0000024b935ee910 DEOPT PACKING pc=0x0000024b3a9543d3 sp=0x0000009e36cfe660
Event: 8.642 Thread 0x0000024b935ee910 DEOPT UNPACKING pc=0x0000024b413e4242 sp=0x0000009e36cfdbc8 mode 0
Event: 8.655 Thread 0x0000024b935ee910 DEOPT PACKING pc=0x0000024b3a9543d3 sp=0x0000009e36cfe660
Event: 8.655 Thread 0x0000024b935ee910 DEOPT UNPACKING pc=0x0000024b413e4242 sp=0x0000009e36cfdbc8 mode 0
Event: 8.659 Thread 0x0000024b935ee910 DEOPT PACKING pc=0x0000024b3a9543d3 sp=0x0000009e36cfe660
Event: 8.659 Thread 0x0000024b935ee910 DEOPT UNPACKING pc=0x0000024b413e4242 sp=0x0000009e36cfdbc8 mode 0
Event: 9.753 Thread 0x0000024b935ee910 DEOPT PACKING pc=0x0000024b3a954353 sp=0x0000009e36cfe660
Event: 9.754 Thread 0x0000024b935ee910 DEOPT UNPACKING pc=0x0000024b413e4242 sp=0x0000009e36cfdbc8 mode 0
Event: 9.759 Thread 0x0000024b95202db0 Uncommon trap: trap_request=0xffffff45 fr.pc=0x0000024b41b25994 relative=0x0000000000000074
Event: 9.759 Thread 0x0000024b95202db0 Uncommon trap: reason=unstable_if action=reinterpret pc=0x0000024b41b25994 method=org.eclipse.osgi.internal.container.AtomicLazyInitializer.getInitialized(Ljava/util/concurrent/Callable;)Ljava/lang/Object; @ 9 c2
Event: 9.760 Thread 0x0000024b95202db0 DEOPT PACKING pc=0x0000024b41b25994 sp=0x0000009e383fd780
Event: 9.760 Thread 0x0000024b95202db0 DEOPT UNPACKING pc=0x0000024b413e3aa2 sp=0x0000009e383fd708 mode 2
Event: 9.762 Thread 0x0000024b935ee910 DEOPT PACKING pc=0x0000024b3a954353 sp=0x0000009e36cfe660
Event: 9.762 Thread 0x0000024b935ee910 DEOPT UNPACKING pc=0x0000024b413e4242 sp=0x0000009e36cfdbc8 mode 0
Event: 9.779 Thread 0x0000024b935ee910 DEOPT PACKING pc=0x0000024b3a954353 sp=0x0000009e36cfe660
Event: 9.779 Thread 0x0000024b935ee910 DEOPT UNPACKING pc=0x0000024b413e4242 sp=0x0000009e36cfdbc8 mode 0

Classes loaded (20 events):
Event: 7.405 Loading class java/util/regex/Pattern$Pos
Event: 7.405 Loading class java/util/regex/Pattern$Pos done
Event: 7.437 Loading class sun/security/provider/MD5
Event: 7.438 Loading class sun/security/provider/MD5 done
Event: 7.438 Loading class sun/security/provider/ByteArrayAccess$LE
Event: 7.438 Loading class sun/security/provider/ByteArrayAccess$LE done
Event: 7.512 Loading class java/util/Vector$1
Event: 7.512 Loading class java/util/Vector$1 done
Event: 8.070 Loading class java/util/regex/Pattern$Caret
Event: 8.070 Loading class java/util/regex/Pattern$Caret done
Event: 8.151 Loading class java/util/regex/Pattern$LazyLoop
Event: 8.151 Loading class java/util/regex/Pattern$LazyLoop done
Event: 8.626 Loading class java/util/stream/ReduceOps$4
Event: 8.626 Loading class java/util/stream/ReduceOps$4 done
Event: 8.626 Loading class java/util/stream/ReduceOps$4ReducingSink
Event: 8.627 Loading class java/util/stream/ReduceOps$4ReducingSink done
Event: 8.629 Loading class java/nio/file/Files$2
Event: 8.629 Loading class java/nio/file/Files$2 done
Event: 9.762 Loading class java/util/concurrent/ThreadPoolExecutor$CallerRunsPolicy
Event: 9.763 Loading class java/util/concurrent/ThreadPoolExecutor$CallerRunsPolicy done

Classes unloaded (7 events):
Event: 3.986 Thread 0x0000024b8c1e3800 Unloading class 0x0000024b4c1a4400 'java/lang/invoke/LambdaForm$MH+0x0000024b4c1a4400'
Event: 3.986 Thread 0x0000024b8c1e3800 Unloading class 0x0000024b4c1a4000 'java/lang/invoke/LambdaForm$MH+0x0000024b4c1a4000'
Event: 3.986 Thread 0x0000024b8c1e3800 Unloading class 0x0000024b4c1a3c00 'java/lang/invoke/LambdaForm$MH+0x0000024b4c1a3c00'
Event: 3.986 Thread 0x0000024b8c1e3800 Unloading class 0x0000024b4c1a3800 'java/lang/invoke/LambdaForm$MH+0x0000024b4c1a3800'
Event: 3.986 Thread 0x0000024b8c1e3800 Unloading class 0x0000024b4c1a3400 'java/lang/invoke/LambdaForm$BMH+0x0000024b4c1a3400'
Event: 3.986 Thread 0x0000024b8c1e3800 Unloading class 0x0000024b4c1a3000 'java/lang/invoke/LambdaForm$DMH+0x0000024b4c1a3000'
Event: 3.986 Thread 0x0000024b8c1e3800 Unloading class 0x0000024b4c1a1c00 'java/lang/invoke/LambdaForm$DMH+0x0000024b4c1a1c00'

Classes redefined (0 events):
No events

Internal exceptions (20 events):
Event: 6.512 Thread 0x0000024b935ec1b0 Exception <a 'java/lang/NoSuchMethodError'{0x00000000eb228ec0}: 'int java.lang.invoke.DirectMethodHandle$Holder.invokeSpecialIFC(java.lang.Object, java.lang.Object, java.lang.Object, java.lang.Object)'> (0x00000000eb228ec0) 
thrown [s\src\hotspot\share\interpreter\linkResolver.cpp, line 773]
Event: 6.523 Thread 0x0000024b935ec1b0 Exception <a 'java/lang/NoSuchMethodError'{0x00000000eb3a6160}: 'int java.lang.invoke.DirectMethodHandle$Holder.invokeStatic(java.lang.Object)'> (0x00000000eb3a6160) 
thrown [s\src\hotspot\share\interpreter\linkResolver.cpp, line 773]
Event: 6.535 Thread 0x0000024b95202db0 Exception <a 'java/lang/NoSuchMethodError'{0x00000000eb53a948}: 'java.lang.Object java.lang.invoke.DirectMethodHandle$Holder.invokeStatic(java.lang.Object, int, java.lang.Object, java.lang.Object)'> (0x00000000eb53a948) 
thrown [s\src\hotspot\share\interpreter\linkResolver.cpp, line 773]
Event: 6.536 Thread 0x0000024b95202db0 Exception <a 'java/lang/NoSuchMethodError'{0x00000000eb54c7d0}: 'java.lang.Object java.lang.invoke.DelegatingMethodHandle$Holder.delegate(java.lang.Object, int, java.lang.Object, java.lang.Object)'> (0x00000000eb54c7d0) 
thrown [s\src\hotspot\share\interpreter\linkResolver.cpp, line 773]
Event: 6.540 Thread 0x0000024b95202db0 Exception <a 'java/lang/NoSuchMethodError'{0x00000000eb5c1540}: 'int java.lang.invoke.Invokers$Holder.linkToTargetMethod(java.lang.Object, java.lang.Object, java.lang.Object)'> (0x00000000eb5c1540) 
thrown [s\src\hotspot\share\interpreter\linkResolver.cpp, line 773]
Event: 6.575 Thread 0x0000024b935ec1b0 Exception <a 'java/io/FileNotFoundException'{0x00000000eb99a8e8}> (0x00000000eb99a8e8) 
thrown [s\src\hotspot\share\prims\jni.cpp, line 520]
Event: 6.575 Thread 0x0000024b935ec1b0 Exception <a 'java/io/FileNotFoundException'{0x00000000eb9a9720}> (0x00000000eb9a9720) 
thrown [s\src\hotspot\share\prims\jni.cpp, line 520]
Event: 6.576 Thread 0x0000024b935ec1b0 Exception <a 'java/io/FileNotFoundException'{0x00000000eb9aaec8}> (0x00000000eb9aaec8) 
thrown [s\src\hotspot\share\prims\jni.cpp, line 520]
Event: 6.576 Thread 0x0000024b935ec1b0 Exception <a 'java/io/FileNotFoundException'{0x00000000eb9ac250}> (0x00000000eb9ac250) 
thrown [s\src\hotspot\share\prims\jni.cpp, line 520]
Event: 6.576 Thread 0x0000024b935ec1b0 Exception <a 'java/io/FileNotFoundException'{0x00000000eb9ad260}> (0x00000000eb9ad260) 
thrown [s\src\hotspot\share\prims\jni.cpp, line 520]
Event: 6.660 Thread 0x0000024b935eced0 Exception <a 'java/lang/ExceptionInInitializerError'{0x00000000eb449610}> (0x00000000eb449610) 
thrown [s\src\hotspot\share\oops\instanceKlass.cpp, line 1220]
Event: 6.695 Thread 0x0000024b935ee910 Implicit null exception at 0x0000024b41b9f85a to 0x0000024b41b9f958
Event: 6.696 Thread 0x0000024b935eced0 Implicit null exception at 0x0000024b41a61ffe to 0x0000024b41a62260
Event: 6.696 Thread 0x0000024b935eced0 Implicit null exception at 0x0000024b419deabc to 0x0000024b419dfa10
Event: 6.698 Thread 0x0000024b935eced0 Exception <a 'java/lang/NoSuchMethodError'{0x00000000ebb1b280}: 'java.lang.Object java.lang.invoke.Invokers$Holder.invokeExact_MT(java.lang.Object, int, java.lang.Object)'> (0x00000000ebb1b280) 
thrown [s\src\hotspot\share\interpreter\linkResolver.cpp, line 773]
Event: 6.959 Thread 0x0000024b935ec1b0 Exception <a 'sun/nio/fs/WindowsException'{0x00000000eb69b298}> (0x00000000eb69b298) 
thrown [s\src\hotspot\share\prims\jni.cpp, line 520]
Event: 6.991 Thread 0x0000024b935ec1b0 Exception <a 'sun/nio/fs/WindowsException'{0x00000000eabf1798}> (0x00000000eabf1798) 
thrown [s\src\hotspot\share\prims\jni.cpp, line 520]
Event: 6.997 Thread 0x0000024b935ec1b0 Exception <a 'sun/nio/fs/WindowsException'{0x00000000ead016d0}> (0x00000000ead016d0) 
thrown [s\src\hotspot\share\prims\jni.cpp, line 520]
Event: 7.171 Thread 0x0000024b935eced0 Exception <a 'java/lang/NoClassDefFoundError'{0x00000000eb48b420}: com/google/inject/servlet/ServletModuleTargetVisitor> (0x00000000eb48b420) 
thrown [s\src\hotspot\share\classfile\systemDictionary.cpp, line 301]
Event: 8.632 Thread 0x0000024b935ec1b0 Exception <a 'java/lang/NoSuchMethodError'{0x00000000eafb5680}: 'int java.lang.invoke.DirectMethodHandle$Holder.invokeSpecialIFC(java.lang.Object, java.lang.Object, java.lang.Object)'> (0x00000000eafb5680) 
thrown [s\src\hotspot\share\interpreter\linkResolver.cpp, line 773]

ZGC Phase Switch (0 events):
No events

VM Operations (20 events):
Event: 8.295 Executing VM operation: ParallelGCFailedAllocation (Allocation Failure) done
Event: 8.333 Executing VM operation: ParallelGCFailedAllocation (Allocation Failure)
Event: 8.336 Executing VM operation: ParallelGCFailedAllocation (Allocation Failure) done
Event: 8.359 Executing VM operation: ParallelGCFailedAllocation (Allocation Failure)
Event: 8.362 Executing VM operation: ParallelGCFailedAllocation (Allocation Failure) done
Event: 8.395 Executing VM operation: ParallelGCFailedAllocation (Allocation Failure)
Event: 8.397 Executing VM operation: ParallelGCFailedAllocation (Allocation Failure) done
Event: 8.422 Executing VM operation: ParallelGCFailedAllocation (Allocation Failure)
Event: 8.425 Executing VM operation: ParallelGCFailedAllocation (Allocation Failure) done
Event: 8.441 Executing VM operation: ParallelGCFailedAllocation (Allocation Failure)
Event: 8.444 Executing VM operation: ParallelGCFailedAllocation (Allocation Failure) done
Event: 8.477 Executing VM operation: ParallelGCFailedAllocation (Allocation Failure)
Event: 8.479 Executing VM operation: ParallelGCFailedAllocation (Allocation Failure) done
Event: 8.520 Executing VM operation: ParallelGCFailedAllocation (Allocation Failure)
Event: 8.523 Executing VM operation: ParallelGCFailedAllocation (Allocation Failure) done
Event: 8.585 Executing VM operation: ParallelGCFailedAllocation (Allocation Failure)
Event: 8.589 Executing VM operation: ParallelGCFailedAllocation (Allocation Failure) done
Event: 8.662 Executing VM operation: ParallelGCFailedAllocation (Allocation Failure)
Event: 9.744 Executing VM operation: ParallelGCFailedAllocation (Allocation Failure) done
Event: 10.744 Executing VM operation: Cleanup

Memory protections (0 events):
No events

Nmethod flushes (20 events):
Event: 5.339 Thread 0x0000024b8c1e3800 flushing  nmethod 0x0000024b3a4d8b90
Event: 5.339 Thread 0x0000024b8c1e3800 flushing  nmethod 0x0000024b3a4d9d90
Event: 5.339 Thread 0x0000024b8c1e3800 flushing  nmethod 0x0000024b3a4db110
Event: 5.339 Thread 0x0000024b8c1e3800 flushing  nmethod 0x0000024b3a4db890
Event: 5.339 Thread 0x0000024b8c1e3800 flushing  nmethod 0x0000024b3a4dd210
Event: 5.339 Thread 0x0000024b8c1e3800 flushing  nmethod 0x0000024b3a4dd710
Event: 5.339 Thread 0x0000024b8c1e3800 flushing  nmethod 0x0000024b3a4de410
Event: 5.339 Thread 0x0000024b8c1e3800 flushing  nmethod 0x0000024b3a4de890
Event: 5.339 Thread 0x0000024b8c1e3800 flushing  nmethod 0x0000024b3a4dfc10
Event: 5.339 Thread 0x0000024b8c1e3800 flushing  nmethod 0x0000024b3a4e1d90
Event: 5.339 Thread 0x0000024b8c1e3800 flushing  nmethod 0x0000024b3a500590
Event: 5.339 Thread 0x0000024b8c1e3800 flushing  nmethod 0x0000024b3a509b10
Event: 5.339 Thread 0x0000024b8c1e3800 flushing  nmethod 0x0000024b3a514690
Event: 5.339 Thread 0x0000024b8c1e3800 flushing  nmethod 0x0000024b3a517310
Event: 5.339 Thread 0x0000024b8c1e3800 flushing  nmethod 0x0000024b3a51f490
Event: 5.339 Thread 0x0000024b8c1e3800 flushing  nmethod 0x0000024b3a5b0390
Event: 5.339 Thread 0x0000024b8c1e3800 flushing  nmethod 0x0000024b3a5b1310
Event: 5.339 Thread 0x0000024b8c1e3800 flushing  nmethod 0x0000024b3a5b2d90
Event: 5.339 Thread 0x0000024b8c1e3800 flushing  nmethod 0x0000024b3a5b4e10
Event: 5.339 Thread 0x0000024b8c1e3800 flushing  nmethod 0x0000024b3a5c9090

Events (20 events):
Event: 7.024 Thread 0x0000024b935ec1b0 Thread added: 0x0000024b952d6800
Event: 7.024 Thread 0x0000024b952d40a0 Thread added: 0x0000024b952d7bb0
Event: 7.024 Thread 0x0000024b952d6170 Thread added: 0x0000024b952d7520
Event: 7.025 Thread 0x0000024b9f267960 Thread added: 0x0000024b952d5ae0
Event: 7.025 Thread 0x0000024b952d7520 Thread added: 0x0000024b952d5450
Event: 7.025 Thread 0x0000024b952d5ae0 Thread added: 0x0000024b952d4730
Event: 7.026 Thread 0x0000024b952d7bb0 Thread added: 0x0000024b952d6e90
Event: 9.745 Thread 0x0000024b93a71fa0 Thread exited: 0x0000024b93a71fa0
Event: 9.763 Thread 0x0000024b95202db0 Thread added: 0x0000024b952d4dc0
Event: 9.764 Thread 0x0000024b93034ba0 Thread added: 0x0000024b952d9c80
Event: 9.764 Thread 0x0000024b952d4dc0 Thread added: 0x0000024b952da9a0
Event: 9.765 Thread 0x0000024b952d9c80 Thread added: 0x0000024b952d95f0
Event: 9.771 Thread 0x0000024b95202db0 Thread added: 0x0000024b952d88d0
Event: 9.771 Thread 0x0000024b95202db0 Thread added: 0x0000024b952db030
Event: 9.773 Thread 0x0000024b93034ba0 Thread added: 0x0000024b952db6c0
Event: 9.774 Thread 0x0000024b93034ba0 Thread added: 0x0000024b952d8f60
Event: 9.776 Thread 0x0000024b95202db0 Thread added: 0x0000024b952da310
Event: 9.777 Thread 0x0000024b95202db0 Thread added: 0x0000024ba0d1aa90
Event: 9.777 Thread 0x0000024b93034ba0 Thread added: 0x0000024ba0d18330
Event: 9.778 Thread 0x0000024b93034ba0 Thread added: 0x0000024ba0d1a400


Dynamic libraries:
0x00007ff685ad0000 - 0x00007ff685ade000 	c:\Users\ASUS\.vscode\extensions\redhat.java-1.42.0-win32-x64\jre\21.0.7-win32-x86_64\bin\java.exe
0x00007fffca200000 - 0x00007fffca460000 	C:\WINDOWS\SYSTEM32\ntdll.dll
0x00007fffc9010000 - 0x00007fffc90d7000 	C:\WINDOWS\System32\KERNEL32.DLL
0x00007fffc73e0000 - 0x00007fffc77aa000 	C:\WINDOWS\System32\KERNELBASE.dll
0x00007fffc7eb0000 - 0x00007fffc7ffb000 	C:\WINDOWS\System32\ucrtbase.dll
0x00007fffa0310000 - 0x00007fffa0328000 	c:\Users\ASUS\.vscode\extensions\redhat.java-1.42.0-win32-x64\jre\21.0.7-win32-x86_64\bin\jli.dll
0x00007fff96f10000 - 0x00007fff96f2e000 	c:\Users\ASUS\.vscode\extensions\redhat.java-1.42.0-win32-x64\jre\21.0.7-win32-x86_64\bin\VCRUNTIME140.dll
0x00007fffc8560000 - 0x00007fffc872c000 	C:\WINDOWS\System32\USER32.dll
0x00007fffb0dd0000 - 0x00007fffb1067000 	C:\WINDOWS\WinSxS\amd64_microsoft.windows.common-controls_6595b64144ccf1df_6.0.26100.3624_none_3e086962e3345f24\COMCTL32.dll
0x00007fffc7930000 - 0x00007fffc7957000 	C:\WINDOWS\System32\win32u.dll
0x00007fffc8100000 - 0x00007fffc81a9000 	C:\WINDOWS\System32\msvcrt.dll
0x00007fffc9570000 - 0x00007fffc959a000 	C:\WINDOWS\System32\GDI32.dll
0x00007fffc7c20000 - 0x00007fffc7d51000 	C:\WINDOWS\System32\gdi32full.dll
0x00007fffc7b70000 - 0x00007fffc7c13000 	C:\WINDOWS\System32\msvcp_win.dll
0x00007fffc9650000 - 0x00007fffc967f000 	C:\WINDOWS\System32\IMM32.DLL
0x00007fffba170000 - 0x00007fffba17c000 	c:\Users\ASUS\.vscode\extensions\redhat.java-1.42.0-win32-x64\jre\21.0.7-win32-x86_64\bin\vcruntime140_1.dll
0x00007fff5cc30000 - 0x00007fff5ccbd000 	c:\Users\ASUS\.vscode\extensions\redhat.java-1.42.0-win32-x64\jre\21.0.7-win32-x86_64\bin\msvcp140.dll
0x00007fff4f950000 - 0x00007fff506e0000 	c:\Users\ASUS\.vscode\extensions\redhat.java-1.42.0-win32-x64\jre\21.0.7-win32-x86_64\bin\server\jvm.dll
0x00007fffc8850000 - 0x00007fffc8902000 	C:\WINDOWS\System32\ADVAPI32.dll
0x00007fffc9700000 - 0x00007fffc97a6000 	C:\WINDOWS\System32\sechost.dll
0x00007fffc8730000 - 0x00007fffc8846000 	C:\WINDOWS\System32\RPCRT4.dll
0x00007fffc8ca0000 - 0x00007fffc8d14000 	C:\WINDOWS\System32\WS2_32.dll
0x00007fffba540000 - 0x00007fffba576000 	C:\WINDOWS\SYSTEM32\WINMM.dll
0x00007fffc7250000 - 0x00007fffc72ae000 	C:\WINDOWS\SYSTEM32\POWRPROF.dll
0x00007fffc0830000 - 0x00007fffc083b000 	C:\WINDOWS\SYSTEM32\VERSION.dll
0x00007fffc7230000 - 0x00007fffc7244000 	C:\WINDOWS\SYSTEM32\UMPDC.dll
0x00007fffc61d0000 - 0x00007fffc61ea000 	C:\WINDOWS\SYSTEM32\kernel.appcore.dll
0x00007fffb7cf0000 - 0x00007fffb7cfa000 	c:\Users\ASUS\.vscode\extensions\redhat.java-1.42.0-win32-x64\jre\21.0.7-win32-x86_64\bin\jimage.dll
0x00007fffbe760000 - 0x00007fffbe9a1000 	C:\WINDOWS\SYSTEM32\DBGHELP.DLL
0x00007fffc8910000 - 0x00007fffc8c92000 	C:\WINDOWS\System32\combase.dll
0x00007fffc83e0000 - 0x00007fffc84b6000 	C:\WINDOWS\System32\OLEAUT32.dll
0x00007fff8e690000 - 0x00007fff8e6c9000 	C:\WINDOWS\SYSTEM32\dbgcore.DLL
0x00007fffc7ad0000 - 0x00007fffc7b69000 	C:\WINDOWS\System32\bcryptPrimitives.dll
0x00007fffb6fc0000 - 0x00007fffb6fcf000 	c:\Users\ASUS\.vscode\extensions\redhat.java-1.42.0-win32-x64\jre\21.0.7-win32-x86_64\bin\instrument.dll
0x00007fff939f0000 - 0x00007fff93a0f000 	c:\Users\ASUS\.vscode\extensions\redhat.java-1.42.0-win32-x64\jre\21.0.7-win32-x86_64\bin\java.dll
0x00007fffc9a90000 - 0x00007fffca1b9000 	C:\WINDOWS\System32\SHELL32.dll
0x00007fffc7960000 - 0x00007fffc7ac8000 	C:\WINDOWS\System32\wintypes.dll
0x00007fffc5040000 - 0x00007fffc5892000 	C:\WINDOWS\SYSTEM32\windows.storage.dll
0x00007fffc97b0000 - 0x00007fffc989d000 	C:\WINDOWS\System32\SHCORE.dll
0x00007fffc9690000 - 0x00007fffc96f4000 	C:\WINDOWS\System32\shlwapi.dll
0x00007fffc72f0000 - 0x00007fffc731f000 	C:\WINDOWS\SYSTEM32\profapi.dll
0x00007fff938f0000 - 0x00007fff93908000 	c:\Users\ASUS\.vscode\extensions\redhat.java-1.42.0-win32-x64\jre\21.0.7-win32-x86_64\bin\zip.dll
0x00007fffb5590000 - 0x00007fffb55a0000 	C:\Users\ASUS\.vscode\extensions\redhat.java-1.42.0-win32-x64\jre\21.0.7-win32-x86_64\bin\net.dll
0x00007fffc1300000 - 0x00007fffc141d000 	C:\WINDOWS\SYSTEM32\WINHTTP.dll
0x00007fffc6710000 - 0x00007fffc677a000 	C:\WINDOWS\system32\mswsock.dll
0x00007fff93660000 - 0x00007fff93676000 	C:\Users\ASUS\.vscode\extensions\redhat.java-1.42.0-win32-x64\jre\21.0.7-win32-x86_64\bin\nio.dll
0x00007fffb3500000 - 0x00007fffb3510000 	c:\Users\ASUS\.vscode\extensions\redhat.java-1.42.0-win32-x64\jre\21.0.7-win32-x86_64\bin\verify.dll
0x00007fff864d0000 - 0x00007fff86515000 	C:\Users\ASUS\AppData\Roaming\Code\User\globalStorage\redhat.java\1.42.0\config_win\org.eclipse.equinox.launcher\org.eclipse.equinox.launcher.win32.win32.x86_64_1.2.1300.v20250331-1702\eclipse_11911.dll
0x00007fffc81b0000 - 0x00007fffc8346000 	C:\WINDOWS\System32\ole32.dll
0x00007fffc69b0000 - 0x00007fffc69cc000 	C:\WINDOWS\SYSTEM32\CRYPTSP.dll
0x00007fffc6120000 - 0x00007fffc615a000 	C:\WINDOWS\system32\rsaenh.dll
0x00007fffc67b0000 - 0x00007fffc67db000 	C:\WINDOWS\SYSTEM32\USERENV.dll
0x00007fffc72c0000 - 0x00007fffc72e6000 	C:\WINDOWS\SYSTEM32\bcrypt.dll
0x00007fffc69d0000 - 0x00007fffc69dc000 	C:\WINDOWS\SYSTEM32\CRYPTBASE.dll
0x00007fffc5bc0000 - 0x00007fffc5bf3000 	C:\WINDOWS\SYSTEM32\IPHLPAPI.DLL
0x00007fffc9a80000 - 0x00007fffc9a8a000 	C:\WINDOWS\System32\NSI.dll
0x00007fff833f0000 - 0x00007fff83439000 	C:\Users\ASUS\AppData\Local\Temp\jna-2018896\jna3758897514904892279.dll
0x00007fffc8e20000 - 0x00007fffc8e28000 	C:\WINDOWS\System32\PSAPI.DLL
0x00007fffc1a90000 - 0x00007fffc1aaf000 	C:\WINDOWS\SYSTEM32\dhcpcsvc6.DLL
0x00007fffc1740000 - 0x00007fffc1765000 	C:\WINDOWS\SYSTEM32\dhcpcsvc.DLL

dbghelp: loaded successfully - version: 4.0.5 - missing functions: none
symbol engine: initialized successfully - sym options: 0x614 - pdb path: .;c:\Users\ASUS\.vscode\extensions\redhat.java-1.42.0-win32-x64\jre\21.0.7-win32-x86_64\bin;C:\WINDOWS\SYSTEM32;C:\WINDOWS\WinSxS\amd64_microsoft.windows.common-controls_6595b64144ccf1df_6.0.26100.3624_none_3e086962e3345f24;c:\Users\ASUS\.vscode\extensions\redhat.java-1.42.0-win32-x64\jre\21.0.7-win32-x86_64\bin\server;C:\Users\ASUS\AppData\Roaming\Code\User\globalStorage\redhat.java\1.42.0\config_win\org.eclipse.equinox.launcher\org.eclipse.equinox.launcher.win32.win32.x86_64_1.2.1300.v20250331-1702;C:\Users\ASUS\AppData\Local\Temp\jna-2018896

VM Arguments:
jvm_args: --add-modules=ALL-SYSTEM --add-opens=java.base/java.util=ALL-UNNAMED --add-opens=java.base/java.lang=ALL-UNNAMED --add-opens=java.base/sun.nio.fs=ALL-UNNAMED -Declipse.application=org.eclipse.jdt.ls.core.id1 -Dosgi.bundles.defaultStartLevel=4 -Declipse.product=org.eclipse.jdt.ls.core.product -Djava.import.generatesMetadataFilesAtProjectRoot=false -DDetectVMInstallationsJob.disabled=true -Dfile.encoding=utf8 -XX:+UseParallelGC -XX:GCTimeRatio=4 -XX:AdaptiveSizePolicyWeight=90 -Dsun.zip.disableMemoryMapping=true -Xmx1G -Xms100m -Xlog:disable -javaagent:c:\Users\ASUS\.vscode\extensions\redhat.java-1.42.0-win32-x64\lombok\lombok-1.18.36.jar -XX:+HeapDumpOnOutOfMemoryError -XX:HeapDumpPath=c:\Users\ASUS\AppData\Roaming\Code\User\workspaceStorage\4b0376d230ac6989838f7d7fb20bbc41\redhat.java -Daether.dependencyCollector.impl=bf 
java_command: c:\Users\ASUS\.vscode\extensions\redhat.java-1.42.0-win32-x64\server\plugins\org.eclipse.equinox.launcher_1.7.0.v20250424-1814.jar -configuration c:\Users\ASUS\AppData\Roaming\Code\User\globalStorage\redhat.java\1.42.0\config_win -data c:\Users\ASUS\AppData\Roaming\Code\User\workspaceStorage\4b0376d230ac6989838f7d7fb20bbc41\redhat.java\jdt_ws --pipe=\\.\pipe\lsp-81822b5b9e7e6dcf2d1c4c41303bb4f6-sock
java_class_path (initial): c:\Users\ASUS\.vscode\extensions\redhat.java-1.42.0-win32-x64\server\plugins\org.eclipse.equinox.launcher_1.7.0.v20250424-1814.jar
Launcher Type: SUN_STANDARD

[Global flags]
    uintx AdaptiveSizePolicyWeight                 = 90                                        {product} {command line}
     intx CICompilerCount                          = 4                                         {product} {ergonomic}
    uintx GCTimeRatio                              = 4                                         {product} {command line}
     bool HeapDumpOnOutOfMemoryError               = true                                   {manageable} {command line}
    ccstr HeapDumpPath                             = c:\Users\ASUS\AppData\Roaming\Code\User\workspaceStorage\4b0376d230ac6989838f7d7fb20bbc41\redhat.java         {manageable} {command line}
   size_t InitialHeapSize                          = 104857600                                 {product} {command line}
   size_t MaxHeapSize                              = 1073741824                                {product} {command line}
   size_t MaxNewSize                               = 357564416                                 {product} {ergonomic}
   size_t MinHeapDeltaBytes                        = 524288                                    {product} {ergonomic}
   size_t MinHeapSize                              = 104857600                                 {product} {command line}
   size_t NewSize                                  = 34603008                                  {product} {ergonomic}
    uintx NonNMethodCodeHeapSize                   = 5839372                                {pd product} {ergonomic}
    uintx NonProfiledCodeHeapSize                  = 122909434                              {pd product} {ergonomic}
   size_t OldSize                                  = 70254592                                  {product} {ergonomic}
    uintx ProfiledCodeHeapSize                     = 122909434                              {pd product} {ergonomic}
    uintx ReservedCodeCacheSize                    = 251658240                              {pd product} {ergonomic}
     bool SegmentedCodeCache                       = true                                      {product} {ergonomic}
   size_t SoftMaxHeapSize                          = 1073741824                             {manageable} {ergonomic}
     bool UseCompressedOops                        = true                           {product lp64_product} {ergonomic}
     bool UseLargePagesIndividualAllocation        = false                                  {pd product} {ergonomic}
     bool UseParallelGC                            = true                                      {product} {command line}

Logging:
Log output configuration:
 #0: stdout all=off uptime,level,tags foldmultilines=false
 #1: stderr all=off uptime,level,tags foldmultilines=false

Environment Variables:
PATH=C:\Program Files (x86)\VMware\VMware Workstation\bin\;C:\Program Files\Eclipse Adoptium\jdk-21.0.4.7-hotspot\bin;C:\WINDOWS\system32;C:\WINDOWS;C:\WINDOWS\System32\Wbem;C:\WINDOWS\System32\WindowsPowerShell\v1.0\;C:\WINDOWS\System32\OpenSSH\;C:\Program Files (x86)\NVIDIA Corporation\PhysX\Common;C:\Program Files\NVIDIA Corporation\NVIDIA NvDLISR;C:\Program Files\dotnet\;C:\Program Files (x86)\Git\cmd;C:\Program Files\nodejs\;%MAVEN_HOME%\bin.;C:\Users\ASUS\Downloads\apache-maven-3.9.9\bin;C:\Users\ASUS\AppData\Local\Programs\Python\Python313\Scripts\;C:\Users\ASUS\AppData\Local\Programs\Python\Python313\;C:\Users\ASUS\.cargo\bin;C:\Users\ASUS\AppData\Local\Microsoft\WindowsApps;C:\Users\ASUS\AppData\Local\Programs\Microsoft VS Code\bin;;C:\Program Files\JetBrains\IntelliJ IDEA 2024.3.5\bin;;C:\Users\ASUS\AppData\Roaming\npm
USERNAME=ASUS
OS=Windows_NT
PROCESSOR_IDENTIFIER=AMD64 Family 25 Model 68 Stepping 1, AuthenticAMD
TMP=C:\Users\ASUS\AppData\Local\Temp
TEMP=C:\Users\ASUS\AppData\Local\Temp




Periodic native trim disabled

---------------  S Y S T E M  ---------------

OS:
 Windows 11 , 64 bit Build 26100 (10.0.26100.3775)
OS uptime: 4 days 3:52 hours
Hyper-V role detected

CPU: total 12 (initial active 12) (12 cores per cpu, 2 threads per core) family 25 model 68 stepping 1 microcode 0xa404102, cx8, cmov, fxsr, ht, mmx, 3dnowpref, sse, sse2, sse3, ssse3, sse4a, sse4.1, sse4.2, popcnt, lzcnt, tsc, tscinvbit, avx, avx2, aes, erms, clmul, bmi1, bmi2, adx, sha, fma, vzeroupper, clflush, clflushopt, hv, rdtscp, rdpid, fsrm, f16c, cet_ss
Processor Information for processor 0
  Max Mhz: 3301, Current Mhz: 2024, Mhz Limit: 3301
Processor Information for processor 1
  Max Mhz: 3301, Current Mhz: 2024, Mhz Limit: 3301
Processor Information for processor 2
  Max Mhz: 3301, Current Mhz: 2024, Mhz Limit: 3301
Processor Information for processor 3
  Max Mhz: 3301, Current Mhz: 2024, Mhz Limit: 3301
Processor Information for processor 4
  Max Mhz: 3301, Current Mhz: 2496, Mhz Limit: 3301
Processor Information for processor 5
  Max Mhz: 3301, Current Mhz: 2496, Mhz Limit: 3301
Processor Information for processor 6
  Max Mhz: 3301, Current Mhz: 2496, Mhz Limit: 3301
Processor Information for processor 7
  Max Mhz: 3301, Current Mhz: 2496, Mhz Limit: 3301
Processor Information for processor 8
  Max Mhz: 3301, Current Mhz: 2496, Mhz Limit: 3301
Processor Information for processor 9
  Max Mhz: 3301, Current Mhz: 2496, Mhz Limit: 3301
Processor Information for processor 10
  Max Mhz: 3301, Current Mhz: 2496, Mhz Limit: 3301
Processor Information for processor 11
  Max Mhz: 3301, Current Mhz: 2496, Mhz Limit: 3301

Memory: 4k page, system-wide physical 7498M (707M free)
TotalPageFile size 30026M (AvailPageFile size 16M)
current process WorkingSet (physical memory assigned to process): 342M, peak: 370M
current process commit charge ("private bytes"): 367M, peak: 387M

vm_info: OpenJDK 64-Bit Server VM (21.0.7+6-LTS) for windows-amd64 JRE (21.0.7+6-LTS), built on 2025-04-15T00:00:00Z by "admin" with MS VC++ 17.7 (VS2022)

END.
