#
# There is insufficient memory for the Java Runtime Environment to continue.
# Native memory allocation (malloc) failed to allocate 1076496 bytes. Error detail: Chunk::new
# Possible reasons:
#   The system is out of physical RAM or swap space
#   This process is running with CompressedOops enabled, and the Java Heap may be blocking the growth of the native heap
# Possible solutions:
#   Reduce memory load on the system
#   Increase physical memory or swap space
#   Check if swap backing store is full
#   Decrease Java heap size (-Xmx/-Xms)
#   Decrease number of Java threads
#   Decrease Java thread stack sizes (-Xss)
#   Set larger code cache with -XX:ReservedCodeCacheSize=
#   JVM is running with Unscaled Compressed Oops mode in which the Java heap is
#     placed in the first 4GB address space. The Java Heap base address is the
#     maximum limit for the native heap growth. Please use -XX:HeapBaseMinAddress
#     to set the Java Heap base and to place the Java Heap above 4GB virtual address.
# This output file may be truncated or incomplete.
#
#  Out of Memory Error (arena.cpp:168), pid=12608, tid=35732
#
# JRE version: OpenJDK Runtime Environment Temurin-21.0.7+6 (21.0.7+6) (build 21.0.7+6-LTS)
# Java VM: OpenJDK 64-Bit Server VM Temurin-21.0.7+6 (21.0.7+6-LTS, mixed mode, sharing, tiered, compressed oops, compressed class ptrs, parallel gc, windows-amd64)
# No core dump will be written. Minidumps are not enabled by default on client versions of Windows
#

---------------  S U M M A R Y ------------

Command Line: --add-modules=ALL-SYSTEM --add-opens=java.base/java.util=ALL-UNNAMED --add-opens=java.base/java.lang=ALL-UNNAMED --add-opens=java.base/sun.nio.fs=ALL-UNNAMED -Declipse.application=org.eclipse.jdt.ls.core.id1 -Dosgi.bundles.defaultStartLevel=4 -Declipse.product=org.eclipse.jdt.ls.core.product -Djava.import.generatesMetadataFilesAtProjectRoot=false -DDetectVMInstallationsJob.disabled=true -Dfile.encoding=utf8 -XX:+UseParallelGC -XX:GCTimeRatio=4 -XX:AdaptiveSizePolicyWeight=90 -Dsun.zip.disableMemoryMapping=true -Xmx1G -Xms100m -Xlog:disable -javaagent:c:\Users\ASUS\.vscode\extensions\redhat.java-1.42.0-win32-x64\lombok\lombok-1.18.36.jar -XX:+HeapDumpOnOutOfMemoryError -XX:HeapDumpPath=c:\Users\ASUS\AppData\Roaming\Code\User\workspaceStorage\4b0376d230ac6989838f7d7fb20bbc41\redhat.java -Daether.dependencyCollector.impl=bf c:\Users\ASUS\.vscode\extensions\redhat.java-1.42.0-win32-x64\server\plugins\org.eclipse.equinox.launcher_1.7.0.v20250424-1814.jar -configuration c:\Users\ASUS\AppData\Roaming\Code\User\globalStorage\redhat.java\1.42.0\config_win -data c:\Users\ASUS\AppData\Roaming\Code\User\workspaceStorage\4b0376d230ac6989838f7d7fb20bbc41\redhat.java\jdt_ws --pipe=\\.\pipe\lsp-27938eb88d1cad052dceec4e01be60d5-sock

Host: AMD Ryzen 5 7535HS with Radeon Graphics        , 12 cores, 7G,  Windows 11 , 64 bit Build 26100 (10.0.26100.3775)
Time: Fri May 16 00:54:55 2025 SE Asia Standard Time elapsed time: 14.004922 seconds (0d 0h 0m 14s)

---------------  T H R E A D  ---------------

Current thread (0x000001acf8e0df50):  JavaThread "C2 CompilerThread2" daemon [_thread_in_native, id=35732, stack(0x0000009de9700000,0x0000009de9800000) (1024K)]


Current CompileTask:
C2:14005 7234   !   4       org.eclipse.jdt.internal.core.search.indexing.AddJrtToIndex$JrtIndexer::visitFile (133 bytes)

Stack: [0x0000009de9700000,0x0000009de9800000]
Native frames: (J=compiled Java code, j=interpreted, Vv=VM code, C=native code)
V  [jvm.dll+0x6ce119]
V  [jvm.dll+0x8a84a1]
V  [jvm.dll+0x8aa9ce]
V  [jvm.dll+0x8ab0b3]
V  [jvm.dll+0x27f8a6]
V  [jvm.dll+0xc507d]
V  [jvm.dll+0xc55b3]
V  [jvm.dll+0x3b68f2]
V  [jvm.dll+0x1dfe33]
V  [jvm.dll+0x247c42]
V  [jvm.dll+0x2470cf]
V  [jvm.dll+0x1c760e]
V  [jvm.dll+0x25695a]
V  [jvm.dll+0x254efa]
V  [jvm.dll+0x3f03f6]
V  [jvm.dll+0x851f6b]
V  [jvm.dll+0x6cc7dd]
C  [ucrtbase.dll+0x37b0]
C  [KERNEL32.DLL+0x2e8d7]
C  [ntdll.dll+0xb14fc]


---------------  P R O C E S S  ---------------

Threads class SMR info:
_java_thread_list=0x000001ace873a7b0, length=47, elements={
0x000001ac909fc6e0, 0x000001ac90aa8070, 0x000001ac90aab830, 0x000001ac90aad810,
0x000001ac90aae460, 0x000001ac90aafaa0, 0x000001ac90ab5030, 0x000001ac90abc880,
0x000001ace73722b0, 0x000001ace744bc90, 0x000001ace76c49b0, 0x000001aced3c07d0,
0x000001ace772db10, 0x000001ace8917510, 0x000001ace87a1cd0, 0x000001aced551300,
0x000001aced613720, 0x000001aced575320, 0x000001aced5759b0, 0x000001aced576040,
0x000001aced573250, 0x000001acedcd86b0, 0x000001aced5766d0, 0x000001aced574600,
0x000001aced5738e0, 0x000001aced573f70, 0x000001aced574c90, 0x000001acef562030,
0x000001acef5633e0, 0x000001acef5626c0, 0x000001acef564100, 0x000001acef562d50,
0x000001acef5619a0, 0x000001acef560c80, 0x000001acef564790, 0x000001acef561310,
0x000001acef567c10, 0x000001acef5682a0, 0x000001acef5661d0, 0x000001acef566ef0,
0x000001acef564e20, 0x000001acef5654b0, 0x000001acef566860, 0x000001acef567580,
0x000001acef565b40, 0x000001aceecdc070, 0x000001acf8e0df50
}

Java Threads: ( => current thread )
  0x000001ac909fc6e0 JavaThread "main"                              [_thread_blocked, id=38560, stack(0x0000009de5a00000,0x0000009de5b00000) (1024K)]
  0x000001ac90aa8070 JavaThread "Reference Handler"          daemon [_thread_blocked, id=19228, stack(0x0000009de5e00000,0x0000009de5f00000) (1024K)]
  0x000001ac90aab830 JavaThread "Finalizer"                  daemon [_thread_blocked, id=14516, stack(0x0000009de5f00000,0x0000009de6000000) (1024K)]
  0x000001ac90aad810 JavaThread "Signal Dispatcher"          daemon [_thread_blocked, id=17288, stack(0x0000009de6000000,0x0000009de6100000) (1024K)]
  0x000001ac90aae460 JavaThread "Attach Listener"            daemon [_thread_blocked, id=13216, stack(0x0000009de6100000,0x0000009de6200000) (1024K)]
  0x000001ac90aafaa0 JavaThread "Service Thread"             daemon [_thread_blocked, id=39660, stack(0x0000009de6200000,0x0000009de6300000) (1024K)]
  0x000001ac90ab5030 JavaThread "Monitor Deflation Thread"   daemon [_thread_blocked, id=23500, stack(0x0000009de6300000,0x0000009de6400000) (1024K)]
  0x000001ac90abc880 JavaThread "C2 CompilerThread0"         daemon [_thread_blocked, id=11892, stack(0x0000009de6400000,0x0000009de6500000) (1024K)]
  0x000001ace73722b0 JavaThread "C1 CompilerThread0"         daemon [_thread_blocked, id=2920, stack(0x0000009de6500000,0x0000009de6600000) (1024K)]
  0x000001ace744bc90 JavaThread "Common-Cleaner"             daemon [_thread_blocked, id=39692, stack(0x0000009de6600000,0x0000009de6700000) (1024K)]
  0x000001ace76c49b0 JavaThread "Notification Thread"        daemon [_thread_blocked, id=31312, stack(0x0000009de6800000,0x0000009de6900000) (1024K)]
  0x000001aced3c07d0 JavaThread "Active Thread: Equinox Container: ef6db5ab-c211-4dbb-881b-867ce5041aab"        [_thread_blocked, id=20632, stack(0x0000009de7000000,0x0000009de7100000) (1024K)]
  0x000001ace772db10 JavaThread "Refresh Thread: Equinox Container: ef6db5ab-c211-4dbb-881b-867ce5041aab" daemon [_thread_blocked, id=38992, stack(0x0000009de7100000,0x0000009de7200000) (1024K)]
  0x000001ace8917510 JavaThread "Framework Event Dispatcher: Equinox Container: ef6db5ab-c211-4dbb-881b-867ce5041aab" daemon [_thread_blocked, id=39404, stack(0x0000009de7300000,0x0000009de7400000) (1024K)]
  0x000001ace87a1cd0 JavaThread "Start Level: Equinox Container: ef6db5ab-c211-4dbb-881b-867ce5041aab" daemon [_thread_blocked, id=20408, stack(0x0000009de7400000,0x0000009de7500000) (1024K)]
  0x000001aced551300 JavaThread "Bundle File Closer"         daemon [_thread_blocked, id=26652, stack(0x0000009de7700000,0x0000009de7800000) (1024K)]
  0x000001aced613720 JavaThread "SCR Component Actor"        daemon [_thread_blocked, id=25912, stack(0x0000009de7800000,0x0000009de7900000) (1024K)]
  0x000001aced575320 JavaThread "Worker-JM"                         [_thread_blocked, id=6724, stack(0x0000009de6f00000,0x0000009de7000000) (1024K)]
  0x000001aced5759b0 JavaThread "JNA Cleaner"                daemon [_thread_blocked, id=1636, stack(0x0000009de6700000,0x0000009de6800000) (1024K)]
  0x000001aced576040 JavaThread "Worker-0: Initialize After Load"        [_thread_blocked, id=25292, stack(0x0000009de7a00000,0x0000009de7b00000) (1024K)]
  0x000001aced573250 JavaThread "Worker-1: Processing Java changes since last activation"        [_thread_blocked, id=31124, stack(0x0000009de7b00000,0x0000009de7c00000) (1024K)]
  0x000001acedcd86b0 JavaThread "C2 CompilerThread1"         daemon [_thread_in_native, id=17120, stack(0x0000009de7c00000,0x0000009de7d00000) (1024K)]
  0x000001aced5766d0 JavaThread "Worker-2: Building"                [_thread_blocked, id=2280, stack(0x0000009de7d00000,0x0000009de7e00000) (1024K)]
  0x000001aced574600 JavaThread "Java indexing"              daemon [_thread_blocked, id=3664, stack(0x0000009de7e00000,0x0000009de7f00000) (1024K)]
  0x000001aced5738e0 JavaThread "Worker-3"                          [_thread_blocked, id=13824, stack(0x0000009de7f00000,0x0000009de8000000) (1024K)]
  0x000001aced573f70 JavaThread "Worker-4"                          [_thread_blocked, id=19316, stack(0x0000009de8200000,0x0000009de8300000) (1024K)]
  0x000001aced574c90 JavaThread "Worker-5"                          [_thread_blocked, id=1012, stack(0x0000009de8300000,0x0000009de8400000) (1024K)]
  0x000001acef562030 JavaThread "Worker-6: Java indexing... "        [_thread_blocked, id=2748, stack(0x0000009de8400000,0x0000009de8500000) (1024K)]
  0x000001acef5633e0 JavaThread "Thread-2"                   daemon [_thread_in_native, id=34196, stack(0x0000009de8500000,0x0000009de8600000) (1024K)]
  0x000001acef5626c0 JavaThread "Thread-3"                   daemon [_thread_in_native, id=26580, stack(0x0000009de8600000,0x0000009de8700000) (1024K)]
  0x000001acef564100 JavaThread "Thread-4"                   daemon [_thread_in_native, id=12812, stack(0x0000009de8700000,0x0000009de8800000) (1024K)]
  0x000001acef562d50 JavaThread "Thread-5"                   daemon [_thread_in_native, id=39200, stack(0x0000009de8800000,0x0000009de8900000) (1024K)]
  0x000001acef5619a0 JavaThread "Thread-6"                   daemon [_thread_in_native, id=3736, stack(0x0000009de8900000,0x0000009de8a00000) (1024K)]
  0x000001acef560c80 JavaThread "Thread-7"                   daemon [_thread_in_native, id=24884, stack(0x0000009de8a00000,0x0000009de8b00000) (1024K)]
  0x000001acef564790 JavaThread "Thread-8"                   daemon [_thread_in_native, id=39612, stack(0x0000009de8b00000,0x0000009de8c00000) (1024K)]
  0x000001acef561310 JavaThread "Thread-9"                   daemon [_thread_in_native, id=22160, stack(0x0000009de8c00000,0x0000009de8d00000) (1024K)]
  0x000001acef567c10 JavaThread "Thread-10"                  daemon [_thread_in_native, id=6296, stack(0x0000009de8d00000,0x0000009de8e00000) (1024K)]
  0x000001acef5682a0 JavaThread "Thread-11"                  daemon [_thread_in_native, id=32716, stack(0x0000009de8e00000,0x0000009de8f00000) (1024K)]
  0x000001acef5661d0 JavaThread "Thread-12"                  daemon [_thread_in_native, id=25696, stack(0x0000009de8f00000,0x0000009de9000000) (1024K)]
  0x000001acef566ef0 JavaThread "Thread-13"                  daemon [_thread_in_native, id=30604, stack(0x0000009de9000000,0x0000009de9100000) (1024K)]
  0x000001acef564e20 JavaThread "Thread-14"                  daemon [_thread_in_native, id=36908, stack(0x0000009de9100000,0x0000009de9200000) (1024K)]
  0x000001acef5654b0 JavaThread "pool-2-thread-1"                   [_thread_blocked, id=27652, stack(0x0000009de9200000,0x0000009de9300000) (1024K)]
  0x000001acef566860 JavaThread "Worker-7"                          [_thread_blocked, id=3712, stack(0x0000009de9300000,0x0000009de9400000) (1024K)]
  0x000001acef567580 JavaThread "Worker-8"                          [_thread_blocked, id=33092, stack(0x0000009de9400000,0x0000009de9500000) (1024K)]
  0x000001acef565b40 JavaThread "WorkspaceEventsHandler"            [_thread_blocked, id=35492, stack(0x0000009de9500000,0x0000009de9600000) (1024K)]
  0x000001aceecdc070 JavaThread "pool-1-thread-1"                   [_thread_blocked, id=28540, stack(0x0000009de9600000,0x0000009de9700000) (1024K)]
=>0x000001acf8e0df50 JavaThread "C2 CompilerThread2"         daemon [_thread_in_native, id=35732, stack(0x0000009de9700000,0x0000009de9800000) (1024K)]
Total: 47

Other Threads:
  0x000001ac90a9ec00 VMThread "VM Thread"                           [id=9156, stack(0x0000009de5d00000,0x0000009de5e00000) (1024K)]
  0x000001aca4ccca00 WatcherThread "VM Periodic Task Thread"        [id=9384, stack(0x0000009de5c00000,0x0000009de5d00000) (1024K)]
  0x000001ac90a1aba0 WorkerThread "GC Thread#0"                     [id=28236, stack(0x0000009de5b00000,0x0000009de5c00000) (1024K)]
  0x000001ace8742c50 WorkerThread "GC Thread#1"                     [id=28104, stack(0x0000009de6900000,0x0000009de6a00000) (1024K)]
  0x000001ace8ad82b0 WorkerThread "GC Thread#2"                     [id=25004, stack(0x0000009de6a00000,0x0000009de6b00000) (1024K)]
  0x000001ace8ad8650 WorkerThread "GC Thread#3"                     [id=23064, stack(0x0000009de6b00000,0x0000009de6c00000) (1024K)]
  0x000001ace876b140 WorkerThread "GC Thread#4"                     [id=1840, stack(0x0000009de6c00000,0x0000009de6d00000) (1024K)]
  0x000001ace876b6f0 WorkerThread "GC Thread#5"                     [id=11836, stack(0x0000009de6d00000,0x0000009de6e00000) (1024K)]
  0x000001ace8877dd0 WorkerThread "GC Thread#6"                     [id=14524, stack(0x0000009de6e00000,0x0000009de6f00000) (1024K)]
  0x000001aced1d6aa0 WorkerThread "GC Thread#7"                     [id=39312, stack(0x0000009de7200000,0x0000009de7300000) (1024K)]
  0x000001aced890470 WorkerThread "GC Thread#8"                     [id=29728, stack(0x0000009de7500000,0x0000009de7600000) (1024K)]
  0x000001aced8ff2b0 WorkerThread "GC Thread#9"                     [id=11532, stack(0x0000009de7600000,0x0000009de7700000) (1024K)]
Total: 12

Threads with active compile tasks:
C2 CompilerThread0  15050 7342       4       org.eclipse.jdt.internal.compiler.util.JrtFileSystem$2::visitFile (72 bytes)
C1 CompilerThread0  15050 7534       2       org.eclipse.core.internal.resources.ProjectPreferences::nodeExists (124 bytes)
C2 CompilerThread1  15050 7341       4       org.eclipse.jdt.internal.compiler.util.JrtFileSystem$2::visitFile (10 bytes)
C2 CompilerThread2  15050 7234   !   4       org.eclipse.jdt.internal.core.search.indexing.AddJrtToIndex$JrtIndexer::visitFile (133 bytes)
Total: 4

VM state: at safepoint (normal execution)

VM Mutex/Monitor currently owned by a thread:  ([mutex/lock_event])
[0x00007fff505fe308] Threads_lock - owner thread: 0x000001ac90a9ec00
[0x00007fff505fe408] Heap_lock - owner thread: 0x000001aced574600

Heap address: 0x00000000c0000000, size: 1024 MB, Compressed Oops mode: 32-bit

CDS archive(s) mapped at: [0x000001aca5000000-0x000001aca5ba0000-0x000001aca5ba0000), size 12189696, SharedBaseAddress: 0x000001aca5000000, ArchiveRelocationMode: 1.
Compressed class space mapped at: 0x000001aca6000000-0x000001ace6000000, reserved size: 1073741824
Narrow klass base: 0x000001aca5000000, Narrow klass shift: 0, Narrow klass range: 0x100000000

GC Precious Log:
 CardTable entry size: 512
 CPUs: 12 total, 12 available
 Memory: 7498M
 Large Page Support: Disabled
 NUMA Support: Disabled
 Compressed Oops: Enabled (32-bit)
 Alignments: Space 512K, Generation 512K, Heap 2M
 Heap Min Capacity: 100M
 Heap Initial Capacity: 100M
 Heap Max Capacity: 1G
 Pre-touch: Disabled
 Parallel Workers: 10

Heap:
 PSYoungGen      total 10240K, used 1513K [0x00000000eab00000, 0x00000000eb780000, 0x0000000100000000)
  eden space 8704K, 0% used [0x00000000eab00000,0x00000000eab00000,0x00000000eb380000)
  from space 1536K, 98% used [0x00000000eb480000,0x00000000eb5fa658,0x00000000eb600000)
  to   space 1536K, 0% used [0x00000000eb600000,0x00000000eb600000,0x00000000eb780000)
 ParOldGen       total 222720K, used 222408K [0x00000000c0000000, 0x00000000cd980000, 0x00000000eab00000)
  object space 222720K, 99% used [0x00000000c0000000,0x00000000cd932388,0x00000000cd980000)
 Metaspace       used 47214K, committed 48512K, reserved 1114112K
  class space    used 5009K, committed 5568K, reserved 1048576K

Card table byte_map: [0x000001ac903a0000,0x000001ac905b0000] _byte_map_base: 0x000001ac8fda0000

Marking Bits: (ParMarkBitMap*) 0x00007fff506031f0
 Begin Bits: [0x000001aca2bf0000, 0x000001aca3bf0000)
 End Bits:   [0x000001aca3bf0000, 0x000001aca4bf0000)

Polling page: 0x000001ac8e500000

Metaspace:

Usage:
  Non-class:     41.22 MB used.
      Class:      4.89 MB used.
       Both:     46.11 MB used.

Virtual space:
  Non-class space:       64.00 MB reserved,      41.94 MB ( 66%) committed,  1 nodes.
      Class space:        1.00 GB reserved,       5.44 MB ( <1%) committed,  1 nodes.
             Both:        1.06 GB reserved,      47.38 MB (  4%) committed. 

Chunk freelists:
   Non-Class:  5.54 MB
       Class:  10.39 MB
        Both:  15.93 MB

MaxMetaspaceSize: unlimited
CompressedClassSpaceSize: 1.00 GB
Initial GC threshold: 21.00 MB
Current GC threshold: 58.38 MB
CDS: on
 - commit_granule_bytes: 65536.
 - commit_granule_words: 8192.
 - virtual_space_node_default_size: 8388608.
 - enlarge_chunks_in_place: 1.
 - use_allocation_guard: 0.


Internal statistics:

num_allocs_failed_limit: 6.
num_arena_births: 996.
num_arena_deaths: 14.
num_vsnodes_births: 2.
num_vsnodes_deaths: 0.
num_space_committed: 758.
num_space_uncommitted: 0.
num_chunks_returned_to_freelist: 20.
num_chunks_taken_from_freelist: 3138.
num_chunk_merges: 12.
num_chunk_splits: 1960.
num_chunks_enlarged: 1084.
num_inconsistent_stats: 0.

CodeHeap 'non-profiled nmethods': size=120000Kb used=3993Kb max_used=3993Kb free=116006Kb
 bounds [0x000001ac9b6c0000, 0x000001ac9bab0000, 0x000001aca2bf0000]
CodeHeap 'profiled nmethods': size=120000Kb used=13797Kb max_used=13797Kb free=106202Kb
 bounds [0x000001ac93bf0000, 0x000001ac94970000, 0x000001ac9b120000]
CodeHeap 'non-nmethods': size=5760Kb used=1381Kb max_used=1457Kb free=4378Kb
 bounds [0x000001ac9b120000, 0x000001ac9b390000, 0x000001ac9b6c0000]
 total_blobs=7575 nmethods=6892 adapters=589
 compilation: enabled
              stopped_count=0, restarted_count=0
 full_count=0

Compilation events (20 events):
Event: 12.949 Thread 0x000001ace73722b0 nmethod 7523 0x000001ac94962710 code [0x000001ac94962b00, 0x000001ac94963c40]
Event: 12.950 Thread 0x000001ace73722b0 7524       1       org.eclipse.jdt.internal.core.OpenableElementInfo::setIsStructureKnown (6 bytes)
Event: 12.950 Thread 0x000001ace73722b0 nmethod 7524 0x000001ac9baa5e90 code [0x000001ac9baa6020, 0x000001ac9baa60f0]
Event: 12.950 Thread 0x000001ace73722b0 7525       1       org.eclipse.jdt.internal.core.JavaModelManager::getElementsOutOfSynchWithBuffers (5 bytes)
Event: 12.951 Thread 0x000001ace73722b0 nmethod 7525 0x000001ac9baa6190 code [0x000001ac9baa6320, 0x000001ac9baa63f0]
Event: 12.951 Thread 0x000001ace73722b0 7526       1       org.eclipse.jdt.internal.core.JarPackageFragmentRoot::getKind (2 bytes)
Event: 12.951 Thread 0x000001ace73722b0 nmethod 7526 0x000001ac9baa6490 code [0x000001ac9baa6620, 0x000001ac9baa66e8]
Event: 12.966 Thread 0x000001ace73722b0 7527       2       org.eclipse.core.internal.resources.Project::checkAccessible (42 bytes)
Event: 12.967 Thread 0x000001ace73722b0 nmethod 7527 0x000001ac94965310 code [0x000001ac94965500, 0x000001ac94965878]
Event: 12.973 Thread 0x000001ace73722b0 7529 %     3       org.eclipse.jdt.internal.core.util.MementoTokenizer::escape @ 10 (195 bytes)
Event: 12.977 Thread 0x000001ace73722b0 nmethod 7529% 0x000001ac94965b10 code [0x000001ac94965d60, 0x000001ac949668c0]
Event: 12.990 Thread 0x000001ace73722b0 7530  s    2       org.eclipse.jdt.internal.compiler.util.JrtFileSystem::cachePackage (235 bytes)
Event: 12.992 Thread 0x000001ace73722b0 nmethod 7530 0x000001ac94966d90 code [0x000001ac949670e0, 0x000001ac94967dd8]
Event: 12.992 Thread 0x000001ace73722b0 7531       3       java.util.ArrayDeque::removeFirst (19 bytes)
Event: 12.992 Thread 0x000001ace73722b0 nmethod 7531 0x000001ac94968690 code [0x000001ac94968860, 0x000001ac94968aa8]
Event: 12.992 Thread 0x000001ace73722b0 7532       2       org.eclipse.jdt.internal.core.JavaModelManager$10::put (13 bytes)
Event: 12.993 Thread 0x000001ace73722b0 nmethod 7532 0x000001ac94968b90 code [0x000001ac94968d40, 0x000001ac94968f68]
Event: 12.993 Thread 0x000001ace73722b0 7533       2       org.eclipse.jdt.internal.core.JavaModelManager$10::put (10 bytes)
Event: 12.993 Thread 0x000001ace73722b0 nmethod 7533 0x000001ac94969090 code [0x000001ac94969240, 0x000001ac949693c0]
Event: 12.994 Thread 0x000001ace73722b0 7534       2       org.eclipse.core.internal.resources.ProjectPreferences::nodeExists (124 bytes)

GC Heap History (20 events):
Event: 11.836 GC heap before
{Heap before GC invocations=143 (full 2):
 PSYoungGen      total 5120K, used 4800K [0x00000000eab00000, 0x00000000eb100000, 0x0000000100000000)
  eden space 4096K, 100% used [0x00000000eab00000,0x00000000eaf00000,0x00000000eaf00000)
  from space 1024K, 68% used [0x00000000eb000000,0x00000000eb0b0000,0x00000000eb100000)
  to   space 1024K, 0% used [0x00000000eaf00000,0x00000000eaf00000,0x00000000eb000000)
 ParOldGen       total 214016K, used 213526K [0x00000000c0000000, 0x00000000cd100000, 0x00000000eab00000)
  object space 214016K, 99% used [0x00000000c0000000,0x00000000cd0858b0,0x00000000cd100000)
 Metaspace       used 47184K, committed 48512K, reserved 1114112K
  class space    used 5009K, committed 5568K, reserved 1048576K
}
Event: 11.838 GC heap after
{Heap after GC invocations=143 (full 2):
 PSYoungGen      total 5120K, used 658K [0x00000000eab00000, 0x00000000eb200000, 0x0000000100000000)
  eden space 4096K, 0% used [0x00000000eab00000,0x00000000eab00000,0x00000000eaf00000)
  from space 1024K, 64% used [0x00000000eaf00000,0x00000000eafa49c8,0x00000000eb000000)
  to   space 1024K, 0% used [0x00000000eb100000,0x00000000eb100000,0x00000000eb200000)
 ParOldGen       total 214528K, used 214101K [0x00000000c0000000, 0x00000000cd180000, 0x00000000eab00000)
  object space 214528K, 99% used [0x00000000c0000000,0x00000000cd115788,0x00000000cd180000)
 Metaspace       used 47184K, committed 48512K, reserved 1114112K
  class space    used 5009K, committed 5568K, reserved 1048576K
}
Event: 11.844 GC heap before
{Heap before GC invocations=144 (full 2):
 PSYoungGen      total 5120K, used 4754K [0x00000000eab00000, 0x00000000eb200000, 0x0000000100000000)
  eden space 4096K, 100% used [0x00000000eab00000,0x00000000eaf00000,0x00000000eaf00000)
  from space 1024K, 64% used [0x00000000eaf00000,0x00000000eafa49c8,0x00000000eb000000)
  to   space 1024K, 0% used [0x00000000eb100000,0x00000000eb100000,0x00000000eb200000)
 ParOldGen       total 214528K, used 214101K [0x00000000c0000000, 0x00000000cd180000, 0x00000000eab00000)
  object space 214528K, 99% used [0x00000000c0000000,0x00000000cd115788,0x00000000cd180000)
 Metaspace       used 47184K, committed 48512K, reserved 1114112K
  class space    used 5009K, committed 5568K, reserved 1048576K
}
Event: 11.846 GC heap after
{Heap after GC invocations=144 (full 2):
 PSYoungGen      total 6144K, used 763K [0x00000000eab00000, 0x00000000eb200000, 0x0000000100000000)
  eden space 5120K, 0% used [0x00000000eab00000,0x00000000eab00000,0x00000000eb000000)
  from space 1024K, 74% used [0x00000000eb100000,0x00000000eb1bef40,0x00000000eb200000)
  to   space 1024K, 0% used [0x00000000eb000000,0x00000000eb000000,0x00000000eb100000)
 ParOldGen       total 215040K, used 214622K [0x00000000c0000000, 0x00000000cd200000, 0x00000000eab00000)
  object space 215040K, 99% used [0x00000000c0000000,0x00000000cd197be8,0x00000000cd200000)
 Metaspace       used 47184K, committed 48512K, reserved 1114112K
  class space    used 5009K, committed 5568K, reserved 1048576K
}
Event: 11.857 GC heap before
{Heap before GC invocations=145 (full 2):
 PSYoungGen      total 6144K, used 5880K [0x00000000eab00000, 0x00000000eb200000, 0x0000000100000000)
  eden space 5120K, 99% used [0x00000000eab00000,0x00000000eafff338,0x00000000eb000000)
  from space 1024K, 74% used [0x00000000eb100000,0x00000000eb1bef40,0x00000000eb200000)
  to   space 1024K, 0% used [0x00000000eb000000,0x00000000eb000000,0x00000000eb100000)
 ParOldGen       total 215040K, used 214622K [0x00000000c0000000, 0x00000000cd200000, 0x00000000eab00000)
  object space 215040K, 99% used [0x00000000c0000000,0x00000000cd197be8,0x00000000cd200000)
 Metaspace       used 47184K, committed 48512K, reserved 1114112K
  class space    used 5009K, committed 5568K, reserved 1048576K
}
Event: 11.858 GC heap after
{Heap after GC invocations=145 (full 2):
 PSYoungGen      total 6144K, used 951K [0x00000000eab00000, 0x00000000eb200000, 0x0000000100000000)
  eden space 5120K, 0% used [0x00000000eab00000,0x00000000eab00000,0x00000000eb000000)
  from space 1024K, 92% used [0x00000000eb000000,0x00000000eb0edc58,0x00000000eb100000)
  to   space 1024K, 0% used [0x00000000eb100000,0x00000000eb100000,0x00000000eb200000)
 ParOldGen       total 215552K, used 215231K [0x00000000c0000000, 0x00000000cd280000, 0x00000000eab00000)
  object space 215552K, 99% used [0x00000000c0000000,0x00000000cd22fe28,0x00000000cd280000)
 Metaspace       used 47184K, committed 48512K, reserved 1114112K
  class space    used 5009K, committed 5568K, reserved 1048576K
}
Event: 11.872 GC heap before
{Heap before GC invocations=146 (full 2):
 PSYoungGen      total 6144K, used 6071K [0x00000000eab00000, 0x00000000eb200000, 0x0000000100000000)
  eden space 5120K, 100% used [0x00000000eab00000,0x00000000eb000000,0x00000000eb000000)
  from space 1024K, 92% used [0x00000000eb000000,0x00000000eb0edc58,0x00000000eb100000)
  to   space 1024K, 0% used [0x00000000eb100000,0x00000000eb100000,0x00000000eb200000)
 ParOldGen       total 215552K, used 215231K [0x00000000c0000000, 0x00000000cd280000, 0x00000000eab00000)
  object space 215552K, 99% used [0x00000000c0000000,0x00000000cd22fe28,0x00000000cd280000)
 Metaspace       used 47188K, committed 48512K, reserved 1114112K
  class space    used 5009K, committed 5568K, reserved 1048576K
}
Event: 11.875 GC heap after
{Heap after GC invocations=146 (full 2):
 PSYoungGen      total 6144K, used 864K [0x00000000eab00000, 0x00000000eb200000, 0x0000000100000000)
  eden space 5120K, 0% used [0x00000000eab00000,0x00000000eab00000,0x00000000eb000000)
  from space 1024K, 84% used [0x00000000eb100000,0x00000000eb1d8000,0x00000000eb200000)
  to   space 1024K, 0% used [0x00000000eb000000,0x00000000eb000000,0x00000000eb100000)
 ParOldGen       total 216064K, used 216051K [0x00000000c0000000, 0x00000000cd300000, 0x00000000eab00000)
  object space 216064K, 99% used [0x00000000c0000000,0x00000000cd2fcd08,0x00000000cd300000)
 Metaspace       used 47188K, committed 48512K, reserved 1114112K
  class space    used 5009K, committed 5568K, reserved 1048576K
}
Event: 11.890 GC heap before
{Heap before GC invocations=147 (full 2):
 PSYoungGen      total 6144K, used 5984K [0x00000000eab00000, 0x00000000eb200000, 0x0000000100000000)
  eden space 5120K, 100% used [0x00000000eab00000,0x00000000eb000000,0x00000000eb000000)
  from space 1024K, 84% used [0x00000000eb100000,0x00000000eb1d8000,0x00000000eb200000)
  to   space 1024K, 0% used [0x00000000eb000000,0x00000000eb000000,0x00000000eb100000)
 ParOldGen       total 216064K, used 216051K [0x00000000c0000000, 0x00000000cd300000, 0x00000000eab00000)
  object space 216064K, 99% used [0x00000000c0000000,0x00000000cd2fcd08,0x00000000cd300000)
 Metaspace       used 47189K, committed 48512K, reserved 1114112K
  class space    used 5009K, committed 5568K, reserved 1048576K
}
Event: 11.893 GC heap after
{Heap after GC invocations=147 (full 2):
 PSYoungGen      total 6144K, used 1014K [0x00000000eab00000, 0x00000000eb400000, 0x0000000100000000)
  eden space 5120K, 0% used [0x00000000eab00000,0x00000000eab00000,0x00000000eb000000)
  from space 1024K, 99% used [0x00000000eb000000,0x00000000eb0fda40,0x00000000eb100000)
  to   space 2048K, 0% used [0x00000000eb200000,0x00000000eb200000,0x00000000eb400000)
 ParOldGen       total 217088K, used 216812K [0x00000000c0000000, 0x00000000cd400000, 0x00000000eab00000)
  object space 217088K, 99% used [0x00000000c0000000,0x00000000cd3bb3e0,0x00000000cd400000)
 Metaspace       used 47189K, committed 48512K, reserved 1114112K
  class space    used 5009K, committed 5568K, reserved 1048576K
}
Event: 11.904 GC heap before
{Heap before GC invocations=148 (full 2):
 PSYoungGen      total 6144K, used 6134K [0x00000000eab00000, 0x00000000eb400000, 0x0000000100000000)
  eden space 5120K, 100% used [0x00000000eab00000,0x00000000eb000000,0x00000000eb000000)
  from space 1024K, 99% used [0x00000000eb000000,0x00000000eb0fda40,0x00000000eb100000)
  to   space 2048K, 0% used [0x00000000eb200000,0x00000000eb200000,0x00000000eb400000)
 ParOldGen       total 217088K, used 216812K [0x00000000c0000000, 0x00000000cd400000, 0x00000000eab00000)
  object space 217088K, 99% used [0x00000000c0000000,0x00000000cd3bb3e0,0x00000000cd400000)
 Metaspace       used 47193K, committed 48512K, reserved 1114112K
  class space    used 5009K, committed 5568K, reserved 1048576K
}
Event: 12.907 GC heap after
{Heap after GC invocations=148 (full 2):
 PSYoungGen      total 7680K, used 852K [0x00000000eab00000, 0x00000000eb400000, 0x0000000100000000)
  eden space 5632K, 0% used [0x00000000eab00000,0x00000000eab00000,0x00000000eb080000)
  from space 2048K, 41% used [0x00000000eb200000,0x00000000eb2d5220,0x00000000eb400000)
  to   space 1536K, 0% used [0x00000000eb080000,0x00000000eb080000,0x00000000eb200000)
 ParOldGen       total 218112K, used 217746K [0x00000000c0000000, 0x00000000cd500000, 0x00000000eab00000)
  object space 218112K, 99% used [0x00000000c0000000,0x00000000cd4a4ad0,0x00000000cd500000)
 Metaspace       used 47193K, committed 48512K, reserved 1114112K
  class space    used 5009K, committed 5568K, reserved 1048576K
}
Event: 12.920 GC heap before
{Heap before GC invocations=149 (full 2):
 PSYoungGen      total 7680K, used 6484K [0x00000000eab00000, 0x00000000eb400000, 0x0000000100000000)
  eden space 5632K, 100% used [0x00000000eab00000,0x00000000eb080000,0x00000000eb080000)
  from space 2048K, 41% used [0x00000000eb200000,0x00000000eb2d5220,0x00000000eb400000)
  to   space 1536K, 0% used [0x00000000eb080000,0x00000000eb080000,0x00000000eb200000)
 ParOldGen       total 218112K, used 217746K [0x00000000c0000000, 0x00000000cd500000, 0x00000000eab00000)
  object space 218112K, 99% used [0x00000000c0000000,0x00000000cd4a4ad0,0x00000000cd500000)
 Metaspace       used 47195K, committed 48512K, reserved 1114112K
  class space    used 5009K, committed 5568K, reserved 1048576K
}
Event: 12.923 GC heap after
{Heap after GC invocations=149 (full 2):
 PSYoungGen      total 7168K, used 896K [0x00000000eab00000, 0x00000000eb400000, 0x0000000100000000)
  eden space 5632K, 0% used [0x00000000eab00000,0x00000000eab00000,0x00000000eb080000)
  from space 1536K, 58% used [0x00000000eb080000,0x00000000eb160000,0x00000000eb200000)
  to   space 1024K, 0% used [0x00000000eb300000,0x00000000eb300000,0x00000000eb400000)
 ParOldGen       total 218624K, used 218494K [0x00000000c0000000, 0x00000000cd580000, 0x00000000eab00000)
  object space 218624K, 99% used [0x00000000c0000000,0x00000000cd55fb10,0x00000000cd580000)
 Metaspace       used 47195K, committed 48512K, reserved 1114112K
  class space    used 5009K, committed 5568K, reserved 1048576K
}
Event: 12.933 GC heap before
{Heap before GC invocations=150 (full 2):
 PSYoungGen      total 7168K, used 6528K [0x00000000eab00000, 0x00000000eb400000, 0x0000000100000000)
  eden space 5632K, 100% used [0x00000000eab00000,0x00000000eb080000,0x00000000eb080000)
  from space 1536K, 58% used [0x00000000eb080000,0x00000000eb160000,0x00000000eb200000)
  to   space 1024K, 0% used [0x00000000eb300000,0x00000000eb300000,0x00000000eb400000)
 ParOldGen       total 218624K, used 218494K [0x00000000c0000000, 0x00000000cd580000, 0x00000000eab00000)
  object space 218624K, 99% used [0x00000000c0000000,0x00000000cd55fb10,0x00000000cd580000)
 Metaspace       used 47199K, committed 48512K, reserved 1114112K
  class space    used 5009K, committed 5568K, reserved 1048576K
}
Event: 12.936 GC heap after
{Heap after GC invocations=150 (full 2):
 PSYoungGen      total 8192K, used 924K [0x00000000eab00000, 0x00000000eb400000, 0x0000000100000000)
  eden space 7168K, 0% used [0x00000000eab00000,0x00000000eab00000,0x00000000eb200000)
  from space 1024K, 90% used [0x00000000eb300000,0x00000000eb3e7010,0x00000000eb400000)
  to   space 1024K, 0% used [0x00000000eb200000,0x00000000eb200000,0x00000000eb300000)
 ParOldGen       total 219648K, used 219289K [0x00000000c0000000, 0x00000000cd680000, 0x00000000eab00000)
  object space 219648K, 99% used [0x00000000c0000000,0x00000000cd6266d0,0x00000000cd680000)
 Metaspace       used 47199K, committed 48512K, reserved 1114112K
  class space    used 5009K, committed 5568K, reserved 1048576K
}
Event: 12.955 GC heap before
{Heap before GC invocations=151 (full 2):
 PSYoungGen      total 8192K, used 8092K [0x00000000eab00000, 0x00000000eb400000, 0x0000000100000000)
  eden space 7168K, 100% used [0x00000000eab00000,0x00000000eb200000,0x00000000eb200000)
  from space 1024K, 90% used [0x00000000eb300000,0x00000000eb3e7010,0x00000000eb400000)
  to   space 1024K, 0% used [0x00000000eb200000,0x00000000eb200000,0x00000000eb300000)
 ParOldGen       total 219648K, used 219289K [0x00000000c0000000, 0x00000000cd680000, 0x00000000eab00000)
  object space 219648K, 99% used [0x00000000c0000000,0x00000000cd6266d0,0x00000000cd680000)
 Metaspace       used 47212K, committed 48512K, reserved 1114112K
  class space    used 5009K, committed 5568K, reserved 1048576K
}
Event: 12.958 GC heap after
{Heap after GC invocations=151 (full 2):
 PSYoungGen      total 8192K, used 1016K [0x00000000eab00000, 0x00000000eb880000, 0x0000000100000000)
  eden space 7168K, 0% used [0x00000000eab00000,0x00000000eab00000,0x00000000eb200000)
  from space 1024K, 99% used [0x00000000eb200000,0x00000000eb2fe008,0x00000000eb300000)
  to   space 2560K, 0% used [0x00000000eb600000,0x00000000eb600000,0x00000000eb880000)
 ParOldGen       total 220672K, used 220368K [0x00000000c0000000, 0x00000000cd780000, 0x00000000eab00000)
  object space 220672K, 99% used [0x00000000c0000000,0x00000000cd734328,0x00000000cd780000)
 Metaspace       used 47212K, committed 48512K, reserved 1114112K
  class space    used 5009K, committed 5568K, reserved 1048576K
}
Event: 12.974 GC heap before
{Heap before GC invocations=152 (full 2):
 PSYoungGen      total 8192K, used 8184K [0x00000000eab00000, 0x00000000eb880000, 0x0000000100000000)
  eden space 7168K, 100% used [0x00000000eab00000,0x00000000eb200000,0x00000000eb200000)
  from space 1024K, 99% used [0x00000000eb200000,0x00000000eb2fe008,0x00000000eb300000)
  to   space 2560K, 0% used [0x00000000eb600000,0x00000000eb600000,0x00000000eb880000)
 ParOldGen       total 220672K, used 220368K [0x00000000c0000000, 0x00000000cd780000, 0x00000000eab00000)
  object space 220672K, 99% used [0x00000000c0000000,0x00000000cd734328,0x00000000cd780000)
 Metaspace       used 47213K, committed 48512K, reserved 1114112K
  class space    used 5009K, committed 5568K, reserved 1048576K
}
Event: 12.977 GC heap after
{Heap after GC invocations=152 (full 2):
 PSYoungGen      total 10240K, used 1152K [0x00000000eab00000, 0x00000000eb780000, 0x0000000100000000)
  eden space 8704K, 0% used [0x00000000eab00000,0x00000000eab00000,0x00000000eb380000)
  from space 1536K, 75% used [0x00000000eb600000,0x00000000eb720000,0x00000000eb780000)
  to   space 1536K, 0% used [0x00000000eb480000,0x00000000eb480000,0x00000000eb600000)
 ParOldGen       total 221696K, used 221393K [0x00000000c0000000, 0x00000000cd880000, 0x00000000eab00000)
  object space 221696K, 99% used [0x00000000c0000000,0x00000000cd8345a0,0x00000000cd880000)
 Metaspace       used 47213K, committed 48512K, reserved 1114112K
  class space    used 5009K, committed 5568K, reserved 1048576K
}

Dll operation events (10 events):
Event: 0.020 Loaded shared library c:\Users\ASUS\.vscode\extensions\redhat.java-1.42.0-win32-x64\jre\21.0.7-win32-x86_64\bin\java.dll
Event: 0.122 Loaded shared library c:\Users\ASUS\.vscode\extensions\redhat.java-1.42.0-win32-x64\jre\21.0.7-win32-x86_64\bin\zip.dll
Event: 0.155 Loaded shared library C:\Users\ASUS\.vscode\extensions\redhat.java-1.42.0-win32-x64\jre\21.0.7-win32-x86_64\bin\instrument.dll
Event: 0.163 Loaded shared library C:\Users\ASUS\.vscode\extensions\redhat.java-1.42.0-win32-x64\jre\21.0.7-win32-x86_64\bin\net.dll
Event: 0.166 Loaded shared library C:\Users\ASUS\.vscode\extensions\redhat.java-1.42.0-win32-x64\jre\21.0.7-win32-x86_64\bin\nio.dll
Event: 0.171 Loaded shared library C:\Users\ASUS\.vscode\extensions\redhat.java-1.42.0-win32-x64\jre\21.0.7-win32-x86_64\bin\zip.dll
Event: 0.197 Loaded shared library C:\Users\ASUS\.vscode\extensions\redhat.java-1.42.0-win32-x64\jre\21.0.7-win32-x86_64\bin\jimage.dll
Event: 0.331 Loaded shared library c:\Users\ASUS\.vscode\extensions\redhat.java-1.42.0-win32-x64\jre\21.0.7-win32-x86_64\bin\verify.dll
Event: 2.179 Loaded shared library C:\Users\ASUS\AppData\Roaming\Code\User\globalStorage\redhat.java\1.42.0\config_win\org.eclipse.equinox.launcher\org.eclipse.equinox.launcher.win32.win32.x86_64_1.2.1300.v20250331-1702\eclipse_11911.dll
Event: 3.943 Loaded shared library C:\Users\ASUS\AppData\Local\Temp\jna-2018896\jna17157793294457495999.dll

Deoptimization events (20 events):
Event: 11.655 Thread 0x000001aced5766d0 DEOPT PACKING pc=0x000001ac9b9d55c4 sp=0x0000009de7dfd880
Event: 11.655 Thread 0x000001aced5766d0 DEOPT UNPACKING pc=0x000001ac9b173aa2 sp=0x0000009de7dfd850 mode 2
Event: 11.655 Thread 0x000001aced5766d0 Uncommon trap: trap_request=0xffffffbe fr.pc=0x000001ac9b9d55c4 relative=0x0000000000000ba4
Event: 11.655 Thread 0x000001aced5766d0 Uncommon trap: reason=profile_predicate action=maybe_recompile pc=0x000001ac9b9d55c4 method=java.util.TimSort.binarySort([Ljava/lang/Object;IIILjava/util/Comparator;)V @ 34 c2
Event: 11.655 Thread 0x000001aced5766d0 DEOPT PACKING pc=0x000001ac9b9d55c4 sp=0x0000009de7dfd880
Event: 11.655 Thread 0x000001aced5766d0 DEOPT UNPACKING pc=0x000001ac9b173aa2 sp=0x0000009de7dfd850 mode 2
Event: 11.675 Thread 0x000001aced5766d0 Uncommon trap: trap_request=0xffffffde fr.pc=0x000001ac9b84995c relative=0x00000000000004fc
Event: 11.675 Thread 0x000001aced5766d0 Uncommon trap: reason=class_check action=maybe_recompile pc=0x000001ac9b84995c method=java.util.ImmutableCollections$MapN.probe(Ljava/lang/Object;)I @ 1 c2
Event: 11.675 Thread 0x000001aced5766d0 DEOPT PACKING pc=0x000001ac9b84995c sp=0x0000009de7dfd9b0
Event: 11.675 Thread 0x000001aced5766d0 DEOPT UNPACKING pc=0x000001ac9b173aa2 sp=0x0000009de7dfd8f0 mode 2
Event: 11.756 Thread 0x000001aced5766d0 Uncommon trap: trap_request=0xffffff76 fr.pc=0x000001ac9b9db608 relative=0x0000000000000b08
Event: 11.756 Thread 0x000001aced5766d0 Uncommon trap: reason=predicate action=maybe_recompile pc=0x000001ac9b9db608 method=java.util.TimSort.countRunAndMakeAscending([Ljava/lang/Object;IILjava/util/Comparator;)I @ 54 c2
Event: 11.756 Thread 0x000001aced5766d0 DEOPT PACKING pc=0x000001ac9b9db608 sp=0x0000009de7dfd930
Event: 11.756 Thread 0x000001aced5766d0 DEOPT UNPACKING pc=0x000001ac9b173aa2 sp=0x0000009de7dfd828 mode 2
Event: 11.841 Thread 0x000001aced5766d0 Uncommon trap: trap_request=0xffffff45 fr.pc=0x000001ac9b96dc94 relative=0x0000000000000234
Event: 11.841 Thread 0x000001aced5766d0 Uncommon trap: reason=unstable_if action=reinterpret pc=0x000001ac9b96dc94 method=org.eclipse.jdt.internal.compiler.parser.Scanner.scanIdentifierOrKeywordWithBoundCheck()Lorg/eclipse/jdt/internal/compiler/parser/TerminalToken; @ 146 c2
Event: 11.841 Thread 0x000001aced5766d0 DEOPT PACKING pc=0x000001ac9b96dc94 sp=0x0000009de7dfd230
Event: 11.842 Thread 0x000001aced5766d0 DEOPT UNPACKING pc=0x000001ac9b173aa2 sp=0x0000009de7dfd1b0 mode 2
Event: 11.863 Thread 0x000001aced5766d0 DEOPT PACKING pc=0x000001ac9457031f sp=0x0000009de7dfd9f0
Event: 11.863 Thread 0x000001aced5766d0 DEOPT UNPACKING pc=0x000001ac9b174242 sp=0x0000009de7dfcec8 mode 0

Classes loaded (20 events):
Event: 6.915 Loading class java/util/concurrent/CompletionService
Event: 6.916 Loading class java/util/concurrent/CompletionService done
Event: 6.929 Loading class sun/reflect/generics/scope/ConstructorScope
Event: 6.929 Loading class sun/reflect/generics/scope/ConstructorScope done
Event: 6.929 Loading class sun/reflect/generics/tree/VoidDescriptor
Event: 6.929 Loading class sun/reflect/generics/tree/VoidDescriptor done
Event: 7.212 Loading class java/nio/channels/ServerSocketChannel
Event: 7.212 Loading class java/nio/channels/ServerSocketChannel done
Event: 7.411 Loading class java/lang/ExceptionInInitializerError
Event: 7.411 Loading class java/lang/ExceptionInInitializerError done
Event: 7.844 Loading class java/lang/ProcessEnvironment$CheckedKeySet
Event: 7.844 Loading class java/lang/ProcessEnvironment$CheckedKeySet done
Event: 7.869 Loading class java/lang/invoke/MethodHandleImpl$CountingWrapper
Event: 7.869 Loading class java/lang/invoke/MethodHandleImpl$CountingWrapper done
Event: 8.050 Loading class java/util/regex/Pattern$Pos
Event: 8.051 Loading class java/util/regex/Pattern$Pos done
Event: 8.072 Loading class sun/security/provider/MD5
Event: 8.072 Loading class sun/security/provider/MD5 done
Event: 8.073 Loading class sun/security/provider/ByteArrayAccess$LE
Event: 8.074 Loading class sun/security/provider/ByteArrayAccess$LE done

Classes unloaded (7 events):
Event: 4.547 Thread 0x000001ac90a9ec00 Unloading class 0x000001aca61a3c00 'java/lang/invoke/LambdaForm$MH+0x000001aca61a3c00'
Event: 4.547 Thread 0x000001ac90a9ec00 Unloading class 0x000001aca61a3800 'java/lang/invoke/LambdaForm$MH+0x000001aca61a3800'
Event: 4.547 Thread 0x000001ac90a9ec00 Unloading class 0x000001aca61a3400 'java/lang/invoke/LambdaForm$MH+0x000001aca61a3400'
Event: 4.547 Thread 0x000001ac90a9ec00 Unloading class 0x000001aca61a3000 'java/lang/invoke/LambdaForm$MH+0x000001aca61a3000'
Event: 4.547 Thread 0x000001ac90a9ec00 Unloading class 0x000001aca61a2c00 'java/lang/invoke/LambdaForm$BMH+0x000001aca61a2c00'
Event: 4.547 Thread 0x000001ac90a9ec00 Unloading class 0x000001aca61a2800 'java/lang/invoke/LambdaForm$DMH+0x000001aca61a2800'
Event: 4.547 Thread 0x000001ac90a9ec00 Unloading class 0x000001aca61a1400 'java/lang/invoke/LambdaForm$DMH+0x000001aca61a1400'

Classes redefined (0 events):
No events

Internal exceptions (20 events):
Event: 6.364 Thread 0x000001aced574600 Exception <a 'java/lang/NoSuchMethodError'{0x00000000eac0b288}: 'java.lang.Object java.lang.invoke.DirectMethodHandle$Holder.newInvokeSpecial(java.lang.Object, java.lang.Object, java.lang.Object, int)'> (0x00000000eac0b288) 
thrown [s\src\hotspot\share\interpreter\linkResolver.cpp, line 773]
Event: 6.364 Thread 0x000001aced574600 Exception <a 'java/lang/NoSuchMethodError'{0x00000000eac0ef40}: 'java.lang.Object java.lang.invoke.DirectMethodHandle$Holder.invokeSpecial(java.lang.Object, java.lang.Object, java.lang.Object, java.lang.Object, int)'> (0x00000000eac0ef40) 
thrown [s\src\hotspot\share\interpreter\linkResolver.cpp, line 773]
Event: 6.365 Thread 0x000001aced574600 Exception <a 'java/lang/NoSuchMethodError'{0x00000000eac123e8}: 'java.lang.Object java.lang.invoke.Invokers$Holder.linkToTargetMethod(java.lang.Object, java.lang.Object, int, java.lang.Object)'> (0x00000000eac123e8) 
thrown [s\src\hotspot\share\interpreter\linkResolver.cpp, line 773]
Event: 6.379 Thread 0x000001aced574600 Exception <a 'java/lang/NoSuchMethodError'{0x00000000eac93d60}: 'void java.lang.invoke.DirectMethodHandle$Holder.invokeStaticInit(java.lang.Object, java.lang.Object, java.lang.Object)'> (0x00000000eac93d60) 
thrown [s\src\hotspot\share\interpreter\linkResolver.cpp, line 773]
Event: 6.544 Thread 0x000001ac909fc6e0 Implicit null exception at 0x000001ac9b89f0ba to 0x000001ac9b89f0f4
Event: 7.151 Thread 0x000001aced574600 Implicit null exception at 0x000001ac9b72ceda to 0x000001ac9b72cfd8
Event: 7.412 Thread 0x000001aced5738e0 Exception <a 'java/lang/ExceptionInInitializerError'{0x00000000eaf13650}> (0x00000000eaf13650) 
thrown [s\src\hotspot\share\oops\instanceKlass.cpp, line 1220]
Event: 7.449 Thread 0x000001aced5738e0 Implicit null exception at 0x000001ac9b7f42fe to 0x000001ac9b7f4570
Event: 7.449 Thread 0x000001aced5738e0 Implicit null exception at 0x000001ac9b770ebc to 0x000001ac9b771e04
Event: 7.455 Thread 0x000001aced5738e0 Exception <a 'java/lang/NoSuchMethodError'{0x00000000eb5f0920}: 'java.lang.Object java.lang.invoke.Invokers$Holder.invokeExact_MT(java.lang.Object, int, java.lang.Object)'> (0x00000000eb5f0920) 
thrown [s\src\hotspot\share\interpreter\linkResolver.cpp, line 773]
Event: 7.826 Thread 0x000001aced5738e0 Exception <a 'java/lang/NoClassDefFoundError'{0x00000000eb3c0f38}: com/google/inject/servlet/ServletModuleTargetVisitor> (0x00000000eb3c0f38) 
thrown [s\src\hotspot\share\classfile\systemDictionary.cpp, line 301]
Event: 7.869 Thread 0x000001aced5738e0 Exception <a 'java/lang/NoSuchMethodError'{0x00000000eac73100}: 'java.lang.Object java.lang.invoke.DirectMethodHandle$Holder.invokeStatic(java.lang.Object, int, java.lang.Object, java.lang.Object)'> (0x00000000eac73100) 
thrown [s\src\hotspot\share\interpreter\linkResolver.cpp, line 773]
Event: 7.869 Thread 0x000001aced5738e0 Exception <a 'java/lang/NoSuchMethodError'{0x00000000eac76900}: 'java.lang.Object java.lang.invoke.DelegatingMethodHandle$Holder.delegate(java.lang.Object, int, java.lang.Object, java.lang.Object)'> (0x00000000eac76900) 
thrown [s\src\hotspot\share\interpreter\linkResolver.cpp, line 773]
Event: 7.873 Thread 0x000001aced5738e0 Exception <a 'java/lang/NoSuchMethodError'{0x00000000eacfeaa8}: 'int java.lang.invoke.Invokers$Holder.linkToTargetMethod(java.lang.Object, java.lang.Object, java.lang.Object)'> (0x00000000eacfeaa8) 
thrown [s\src\hotspot\share\interpreter\linkResolver.cpp, line 773]
Event: 9.945 Thread 0x000001aced574600 Implicit null exception at 0x000001ac9b9e34df to 0x000001ac9b9e8d4c
Event: 11.524 Thread 0x000001aced5766d0 Exception <a 'sun/nio/fs/WindowsException'{0x00000000eab767f0}> (0x00000000eab767f0) 
thrown [s\src\hotspot\share\prims\jni.cpp, line 520]
Event: 11.524 Thread 0x000001aced5766d0 Exception <a 'sun/nio/fs/WindowsException'{0x00000000eab8e1f0}> (0x00000000eab8e1f0) 
thrown [s\src\hotspot\share\prims\jni.cpp, line 520]
Event: 11.554 Thread 0x000001aced5766d0 Exception <a 'sun/nio/fs/WindowsException'{0x00000000eaeee0a0}> (0x00000000eaeee0a0) 
thrown [s\src\hotspot\share\prims\jni.cpp, line 520]
Event: 11.554 Thread 0x000001aced5766d0 Exception <a 'sun/nio/fs/WindowsException'{0x00000000eaf1d7c8}> (0x00000000eaf1d7c8) 
thrown [s\src\hotspot\share\prims\jni.cpp, line 520]
Event: 11.566 Thread 0x000001aced5766d0 Implicit null exception at 0x000001ac9ba2d341 to 0x000001ac9ba2e0e0

ZGC Phase Switch (0 events):
No events

VM Operations (20 events):
Event: 11.838 Executing VM operation: ParallelGCFailedAllocation (Allocation Failure) done
Event: 11.844 Executing VM operation: ParallelGCFailedAllocation (Allocation Failure)
Event: 11.847 Executing VM operation: ParallelGCFailedAllocation (Allocation Failure) done
Event: 11.856 Executing VM operation: ParallelGCFailedAllocation (Allocation Failure)
Event: 11.858 Executing VM operation: ParallelGCFailedAllocation (Allocation Failure) done
Event: 11.872 Executing VM operation: ParallelGCFailedAllocation (Allocation Failure)
Event: 11.875 Executing VM operation: ParallelGCFailedAllocation (Allocation Failure) done
Event: 11.890 Executing VM operation: ParallelGCFailedAllocation (Allocation Failure)
Event: 11.893 Executing VM operation: ParallelGCFailedAllocation (Allocation Failure) done
Event: 11.904 Executing VM operation: ParallelGCFailedAllocation (Allocation Failure)
Event: 12.907 Executing VM operation: ParallelGCFailedAllocation (Allocation Failure) done
Event: 12.920 Executing VM operation: ParallelGCFailedAllocation (Allocation Failure)
Event: 12.923 Executing VM operation: ParallelGCFailedAllocation (Allocation Failure) done
Event: 12.933 Executing VM operation: ParallelGCFailedAllocation (Allocation Failure)
Event: 12.936 Executing VM operation: ParallelGCFailedAllocation (Allocation Failure) done
Event: 12.955 Executing VM operation: ParallelGCFailedAllocation (Allocation Failure)
Event: 12.958 Executing VM operation: ParallelGCFailedAllocation (Allocation Failure) done
Event: 12.974 Executing VM operation: ParallelGCFailedAllocation (Allocation Failure)
Event: 12.977 Executing VM operation: ParallelGCFailedAllocation (Allocation Failure) done
Event: 13.002 Executing VM operation: ParallelGCFailedAllocation (Allocation Failure)

Memory protections (0 events):
No events

Nmethod flushes (20 events):
Event: 5.964 Thread 0x000001ac90a9ec00 flushing  nmethod 0x000001ac9427ab10
Event: 5.964 Thread 0x000001ac90a9ec00 flushing  nmethod 0x000001ac9427bd10
Event: 5.964 Thread 0x000001ac90a9ec00 flushing  nmethod 0x000001ac9427ca10
Event: 5.964 Thread 0x000001ac90a9ec00 flushing  nmethod 0x000001ac9427d190
Event: 5.964 Thread 0x000001ac90a9ec00 flushing  nmethod 0x000001ac9427eb10
Event: 5.964 Thread 0x000001ac90a9ec00 flushing  nmethod 0x000001ac9427f410
Event: 5.964 Thread 0x000001ac90a9ec00 flushing  nmethod 0x000001ac94280110
Event: 5.964 Thread 0x000001ac90a9ec00 flushing  nmethod 0x000001ac94280590
Event: 5.964 Thread 0x000001ac90a9ec00 flushing  nmethod 0x000001ac94282c90
Event: 5.964 Thread 0x000001ac90a9ec00 flushing  nmethod 0x000001ac94284410
Event: 5.964 Thread 0x000001ac90a9ec00 flushing  nmethod 0x000001ac942a2310
Event: 5.964 Thread 0x000001ac90a9ec00 flushing  nmethod 0x000001ac942a9910
Event: 5.964 Thread 0x000001ac90a9ec00 flushing  nmethod 0x000001ac942b1190
Event: 5.964 Thread 0x000001ac90a9ec00 flushing  nmethod 0x000001ac942b3e10
Event: 5.964 Thread 0x000001ac90a9ec00 flushing  nmethod 0x000001ac942b7a90
Event: 5.964 Thread 0x000001ac90a9ec00 flushing  nmethod 0x000001ac942fa610
Event: 5.964 Thread 0x000001ac90a9ec00 flushing  nmethod 0x000001ac94346010
Event: 5.964 Thread 0x000001ac90a9ec00 flushing  nmethod 0x000001ac94346490
Event: 5.964 Thread 0x000001ac90a9ec00 flushing  nmethod 0x000001ac9434af10
Event: 5.964 Thread 0x000001ac90a9ec00 flushing  nmethod 0x000001ac9435e710

Events (20 events):
Event: 5.846 Thread 0x000001ac909fc6e0 Thread added: 0x000001acef5633e0
Event: 5.846 Thread 0x000001ac909fc6e0 Thread added: 0x000001acef5626c0
Event: 5.847 Thread 0x000001ac909fc6e0 Thread added: 0x000001acef564100
Event: 5.847 Thread 0x000001ac909fc6e0 Thread added: 0x000001acef562d50
Event: 5.847 Thread 0x000001ac909fc6e0 Thread added: 0x000001acef5619a0
Event: 5.848 Thread 0x000001ac909fc6e0 Thread added: 0x000001acef560c80
Event: 5.848 Thread 0x000001ac909fc6e0 Thread added: 0x000001acef564790
Event: 5.848 Thread 0x000001ac909fc6e0 Thread added: 0x000001acef561310
Event: 5.849 Thread 0x000001ac909fc6e0 Thread added: 0x000001acef567c10
Event: 5.849 Thread 0x000001ac909fc6e0 Thread added: 0x000001acef5682a0
Event: 5.849 Thread 0x000001ac909fc6e0 Thread added: 0x000001acef5661d0
Event: 5.850 Thread 0x000001ac909fc6e0 Thread added: 0x000001acef566ef0
Event: 5.850 Thread 0x000001ac909fc6e0 Thread added: 0x000001acef564e20
Event: 5.907 Thread 0x000001ac909fc6e0 Thread added: 0x000001acef5654b0
Event: 5.986 Thread 0x000001aced574c90 Thread added: 0x000001acef566860
Event: 6.010 Thread 0x000001acef566860 Thread added: 0x000001acef567580
Event: 6.264 Thread 0x000001ac909fc6e0 Thread added: 0x000001acef565b40
Event: 6.264 Thread 0x000001ac909fc6e0 Thread added: 0x000001aceecdc070
Event: 8.852 Thread 0x000001ace73722b0 Thread added: 0x000001acf8e0df50
Event: 9.672 Thread 0x000001aced3b0810 Thread exited: 0x000001aced3b0810


Dynamic libraries:
0x00007ff685ad0000 - 0x00007ff685ade000 	c:\Users\ASUS\.vscode\extensions\redhat.java-1.42.0-win32-x64\jre\21.0.7-win32-x86_64\bin\java.exe
0x00007fffca200000 - 0x00007fffca460000 	C:\WINDOWS\SYSTEM32\ntdll.dll
0x00007fffc9010000 - 0x00007fffc90d7000 	C:\WINDOWS\System32\KERNEL32.DLL
0x00007fffc73e0000 - 0x00007fffc77aa000 	C:\WINDOWS\System32\KERNELBASE.dll
0x00007fffc7eb0000 - 0x00007fffc7ffb000 	C:\WINDOWS\System32\ucrtbase.dll
0x00007fff96f10000 - 0x00007fff96f2e000 	c:\Users\ASUS\.vscode\extensions\redhat.java-1.42.0-win32-x64\jre\21.0.7-win32-x86_64\bin\VCRUNTIME140.dll
0x00007fffa0310000 - 0x00007fffa0328000 	c:\Users\ASUS\.vscode\extensions\redhat.java-1.42.0-win32-x64\jre\21.0.7-win32-x86_64\bin\jli.dll
0x00007fffc8560000 - 0x00007fffc872c000 	C:\WINDOWS\System32\USER32.dll
0x00007fffb0dd0000 - 0x00007fffb1067000 	C:\WINDOWS\WinSxS\amd64_microsoft.windows.common-controls_6595b64144ccf1df_6.0.26100.3624_none_3e086962e3345f24\COMCTL32.dll
0x00007fffc8100000 - 0x00007fffc81a9000 	C:\WINDOWS\System32\msvcrt.dll
0x00007fffc9570000 - 0x00007fffc959a000 	C:\WINDOWS\System32\GDI32.dll
0x00007fffc7930000 - 0x00007fffc7957000 	C:\WINDOWS\System32\win32u.dll
0x00007fffc7c20000 - 0x00007fffc7d51000 	C:\WINDOWS\System32\gdi32full.dll
0x00007fffc7b70000 - 0x00007fffc7c13000 	C:\WINDOWS\System32\msvcp_win.dll
0x00007fffc9650000 - 0x00007fffc967f000 	C:\WINDOWS\System32\IMM32.DLL
0x00007fffba170000 - 0x00007fffba17c000 	c:\Users\ASUS\.vscode\extensions\redhat.java-1.42.0-win32-x64\jre\21.0.7-win32-x86_64\bin\vcruntime140_1.dll
0x00007fff5cc30000 - 0x00007fff5ccbd000 	c:\Users\ASUS\.vscode\extensions\redhat.java-1.42.0-win32-x64\jre\21.0.7-win32-x86_64\bin\msvcp140.dll
0x00007fff4f950000 - 0x00007fff506e0000 	c:\Users\ASUS\.vscode\extensions\redhat.java-1.42.0-win32-x64\jre\21.0.7-win32-x86_64\bin\server\jvm.dll
0x00007fffc8850000 - 0x00007fffc8902000 	C:\WINDOWS\System32\ADVAPI32.dll
0x00007fffc9700000 - 0x00007fffc97a6000 	C:\WINDOWS\System32\sechost.dll
0x00007fffc8730000 - 0x00007fffc8846000 	C:\WINDOWS\System32\RPCRT4.dll
0x00007fffc8ca0000 - 0x00007fffc8d14000 	C:\WINDOWS\System32\WS2_32.dll
0x00007fffc7250000 - 0x00007fffc72ae000 	C:\WINDOWS\SYSTEM32\POWRPROF.dll
0x00007fffc0830000 - 0x00007fffc083b000 	C:\WINDOWS\SYSTEM32\VERSION.dll
0x00007fffba540000 - 0x00007fffba576000 	C:\WINDOWS\SYSTEM32\WINMM.dll
0x00007fffc7230000 - 0x00007fffc7244000 	C:\WINDOWS\SYSTEM32\UMPDC.dll
0x00007fffc61d0000 - 0x00007fffc61ea000 	C:\WINDOWS\SYSTEM32\kernel.appcore.dll
0x00007fffb7cf0000 - 0x00007fffb7cfa000 	c:\Users\ASUS\.vscode\extensions\redhat.java-1.42.0-win32-x64\jre\21.0.7-win32-x86_64\bin\jimage.dll
0x00007fffbe760000 - 0x00007fffbe9a1000 	C:\WINDOWS\SYSTEM32\DBGHELP.DLL
0x00007fffc8910000 - 0x00007fffc8c92000 	C:\WINDOWS\System32\combase.dll
0x00007fffc83e0000 - 0x00007fffc84b6000 	C:\WINDOWS\System32\OLEAUT32.dll
0x00007fff8e690000 - 0x00007fff8e6c9000 	C:\WINDOWS\SYSTEM32\dbgcore.DLL
0x00007fffc7ad0000 - 0x00007fffc7b69000 	C:\WINDOWS\System32\bcryptPrimitives.dll
0x00007fffb6fc0000 - 0x00007fffb6fcf000 	c:\Users\ASUS\.vscode\extensions\redhat.java-1.42.0-win32-x64\jre\21.0.7-win32-x86_64\bin\instrument.dll
0x00007fff939f0000 - 0x00007fff93a0f000 	c:\Users\ASUS\.vscode\extensions\redhat.java-1.42.0-win32-x64\jre\21.0.7-win32-x86_64\bin\java.dll
0x00007fffc9a90000 - 0x00007fffca1b9000 	C:\WINDOWS\System32\SHELL32.dll
0x00007fffc7960000 - 0x00007fffc7ac8000 	C:\WINDOWS\System32\wintypes.dll
0x00007fffc5040000 - 0x00007fffc5892000 	C:\WINDOWS\SYSTEM32\windows.storage.dll
0x00007fffc97b0000 - 0x00007fffc989d000 	C:\WINDOWS\System32\SHCORE.dll
0x00007fffc9690000 - 0x00007fffc96f4000 	C:\WINDOWS\System32\shlwapi.dll
0x00007fffc72f0000 - 0x00007fffc731f000 	C:\WINDOWS\SYSTEM32\profapi.dll
0x00007fff938f0000 - 0x00007fff93908000 	c:\Users\ASUS\.vscode\extensions\redhat.java-1.42.0-win32-x64\jre\21.0.7-win32-x86_64\bin\zip.dll
0x00007fffb5590000 - 0x00007fffb55a0000 	C:\Users\ASUS\.vscode\extensions\redhat.java-1.42.0-win32-x64\jre\21.0.7-win32-x86_64\bin\net.dll
0x00007fffc1300000 - 0x00007fffc141d000 	C:\WINDOWS\SYSTEM32\WINHTTP.dll
0x00007fffc6710000 - 0x00007fffc677a000 	C:\WINDOWS\system32\mswsock.dll
0x00007fff93660000 - 0x00007fff93676000 	C:\Users\ASUS\.vscode\extensions\redhat.java-1.42.0-win32-x64\jre\21.0.7-win32-x86_64\bin\nio.dll
0x00007fffb3500000 - 0x00007fffb3510000 	c:\Users\ASUS\.vscode\extensions\redhat.java-1.42.0-win32-x64\jre\21.0.7-win32-x86_64\bin\verify.dll
0x00007fff864d0000 - 0x00007fff86515000 	C:\Users\ASUS\AppData\Roaming\Code\User\globalStorage\redhat.java\1.42.0\config_win\org.eclipse.equinox.launcher\org.eclipse.equinox.launcher.win32.win32.x86_64_1.2.1300.v20250331-1702\eclipse_11911.dll
0x00007fffc81b0000 - 0x00007fffc8346000 	C:\WINDOWS\System32\ole32.dll
0x00007fffc69b0000 - 0x00007fffc69cc000 	C:\WINDOWS\SYSTEM32\CRYPTSP.dll
0x00007fffc6120000 - 0x00007fffc615a000 	C:\WINDOWS\system32\rsaenh.dll
0x00007fffc67b0000 - 0x00007fffc67db000 	C:\WINDOWS\SYSTEM32\USERENV.dll
0x00007fffc72c0000 - 0x00007fffc72e6000 	C:\WINDOWS\SYSTEM32\bcrypt.dll
0x00007fffc69d0000 - 0x00007fffc69dc000 	C:\WINDOWS\SYSTEM32\CRYPTBASE.dll
0x00007fffc5bc0000 - 0x00007fffc5bf3000 	C:\WINDOWS\SYSTEM32\IPHLPAPI.DLL
0x00007fffc9a80000 - 0x00007fffc9a8a000 	C:\WINDOWS\System32\NSI.dll
0x00007fff833f0000 - 0x00007fff83439000 	C:\Users\ASUS\AppData\Local\Temp\jna-2018896\jna17157793294457495999.dll
0x00007fffc8e20000 - 0x00007fffc8e28000 	C:\WINDOWS\System32\PSAPI.DLL
0x00007fffc1a90000 - 0x00007fffc1aaf000 	C:\WINDOWS\SYSTEM32\dhcpcsvc6.DLL
0x00007fffc1740000 - 0x00007fffc1765000 	C:\WINDOWS\SYSTEM32\dhcpcsvc.DLL

dbghelp: loaded successfully - version: 4.0.5 - missing functions: none
symbol engine: initialized successfully - sym options: 0x614 - pdb path: .;c:\Users\ASUS\.vscode\extensions\redhat.java-1.42.0-win32-x64\jre\21.0.7-win32-x86_64\bin;C:\WINDOWS\SYSTEM32;C:\WINDOWS\WinSxS\amd64_microsoft.windows.common-controls_6595b64144ccf1df_6.0.26100.3624_none_3e086962e3345f24;c:\Users\ASUS\.vscode\extensions\redhat.java-1.42.0-win32-x64\jre\21.0.7-win32-x86_64\bin\server;C:\Users\ASUS\AppData\Roaming\Code\User\globalStorage\redhat.java\1.42.0\config_win\org.eclipse.equinox.launcher\org.eclipse.equinox.launcher.win32.win32.x86_64_1.2.1300.v20250331-1702;C:\Users\ASUS\AppData\Local\Temp\jna-2018896

VM Arguments:
jvm_args: --add-modules=ALL-SYSTEM --add-opens=java.base/java.util=ALL-UNNAMED --add-opens=java.base/java.lang=ALL-UNNAMED --add-opens=java.base/sun.nio.fs=ALL-UNNAMED -Declipse.application=org.eclipse.jdt.ls.core.id1 -Dosgi.bundles.defaultStartLevel=4 -Declipse.product=org.eclipse.jdt.ls.core.product -Djava.import.generatesMetadataFilesAtProjectRoot=false -DDetectVMInstallationsJob.disabled=true -Dfile.encoding=utf8 -XX:+UseParallelGC -XX:GCTimeRatio=4 -XX:AdaptiveSizePolicyWeight=90 -Dsun.zip.disableMemoryMapping=true -Xmx1G -Xms100m -Xlog:disable -javaagent:c:\Users\ASUS\.vscode\extensions\redhat.java-1.42.0-win32-x64\lombok\lombok-1.18.36.jar -XX:+HeapDumpOnOutOfMemoryError -XX:HeapDumpPath=c:\Users\ASUS\AppData\Roaming\Code\User\workspaceStorage\4b0376d230ac6989838f7d7fb20bbc41\redhat.java -Daether.dependencyCollector.impl=bf 
java_command: c:\Users\ASUS\.vscode\extensions\redhat.java-1.42.0-win32-x64\server\plugins\org.eclipse.equinox.launcher_1.7.0.v20250424-1814.jar -configuration c:\Users\ASUS\AppData\Roaming\Code\User\globalStorage\redhat.java\1.42.0\config_win -data c:\Users\ASUS\AppData\Roaming\Code\User\workspaceStorage\4b0376d230ac6989838f7d7fb20bbc41\redhat.java\jdt_ws --pipe=\\.\pipe\lsp-27938eb88d1cad052dceec4e01be60d5-sock
java_class_path (initial): c:\Users\ASUS\.vscode\extensions\redhat.java-1.42.0-win32-x64\server\plugins\org.eclipse.equinox.launcher_1.7.0.v20250424-1814.jar
Launcher Type: SUN_STANDARD

[Global flags]
    uintx AdaptiveSizePolicyWeight                 = 90                                        {product} {command line}
     intx CICompilerCount                          = 4                                         {product} {ergonomic}
    uintx GCTimeRatio                              = 4                                         {product} {command line}
     bool HeapDumpOnOutOfMemoryError               = true                                   {manageable} {command line}
    ccstr HeapDumpPath                             = c:\Users\ASUS\AppData\Roaming\Code\User\workspaceStorage\4b0376d230ac6989838f7d7fb20bbc41\redhat.java         {manageable} {command line}
   size_t InitialHeapSize                          = 104857600                                 {product} {command line}
   size_t MaxHeapSize                              = 1073741824                                {product} {command line}
   size_t MaxNewSize                               = 357564416                                 {product} {ergonomic}
   size_t MinHeapDeltaBytes                        = 524288                                    {product} {ergonomic}
   size_t MinHeapSize                              = 104857600                                 {product} {command line}
   size_t NewSize                                  = 34603008                                  {product} {ergonomic}
    uintx NonNMethodCodeHeapSize                   = 5839372                                {pd product} {ergonomic}
    uintx NonProfiledCodeHeapSize                  = 122909434                              {pd product} {ergonomic}
   size_t OldSize                                  = 70254592                                  {product} {ergonomic}
    uintx ProfiledCodeHeapSize                     = 122909434                              {pd product} {ergonomic}
    uintx ReservedCodeCacheSize                    = 251658240                              {pd product} {ergonomic}
     bool SegmentedCodeCache                       = true                                      {product} {ergonomic}
   size_t SoftMaxHeapSize                          = 1073741824                             {manageable} {ergonomic}
     bool UseCompressedOops                        = true                           {product lp64_product} {ergonomic}
     bool UseLargePagesIndividualAllocation        = false                                  {pd product} {ergonomic}
     bool UseParallelGC                            = true                                      {product} {command line}

Logging:
Log output configuration:
 #0: stdout all=off uptime,level,tags foldmultilines=false
 #1: stderr all=off uptime,level,tags foldmultilines=false

Environment Variables:
PATH=C:\Program Files (x86)\VMware\VMware Workstation\bin\;C:\Program Files\Eclipse Adoptium\jdk-21.0.4.7-hotspot\bin;C:\WINDOWS\system32;C:\WINDOWS;C:\WINDOWS\System32\Wbem;C:\WINDOWS\System32\WindowsPowerShell\v1.0\;C:\WINDOWS\System32\OpenSSH\;C:\Program Files (x86)\NVIDIA Corporation\PhysX\Common;C:\Program Files\NVIDIA Corporation\NVIDIA NvDLISR;C:\Program Files\dotnet\;C:\Program Files (x86)\Git\cmd;C:\Program Files\nodejs\;%MAVEN_HOME%\bin.;C:\Users\ASUS\Downloads\apache-maven-3.9.9\bin;C:\Users\ASUS\AppData\Local\Programs\Python\Python313\Scripts\;C:\Users\ASUS\AppData\Local\Programs\Python\Python313\;C:\Users\ASUS\.cargo\bin;C:\Users\ASUS\AppData\Local\Microsoft\WindowsApps;C:\Users\ASUS\AppData\Local\Programs\Microsoft VS Code\bin;;C:\Program Files\JetBrains\IntelliJ IDEA 2024.3.5\bin;;C:\Users\ASUS\AppData\Roaming\npm
USERNAME=ASUS
OS=Windows_NT
PROCESSOR_IDENTIFIER=AMD64 Family 25 Model 68 Stepping 1, AuthenticAMD
TMP=C:\Users\ASUS\AppData\Local\Temp
TEMP=C:\Users\ASUS\AppData\Local\Temp




Periodic native trim disabled

---------------  S Y S T E M  ---------------

OS:
 Windows 11 , 64 bit Build 26100 (10.0.26100.3775)
OS uptime: 4 days 3:52 hours
Hyper-V role detected

CPU: total 12 (initial active 12) (12 cores per cpu, 2 threads per core) family 25 model 68 stepping 1 microcode 0xa404102, cx8, cmov, fxsr, ht, mmx, 3dnowpref, sse, sse2, sse3, ssse3, sse4a, sse4.1, sse4.2, popcnt, lzcnt, tsc, tscinvbit, avx, avx2, aes, erms, clmul, bmi1, bmi2, adx, sha, fma, vzeroupper, clflush, clflushopt, hv, rdtscp, rdpid, fsrm, f16c, cet_ss
Processor Information for processor 0
  Max Mhz: 3301, Current Mhz: 2024, Mhz Limit: 3301
Processor Information for processor 1
  Max Mhz: 3301, Current Mhz: 2024, Mhz Limit: 3301
Processor Information for processor 2
  Max Mhz: 3301, Current Mhz: 2024, Mhz Limit: 3301
Processor Information for processor 3
  Max Mhz: 3301, Current Mhz: 2024, Mhz Limit: 3301
Processor Information for processor 4
  Max Mhz: 3301, Current Mhz: 2024, Mhz Limit: 3301
Processor Information for processor 5
  Max Mhz: 3301, Current Mhz: 2024, Mhz Limit: 3301
Processor Information for processor 6
  Max Mhz: 3301, Current Mhz: 2024, Mhz Limit: 3301
Processor Information for processor 7
  Max Mhz: 3301, Current Mhz: 2024, Mhz Limit: 3301
Processor Information for processor 8
  Max Mhz: 3301, Current Mhz: 2024, Mhz Limit: 3301
Processor Information for processor 9
  Max Mhz: 3301, Current Mhz: 2496, Mhz Limit: 3301
Processor Information for processor 10
  Max Mhz: 3301, Current Mhz: 2024, Mhz Limit: 3301
Processor Information for processor 11
  Max Mhz: 3301, Current Mhz: 2024, Mhz Limit: 3301

Memory: 4k page, system-wide physical 7498M (818M free)
TotalPageFile size 30026M (AvailPageFile size 5M)
current process WorkingSet (physical memory assigned to process): 510M, peak: 510M
current process commit charge ("private bytes"): 492M, peak: 492M

vm_info: OpenJDK 64-Bit Server VM (21.0.7+6-LTS) for windows-amd64 JRE (21.0.7+6-LTS), built on 2025-04-15T00:00:00Z by "admin" with MS VC++ 17.7 (VS2022)

END.
