#
# There is insufficient memory for the Java Runtime Environment to continue.
# Native memory allocation (malloc) failed to allocate 1431424 bytes. Error detail: Chunk::new
# Possible reasons:
#   The system is out of physical RAM or swap space
#   This process is running with CompressedOops enabled, and the Java Heap may be blocking the growth of the native heap
# Possible solutions:
#   Reduce memory load on the system
#   Increase physical memory or swap space
#   Check if swap backing store is full
#   Decrease Java heap size (-Xmx/-Xms)
#   Decrease number of Java threads
#   Decrease Java thread stack sizes (-Xss)
#   Set larger code cache with -XX:ReservedCodeCacheSize=
#   JVM is running with Unscaled Compressed Oops mode in which the Java heap is
#     placed in the first 4GB address space. The Java Heap base address is the
#     maximum limit for the native heap growth. Please use -XX:HeapBaseMinAddress
#     to set the Java Heap base and to place the Java Heap above 4GB virtual address.
# This output file may be truncated or incomplete.
#
#  Out of Memory Error (arena.cpp:168), pid=10404, tid=27760
#
# JRE version: OpenJDK Runtime Environment Temurin-21.0.7+6 (21.0.7+6) (build 21.0.7+6-LTS)
# Java VM: OpenJDK 64-Bit Server VM Temurin-21.0.7+6 (21.0.7+6-LTS, mixed mode, sharing, tiered, compressed oops, compressed class ptrs, parallel gc, windows-amd64)
# No core dump will be written. Minidumps are not enabled by default on client versions of Windows
#

---------------  S U M M A R Y ------------

Command Line: --add-modules=ALL-SYSTEM --add-opens=java.base/java.util=ALL-UNNAMED --add-opens=java.base/java.lang=ALL-UNNAMED --add-opens=java.base/sun.nio.fs=ALL-UNNAMED -Declipse.application=org.eclipse.jdt.ls.core.id1 -Dosgi.bundles.defaultStartLevel=4 -Declipse.product=org.eclipse.jdt.ls.core.product -Djava.import.generatesMetadataFilesAtProjectRoot=false -DDetectVMInstallationsJob.disabled=true -Dfile.encoding=utf8 -XX:+UseParallelGC -XX:GCTimeRatio=4 -XX:AdaptiveSizePolicyWeight=90 -Dsun.zip.disableMemoryMapping=true -Xmx1G -Xms100m -Xlog:disable -javaagent:c:\Users\ASUS\.vscode\extensions\redhat.java-1.42.0-win32-x64\lombok\lombok-1.18.36.jar -XX:+HeapDumpOnOutOfMemoryError -XX:HeapDumpPath=c:\Users\ASUS\AppData\Roaming\Code\User\workspaceStorage\4b0376d230ac6989838f7d7fb20bbc41\redhat.java -Daether.dependencyCollector.impl=bf c:\Users\ASUS\.vscode\extensions\redhat.java-1.42.0-win32-x64\server\plugins\org.eclipse.equinox.launcher_1.7.0.v20250424-1814.jar -configuration c:\Users\ASUS\AppData\Roaming\Code\User\globalStorage\redhat.java\1.42.0\config_win -data c:\Users\ASUS\AppData\Roaming\Code\User\workspaceStorage\4b0376d230ac6989838f7d7fb20bbc41\redhat.java\jdt_ws --pipe=\\.\pipe\lsp-591e1783042e5331aea663de7afdd243-sock

Host: AMD Ryzen 5 7535HS with Radeon Graphics        , 12 cores, 7G,  Windows 11 , 64 bit Build 26100 (10.0.26100.3775)
Time: Fri May 16 00:55:20 2025 SE Asia Standard Time elapsed time: 8.957410 seconds (0d 0h 0m 8s)

---------------  T H R E A D  ---------------

Current thread (0x0000022968e4c9d0):  JavaThread "C2 CompilerThread2" daemon [_thread_in_native, id=27760, stack(0x000000e266f00000,0x000000e267000000) (1024K)]


Current CompileTask:
C2:8957 8028       4       org.eclipse.jdt.internal.core.search.indexing.BinaryIndexer::extractReferenceFromConstantPool (358 bytes)

Stack: [0x000000e266f00000,0x000000e267000000]
Native frames: (J=compiled Java code, j=interpreted, Vv=VM code, C=native code)
V  [jvm.dll+0x6ce119]
V  [jvm.dll+0x8a84a1]
V  [jvm.dll+0x8aa9ce]
V  [jvm.dll+0x8ab0b3]
V  [jvm.dll+0x27f8a6]
V  [jvm.dll+0xc507d]
V  [jvm.dll+0xc55b3]
V  [jvm.dll+0x3b692c]
V  [jvm.dll+0x1e0029]
V  [jvm.dll+0x247c42]
V  [jvm.dll+0x2470cf]
V  [jvm.dll+0x1c760e]
V  [jvm.dll+0x25695a]
V  [jvm.dll+0x254efa]
V  [jvm.dll+0x3f03f6]
V  [jvm.dll+0x851f6b]
V  [jvm.dll+0x6cc7dd]
C  [ucrtbase.dll+0x37b0]
C  [KERNEL32.DLL+0x2e8d7]
C  [ntdll.dll+0xb14fc]


---------------  P R O C E S S  ---------------

Threads class SMR info:
_java_thread_list=0x000002296c85e0d0, length=76, elements={
0x000002290c4fd690, 0x00000229639944b0, 0x00000229208ed5b0, 0x0000022963997b30,
0x000002296399a690, 0x00000229639a5430, 0x00000229639a9e60, 0x00000229639b4a70,
0x00000229639b62d0, 0x00000229639ac5c0, 0x00000229639abf30, 0x00000229639acc50,
0x00000229639aa4f0, 0x00000229639ab210, 0x00000229639a97d0, 0x00000229639aab80,
0x00000229639ab8a0, 0x0000022968cb84d0, 0x0000022968cb8b60, 0x0000022968cb9880,
0x0000022968cb7120, 0x00000229693d85e0, 0x0000022968cb7e40, 0x0000022968e4c9d0,
0x0000022968cb9f10, 0x0000022968cb6a90, 0x0000022968cb77b0, 0x0000022968cbb950,
0x0000022968cbac30, 0x0000022968cba5a0, 0x0000022968cbcd00, 0x0000022968cbb2c0,
0x0000022968cbda20, 0x0000022968cbd390, 0x0000022968cbe0b0, 0x0000022968cbbfe0,
0x0000022968cbc670, 0x000002296b819f10, 0x000002296b81ac30, 0x000002296b81bfe0,
0x000002296b81cd00, 0x000002296b81d390, 0x000002296b81da20, 0x000002296b81b950,
0x000002296b81b2c0, 0x000002296b81a5a0, 0x000002296b81faf0, 0x000002296b821530,
0x000002296b81f460, 0x000002296b81e740, 0x000002296b81e0b0, 0x000002296b820180,
0x0000022969b84a00, 0x0000022969b85720, 0x0000022969b85db0, 0x0000022969b83650,
0x0000022969b86440, 0x0000022969b85090, 0x0000022969b83ce0, 0x0000022969b86ad0,
0x0000022969b87160, 0x0000022969b877f0, 0x0000022969b84370, 0x0000022969b87e80,
0x0000022969b898c0, 0x0000022969b88510, 0x0000022969b89230, 0x0000022969b89f50,
0x0000022969b88ba0, 0x0000022969b8ac70, 0x000002296a0de600, 0x000002296a0e0040,
0x000002296a0df9b0, 0x000002296a0df320, 0x000002296a0ddf70, 0x000002296a0e2e30
}

Java Threads: ( => current thread )
  0x000002290c4fd690 JavaThread "main"                              [_thread_blocked, id=27784, stack(0x000000e264b00000,0x000000e264c00000) (1024K)]
  0x00000229639944b0 JavaThread "Reference Handler"          daemon [_thread_blocked, id=4708, stack(0x000000e264f00000,0x000000e265000000) (1024K)]
  0x00000229208ed5b0 JavaThread "Finalizer"                  daemon [_thread_blocked, id=26328, stack(0x000000e265000000,0x000000e265100000) (1024K)]
  0x0000022963997b30 JavaThread "Signal Dispatcher"          daemon [_thread_blocked, id=39876, stack(0x000000e265100000,0x000000e265200000) (1024K)]
  0x000002296399a690 JavaThread "Attach Listener"            daemon [_thread_blocked, id=37676, stack(0x000000e265200000,0x000000e265300000) (1024K)]
  0x00000229639a5430 JavaThread "Service Thread"             daemon [_thread_blocked, id=26788, stack(0x000000e265300000,0x000000e265400000) (1024K)]
  0x00000229639a9e60 JavaThread "Monitor Deflation Thread"   daemon [_thread_blocked, id=6876, stack(0x000000e265400000,0x000000e265500000) (1024K)]
  0x00000229639b4a70 JavaThread "C2 CompilerThread0"         daemon [_thread_in_native, id=21040, stack(0x000000e265500000,0x000000e265600000) (1024K)]
  0x00000229639b62d0 JavaThread "C1 CompilerThread0"         daemon [_thread_in_vm, id=8024, stack(0x000000e265600000,0x000000e265700000) (1024K)]
  0x00000229639ac5c0 JavaThread "Common-Cleaner"             daemon [_thread_blocked, id=37020, stack(0x000000e265700000,0x000000e265800000) (1024K)]
  0x00000229639abf30 JavaThread "Notification Thread"        daemon [_thread_blocked, id=36092, stack(0x000000e265900000,0x000000e265a00000) (1024K)]
  0x00000229639acc50 JavaThread "Active Thread: Equinox Container: f25eb89b-69a2-4d39-95d6-cdae522fdf16"        [_thread_blocked, id=4060, stack(0x000000e266100000,0x000000e266200000) (1024K)]
  0x00000229639aa4f0 JavaThread "Refresh Thread: Equinox Container: f25eb89b-69a2-4d39-95d6-cdae522fdf16" daemon [_thread_blocked, id=36188, stack(0x000000e266200000,0x000000e266300000) (1024K)]
  0x00000229639ab210 JavaThread "Framework Event Dispatcher: Equinox Container: f25eb89b-69a2-4d39-95d6-cdae522fdf16" daemon [_thread_blocked, id=37768, stack(0x000000e266400000,0x000000e266500000) (1024K)]
  0x00000229639a97d0 JavaThread "Start Level: Equinox Container: f25eb89b-69a2-4d39-95d6-cdae522fdf16" daemon [_thread_blocked, id=3200, stack(0x000000e266500000,0x000000e266600000) (1024K)]
  0x00000229639aab80 JavaThread "Bundle File Closer"         daemon [_thread_blocked, id=34988, stack(0x000000e266800000,0x000000e266900000) (1024K)]
  0x00000229639ab8a0 JavaThread "SCR Component Actor"        daemon [_thread_blocked, id=3756, stack(0x000000e266900000,0x000000e266a00000) (1024K)]
  0x0000022968cb84d0 JavaThread "Worker-JM"                         [_thread_blocked, id=24924, stack(0x000000e266a00000,0x000000e266b00000) (1024K)]
  0x0000022968cb8b60 JavaThread "JNA Cleaner"                daemon [_thread_blocked, id=34212, stack(0x000000e265800000,0x000000e265900000) (1024K)]
  0x0000022968cb9880 JavaThread "Worker-0"                          [_thread_blocked, id=9992, stack(0x000000e266b00000,0x000000e266c00000) (1024K)]
  0x0000022968cb7120 JavaThread "Worker-1: Building"                [_thread_blocked, id=3040, stack(0x000000e266c00000,0x000000e266d00000) (1024K)]
  0x00000229693d85e0 JavaThread "C2 CompilerThread1"         daemon [_thread_in_native, id=39740, stack(0x000000e266d00000,0x000000e266e00000) (1024K)]
  0x0000022968cb7e40 JavaThread "Worker-2"                          [_thread_blocked, id=28860, stack(0x000000e266e00000,0x000000e266f00000) (1024K)]
=>0x0000022968e4c9d0 JavaThread "C2 CompilerThread2"         daemon [_thread_in_native, id=27760, stack(0x000000e266f00000,0x000000e267000000) (1024K)]
  0x0000022968cb9f10 JavaThread "Java indexing"              daemon [_thread_in_Java, id=31928, stack(0x000000e267000000,0x000000e267100000) (1024K)]
  0x0000022968cb6a90 JavaThread "Worker-3"                          [_thread_blocked, id=20368, stack(0x000000e267100000,0x000000e267200000) (1024K)]
  0x0000022968cb77b0 JavaThread "Worker-4"                          [_thread_blocked, id=35112, stack(0x000000e267400000,0x000000e267500000) (1024K)]
  0x0000022968cbb950 JavaThread "Worker-5: Java indexing... "        [_thread_blocked, id=33848, stack(0x000000e267500000,0x000000e267600000) (1024K)]
  0x0000022968cbac30 JavaThread "Worker-6"                          [_thread_blocked, id=28972, stack(0x000000e267600000,0x000000e267700000) (1024K)]
  0x0000022968cba5a0 JavaThread "Thread-2"                   daemon [_thread_in_native, id=11720, stack(0x000000e267700000,0x000000e267800000) (1024K)]
  0x0000022968cbcd00 JavaThread "Thread-3"                   daemon [_thread_in_native, id=24568, stack(0x000000e267800000,0x000000e267900000) (1024K)]
  0x0000022968cbb2c0 JavaThread "Thread-4"                   daemon [_thread_in_native, id=10576, stack(0x000000e267900000,0x000000e267a00000) (1024K)]
  0x0000022968cbda20 JavaThread "Thread-5"                   daemon [_thread_in_native, id=29284, stack(0x000000e267a00000,0x000000e267b00000) (1024K)]
  0x0000022968cbd390 JavaThread "Thread-6"                   daemon [_thread_in_native, id=14792, stack(0x000000e267b00000,0x000000e267c00000) (1024K)]
  0x0000022968cbe0b0 JavaThread "Thread-7"                   daemon [_thread_in_native, id=8068, stack(0x000000e267c00000,0x000000e267d00000) (1024K)]
  0x0000022968cbbfe0 JavaThread "Thread-8"                   daemon [_thread_in_native, id=16268, stack(0x000000e267d00000,0x000000e267e00000) (1024K)]
  0x0000022968cbc670 JavaThread "Thread-9"                   daemon [_thread_in_native, id=23152, stack(0x000000e267e00000,0x000000e267f00000) (1024K)]
  0x000002296b819f10 JavaThread "Thread-10"                  daemon [_thread_in_native, id=16144, stack(0x000000e267f00000,0x000000e268000000) (1024K)]
  0x000002296b81ac30 JavaThread "Thread-11"                  daemon [_thread_in_native, id=38848, stack(0x000000e268000000,0x000000e268100000) (1024K)]
  0x000002296b81bfe0 JavaThread "Thread-12"                  daemon [_thread_in_native, id=37128, stack(0x000000e268100000,0x000000e268200000) (1024K)]
  0x000002296b81cd00 JavaThread "Thread-13"                  daemon [_thread_in_native, id=29872, stack(0x000000e268200000,0x000000e268300000) (1024K)]
  0x000002296b81d390 JavaThread "Thread-14"                  daemon [_thread_in_native, id=19244, stack(0x000000e268300000,0x000000e268400000) (1024K)]
  0x000002296b81da20 JavaThread "pool-2-thread-1"                   [_thread_blocked, id=20940, stack(0x000000e268400000,0x000000e268500000) (1024K)]
  0x000002296b81b950 JavaThread "WorkspaceEventsHandler"            [_thread_blocked, id=38488, stack(0x000000e268500000,0x000000e268600000) (1024K)]
  0x000002296b81b2c0 JavaThread "pool-1-thread-1"                   [_thread_blocked, id=25768, stack(0x000000e268600000,0x000000e268700000) (1024K)]
  0x000002296b81a5a0 JavaThread "Worker-7"                          [_thread_blocked, id=26056, stack(0x000000e268700000,0x000000e268800000) (1024K)]
  0x000002296b81faf0 JavaThread "Compiler Source File Reader" daemon [_thread_blocked, id=29244, stack(0x000000e268800000,0x000000e268900000) (1024K)]
  0x000002296b821530 JavaThread "Compiler Source File Reader" daemon [_thread_blocked, id=36940, stack(0x000000e268900000,0x000000e268a00000) (1024K)]
  0x000002296b81f460 JavaThread "Compiler Source File Reader" daemon [_thread_blocked, id=31768, stack(0x000000e268a00000,0x000000e268b00000) (1024K)]
  0x000002296b81e740 JavaThread "Compiler Source File Reader" daemon [_thread_blocked, id=16236, stack(0x000000e268b00000,0x000000e268c00000) (1024K)]
  0x000002296b81e0b0 JavaThread "Compiler Source File Reader" daemon [_thread_blocked, id=8836, stack(0x000000e268c00000,0x000000e268d00000) (1024K)]
  0x000002296b820180 JavaThread "Compiler Source File Reader" daemon [_thread_blocked, id=27200, stack(0x000000e268d00000,0x000000e268e00000) (1024K)]
  0x0000022969b84a00 JavaThread "Compiler Source File Reader" daemon [_thread_blocked, id=412, stack(0x000000e268e00000,0x000000e268f00000) (1024K)]
  0x0000022969b85720 JavaThread "Compiler Source File Reader" daemon [_thread_blocked, id=20508, stack(0x000000e268f00000,0x000000e269000000) (1024K)]
  0x0000022969b85db0 JavaThread "Compiler Source File Reader" daemon [_thread_blocked, id=12168, stack(0x000000e269000000,0x000000e269100000) (1024K)]
  0x0000022969b83650 JavaThread "Compiler Source File Reader" daemon [_thread_blocked, id=31216, stack(0x000000e269100000,0x000000e269200000) (1024K)]
  0x0000022969b86440 JavaThread "Equinox resolver thread - Equinox Container: f25eb89b-69a2-4d39-95d6-cdae522fdf16" daemon [_thread_blocked, id=8996, stack(0x000000e269200000,0x000000e269300000) (1024K)]
  0x0000022969b85090 JavaThread "Equinox resolver thread - Equinox Container: f25eb89b-69a2-4d39-95d6-cdae522fdf16" daemon [_thread_blocked, id=28780, stack(0x000000e269300000,0x000000e269400000) (1024K)]
  0x0000022969b83ce0 JavaThread "Equinox resolver thread - Equinox Container: f25eb89b-69a2-4d39-95d6-cdae522fdf16" daemon [_thread_blocked, id=25440, stack(0x000000e269400000,0x000000e269500000) (1024K)]
  0x0000022969b86ad0 JavaThread "Equinox resolver thread - Equinox Container: f25eb89b-69a2-4d39-95d6-cdae522fdf16" daemon [_thread_blocked, id=39568, stack(0x000000e269500000,0x000000e269600000) (1024K)]
  0x0000022969b87160 JavaThread "Equinox resolver thread - Equinox Container: f25eb89b-69a2-4d39-95d6-cdae522fdf16" daemon [_thread_blocked, id=35012, stack(0x000000e269600000,0x000000e269700000) (1024K)]
  0x0000022969b877f0 JavaThread "Equinox resolver thread - Equinox Container: f25eb89b-69a2-4d39-95d6-cdae522fdf16" daemon [_thread_blocked, id=3132, stack(0x000000e269700000,0x000000e269800000) (1024K)]
  0x0000022969b84370 JavaThread "Equinox resolver thread - Equinox Container: f25eb89b-69a2-4d39-95d6-cdae522fdf16" daemon [_thread_blocked, id=27364, stack(0x000000e269800000,0x000000e269900000) (1024K)]
  0x0000022969b87e80 JavaThread "Equinox resolver thread - Equinox Container: f25eb89b-69a2-4d39-95d6-cdae522fdf16" daemon [_thread_blocked, id=18076, stack(0x000000e269900000,0x000000e269a00000) (1024K)]
  0x0000022969b898c0 JavaThread "Equinox resolver thread - Equinox Container: f25eb89b-69a2-4d39-95d6-cdae522fdf16" daemon [_thread_blocked, id=36496, stack(0x000000e269a00000,0x000000e269b00000) (1024K)]
  0x0000022969b88510 JavaThread "Equinox resolver thread - Equinox Container: f25eb89b-69a2-4d39-95d6-cdae522fdf16" daemon [_thread_blocked, id=38368, stack(0x000000e269b00000,0x000000e269c00000) (1024K)]
  0x0000022969b89230 JavaThread "Equinox resolver thread - Equinox Container: f25eb89b-69a2-4d39-95d6-cdae522fdf16" daemon [_thread_blocked, id=18456, stack(0x000000e269c00000,0x000000e269d00000) (1024K)]
  0x0000022969b89f50 JavaThread "Equinox resolver thread - Equinox Container: f25eb89b-69a2-4d39-95d6-cdae522fdf16" daemon [_thread_blocked, id=20344, stack(0x000000e269d00000,0x000000e269e00000) (1024K)]
  0x0000022969b88ba0 JavaThread "Compiler Processing Task"   daemon [_thread_blocked, id=6404, stack(0x000000e269e00000,0x000000e269f00000) (1024K)]
  0x0000022969b8ac70 JavaThread "Compiler Class File Writer" daemon [_thread_blocked, id=10536, stack(0x000000e269f00000,0x000000e26a000000) (1024K)]
  0x000002296a0de600 JavaThread "Compiler Class File Writer" daemon [_thread_blocked, id=17152, stack(0x000000e26a000000,0x000000e26a100000) (1024K)]
  0x000002296a0e0040 JavaThread "Compiler Class File Writer" daemon [_thread_blocked, id=20500, stack(0x000000e26a100000,0x000000e26a200000) (1024K)]
  0x000002296a0df9b0 JavaThread "Compiler Class File Writer" daemon [_thread_blocked, id=29976, stack(0x000000e26a200000,0x000000e26a300000) (1024K)]
  0x000002296a0df320 JavaThread "Compiler Class File Writer" daemon [_thread_blocked, id=17280, stack(0x000000e26a300000,0x000000e26a400000) (1024K)]
  0x000002296a0ddf70 JavaThread "Compiler Class File Writer" daemon [_thread_blocked, id=31304, stack(0x000000e26a400000,0x000000e26a500000) (1024K)]
  0x000002296a0e2e30 JavaThread "Compiler Class File Writer" daemon [_thread_blocked, id=12744, stack(0x000000e26a500000,0x000000e26a600000) (1024K)]
Total: 76

Other Threads:
  0x000002290c5bebe0 VMThread "VM Thread"                           [id=37688, stack(0x000000e264e00000,0x000000e264f00000) (1024K)]
  0x00000229207ccb20 WatcherThread "VM Periodic Task Thread"        [id=19620, stack(0x000000e264d00000,0x000000e264e00000) (1024K)]
  0x000002290c51b8f0 WorkerThread "GC Thread#0"                     [id=31820, stack(0x000000e264c00000,0x000000e264d00000) (1024K)]
  0x00000229684e08a0 WorkerThread "GC Thread#1"                     [id=16304, stack(0x000000e265b00000,0x000000e265c00000) (1024K)]
  0x0000022968107180 WorkerThread "GC Thread#2"                     [id=9932, stack(0x000000e265c00000,0x000000e265d00000) (1024K)]
  0x000002296882bd90 WorkerThread "GC Thread#3"                     [id=24608, stack(0x000000e265d00000,0x000000e265e00000) (1024K)]
  0x000002296882c130 WorkerThread "GC Thread#4"                     [id=11236, stack(0x000000e265e00000,0x000000e265f00000) (1024K)]
  0x000002296882c4d0 WorkerThread "GC Thread#5"                     [id=5072, stack(0x000000e265f00000,0x000000e266000000) (1024K)]
  0x000002296882c870 WorkerThread "GC Thread#6"                     [id=39152, stack(0x000000e266000000,0x000000e266100000) (1024K)]
  0x00000229684637f0 WorkerThread "GC Thread#7"                     [id=13164, stack(0x000000e266300000,0x000000e266400000) (1024K)]
  0x000002296889c910 WorkerThread "GC Thread#8"                     [id=10036, stack(0x000000e266600000,0x000000e266700000) (1024K)]
  0x0000022968d8c090 WorkerThread "GC Thread#9"                     [id=37988, stack(0x000000e266700000,0x000000e266800000) (1024K)]
Total: 12

Threads with active compile tasks:
C2 CompilerThread0  10012 5271       4       org.eclipse.jdt.internal.core.JrtPackageFragmentRoot$1::visitFile (14 bytes)
C1 CompilerThread0  10012 8544       3       org.eclipse.jdt.internal.compiler.lookup.TypeBinding::isRawType (14 bytes)
C2 CompilerThread1  10012 8196   !   4       org.eclipse.jdt.internal.core.search.indexing.BinaryIndexer::indexDocument (1168 bytes)
C2 CompilerThread2  10012 8028       4       org.eclipse.jdt.internal.core.search.indexing.BinaryIndexer::extractReferenceFromConstantPool (358 bytes)
Total: 4

VM state: not at safepoint (normal execution)

VM Mutex/Monitor currently owned by a thread: None

Heap address: 0x00000000c0000000, size: 1024 MB, Compressed Oops mode: 32-bit

CDS archive(s) mapped at: [0x0000022921000000-0x0000022921ba0000-0x0000022921ba0000), size 12189696, SharedBaseAddress: 0x0000022921000000, ArchiveRelocationMode: 1.
Compressed class space mapped at: 0x0000022922000000-0x0000022962000000, reserved size: 1073741824
Narrow klass base: 0x0000022921000000, Narrow klass shift: 0, Narrow klass range: 0x100000000

GC Precious Log:
 CardTable entry size: 512
 CPUs: 12 total, 12 available
 Memory: 7498M
 Large Page Support: Disabled
 NUMA Support: Disabled
 Compressed Oops: Enabled (32-bit)
 Alignments: Space 512K, Generation 512K, Heap 2M
 Heap Min Capacity: 100M
 Heap Initial Capacity: 100M
 Heap Max Capacity: 1G
 Pre-touch: Disabled
 Parallel Workers: 10

Heap:
 PSYoungGen      total 7168K, used 1489K [0x00000000eab00000, 0x00000000eb500000, 0x0000000100000000)
  eden space 5632K, 2% used [0x00000000eab00000,0x00000000eab238e8,0x00000000eb080000)
  from space 1536K, 87% used [0x00000000eb080000,0x00000000eb1d0d38,0x00000000eb200000)
  to   space 1536K, 0% used [0x00000000eb380000,0x00000000eb380000,0x00000000eb500000)
 ParOldGen       total 153600K, used 153425K [0x00000000c0000000, 0x00000000c9600000, 0x00000000eab00000)
  object space 153600K, 99% used [0x00000000c0000000,0x00000000c95d4770,0x00000000c9600000)
 Metaspace       used 56396K, committed 57792K, reserved 1114112K
  class space    used 5899K, committed 6528K, reserved 1048576K

Card table byte_map: [0x000002290beb0000,0x000002290c0c0000] _byte_map_base: 0x000002290b8b0000

Marking Bits: (ParMarkBitMap*) 0x00007fff506031f0
 Begin Bits: [0x000002291e6f0000, 0x000002291f6f0000)
 End Bits:   [0x000002291f6f0000, 0x00000229206f0000)

Polling page: 0x000002290a1a0000

Metaspace:

Usage:
  Non-class:     49.31 MB used.
      Class:      5.76 MB used.
       Both:     55.08 MB used.

Virtual space:
  Non-class space:       64.00 MB reserved,      50.06 MB ( 78%) committed,  1 nodes.
      Class space:        1.00 GB reserved,       6.38 MB ( <1%) committed,  1 nodes.
             Both:        1.06 GB reserved,      56.44 MB (  5%) committed. 

Chunk freelists:
   Non-Class:  13.05 MB
       Class:  9.66 MB
        Both:  22.71 MB

MaxMetaspaceSize: unlimited
CompressedClassSpaceSize: 1.00 GB
Initial GC threshold: 21.00 MB
Current GC threshold: 58.38 MB
CDS: on
 - commit_granule_bytes: 65536.
 - commit_granule_words: 8192.
 - virtual_space_node_default_size: 8388608.
 - enlarge_chunks_in_place: 1.
 - use_allocation_guard: 0.


Internal statistics:

num_allocs_failed_limit: 8.
num_arena_births: 1118.
num_arena_deaths: 14.
num_vsnodes_births: 2.
num_vsnodes_deaths: 0.
num_space_committed: 903.
num_space_uncommitted: 0.
num_chunks_returned_to_freelist: 22.
num_chunks_taken_from_freelist: 3761.
num_chunk_merges: 14.
num_chunk_splits: 2319.
num_chunks_enlarged: 1240.
num_inconsistent_stats: 0.

CodeHeap 'non-profiled nmethods': size=120000Kb used=3801Kb max_used=3801Kb free=116199Kb
 bounds [0x00000229171c0000, 0x0000022917580000, 0x000002291e6f0000]
CodeHeap 'profiled nmethods': size=120000Kb used=16975Kb max_used=16975Kb free=103024Kb
 bounds [0x000002290f6f0000, 0x0000022910790000, 0x0000022916c20000]
CodeHeap 'non-nmethods': size=5760Kb used=1412Kb max_used=1473Kb free=4347Kb
 bounds [0x0000022916c20000, 0x0000022916e90000, 0x00000229171c0000]
 total_blobs=8620 nmethods=7900 adapters=626
 compilation: enabled
              stopped_count=0, restarted_count=0
 full_count=0

Compilation events (20 events):
Event: 8.902 Thread 0x00000229639b62d0 nmethod 8419 0x000002291074d590 code [0x000002291074d740, 0x000002291074da80]
Event: 8.902 Thread 0x00000229639b62d0 8422       2       org.eclipse.jdt.internal.compiler.lookup.ReferenceBinding::isRecord (15 bytes)
Event: 8.902 Thread 0x00000229639b62d0 nmethod 8422 0x000002291074dc10 code [0x000002291074ddc0, 0x000002291074df08]
Event: 8.902 Thread 0x00000229639b62d0 8423       2       org.eclipse.jdt.internal.compiler.util.JRTUtil::getClassfile (8 bytes)
Event: 8.902 Thread 0x00000229639b62d0 nmethod 8423 0x000002291074df90 code [0x000002291074e140, 0x000002291074e2a0]
Event: 8.902 Thread 0x00000229639b62d0 8424       2       org.eclipse.jdt.internal.compiler.util.JrtFileSystem::getClassfile (29 bytes)
Event: 8.903 Thread 0x00000229639b62d0 nmethod 8424 0x000002291074e410 code [0x000002291074e5c0, 0x000002291074e738]
Event: 8.903 Thread 0x00000229639b62d0 8408       1       org.eclipse.jdt.internal.compiler.lookup.MethodBinding::kind (3 bytes)
Event: 8.903 Thread 0x00000229639b62d0 nmethod 8408 0x0000022917573110 code [0x00000229175732a0, 0x0000022917573368]
Event: 8.903 Thread 0x00000229639b62d0 8425       1       org.eclipse.jdt.internal.compiler.ast.MessageSend::arguments (5 bytes)
Event: 8.903 Thread 0x00000229639b62d0 nmethod 8425 0x0000022917573410 code [0x00000229175735a0, 0x0000022917573668]
Event: 8.903 Thread 0x00000229639b62d0 8426       2       lombok.core.FieldAugment$MapFieldAugment::read (24 bytes)
Event: 8.903 Thread 0x00000229639b62d0 nmethod 8426 0x000002291074e810 code [0x000002291074e9c0, 0x000002291074eb10]
Event: 8.903 Thread 0x00000229639b62d0 8428       2       org.eclipse.jdt.internal.compiler.util.SimpleSet::includes (54 bytes)
Event: 8.904 Thread 0x00000229639b62d0 nmethod 8428 0x000002291074ec10 code [0x000002291074ede0, 0x000002291074f090]
Event: 8.904 Thread 0x00000229639b62d0 8430       3       org.eclipse.jdt.internal.compiler.util.SortedCharArrays$$Lambda/0x0000022922607bd0::compare (12 bytes)
Event: 8.904 Thread 0x00000229639b62d0 nmethod 8430 0x000002291074f290 code [0x000002291074f440, 0x000002291074f760]
Event: 8.904 Thread 0x00000229639b62d0 8427       2       org.eclipse.jdt.internal.core.builder.NameEnvironment::findClass (486 bytes)
Event: 8.909 Thread 0x00000229639b62d0 nmethod 8427 0x000002291074f890 code [0x000002291074fd40, 0x0000022910751398]
Event: 8.910 Thread 0x00000229639b62d0 8437       2       org.eclipse.jdt.internal.compiler.ast.Expression::computeConversion (372 bytes)

GC Heap History (20 events):
Event: 8.710 GC heap after
{Heap after GC invocations=87 (full 2):
 PSYoungGen      total 7168K, used 1526K [0x00000000eab00000, 0x00000000eb380000, 0x0000000100000000)
  eden space 5632K, 0% used [0x00000000eab00000,0x00000000eab00000,0x00000000eb080000)
  from space 1536K, 99% used [0x00000000eb100000,0x00000000eb27da48,0x00000000eb280000)
  to   space 1024K, 0% used [0x00000000eb280000,0x00000000eb280000,0x00000000eb380000)
 ParOldGen       total 140288K, used 140253K [0x00000000c0000000, 0x00000000c8900000, 0x00000000eab00000)
  object space 140288K, 99% used [0x00000000c0000000,0x00000000c88f77e8,0x00000000c8900000)
 Metaspace       used 55616K, committed 56960K, reserved 1114112K
  class space    used 5846K, committed 6464K, reserved 1048576K
}
Event: 8.733 GC heap before
{Heap before GC invocations=88 (full 2):
 PSYoungGen      total 7168K, used 7158K [0x00000000eab00000, 0x00000000eb380000, 0x0000000100000000)
  eden space 5632K, 100% used [0x00000000eab00000,0x00000000eb080000,0x00000000eb080000)
  from space 1536K, 99% used [0x00000000eb100000,0x00000000eb27da48,0x00000000eb280000)
  to   space 1024K, 0% used [0x00000000eb280000,0x00000000eb280000,0x00000000eb380000)
 ParOldGen       total 140288K, used 140253K [0x00000000c0000000, 0x00000000c8900000, 0x00000000eab00000)
  object space 140288K, 99% used [0x00000000c0000000,0x00000000c88f77e8,0x00000000c8900000)
 Metaspace       used 55647K, committed 56960K, reserved 1114112K
  class space    used 5849K, committed 6464K, reserved 1048576K
}
Event: 8.736 GC heap after
{Heap after GC invocations=88 (full 2):
 PSYoungGen      total 5632K, used 1023K [0x00000000eab00000, 0x00000000eb680000, 0x0000000100000000)
  eden space 4608K, 0% used [0x00000000eab00000,0x00000000eab00000,0x00000000eaf80000)
  from space 1024K, 99% used [0x00000000eb280000,0x00000000eb37fd88,0x00000000eb380000)
  to   space 3072K, 0% used [0x00000000eaf80000,0x00000000eaf80000,0x00000000eb280000)
 ParOldGen       total 142336K, used 141827K [0x00000000c0000000, 0x00000000c8b00000, 0x00000000eab00000)
  object space 142336K, 99% used [0x00000000c0000000,0x00000000c8a80d00,0x00000000c8b00000)
 Metaspace       used 55647K, committed 56960K, reserved 1114112K
  class space    used 5849K, committed 6464K, reserved 1048576K
}
Event: 8.754 GC heap before
{Heap before GC invocations=89 (full 2):
 PSYoungGen      total 5632K, used 5631K [0x00000000eab00000, 0x00000000eb680000, 0x0000000100000000)
  eden space 4608K, 100% used [0x00000000eab00000,0x00000000eaf80000,0x00000000eaf80000)
  from space 1024K, 99% used [0x00000000eb280000,0x00000000eb37fd88,0x00000000eb380000)
  to   space 3072K, 0% used [0x00000000eaf80000,0x00000000eaf80000,0x00000000eb280000)
 ParOldGen       total 142336K, used 141827K [0x00000000c0000000, 0x00000000c8b00000, 0x00000000eab00000)
  object space 142336K, 99% used [0x00000000c0000000,0x00000000c8a80d00,0x00000000c8b00000)
 Metaspace       used 55758K, committed 57088K, reserved 1114112K
  class space    used 5860K, committed 6464K, reserved 1048576K
}
Event: 8.756 GC heap after
{Heap after GC invocations=89 (full 2):
 PSYoungGen      total 6144K, used 1056K [0x00000000eab00000, 0x00000000eb380000, 0x0000000100000000)
  eden space 4608K, 0% used [0x00000000eab00000,0x00000000eab00000,0x00000000eaf80000)
  from space 1536K, 68% used [0x00000000eaf80000,0x00000000eb088000,0x00000000eb100000)
  to   space 2048K, 0% used [0x00000000eb180000,0x00000000eb180000,0x00000000eb380000)
 ParOldGen       total 142848K, used 142831K [0x00000000c0000000, 0x00000000c8b80000, 0x00000000eab00000)
  object space 142848K, 99% used [0x00000000c0000000,0x00000000c8b7bfa0,0x00000000c8b80000)
 Metaspace       used 55758K, committed 57088K, reserved 1114112K
  class space    used 5860K, committed 6464K, reserved 1048576K
}
Event: 8.774 GC heap before
{Heap before GC invocations=90 (full 2):
 PSYoungGen      total 6144K, used 5664K [0x00000000eab00000, 0x00000000eb380000, 0x0000000100000000)
  eden space 4608K, 100% used [0x00000000eab00000,0x00000000eaf80000,0x00000000eaf80000)
  from space 1536K, 68% used [0x00000000eaf80000,0x00000000eb088000,0x00000000eb100000)
  to   space 2048K, 0% used [0x00000000eb180000,0x00000000eb180000,0x00000000eb380000)
 ParOldGen       total 142848K, used 142831K [0x00000000c0000000, 0x00000000c8b80000, 0x00000000eab00000)
  object space 142848K, 99% used [0x00000000c0000000,0x00000000c8b7bfa0,0x00000000c8b80000)
 Metaspace       used 55823K, committed 57152K, reserved 1114112K
  class space    used 5866K, committed 6464K, reserved 1048576K
}
Event: 8.776 GC heap after
{Heap after GC invocations=90 (full 2):
 PSYoungGen      total 6144K, used 1217K [0x00000000eab00000, 0x00000000eb300000, 0x0000000100000000)
  eden space 4608K, 0% used [0x00000000eab00000,0x00000000eab00000,0x00000000eaf80000)
  from space 1536K, 79% used [0x00000000eb180000,0x00000000eb2b06c0,0x00000000eb300000)
  to   space 1536K, 0% used [0x00000000eaf80000,0x00000000eaf80000,0x00000000eb100000)
 ParOldGen       total 143872K, used 143768K [0x00000000c0000000, 0x00000000c8c80000, 0x00000000eab00000)
  object space 143872K, 99% used [0x00000000c0000000,0x00000000c8c66198,0x00000000c8c80000)
 Metaspace       used 55823K, committed 57152K, reserved 1114112K
  class space    used 5866K, committed 6464K, reserved 1048576K
}
Event: 8.792 GC heap before
{Heap before GC invocations=91 (full 2):
 PSYoungGen      total 6144K, used 5825K [0x00000000eab00000, 0x00000000eb300000, 0x0000000100000000)
  eden space 4608K, 100% used [0x00000000eab00000,0x00000000eaf80000,0x00000000eaf80000)
  from space 1536K, 79% used [0x00000000eb180000,0x00000000eb2b06c0,0x00000000eb300000)
  to   space 1536K, 0% used [0x00000000eaf80000,0x00000000eaf80000,0x00000000eb100000)
 ParOldGen       total 143872K, used 143768K [0x00000000c0000000, 0x00000000c8c80000, 0x00000000eab00000)
  object space 143872K, 99% used [0x00000000c0000000,0x00000000c8c66198,0x00000000c8c80000)
 Metaspace       used 55876K, committed 57216K, reserved 1114112K
  class space    used 5866K, committed 6464K, reserved 1048576K
}
Event: 8.795 GC heap after
{Heap after GC invocations=91 (full 2):
 PSYoungGen      total 6144K, used 1270K [0x00000000eab00000, 0x00000000eb280000, 0x0000000100000000)
  eden space 4608K, 0% used [0x00000000eab00000,0x00000000eab00000,0x00000000eaf80000)
  from space 1536K, 82% used [0x00000000eaf80000,0x00000000eb0bd990,0x00000000eb100000)
  to   space 1536K, 0% used [0x00000000eb100000,0x00000000eb100000,0x00000000eb280000)
 ParOldGen       total 144896K, used 144845K [0x00000000c0000000, 0x00000000c8d80000, 0x00000000eab00000)
  object space 144896K, 99% used [0x00000000c0000000,0x00000000c8d73540,0x00000000c8d80000)
 Metaspace       used 55876K, committed 57216K, reserved 1114112K
  class space    used 5866K, committed 6464K, reserved 1048576K
}
Event: 8.816 GC heap before
{Heap before GC invocations=92 (full 2):
 PSYoungGen      total 6144K, used 5878K [0x00000000eab00000, 0x00000000eb280000, 0x0000000100000000)
  eden space 4608K, 100% used [0x00000000eab00000,0x00000000eaf80000,0x00000000eaf80000)
  from space 1536K, 82% used [0x00000000eaf80000,0x00000000eb0bd990,0x00000000eb100000)
  to   space 1536K, 0% used [0x00000000eb100000,0x00000000eb100000,0x00000000eb280000)
 ParOldGen       total 144896K, used 144845K [0x00000000c0000000, 0x00000000c8d80000, 0x00000000eab00000)
  object space 144896K, 99% used [0x00000000c0000000,0x00000000c8d73540,0x00000000c8d80000)
 Metaspace       used 55944K, committed 57280K, reserved 1114112K
  class space    used 5871K, committed 6464K, reserved 1048576K
}
Event: 8.817 GC heap after
{Heap after GC invocations=92 (full 2):
 PSYoungGen      total 6144K, used 1150K [0x00000000eab00000, 0x00000000eb280000, 0x0000000100000000)
  eden space 4608K, 0% used [0x00000000eab00000,0x00000000eab00000,0x00000000eaf80000)
  from space 1536K, 74% used [0x00000000eb100000,0x00000000eb21faa8,0x00000000eb280000)
  to   space 1536K, 0% used [0x00000000eaf80000,0x00000000eaf80000,0x00000000eb100000)
 ParOldGen       total 146432K, used 145920K [0x00000000c0000000, 0x00000000c8f00000, 0x00000000eab00000)
  object space 146432K, 99% used [0x00000000c0000000,0x00000000c8e801c8,0x00000000c8f00000)
 Metaspace       used 55944K, committed 57280K, reserved 1114112K
  class space    used 5871K, committed 6464K, reserved 1048576K
}
Event: 8.831 GC heap before
{Heap before GC invocations=93 (full 2):
 PSYoungGen      total 6144K, used 5758K [0x00000000eab00000, 0x00000000eb280000, 0x0000000100000000)
  eden space 4608K, 100% used [0x00000000eab00000,0x00000000eaf80000,0x00000000eaf80000)
  from space 1536K, 74% used [0x00000000eb100000,0x00000000eb21faa8,0x00000000eb280000)
  to   space 1536K, 0% used [0x00000000eaf80000,0x00000000eaf80000,0x00000000eb100000)
 ParOldGen       total 146432K, used 145920K [0x00000000c0000000, 0x00000000c8f00000, 0x00000000eab00000)
  object space 146432K, 99% used [0x00000000c0000000,0x00000000c8e801c8,0x00000000c8f00000)
 Metaspace       used 56002K, committed 57344K, reserved 1114112K
  class space    used 5877K, committed 6464K, reserved 1048576K
}
Event: 8.833 GC heap after
{Heap after GC invocations=93 (full 2):
 PSYoungGen      total 6144K, used 1143K [0x00000000eab00000, 0x00000000eb280000, 0x0000000100000000)
  eden space 4608K, 0% used [0x00000000eab00000,0x00000000eab00000,0x00000000eaf80000)
  from space 1536K, 74% used [0x00000000eaf80000,0x00000000eb09dd68,0x00000000eb100000)
  to   space 1536K, 0% used [0x00000000eb100000,0x00000000eb100000,0x00000000eb280000)
 ParOldGen       total 147456K, used 146957K [0x00000000c0000000, 0x00000000c9000000, 0x00000000eab00000)
  object space 147456K, 99% used [0x00000000c0000000,0x00000000c8f83518,0x00000000c9000000)
 Metaspace       used 56002K, committed 57344K, reserved 1114112K
  class space    used 5877K, committed 6464K, reserved 1048576K
}
Event: 8.852 GC heap before
{Heap before GC invocations=94 (full 2):
 PSYoungGen      total 6144K, used 5751K [0x00000000eab00000, 0x00000000eb280000, 0x0000000100000000)
  eden space 4608K, 100% used [0x00000000eab00000,0x00000000eaf80000,0x00000000eaf80000)
  from space 1536K, 74% used [0x00000000eaf80000,0x00000000eb09dd68,0x00000000eb100000)
  to   space 1536K, 0% used [0x00000000eb100000,0x00000000eb100000,0x00000000eb280000)
 ParOldGen       total 147456K, used 146957K [0x00000000c0000000, 0x00000000c9000000, 0x00000000eab00000)
  object space 147456K, 99% used [0x00000000c0000000,0x00000000c8f83518,0x00000000c9000000)
 Metaspace       used 56085K, committed 57408K, reserved 1114112K
  class space    used 5885K, committed 6464K, reserved 1048576K
}
Event: 8.855 GC heap after
{Heap after GC invocations=94 (full 2):
 PSYoungGen      total 6144K, used 1284K [0x00000000eab00000, 0x00000000eb280000, 0x0000000100000000)
  eden space 4608K, 0% used [0x00000000eab00000,0x00000000eab00000,0x00000000eaf80000)
  from space 1536K, 83% used [0x00000000eb100000,0x00000000eb2413b8,0x00000000eb280000)
  to   space 1536K, 0% used [0x00000000eaf80000,0x00000000eaf80000,0x00000000eb100000)
 ParOldGen       total 147968K, used 147933K [0x00000000c0000000, 0x00000000c9080000, 0x00000000eab00000)
  object space 147968K, 99% used [0x00000000c0000000,0x00000000c90774c0,0x00000000c9080000)
 Metaspace       used 56085K, committed 57408K, reserved 1114112K
  class space    used 5885K, committed 6464K, reserved 1048576K
}
Event: 8.874 GC heap before
{Heap before GC invocations=95 (full 2):
 PSYoungGen      total 6144K, used 5892K [0x00000000eab00000, 0x00000000eb280000, 0x0000000100000000)
  eden space 4608K, 100% used [0x00000000eab00000,0x00000000eaf80000,0x00000000eaf80000)
  from space 1536K, 83% used [0x00000000eb100000,0x00000000eb2413b8,0x00000000eb280000)
  to   space 1536K, 0% used [0x00000000eaf80000,0x00000000eaf80000,0x00000000eb100000)
 ParOldGen       total 147968K, used 147933K [0x00000000c0000000, 0x00000000c9080000, 0x00000000eab00000)
  object space 147968K, 99% used [0x00000000c0000000,0x00000000c90774c0,0x00000000c9080000)
 Metaspace       used 56126K, committed 57408K, reserved 1114112K
  class space    used 5886K, committed 6464K, reserved 1048576K
}
Event: 8.877 GC heap after
{Heap after GC invocations=95 (full 2):
 PSYoungGen      total 6144K, used 1152K [0x00000000eab00000, 0x00000000eb280000, 0x0000000100000000)
  eden space 4608K, 0% used [0x00000000eab00000,0x00000000eab00000,0x00000000eaf80000)
  from space 1536K, 75% used [0x00000000eaf80000,0x00000000eb0a0000,0x00000000eb100000)
  to   space 1536K, 0% used [0x00000000eb100000,0x00000000eb100000,0x00000000eb280000)
 ParOldGen       total 149504K, used 149111K [0x00000000c0000000, 0x00000000c9200000, 0x00000000eab00000)
  object space 149504K, 99% used [0x00000000c0000000,0x00000000c919df98,0x00000000c9200000)
 Metaspace       used 56126K, committed 57408K, reserved 1114112K
  class space    used 5886K, committed 6464K, reserved 1048576K
}
Event: 8.890 GC heap before
{Heap before GC invocations=96 (full 2):
 PSYoungGen      total 6144K, used 5759K [0x00000000eab00000, 0x00000000eb280000, 0x0000000100000000)
  eden space 4608K, 99% used [0x00000000eab00000,0x00000000eaf7ffd8,0x00000000eaf80000)
  from space 1536K, 75% used [0x00000000eaf80000,0x00000000eb0a0000,0x00000000eb100000)
  to   space 1536K, 0% used [0x00000000eb100000,0x00000000eb100000,0x00000000eb280000)
 ParOldGen       total 149504K, used 149111K [0x00000000c0000000, 0x00000000c9200000, 0x00000000eab00000)
  object space 149504K, 99% used [0x00000000c0000000,0x00000000c919df98,0x00000000c9200000)
 Metaspace       used 56166K, committed 57536K, reserved 1114112K
  class space    used 5890K, committed 6528K, reserved 1048576K
}
Event: 8.893 GC heap after
{Heap after GC invocations=96 (full 2):
 PSYoungGen      total 6144K, used 1248K [0x00000000eab00000, 0x00000000eb280000, 0x0000000100000000)
  eden space 4608K, 0% used [0x00000000eab00000,0x00000000eab00000,0x00000000eaf80000)
  from space 1536K, 81% used [0x00000000eb100000,0x00000000eb238020,0x00000000eb280000)
  to   space 1536K, 0% used [0x00000000eaf80000,0x00000000eaf80000,0x00000000eb100000)
 ParOldGen       total 150528K, used 150169K [0x00000000c0000000, 0x00000000c9300000, 0x00000000eab00000)
  object space 150528K, 99% used [0x00000000c0000000,0x00000000c92a6638,0x00000000c9300000)
 Metaspace       used 56166K, committed 57536K, reserved 1114112K
  class space    used 5890K, committed 6528K, reserved 1048576K
}
Event: 8.913 GC heap before
{Heap before GC invocations=97 (full 2):
 PSYoungGen      total 6144K, used 5856K [0x00000000eab00000, 0x00000000eb280000, 0x0000000100000000)
  eden space 4608K, 100% used [0x00000000eab00000,0x00000000eaf80000,0x00000000eaf80000)
  from space 1536K, 81% used [0x00000000eb100000,0x00000000eb238020,0x00000000eb280000)
  to   space 1536K, 0% used [0x00000000eaf80000,0x00000000eaf80000,0x00000000eb100000)
 ParOldGen       total 150528K, used 150169K [0x00000000c0000000, 0x00000000c9300000, 0x00000000eab00000)
  object space 150528K, 99% used [0x00000000c0000000,0x00000000c92a6638,0x00000000c9300000)
 Metaspace       used 56201K, committed 57600K, reserved 1114112K
  class space    used 5891K, committed 6528K, reserved 1048576K
}

Dll operation events (10 events):
Event: 0.026 Loaded shared library c:\Users\ASUS\.vscode\extensions\redhat.java-1.42.0-win32-x64\jre\21.0.7-win32-x86_64\bin\java.dll
Event: 0.143 Loaded shared library c:\Users\ASUS\.vscode\extensions\redhat.java-1.42.0-win32-x64\jre\21.0.7-win32-x86_64\bin\zip.dll
Event: 0.177 Loaded shared library C:\Users\ASUS\.vscode\extensions\redhat.java-1.42.0-win32-x64\jre\21.0.7-win32-x86_64\bin\instrument.dll
Event: 0.183 Loaded shared library C:\Users\ASUS\.vscode\extensions\redhat.java-1.42.0-win32-x64\jre\21.0.7-win32-x86_64\bin\net.dll
Event: 0.188 Loaded shared library C:\Users\ASUS\.vscode\extensions\redhat.java-1.42.0-win32-x64\jre\21.0.7-win32-x86_64\bin\nio.dll
Event: 0.193 Loaded shared library C:\Users\ASUS\.vscode\extensions\redhat.java-1.42.0-win32-x64\jre\21.0.7-win32-x86_64\bin\zip.dll
Event: 0.221 Loaded shared library C:\Users\ASUS\.vscode\extensions\redhat.java-1.42.0-win32-x64\jre\21.0.7-win32-x86_64\bin\jimage.dll
Event: 0.363 Loaded shared library c:\Users\ASUS\.vscode\extensions\redhat.java-1.42.0-win32-x64\jre\21.0.7-win32-x86_64\bin\verify.dll
Event: 1.701 Loaded shared library C:\Users\ASUS\AppData\Roaming\Code\User\globalStorage\redhat.java\1.42.0\config_win\org.eclipse.equinox.launcher\org.eclipse.equinox.launcher.win32.win32.x86_64_1.2.1300.v20250331-1702\eclipse_11911.dll
Event: 3.408 Loaded shared library C:\Users\ASUS\AppData\Local\Temp\jna-2018896\jna4753601124553625472.dll

Deoptimization events (20 events):
Event: 8.858 Thread 0x0000022968cb9f10 DEOPT PACKING pc=0x0000022910250dd3 sp=0x000000e2670fe4f0
Event: 8.858 Thread 0x0000022968cb9f10 DEOPT UNPACKING pc=0x0000022916c74242 sp=0x000000e2670fda58 mode 0
Event: 8.863 Thread 0x0000022968cb9f10 DEOPT PACKING pc=0x0000022910250d53 sp=0x000000e2670fe4f0
Event: 8.863 Thread 0x0000022968cb9f10 DEOPT UNPACKING pc=0x0000022916c74242 sp=0x000000e2670fda58 mode 0
Event: 8.866 Thread 0x0000022968cb9f10 DEOPT PACKING pc=0x0000022910250d53 sp=0x000000e2670fe4f0
Event: 8.866 Thread 0x0000022968cb9f10 DEOPT UNPACKING pc=0x0000022916c74242 sp=0x000000e2670fda58 mode 0
Event: 8.871 Thread 0x0000022968cb9f10 DEOPT PACKING pc=0x0000022910250dd3 sp=0x000000e2670fe4f0
Event: 8.871 Thread 0x0000022968cb9f10 DEOPT UNPACKING pc=0x0000022916c74242 sp=0x000000e2670fda58 mode 0
Event: 8.879 Thread 0x0000022968cb9f10 DEOPT PACKING pc=0x0000022910250dd3 sp=0x000000e2670fe4f0
Event: 8.879 Thread 0x0000022968cb9f10 DEOPT UNPACKING pc=0x0000022916c74242 sp=0x000000e2670fda58 mode 0
Event: 8.883 Thread 0x0000022968cb9f10 DEOPT PACKING pc=0x0000022910250dd3 sp=0x000000e2670fe4f0
Event: 8.883 Thread 0x0000022968cb9f10 DEOPT UNPACKING pc=0x0000022916c74242 sp=0x000000e2670fda58 mode 0
Event: 8.887 Thread 0x0000022968cb9f10 DEOPT PACKING pc=0x0000022910250d53 sp=0x000000e2670fe4f0
Event: 8.887 Thread 0x0000022968cb9f10 DEOPT UNPACKING pc=0x0000022916c74242 sp=0x000000e2670fda58 mode 0
Event: 8.896 Thread 0x0000022968cb9f10 DEOPT PACKING pc=0x0000022910250d53 sp=0x000000e2670fe4f0
Event: 8.896 Thread 0x0000022968cb9f10 DEOPT UNPACKING pc=0x0000022916c74242 sp=0x000000e2670fda58 mode 0
Event: 8.902 Thread 0x0000022968cb9f10 DEOPT PACKING pc=0x0000022910250dd3 sp=0x000000e2670fe4f0
Event: 8.902 Thread 0x0000022968cb9f10 DEOPT UNPACKING pc=0x0000022916c74242 sp=0x000000e2670fda58 mode 0
Event: 8.909 Thread 0x0000022968cb9f10 DEOPT PACKING pc=0x0000022910250dd3 sp=0x000000e2670fe4f0
Event: 8.909 Thread 0x0000022968cb9f10 DEOPT UNPACKING pc=0x0000022916c74242 sp=0x000000e2670fda58 mode 0

Classes loaded (20 events):
Event: 8.387 Loading class java/util/stream/ReduceOps$4ReducingSink
Event: 8.388 Loading class java/util/stream/ReduceOps$4ReducingSink done
Event: 8.390 Loading class java/nio/file/Files$2
Event: 8.391 Loading class java/nio/file/Files$2 done
Event: 8.490 Loading class java/util/concurrent/ArrayBlockingQueue
Event: 8.491 Loading class java/util/concurrent/ArrayBlockingQueue done
Event: 8.639 Loading class java/util/Hashtable$ValueCollection
Event: 8.639 Loading class java/util/Hashtable$ValueCollection done
Event: 8.643 Loading class java/util/concurrent/ConcurrentHashMap$KeySpliterator
Event: 8.644 Loading class java/util/concurrent/ConcurrentHashMap$KeySpliterator done
Event: 8.686 Loading class java/util/stream/ReferencePipeline$4
Event: 8.686 Loading class java/util/stream/ReferencePipeline$4 done
Event: 8.687 Loading class java/util/stream/Nodes$IntFixedNodeBuilder
Event: 8.687 Loading class java/util/stream/Node$Builder$OfInt
Event: 8.688 Loading class java/util/stream/Node$Builder$OfInt done
Event: 8.688 Loading class java/util/stream/Nodes$IntArrayNode
Event: 8.689 Loading class java/util/stream/Nodes$IntArrayNode done
Event: 8.689 Loading class java/util/stream/Nodes$IntFixedNodeBuilder done
Event: 8.689 Loading class java/util/stream/ReferencePipeline$4$1
Event: 8.690 Loading class java/util/stream/ReferencePipeline$4$1 done

Classes unloaded (7 events):
Event: 3.977 Thread 0x000002290c5bebe0 Unloading class 0x00000229221a3c00 'java/lang/invoke/LambdaForm$MH+0x00000229221a3c00'
Event: 3.977 Thread 0x000002290c5bebe0 Unloading class 0x00000229221a3800 'java/lang/invoke/LambdaForm$MH+0x00000229221a3800'
Event: 3.977 Thread 0x000002290c5bebe0 Unloading class 0x00000229221a3400 'java/lang/invoke/LambdaForm$MH+0x00000229221a3400'
Event: 3.977 Thread 0x000002290c5bebe0 Unloading class 0x00000229221a3000 'java/lang/invoke/LambdaForm$MH+0x00000229221a3000'
Event: 3.977 Thread 0x000002290c5bebe0 Unloading class 0x00000229221a2c00 'java/lang/invoke/LambdaForm$BMH+0x00000229221a2c00'
Event: 3.977 Thread 0x000002290c5bebe0 Unloading class 0x00000229221a2800 'java/lang/invoke/LambdaForm$DMH+0x00000229221a2800'
Event: 3.977 Thread 0x000002290c5bebe0 Unloading class 0x00000229221a1400 'java/lang/invoke/LambdaForm$DMH+0x00000229221a1400'

Classes redefined (0 events):
No events

Internal exceptions (20 events):
Event: 6.376 Thread 0x000002296b81b2c0 Exception <a 'java/io/FileNotFoundException'{0x00000000ead52378}> (0x00000000ead52378) 
thrown [s\src\hotspot\share\prims\jni.cpp, line 520]
Event: 6.411 Thread 0x0000022968cb7120 Exception <a 'java/lang/NoSuchMethodError'{0x00000000eb27ea30}: 'int java.lang.invoke.DirectMethodHandle$Holder.invokeSpecialIFC(java.lang.Object, java.lang.Object, java.lang.Object, java.lang.Object)'> (0x00000000eb27ea30) 
thrown [s\src\hotspot\share\interpreter\linkResolver.cpp, line 773]
Event: 6.414 Thread 0x000002296b81b2c0 Exception <a 'java/lang/NoSuchMethodError'{0x00000000eb34d948}: 'java.lang.Object java.lang.invoke.DirectMethodHandle$Holder.invokeStatic(java.lang.Object, int, java.lang.Object, java.lang.Object)'> (0x00000000eb34d948) 
thrown [s\src\hotspot\share\interpreter\linkResolver.cpp, line 773]
Event: 6.415 Thread 0x000002296b81b2c0 Exception <a 'java/lang/NoSuchMethodError'{0x00000000eb351ab8}: 'java.lang.Object java.lang.invoke.DelegatingMethodHandle$Holder.delegate(java.lang.Object, int, java.lang.Object, java.lang.Object)'> (0x00000000eb351ab8) 
thrown [s\src\hotspot\share\interpreter\linkResolver.cpp, line 773]
Event: 6.419 Thread 0x000002296b81b2c0 Exception <a 'java/lang/NoSuchMethodError'{0x00000000eb3c3948}: 'int java.lang.invoke.Invokers$Holder.linkToTargetMethod(java.lang.Object, java.lang.Object, java.lang.Object)'> (0x00000000eb3c3948) 
thrown [s\src\hotspot\share\interpreter\linkResolver.cpp, line 773]
Event: 6.423 Thread 0x0000022968cb7120 Exception <a 'java/lang/NoSuchMethodError'{0x00000000eb39f760}: 'int java.lang.invoke.DirectMethodHandle$Holder.invokeStatic(java.lang.Object)'> (0x00000000eb39f760) 
thrown [s\src\hotspot\share\interpreter\linkResolver.cpp, line 773]
Event: 6.451 Thread 0x0000022968cb7120 Exception <a 'java/io/FileNotFoundException'{0x00000000eb799020}> (0x00000000eb799020) 
thrown [s\src\hotspot\share\prims\jni.cpp, line 520]
Event: 6.452 Thread 0x0000022968cb7120 Exception <a 'java/io/FileNotFoundException'{0x00000000eb79a010}> (0x00000000eb79a010) 
thrown [s\src\hotspot\share\prims\jni.cpp, line 520]
Event: 6.452 Thread 0x0000022968cb7120 Exception <a 'java/io/FileNotFoundException'{0x00000000eb79b7b8}> (0x00000000eb79b7b8) 
thrown [s\src\hotspot\share\prims\jni.cpp, line 520]
Event: 6.452 Thread 0x0000022968cb7120 Exception <a 'java/io/FileNotFoundException'{0x00000000eb79cb40}> (0x00000000eb79cb40) 
thrown [s\src\hotspot\share\prims\jni.cpp, line 520]
Event: 6.453 Thread 0x0000022968cb7120 Exception <a 'java/io/FileNotFoundException'{0x00000000eb79db50}> (0x00000000eb79db50) 
thrown [s\src\hotspot\share\prims\jni.cpp, line 520]
Event: 6.565 Thread 0x0000022968cb9f10 Implicit null exception at 0x000002291745cd5a to 0x000002291745ce58
Event: 6.613 Thread 0x0000022968cb6a90 Exception <a 'java/lang/ExceptionInInitializerError'{0x00000000eaeb4628}> (0x00000000eaeb4628) 
thrown [s\src\hotspot\share\oops\instanceKlass.cpp, line 1220]
Event: 6.659 Thread 0x0000022968cb6a90 Implicit null exception at 0x00000229172f25fe to 0x00000229172f2870
Event: 6.659 Thread 0x0000022968cb6a90 Implicit null exception at 0x0000022917271c3c to 0x0000022917272b90
Event: 6.662 Thread 0x0000022968cb6a90 Exception <a 'java/lang/NoSuchMethodError'{0x00000000ebb19058}: 'java.lang.Object java.lang.invoke.Invokers$Holder.invokeExact_MT(java.lang.Object, int, java.lang.Object)'> (0x00000000ebb19058) 
thrown [s\src\hotspot\share\interpreter\linkResolver.cpp, line 773]
Event: 7.061 Thread 0x0000022968cb6a90 Exception <a 'java/lang/NoClassDefFoundError'{0x00000000eb6c8b50}: com/google/inject/servlet/ServletModuleTargetVisitor> (0x00000000eb6c8b50) 
thrown [s\src\hotspot\share\classfile\systemDictionary.cpp, line 301]
Event: 7.634 Thread 0x000002296b81b2c0 Exception <a 'java/lang/IncompatibleClassChangeError'{0x00000000eabebf28}: Found class java.lang.Object, but interface was expected> (0x00000000eabebf28) 
thrown [s\src\hotspot\share\interpreter\linkResolver.cpp, line 840]
Event: 8.393 Thread 0x0000022968cb7120 Exception <a 'java/lang/NoSuchMethodError'{0x00000000eb0041d0}: 'int java.lang.invoke.DirectMethodHandle$Holder.invokeSpecialIFC(java.lang.Object, java.lang.Object, java.lang.Object)'> (0x00000000eb0041d0) 
thrown [s\src\hotspot\share\interpreter\linkResolver.cpp, line 773]
Event: 8.647 Thread 0x0000022968cb7120 Exception <a 'java/lang/NoSuchMethodError'{0x00000000eaf176f8}: 'java.lang.Object java.lang.invoke.DirectMethodHandle$Holder.newInvokeSpecial(java.lang.Object, java.lang.Object, int, int, java.lang.Object)'> (0x00000000eaf176f8) 
thrown [s\src\hotspot\share\interpreter\linkResolver.cpp, line 773]

ZGC Phase Switch (0 events):
No events

VM Operations (20 events):
Event: 8.710 Executing VM operation: ParallelGCFailedAllocation (Allocation Failure) done
Event: 8.733 Executing VM operation: ParallelGCFailedAllocation (Allocation Failure)
Event: 8.736 Executing VM operation: ParallelGCFailedAllocation (Allocation Failure) done
Event: 8.754 Executing VM operation: ParallelGCFailedAllocation (Allocation Failure)
Event: 8.756 Executing VM operation: ParallelGCFailedAllocation (Allocation Failure) done
Event: 8.774 Executing VM operation: ParallelGCFailedAllocation (Allocation Failure)
Event: 8.776 Executing VM operation: ParallelGCFailedAllocation (Allocation Failure) done
Event: 8.792 Executing VM operation: ParallelGCFailedAllocation (Allocation Failure)
Event: 8.795 Executing VM operation: ParallelGCFailedAllocation (Allocation Failure) done
Event: 8.816 Executing VM operation: ParallelGCFailedAllocation (Allocation Failure)
Event: 8.818 Executing VM operation: ParallelGCFailedAllocation (Allocation Failure) done
Event: 8.831 Executing VM operation: ParallelGCFailedAllocation (Allocation Failure)
Event: 8.833 Executing VM operation: ParallelGCFailedAllocation (Allocation Failure) done
Event: 8.852 Executing VM operation: ParallelGCFailedAllocation (Allocation Failure)
Event: 8.855 Executing VM operation: ParallelGCFailedAllocation (Allocation Failure) done
Event: 8.874 Executing VM operation: ParallelGCFailedAllocation (Allocation Failure)
Event: 8.877 Executing VM operation: ParallelGCFailedAllocation (Allocation Failure) done
Event: 8.889 Executing VM operation: ParallelGCFailedAllocation (Allocation Failure)
Event: 8.893 Executing VM operation: ParallelGCFailedAllocation (Allocation Failure) done
Event: 8.913 Executing VM operation: ParallelGCFailedAllocation (Allocation Failure)

Memory protections (0 events):
No events

Nmethod flushes (20 events):
Event: 5.310 Thread 0x000002290c5bebe0 flushing  nmethod 0x000002290fd66710
Event: 5.310 Thread 0x000002290c5bebe0 flushing  nmethod 0x000002290fd67910
Event: 5.310 Thread 0x000002290c5bebe0 flushing  nmethod 0x000002290fd68610
Event: 5.310 Thread 0x000002290c5bebe0 flushing  nmethod 0x000002290fd68d90
Event: 5.310 Thread 0x000002290c5bebe0 flushing  nmethod 0x000002290fd6a310
Event: 5.310 Thread 0x000002290c5bebe0 flushing  nmethod 0x000002290fd6a810
Event: 5.310 Thread 0x000002290c5bebe0 flushing  nmethod 0x000002290fd6bd10
Event: 5.310 Thread 0x000002290c5bebe0 flushing  nmethod 0x000002290fd6ce90
Event: 5.310 Thread 0x000002290c5bebe0 flushing  nmethod 0x000002290fd78510
Event: 5.310 Thread 0x000002290c5bebe0 flushing  nmethod 0x000002290fd8a990
Event: 5.310 Thread 0x000002290c5bebe0 flushing  nmethod 0x000002290fd95990
Event: 5.310 Thread 0x000002290c5bebe0 flushing  nmethod 0x000002290fd9dc90
Event: 5.310 Thread 0x000002290c5bebe0 flushing  nmethod 0x000002290fd9f990
Event: 5.310 Thread 0x000002290c5bebe0 flushing  nmethod 0x000002290fda4290
Event: 5.310 Thread 0x000002290c5bebe0 flushing  nmethod 0x000002290fdae910
Event: 5.310 Thread 0x000002290c5bebe0 flushing  nmethod 0x000002290fdf3590
Event: 5.310 Thread 0x000002290c5bebe0 flushing  nmethod 0x000002290fe39290
Event: 5.310 Thread 0x000002290c5bebe0 flushing  nmethod 0x000002290fe39710
Event: 5.310 Thread 0x000002290c5bebe0 flushing  nmethod 0x000002290fe3d990
Event: 5.310 Thread 0x000002290c5bebe0 flushing  nmethod 0x000002290fe54810

Events (20 events):
Event: 7.189 Thread 0x00000229639a97d0 Thread added: 0x0000022969b86440
Event: 7.190 Thread 0x000002296b81b2c0 Thread added: 0x0000022969b85090
Event: 7.190 Thread 0x0000022969b86440 Thread added: 0x0000022969b83ce0
Event: 7.190 Thread 0x0000022969b85090 Thread added: 0x0000022969b86ad0
Event: 7.190 Thread 0x0000022969b86440 Thread added: 0x0000022969b87160
Event: 7.191 Thread 0x0000022969b85090 Thread added: 0x0000022969b877f0
Event: 7.191 Thread 0x0000022969b83ce0 Thread added: 0x0000022969b84370
Event: 7.191 Thread 0x0000022969b86440 Thread added: 0x0000022969b87e80
Event: 7.191 Thread 0x0000022969b85090 Thread added: 0x0000022969b898c0
Event: 7.192 Thread 0x0000022969b86ad0 Thread added: 0x0000022969b88510
Event: 7.192 Thread 0x0000022969b87160 Thread added: 0x0000022969b89230
Event: 7.192 Thread 0x0000022969b877f0 Thread added: 0x0000022969b89f50
Event: 8.491 Thread 0x0000022968cb7120 Thread added: 0x0000022969b88ba0
Event: 8.648 Thread 0x0000022968cb7120 Thread added: 0x0000022969b8ac70
Event: 8.656 Thread 0x0000022968cb7120 Thread added: 0x000002296a0de600
Event: 8.656 Thread 0x0000022968cb7120 Thread added: 0x000002296a0e0040
Event: 8.663 Thread 0x0000022968cb7120 Thread added: 0x000002296a0df9b0
Event: 8.810 Thread 0x0000022968cb7120 Thread added: 0x000002296a0df320
Event: 8.810 Thread 0x0000022968cb7120 Thread added: 0x000002296a0ddf70
Event: 8.859 Thread 0x0000022968cb7120 Thread added: 0x000002296a0e2e30


Dynamic libraries:
0x00007ff685ad0000 - 0x00007ff685ade000 	c:\Users\ASUS\.vscode\extensions\redhat.java-1.42.0-win32-x64\jre\21.0.7-win32-x86_64\bin\java.exe
0x00007fffca200000 - 0x00007fffca460000 	C:\WINDOWS\SYSTEM32\ntdll.dll
0x00007fffc9010000 - 0x00007fffc90d7000 	C:\WINDOWS\System32\KERNEL32.DLL
0x00007fffc73e0000 - 0x00007fffc77aa000 	C:\WINDOWS\System32\KERNELBASE.dll
0x00007fffc7eb0000 - 0x00007fffc7ffb000 	C:\WINDOWS\System32\ucrtbase.dll
0x00007fffa0310000 - 0x00007fffa0328000 	c:\Users\ASUS\.vscode\extensions\redhat.java-1.42.0-win32-x64\jre\21.0.7-win32-x86_64\bin\jli.dll
0x00007fffc8560000 - 0x00007fffc872c000 	C:\WINDOWS\System32\USER32.dll
0x00007fffb0dd0000 - 0x00007fffb1067000 	C:\WINDOWS\WinSxS\amd64_microsoft.windows.common-controls_6595b64144ccf1df_6.0.26100.3624_none_3e086962e3345f24\COMCTL32.dll
0x00007fffc7930000 - 0x00007fffc7957000 	C:\WINDOWS\System32\win32u.dll
0x00007fffc8100000 - 0x00007fffc81a9000 	C:\WINDOWS\System32\msvcrt.dll
0x00007fffc9570000 - 0x00007fffc959a000 	C:\WINDOWS\System32\GDI32.dll
0x00007fffc7c20000 - 0x00007fffc7d51000 	C:\WINDOWS\System32\gdi32full.dll
0x00007fff96f10000 - 0x00007fff96f2e000 	c:\Users\ASUS\.vscode\extensions\redhat.java-1.42.0-win32-x64\jre\21.0.7-win32-x86_64\bin\VCRUNTIME140.dll
0x00007fffc7b70000 - 0x00007fffc7c13000 	C:\WINDOWS\System32\msvcp_win.dll
0x00007fffc9650000 - 0x00007fffc967f000 	C:\WINDOWS\System32\IMM32.DLL
0x00007fffba170000 - 0x00007fffba17c000 	c:\Users\ASUS\.vscode\extensions\redhat.java-1.42.0-win32-x64\jre\21.0.7-win32-x86_64\bin\vcruntime140_1.dll
0x00007fff5cc30000 - 0x00007fff5ccbd000 	c:\Users\ASUS\.vscode\extensions\redhat.java-1.42.0-win32-x64\jre\21.0.7-win32-x86_64\bin\msvcp140.dll
0x00007fff4f950000 - 0x00007fff506e0000 	c:\Users\ASUS\.vscode\extensions\redhat.java-1.42.0-win32-x64\jre\21.0.7-win32-x86_64\bin\server\jvm.dll
0x00007fffc8850000 - 0x00007fffc8902000 	C:\WINDOWS\System32\ADVAPI32.dll
0x00007fffc9700000 - 0x00007fffc97a6000 	C:\WINDOWS\System32\sechost.dll
0x00007fffc8730000 - 0x00007fffc8846000 	C:\WINDOWS\System32\RPCRT4.dll
0x00007fffc8ca0000 - 0x00007fffc8d14000 	C:\WINDOWS\System32\WS2_32.dll
0x00007fffc7250000 - 0x00007fffc72ae000 	C:\WINDOWS\SYSTEM32\POWRPROF.dll
0x00007fffba540000 - 0x00007fffba576000 	C:\WINDOWS\SYSTEM32\WINMM.dll
0x00007fffc0830000 - 0x00007fffc083b000 	C:\WINDOWS\SYSTEM32\VERSION.dll
0x00007fffc7230000 - 0x00007fffc7244000 	C:\WINDOWS\SYSTEM32\UMPDC.dll
0x00007fffc61d0000 - 0x00007fffc61ea000 	C:\WINDOWS\SYSTEM32\kernel.appcore.dll
0x00007fffb7cf0000 - 0x00007fffb7cfa000 	c:\Users\ASUS\.vscode\extensions\redhat.java-1.42.0-win32-x64\jre\21.0.7-win32-x86_64\bin\jimage.dll
0x00007fffbe760000 - 0x00007fffbe9a1000 	C:\WINDOWS\SYSTEM32\DBGHELP.DLL
0x00007fffc8910000 - 0x00007fffc8c92000 	C:\WINDOWS\System32\combase.dll
0x00007fffc83e0000 - 0x00007fffc84b6000 	C:\WINDOWS\System32\OLEAUT32.dll
0x00007fff8e690000 - 0x00007fff8e6c9000 	C:\WINDOWS\SYSTEM32\dbgcore.DLL
0x00007fffc7ad0000 - 0x00007fffc7b69000 	C:\WINDOWS\System32\bcryptPrimitives.dll
0x00007fffb6fc0000 - 0x00007fffb6fcf000 	c:\Users\ASUS\.vscode\extensions\redhat.java-1.42.0-win32-x64\jre\21.0.7-win32-x86_64\bin\instrument.dll
0x00007fff939f0000 - 0x00007fff93a0f000 	c:\Users\ASUS\.vscode\extensions\redhat.java-1.42.0-win32-x64\jre\21.0.7-win32-x86_64\bin\java.dll
0x00007fffc9a90000 - 0x00007fffca1b9000 	C:\WINDOWS\System32\SHELL32.dll
0x00007fffc7960000 - 0x00007fffc7ac8000 	C:\WINDOWS\System32\wintypes.dll
0x00007fffc5040000 - 0x00007fffc5892000 	C:\WINDOWS\SYSTEM32\windows.storage.dll
0x00007fffc97b0000 - 0x00007fffc989d000 	C:\WINDOWS\System32\SHCORE.dll
0x00007fffc9690000 - 0x00007fffc96f4000 	C:\WINDOWS\System32\shlwapi.dll
0x00007fffc72f0000 - 0x00007fffc731f000 	C:\WINDOWS\SYSTEM32\profapi.dll
0x00007fff938f0000 - 0x00007fff93908000 	c:\Users\ASUS\.vscode\extensions\redhat.java-1.42.0-win32-x64\jre\21.0.7-win32-x86_64\bin\zip.dll
0x00007fffb5590000 - 0x00007fffb55a0000 	C:\Users\ASUS\.vscode\extensions\redhat.java-1.42.0-win32-x64\jre\21.0.7-win32-x86_64\bin\net.dll
0x00007fffc1300000 - 0x00007fffc141d000 	C:\WINDOWS\SYSTEM32\WINHTTP.dll
0x00007fffc6710000 - 0x00007fffc677a000 	C:\WINDOWS\system32\mswsock.dll
0x00007fff93660000 - 0x00007fff93676000 	C:\Users\ASUS\.vscode\extensions\redhat.java-1.42.0-win32-x64\jre\21.0.7-win32-x86_64\bin\nio.dll
0x00007fffb3500000 - 0x00007fffb3510000 	c:\Users\ASUS\.vscode\extensions\redhat.java-1.42.0-win32-x64\jre\21.0.7-win32-x86_64\bin\verify.dll
0x00007fff864d0000 - 0x00007fff86515000 	C:\Users\ASUS\AppData\Roaming\Code\User\globalStorage\redhat.java\1.42.0\config_win\org.eclipse.equinox.launcher\org.eclipse.equinox.launcher.win32.win32.x86_64_1.2.1300.v20250331-1702\eclipse_11911.dll
0x00007fffc81b0000 - 0x00007fffc8346000 	C:\WINDOWS\System32\ole32.dll
0x00007fffc69b0000 - 0x00007fffc69cc000 	C:\WINDOWS\SYSTEM32\CRYPTSP.dll
0x00007fffc6120000 - 0x00007fffc615a000 	C:\WINDOWS\system32\rsaenh.dll
0x00007fffc67b0000 - 0x00007fffc67db000 	C:\WINDOWS\SYSTEM32\USERENV.dll
0x00007fffc72c0000 - 0x00007fffc72e6000 	C:\WINDOWS\SYSTEM32\bcrypt.dll
0x00007fffc69d0000 - 0x00007fffc69dc000 	C:\WINDOWS\SYSTEM32\CRYPTBASE.dll
0x00007fffc5bc0000 - 0x00007fffc5bf3000 	C:\WINDOWS\SYSTEM32\IPHLPAPI.DLL
0x00007fffc9a80000 - 0x00007fffc9a8a000 	C:\WINDOWS\System32\NSI.dll
0x00007fff833f0000 - 0x00007fff83439000 	C:\Users\ASUS\AppData\Local\Temp\jna-2018896\jna4753601124553625472.dll
0x00007fffc8e20000 - 0x00007fffc8e28000 	C:\WINDOWS\System32\PSAPI.DLL
0x00007fffc1a90000 - 0x00007fffc1aaf000 	C:\WINDOWS\SYSTEM32\dhcpcsvc6.DLL
0x00007fffc1740000 - 0x00007fffc1765000 	C:\WINDOWS\SYSTEM32\dhcpcsvc.DLL

dbghelp: loaded successfully - version: 4.0.5 - missing functions: none
symbol engine: initialized successfully - sym options: 0x614 - pdb path: .;c:\Users\ASUS\.vscode\extensions\redhat.java-1.42.0-win32-x64\jre\21.0.7-win32-x86_64\bin;C:\WINDOWS\SYSTEM32;C:\WINDOWS\WinSxS\amd64_microsoft.windows.common-controls_6595b64144ccf1df_6.0.26100.3624_none_3e086962e3345f24;c:\Users\ASUS\.vscode\extensions\redhat.java-1.42.0-win32-x64\jre\21.0.7-win32-x86_64\bin\server;C:\Users\ASUS\AppData\Roaming\Code\User\globalStorage\redhat.java\1.42.0\config_win\org.eclipse.equinox.launcher\org.eclipse.equinox.launcher.win32.win32.x86_64_1.2.1300.v20250331-1702;C:\Users\ASUS\AppData\Local\Temp\jna-2018896

VM Arguments:
jvm_args: --add-modules=ALL-SYSTEM --add-opens=java.base/java.util=ALL-UNNAMED --add-opens=java.base/java.lang=ALL-UNNAMED --add-opens=java.base/sun.nio.fs=ALL-UNNAMED -Declipse.application=org.eclipse.jdt.ls.core.id1 -Dosgi.bundles.defaultStartLevel=4 -Declipse.product=org.eclipse.jdt.ls.core.product -Djava.import.generatesMetadataFilesAtProjectRoot=false -DDetectVMInstallationsJob.disabled=true -Dfile.encoding=utf8 -XX:+UseParallelGC -XX:GCTimeRatio=4 -XX:AdaptiveSizePolicyWeight=90 -Dsun.zip.disableMemoryMapping=true -Xmx1G -Xms100m -Xlog:disable -javaagent:c:\Users\ASUS\.vscode\extensions\redhat.java-1.42.0-win32-x64\lombok\lombok-1.18.36.jar -XX:+HeapDumpOnOutOfMemoryError -XX:HeapDumpPath=c:\Users\ASUS\AppData\Roaming\Code\User\workspaceStorage\4b0376d230ac6989838f7d7fb20bbc41\redhat.java -Daether.dependencyCollector.impl=bf 
java_command: c:\Users\ASUS\.vscode\extensions\redhat.java-1.42.0-win32-x64\server\plugins\org.eclipse.equinox.launcher_1.7.0.v20250424-1814.jar -configuration c:\Users\ASUS\AppData\Roaming\Code\User\globalStorage\redhat.java\1.42.0\config_win -data c:\Users\ASUS\AppData\Roaming\Code\User\workspaceStorage\4b0376d230ac6989838f7d7fb20bbc41\redhat.java\jdt_ws --pipe=\\.\pipe\lsp-591e1783042e5331aea663de7afdd243-sock
java_class_path (initial): c:\Users\ASUS\.vscode\extensions\redhat.java-1.42.0-win32-x64\server\plugins\org.eclipse.equinox.launcher_1.7.0.v20250424-1814.jar
Launcher Type: SUN_STANDARD

[Global flags]
    uintx AdaptiveSizePolicyWeight                 = 90                                        {product} {command line}
     intx CICompilerCount                          = 4                                         {product} {ergonomic}
    uintx GCTimeRatio                              = 4                                         {product} {command line}
     bool HeapDumpOnOutOfMemoryError               = true                                   {manageable} {command line}
    ccstr HeapDumpPath                             = c:\Users\ASUS\AppData\Roaming\Code\User\workspaceStorage\4b0376d230ac6989838f7d7fb20bbc41\redhat.java         {manageable} {command line}
   size_t InitialHeapSize                          = 104857600                                 {product} {command line}
   size_t MaxHeapSize                              = 1073741824                                {product} {command line}
   size_t MaxNewSize                               = 357564416                                 {product} {ergonomic}
   size_t MinHeapDeltaBytes                        = 524288                                    {product} {ergonomic}
   size_t MinHeapSize                              = 104857600                                 {product} {command line}
   size_t NewSize                                  = 34603008                                  {product} {ergonomic}
    uintx NonNMethodCodeHeapSize                   = 5839372                                {pd product} {ergonomic}
    uintx NonProfiledCodeHeapSize                  = 122909434                              {pd product} {ergonomic}
   size_t OldSize                                  = 70254592                                  {product} {ergonomic}
    uintx ProfiledCodeHeapSize                     = 122909434                              {pd product} {ergonomic}
    uintx ReservedCodeCacheSize                    = 251658240                              {pd product} {ergonomic}
     bool SegmentedCodeCache                       = true                                      {product} {ergonomic}
   size_t SoftMaxHeapSize                          = 1073741824                             {manageable} {ergonomic}
     bool UseCompressedOops                        = true                           {product lp64_product} {ergonomic}
     bool UseLargePagesIndividualAllocation        = false                                  {pd product} {ergonomic}
     bool UseParallelGC                            = true                                      {product} {command line}

Logging:
Log output configuration:
 #0: stdout all=off uptime,level,tags foldmultilines=false
 #1: stderr all=off uptime,level,tags foldmultilines=false

Environment Variables:
PATH=C:\Program Files (x86)\VMware\VMware Workstation\bin\;C:\Program Files\Eclipse Adoptium\jdk-21.0.4.7-hotspot\bin;C:\WINDOWS\system32;C:\WINDOWS;C:\WINDOWS\System32\Wbem;C:\WINDOWS\System32\WindowsPowerShell\v1.0\;C:\WINDOWS\System32\OpenSSH\;C:\Program Files (x86)\NVIDIA Corporation\PhysX\Common;C:\Program Files\NVIDIA Corporation\NVIDIA NvDLISR;C:\Program Files\dotnet\;C:\Program Files (x86)\Git\cmd;C:\Program Files\nodejs\;%MAVEN_HOME%\bin.;C:\Users\ASUS\Downloads\apache-maven-3.9.9\bin;C:\Users\ASUS\AppData\Local\Programs\Python\Python313\Scripts\;C:\Users\ASUS\AppData\Local\Programs\Python\Python313\;C:\Users\ASUS\.cargo\bin;C:\Users\ASUS\AppData\Local\Microsoft\WindowsApps;C:\Users\ASUS\AppData\Local\Programs\Microsoft VS Code\bin;;C:\Program Files\JetBrains\IntelliJ IDEA 2024.3.5\bin;;C:\Users\ASUS\AppData\Roaming\npm
USERNAME=ASUS
OS=Windows_NT
PROCESSOR_IDENTIFIER=AMD64 Family 25 Model 68 Stepping 1, AuthenticAMD
TMP=C:\Users\ASUS\AppData\Local\Temp
TEMP=C:\Users\ASUS\AppData\Local\Temp




Periodic native trim disabled

---------------  S Y S T E M  ---------------

OS:
 Windows 11 , 64 bit Build 26100 (10.0.26100.3775)
OS uptime: 4 days 3:52 hours
Hyper-V role detected

CPU: total 12 (initial active 12) (12 cores per cpu, 2 threads per core) family 25 model 68 stepping 1 microcode 0xa404102, cx8, cmov, fxsr, ht, mmx, 3dnowpref, sse, sse2, sse3, ssse3, sse4a, sse4.1, sse4.2, popcnt, lzcnt, tsc, tscinvbit, avx, avx2, aes, erms, clmul, bmi1, bmi2, adx, sha, fma, vzeroupper, clflush, clflushopt, hv, rdtscp, rdpid, fsrm, f16c, cet_ss
Processor Information for processor 0
  Max Mhz: 3301, Current Mhz: 2024, Mhz Limit: 3301
Processor Information for processor 1
  Max Mhz: 3301, Current Mhz: 2024, Mhz Limit: 3301
Processor Information for processor 2
  Max Mhz: 3301, Current Mhz: 2024, Mhz Limit: 3301
Processor Information for processor 3
  Max Mhz: 3301, Current Mhz: 2024, Mhz Limit: 3301
Processor Information for processor 4
  Max Mhz: 3301, Current Mhz: 2496, Mhz Limit: 3301
Processor Information for processor 5
  Max Mhz: 3301, Current Mhz: 2496, Mhz Limit: 3301
Processor Information for processor 6
  Max Mhz: 3301, Current Mhz: 2024, Mhz Limit: 3301
Processor Information for processor 7
  Max Mhz: 3301, Current Mhz: 2024, Mhz Limit: 3301
Processor Information for processor 8
  Max Mhz: 3301, Current Mhz: 2496, Mhz Limit: 3301
Processor Information for processor 9
  Max Mhz: 3301, Current Mhz: 2496, Mhz Limit: 3301
Processor Information for processor 10
  Max Mhz: 3301, Current Mhz: 2496, Mhz Limit: 3301
Processor Information for processor 11
  Max Mhz: 3301, Current Mhz: 2496, Mhz Limit: 3301

Memory: 4k page, system-wide physical 7498M (640M free)
TotalPageFile size 30026M (AvailPageFile size 63M)
current process WorkingSet (physical memory assigned to process): 430M, peak: 430M
current process commit charge ("private bytes"): 440M, peak: 440M

vm_info: OpenJDK 64-Bit Server VM (21.0.7+6-LTS) for windows-amd64 JRE (21.0.7+6-LTS), built on 2025-04-15T00:00:00Z by "admin" with MS VC++ 17.7 (VS2022)

END.
