#
# There is insufficient memory for the Java Runtime Environment to continue.
# Native memory allocation (malloc) failed to allocate 1670432 bytes. Error detail: Chunk::new
# Possible reasons:
#   The system is out of physical RAM or swap space
#   This process is running with CompressedOops enabled, and the Java Heap may be blocking the growth of the native heap
# Possible solutions:
#   Reduce memory load on the system
#   Increase physical memory or swap space
#   Check if swap backing store is full
#   Decrease Java heap size (-Xmx/-Xms)
#   Decrease number of Java threads
#   Decrease Java thread stack sizes (-Xss)
#   Set larger code cache with -XX:ReservedCodeCacheSize=
#   JVM is running with Unscaled Compressed Oops mode in which the Java heap is
#     placed in the first 4GB address space. The Java Heap base address is the
#     maximum limit for the native heap growth. Please use -XX:HeapBaseMinAddress
#     to set the Java Heap base and to place the Java Heap above 4GB virtual address.
# This output file may be truncated or incomplete.
#
#  Out of Memory Error (arena.cpp:168), pid=25436, tid=27104
#
# JRE version: OpenJDK Runtime Environment Temurin-21.0.6+7 (21.0.6+7) (build 21.0.6+7-LTS)
# Java VM: OpenJDK 64-Bit Server VM Temurin-21.0.6+7 (21.0.6+7-LTS, mixed mode, sharing, tiered, compressed oops, compressed class ptrs, parallel gc, windows-amd64)
# No core dump will be written. Minidumps are not enabled by default on client versions of Windows
#

---------------  S U M M A R Y ------------

Command Line: --add-modules=ALL-SYSTEM --add-opens=java.base/java.util=ALL-UNNAMED --add-opens=java.base/java.lang=ALL-UNNAMED --add-opens=java.base/sun.nio.fs=ALL-UNNAMED -Declipse.application=org.eclipse.jdt.ls.core.id1 -Dosgi.bundles.defaultStartLevel=4 -Declipse.product=org.eclipse.jdt.ls.core.product -Djava.import.generatesMetadataFilesAtProjectRoot=false -DDetectVMInstallationsJob.disabled=true -Dfile.encoding=utf8 -XX:+UseParallelGC -XX:GCTimeRatio=4 -XX:AdaptiveSizePolicyWeight=90 -Dsun.zip.disableMemoryMapping=true -Xmx1G -Xms100m -Xlog:disable -javaagent:c:\Users\ASUS\.vscode\extensions\redhat.java-1.41.1-win32-x64\lombok\lombok-1.18.36.jar -XX:+HeapDumpOnOutOfMemoryError -XX:HeapDumpPath=c:\Users\ASUS\AppData\Roaming\Code\User\workspaceStorage\4b0376d230ac6989838f7d7fb20bbc41\redhat.java -Daether.dependencyCollector.impl=bf c:\Users\ASUS\.vscode\extensions\redhat.java-1.41.1-win32-x64\server\plugins\org.eclipse.equinox.launcher_1.7.0.v20250331-1702.jar -configuration c:\Users\ASUS\AppData\Roaming\Code\User\globalStorage\redhat.java\1.41.1\config_win -data c:\Users\ASUS\AppData\Roaming\Code\User\workspaceStorage\4b0376d230ac6989838f7d7fb20bbc41\redhat.java\jdt_ws --pipe=\\.\pipe\lsp-f619e9ae6fb605f3cd84b90cf732ce41-sock

Host: AMD Ryzen 5 7535HS with Radeon Graphics        , 12 cores, 7G,  Windows 11 , 64 bit Build 26100 (10.0.26100.3775)
Time: Thu May 15 21:38:44 2025 SE Asia Standard Time elapsed time: 80.357391 seconds (0d 0h 1m 20s)

---------------  T H R E A D  ---------------

Current thread (0x000001f46e7db340):  JavaThread "C2 CompilerThread0" daemon [_thread_in_native, id=27104, stack(0x00000072ee500000,0x00000072ee600000) (1024K)]


Current CompileTask:
C2:80357 14225   !   4       org.eclipse.jdt.internal.compiler.classfmt.ClassFileReader::<init> (2135 bytes)

Stack: [0x00000072ee500000,0x00000072ee600000]
Native frames: (J=compiled Java code, j=interpreted, Vv=VM code, C=native code)
V  [jvm.dll+0x6cdee9]
V  [jvm.dll+0x8a83d1]
V  [jvm.dll+0x8aa8fe]
V  [jvm.dll+0x8aafe3]
V  [jvm.dll+0x27f706]
V  [jvm.dll+0xc500d]
V  [jvm.dll+0xc5543]
V  [jvm.dll+0x3b678c]
V  [jvm.dll+0x1dfe13]
V  [jvm.dll+0x247b42]
V  [jvm.dll+0x246fcf]
V  [jvm.dll+0x1c75ee]
V  [jvm.dll+0x25685a]
V  [jvm.dll+0x254dfa]
V  [jvm.dll+0x3f0256]
V  [jvm.dll+0x851f8b]
V  [jvm.dll+0x6cc5ed]
C  [ucrtbase.dll+0x37b0]
C  [KERNEL32.DLL+0x2e8d7]
C  [ntdll.dll+0xb14fc]


---------------  P R O C E S S  ---------------

Threads class SMR info:
_java_thread_list=0x000001f473ebb220, length=92, elements={
0x000001f45635c350, 0x000001f46e7c0290, 0x000001f46e7c2c70, 0x000001f46e7c5bb0,
0x000001f46e7c9c10, 0x000001f46e7c8e20, 0x000001f46e7d36d0, 0x000001f46e7db340,
0x000001f46e7dcfb0, 0x000001f46e8b2e60, 0x000001f46eb14210, 0x000001f47356c190,
0x000001f46e9a8a80, 0x000001f473773e80, 0x000001f473777200, 0x000001f473aed2c0,
0x000001f473a0efb0, 0x000001f473b5b860, 0x000001f473b5bef0, 0x000001f473b5d930,
0x000001f473b5ab40, 0x000001f473b5cc10, 0x000001f473b5c580, 0x000001f473b5d2a0,
0x000001f473b5dfc0, 0x000001f473b5b1d0, 0x000001f475f22e80, 0x000001f475f21440,
0x000001f475f23510, 0x000001f475f22160, 0x000001f475f23ba0, 0x000001f475f24230,
0x000001f475f20db0, 0x000001f475f248c0, 0x000001f475f24f50, 0x000001f475f227f0,
0x000001f475f21ad0, 0x000001f475f255e0, 0x000001f475f25c70, 0x000001f475f276b0,
0x000001f475f26300, 0x000001f475f27020, 0x000001f4756d59f0, 0x000001f4756d3920,
0x000001f4756d4640, 0x000001f4756d3fb0, 0x000001f4756d8150, 0x000001f4756d6080,
0x000001f4756d7ac0, 0x000001f4756d6710, 0x000001f4756d7430, 0x000001f4756d4cd0,
0x000001f4756d87e0, 0x000001f4756d5360, 0x000001f4756daf40, 0x000001f4756da8b0,
0x000001f4756d8e70, 0x000001f4756d9b90, 0x000001f4756da220, 0x000001f474343430,
0x000001f474342080, 0x000001f474343ac0, 0x000001f474342710, 0x000001f474342da0,
0x000001f474340cd0, 0x000001f4743419f0, 0x000001f475d31470, 0x000001f475d32190,
0x000001f475d31b00, 0x000001f475d2ed10, 0x000001f475d32820, 0x000001f475d2f3a0,
0x000001f475d300c0, 0x000001f475d32eb0, 0x000001f475d2fa30, 0x000001f474495690,
0x000001f474495d20, 0x000001f474493c50, 0x000001f4744942e0, 0x000001f4744963b0,
0x000001f4744991a0, 0x000001f474498480, 0x000001f474497df0, 0x000001f474499830,
0x000001f474499ec0, 0x000001f47449a550, 0x000001f474497760, 0x000001f474498b10,
0x000001f4744970d0, 0x000001f47449abe0, 0x000001f475d35ca0, 0x000001f4746682e0
}

Java Threads: ( => current thread )
  0x000001f45635c350 JavaThread "main"                              [_thread_blocked, id=29972, stack(0x00000072edb00000,0x00000072edc00000) (1024K)]
  0x000001f46e7c0290 JavaThread "Reference Handler"          daemon [_thread_blocked, id=2488, stack(0x00000072edf00000,0x00000072ee000000) (1024K)]
  0x000001f46e7c2c70 JavaThread "Finalizer"                  daemon [_thread_blocked, id=36244, stack(0x00000072ee000000,0x00000072ee100000) (1024K)]
  0x000001f46e7c5bb0 JavaThread "Signal Dispatcher"          daemon [_thread_blocked, id=5780, stack(0x00000072ee100000,0x00000072ee200000) (1024K)]
  0x000001f46e7c9c10 JavaThread "Attach Listener"            daemon [_thread_blocked, id=14536, stack(0x00000072ee200000,0x00000072ee300000) (1024K)]
  0x000001f46e7c8e20 JavaThread "Service Thread"             daemon [_thread_blocked, id=13240, stack(0x00000072ee300000,0x00000072ee400000) (1024K)]
  0x000001f46e7d36d0 JavaThread "Monitor Deflation Thread"   daemon [_thread_blocked, id=16948, stack(0x00000072ee400000,0x00000072ee500000) (1024K)]
=>0x000001f46e7db340 JavaThread "C2 CompilerThread0"         daemon [_thread_in_native, id=27104, stack(0x00000072ee500000,0x00000072ee600000) (1024K)]
  0x000001f46e7dcfb0 JavaThread "C1 CompilerThread0"         daemon [_thread_in_native, id=36068, stack(0x00000072ee600000,0x00000072ee700000) (1024K)]
  0x000001f46e8b2e60 JavaThread "Common-Cleaner"             daemon [_thread_blocked, id=35232, stack(0x00000072ee700000,0x00000072ee800000) (1024K)]
  0x000001f46eb14210 JavaThread "Notification Thread"        daemon [_thread_blocked, id=34164, stack(0x00000072ee900000,0x00000072eea00000) (1024K)]
  0x000001f47356c190 JavaThread "Active Thread: Equinox Container: 542ca2a9-634e-4183-af1e-e889ea063d6c"        [_thread_blocked, id=39396, stack(0x00000072ef000000,0x00000072ef100000) (1024K)]
  0x000001f46e9a8a80 JavaThread "Refresh Thread: Equinox Container: 542ca2a9-634e-4183-af1e-e889ea063d6c" daemon [_thread_blocked, id=27276, stack(0x00000072ee800000,0x00000072ee900000) (1024K)]
  0x000001f473773e80 JavaThread "Framework Event Dispatcher: Equinox Container: 542ca2a9-634e-4183-af1e-e889ea063d6c" daemon [_thread_blocked, id=29060, stack(0x00000072ef200000,0x00000072ef300000) (1024K)]
  0x000001f473777200 JavaThread "Start Level: Equinox Container: 542ca2a9-634e-4183-af1e-e889ea063d6c" daemon [_thread_blocked, id=28080, stack(0x00000072ef300000,0x00000072ef400000) (1024K)]
  0x000001f473aed2c0 JavaThread "Bundle File Closer"         daemon [_thread_blocked, id=31212, stack(0x00000072ef500000,0x00000072ef600000) (1024K)]
  0x000001f473a0efb0 JavaThread "SCR Component Actor"        daemon [_thread_blocked, id=39844, stack(0x00000072ef700000,0x00000072ef800000) (1024K)]
  0x000001f473b5b860 JavaThread "Worker-JM"                         [_thread_blocked, id=26584, stack(0x00000072efa00000,0x00000072efb00000) (1024K)]
  0x000001f473b5bef0 JavaThread "JNA Cleaner"                daemon [_thread_blocked, id=14344, stack(0x00000072ef900000,0x00000072efa00000) (1024K)]
  0x000001f473b5d930 JavaThread "Worker-0"                          [_thread_blocked, id=24804, stack(0x00000072efb00000,0x00000072efc00000) (1024K)]
  0x000001f473b5ab40 JavaThread "Worker-1"                          [_thread_blocked, id=27616, stack(0x00000072efc00000,0x00000072efd00000) (1024K)]
  0x000001f473b5cc10 JavaThread "Java indexing"              daemon [_thread_blocked, id=7036, stack(0x00000072efe00000,0x00000072eff00000) (1024K)]
  0x000001f473b5c580 JavaThread "Worker-2"                          [_thread_blocked, id=24092, stack(0x00000072f0100000,0x00000072f0200000) (1024K)]
  0x000001f473b5d2a0 JavaThread "Worker-3"                          [_thread_blocked, id=8364, stack(0x00000072f0200000,0x00000072f0300000) (1024K)]
  0x000001f473b5dfc0 JavaThread "Worker-4"                          [_thread_blocked, id=22548, stack(0x00000072f0300000,0x00000072f0400000) (1024K)]
  0x000001f473b5b1d0 JavaThread "Thread-2"                   daemon [_thread_in_native, id=26092, stack(0x00000072f0400000,0x00000072f0500000) (1024K)]
  0x000001f475f22e80 JavaThread "Thread-3"                   daemon [_thread_in_native, id=30328, stack(0x00000072f0500000,0x00000072f0600000) (1024K)]
  0x000001f475f21440 JavaThread "Thread-4"                   daemon [_thread_in_native, id=25796, stack(0x00000072f0600000,0x00000072f0700000) (1024K)]
  0x000001f475f23510 JavaThread "Thread-5"                   daemon [_thread_in_native, id=27196, stack(0x00000072f0700000,0x00000072f0800000) (1024K)]
  0x000001f475f22160 JavaThread "Thread-6"                   daemon [_thread_in_native, id=14556, stack(0x00000072f0800000,0x00000072f0900000) (1024K)]
  0x000001f475f23ba0 JavaThread "Thread-7"                   daemon [_thread_in_native, id=25440, stack(0x00000072f0900000,0x00000072f0a00000) (1024K)]
  0x000001f475f24230 JavaThread "Thread-8"                   daemon [_thread_in_native, id=35792, stack(0x00000072f0a00000,0x00000072f0b00000) (1024K)]
  0x000001f475f20db0 JavaThread "Thread-9"                   daemon [_thread_in_native, id=12036, stack(0x00000072f0b00000,0x00000072f0c00000) (1024K)]
  0x000001f475f248c0 JavaThread "Thread-10"                  daemon [_thread_in_native, id=8980, stack(0x00000072f0c00000,0x00000072f0d00000) (1024K)]
  0x000001f475f24f50 JavaThread "Thread-11"                  daemon [_thread_in_native, id=34444, stack(0x00000072f0d00000,0x00000072f0e00000) (1024K)]
  0x000001f475f227f0 JavaThread "Thread-12"                  daemon [_thread_in_native, id=11580, stack(0x00000072f0e00000,0x00000072f0f00000) (1024K)]
  0x000001f475f21ad0 JavaThread "Thread-13"                  daemon [_thread_in_native, id=9176, stack(0x00000072f0f00000,0x00000072f1000000) (1024K)]
  0x000001f475f255e0 JavaThread "Thread-14"                  daemon [_thread_in_native, id=21260, stack(0x00000072f1000000,0x00000072f1100000) (1024K)]
  0x000001f475f25c70 JavaThread "pool-2-thread-1"                   [_thread_blocked, id=39308, stack(0x00000072f1100000,0x00000072f1200000) (1024K)]
  0x000001f475f276b0 JavaThread "Worker-5"                          [_thread_blocked, id=2160, stack(0x00000072f1200000,0x00000072f1300000) (1024K)]
  0x000001f475f26300 JavaThread "WorkspaceEventsHandler"            [_thread_blocked, id=4760, stack(0x00000072f1300000,0x00000072f1400000) (1024K)]
  0x000001f475f27020 JavaThread "pool-1-thread-1"                   [_thread_blocked, id=34124, stack(0x00000072f1400000,0x00000072f1500000) (1024K)]
  0x000001f4756d59f0 JavaThread "LocalFile Deleter"          daemon [_thread_blocked, id=4816, stack(0x00000072efd00000,0x00000072efe00000) (1024K)]
  0x000001f4756d3920 JavaThread "LocalFile Deleter"          daemon [_thread_blocked, id=35632, stack(0x00000072f1500000,0x00000072f1600000) (1024K)]
  0x000001f4756d4640 JavaThread "LocalFile Deleter"          daemon [_thread_blocked, id=34848, stack(0x00000072f1600000,0x00000072f1700000) (1024K)]
  0x000001f4756d3fb0 JavaThread "LocalFile Deleter"          daemon [_thread_blocked, id=29428, stack(0x00000072f1700000,0x00000072f1800000) (1024K)]
  0x000001f4756d8150 JavaThread "LocalFile Deleter"          daemon [_thread_blocked, id=15388, stack(0x00000072f1800000,0x00000072f1900000) (1024K)]
  0x000001f4756d6080 JavaThread "Compiler Source File Reader" daemon [_thread_blocked, id=28632, stack(0x00000072f1900000,0x00000072f1a00000) (1024K)]
  0x000001f4756d7ac0 JavaThread "Compiler Source File Reader" daemon [_thread_blocked, id=25732, stack(0x00000072f1a00000,0x00000072f1b00000) (1024K)]
  0x000001f4756d6710 JavaThread "Compiler Source File Reader" daemon [_thread_blocked, id=31404, stack(0x00000072f1b00000,0x00000072f1c00000) (1024K)]
  0x000001f4756d7430 JavaThread "Compiler Source File Reader" daemon [_thread_blocked, id=31640, stack(0x00000072f1c00000,0x00000072f1d00000) (1024K)]
  0x000001f4756d4cd0 JavaThread "Compiler Source File Reader" daemon [_thread_blocked, id=39336, stack(0x00000072f1d00000,0x00000072f1e00000) (1024K)]
  0x000001f4756d87e0 JavaThread "Compiler Source File Reader" daemon [_thread_blocked, id=19852, stack(0x00000072f1e00000,0x00000072f1f00000) (1024K)]
  0x000001f4756d5360 JavaThread "Compiler Source File Reader" daemon [_thread_blocked, id=33768, stack(0x00000072f1f00000,0x00000072f2000000) (1024K)]
  0x000001f4756daf40 JavaThread "Compiler Source File Reader" daemon [_thread_blocked, id=8856, stack(0x00000072f2000000,0x00000072f2100000) (1024K)]
  0x000001f4756da8b0 JavaThread "Compiler Source File Reader" daemon [_thread_blocked, id=34720, stack(0x00000072f2100000,0x00000072f2200000) (1024K)]
  0x000001f4756d8e70 JavaThread "Compiler Source File Reader" daemon [_thread_blocked, id=33996, stack(0x00000072f2200000,0x00000072f2300000) (1024K)]
  0x000001f4756d9b90 JavaThread "Compiler Processing Task"   daemon [_thread_blocked, id=35164, stack(0x00000072f2300000,0x00000072f2400000) (1024K)]
  0x000001f4756da220 JavaThread "Compiler Class File Writer" daemon [_thread_blocked, id=21016, stack(0x00000072f2400000,0x00000072f2500000) (1024K)]
  0x000001f474343430 JavaThread "Compiler Class File Writer" daemon [_thread_blocked, id=39208, stack(0x00000072f2500000,0x00000072f2600000) (1024K)]
  0x000001f474342080 JavaThread "Compiler Class File Writer" daemon [_thread_blocked, id=8372, stack(0x00000072f2600000,0x00000072f2700000) (1024K)]
  0x000001f474343ac0 JavaThread "Compiler Class File Writer" daemon [_thread_blocked, id=34700, stack(0x00000072f2700000,0x00000072f2800000) (1024K)]
  0x000001f474342710 JavaThread "Compiler Class File Writer" daemon [_thread_blocked, id=17588, stack(0x00000072f2800000,0x00000072f2900000) (1024K)]
  0x000001f474342da0 JavaThread "Compiler Class File Writer" daemon [_thread_blocked, id=37324, stack(0x00000072f2900000,0x00000072f2a00000) (1024K)]
  0x000001f474340cd0 JavaThread "Compiler Class File Writer" daemon [_thread_blocked, id=36488, stack(0x00000072f2a00000,0x00000072f2b00000) (1024K)]
  0x000001f4743419f0 JavaThread "Compiler Class File Writer" daemon [_thread_blocked, id=16400, stack(0x00000072f2b00000,0x00000072f2c00000) (1024K)]
  0x000001f475d31470 JavaThread "Compiler Class File Writer" daemon [_thread_blocked, id=5872, stack(0x00000072f2c00000,0x00000072f2d00000) (1024K)]
  0x000001f475d32190 JavaThread "Compiler Class File Writer" daemon [_thread_blocked, id=33208, stack(0x00000072f2d00000,0x00000072f2e00000) (1024K)]
  0x000001f475d31b00 JavaThread "LocalFile Deleter"          daemon [_thread_blocked, id=37536, stack(0x00000072f2e00000,0x00000072f2f00000) (1024K)]
  0x000001f475d2ed10 JavaThread "LocalFile Deleter"          daemon [_thread_blocked, id=33324, stack(0x00000072f2f00000,0x00000072f3000000) (1024K)]
  0x000001f475d32820 JavaThread "LocalFile Deleter"          daemon [_thread_blocked, id=34640, stack(0x00000072f3000000,0x00000072f3100000) (1024K)]
  0x000001f475d2f3a0 JavaThread "LocalFile Deleter"          daemon [_thread_blocked, id=23520, stack(0x00000072f3100000,0x00000072f3200000) (1024K)]
  0x000001f475d300c0 JavaThread "LocalFile Deleter"          daemon [_thread_blocked, id=28712, stack(0x00000072f3200000,0x00000072f3300000) (1024K)]
  0x000001f475d32eb0 JavaThread "LocalFile Deleter"          daemon [_thread_blocked, id=19168, stack(0x00000072f3300000,0x00000072f3400000) (1024K)]
  0x000001f475d2fa30 JavaThread "LocalFile Deleter"          daemon [_thread_blocked, id=4876, stack(0x00000072f3400000,0x00000072f3500000) (1024K)]
  0x000001f474495690 JavaThread "ForkJoinPool.commonPool-worker-1" daemon [_thread_blocked, id=12956, stack(0x00000072ef800000,0x00000072ef900000) (1024K)]
  0x000001f474495d20 JavaThread "ForkJoinPool.commonPool-worker-2" daemon [_thread_blocked, id=27332, stack(0x00000072f3600000,0x00000072f3700000) (1024K)]
  0x000001f474493c50 JavaThread "ForkJoinPool.commonPool-worker-3" daemon [_thread_blocked, id=39236, stack(0x00000072f3700000,0x00000072f3800000) (1024K)]
  0x000001f4744942e0 JavaThread "ForkJoinPool.commonPool-worker-4" daemon [_thread_in_Java, id=35276, stack(0x00000072f3800000,0x00000072f3900000) (1024K)]
  0x000001f4744963b0 JavaThread "ForkJoinPool.commonPool-worker-5" daemon [_thread_blocked, id=33120, stack(0x00000072f3900000,0x00000072f3a00000) (1024K)]
  0x000001f4744991a0 JavaThread "ForkJoinPool.commonPool-worker-6" daemon [_thread_blocked, id=23112, stack(0x00000072f3a00000,0x00000072f3b00000) (1024K)]
  0x000001f474498480 JavaThread "Java Debug Server"          daemon [_thread_in_native, id=34840, stack(0x00000072f3c00000,0x00000072f3d00000) (1024K)]
  0x000001f474497df0 JavaThread "pool-5-thread-1"                   [_thread_blocked, id=30876, stack(0x00000072f3d00000,0x00000072f3e00000) (1024K)]
  0x000001f474499830 JavaThread "ForkJoinPool.commonPool-worker-7" daemon [_thread_blocked, id=19520, stack(0x00000072f3e00000,0x00000072f3f00000) (1024K)]
  0x000001f474499ec0 JavaThread "ForkJoinPool.commonPool-worker-8" daemon [_thread_blocked, id=9232, stack(0x00000072f3f00000,0x00000072f4000000) (1024K)]
  0x000001f47449a550 JavaThread "ForkJoinPool.commonPool-worker-9" daemon [_thread_blocked, id=39704, stack(0x00000072f4000000,0x00000072f4100000) (1024K)]
  0x000001f474497760 JavaThread "ForkJoinPool.commonPool-worker-10" daemon [_thread_blocked, id=31964, stack(0x00000072f4100000,0x00000072f4200000) (1024K)]
  0x000001f474498b10 JavaThread "ForkJoinPool.commonPool-worker-11" daemon [_thread_blocked, id=34232, stack(0x00000072f4200000,0x00000072f4300000) (1024K)]
  0x000001f4744970d0 JavaThread "RxSchedulerPurge-1"         daemon [_thread_blocked, id=18848, stack(0x00000072f4300000,0x00000072f4400000) (1024K)]
  0x000001f47449abe0 JavaThread "RxCachedWorkerPoolEvictor-1" daemon [_thread_blocked, id=26476, stack(0x00000072f4400000,0x00000072f4500000) (1024K)]
  0x000001f475d35ca0 JavaThread "process reaper"             daemon [_thread_blocked, id=28156, stack(0x00000072ed590000,0x00000072ed5b0000) (128K)]
  0x000001f4746682e0 JavaThread "C2 CompilerThread1"         daemon [_thread_in_native, id=35612, stack(0x00000072ed900000,0x00000072eda00000) (1024K)]
Total: 92

Other Threads:
  0x000001f46c7a4b50 VMThread "VM Thread"                           [id=26472, stack(0x00000072ede00000,0x00000072edf00000) (1024K)]
  0x000001f46c69ca00 WatcherThread "VM Periodic Task Thread"        [id=12116, stack(0x00000072edd00000,0x00000072ede00000) (1024K)]
  0x000001f45637c820 WorkerThread "GC Thread#0"                     [id=33424, stack(0x00000072edc00000,0x00000072edd00000) (1024K)]
  0x000001f473022f20 WorkerThread "GC Thread#1"                     [id=26400, stack(0x00000072eea00000,0x00000072eeb00000) (1024K)]
  0x000001f4730074c0 WorkerThread "GC Thread#2"                     [id=8900, stack(0x00000072eeb00000,0x00000072eec00000) (1024K)]
  0x000001f473007860 WorkerThread "GC Thread#3"                     [id=35264, stack(0x00000072eec00000,0x00000072eed00000) (1024K)]
  0x000001f473007c00 WorkerThread "GC Thread#4"                     [id=27004, stack(0x00000072eed00000,0x00000072eee00000) (1024K)]
  0x000001f4734b9a50 WorkerThread "GC Thread#5"                     [id=25660, stack(0x00000072eee00000,0x00000072eef00000) (1024K)]
  0x000001f4734b9df0 WorkerThread "GC Thread#6"                     [id=9856, stack(0x00000072eef00000,0x00000072ef000000) (1024K)]
  0x000001f473598cf0 WorkerThread "GC Thread#7"                     [id=37772, stack(0x00000072ef100000,0x00000072ef200000) (1024K)]
  0x000001f473b1b100 WorkerThread "GC Thread#8"                     [id=3852, stack(0x00000072ef400000,0x00000072ef500000) (1024K)]
  0x000001f473b1b4a0 WorkerThread "GC Thread#9"                     [id=15136, stack(0x00000072ef600000,0x00000072ef700000) (1024K)]
Total: 12

Threads with active compile tasks:
C2 CompilerThread0  81413 14225   !   4       org.eclipse.jdt.internal.compiler.classfmt.ClassFileReader::<init> (2135 bytes)
C1 CompilerThread0  81414 14475 %     3       org.eclipse.jdt.internal.compiler.lookup.BinaryTypeBinding::createMethod @ 370 (1720 bytes)
C2 CompilerThread1  81414 14256       4       org.eclipse.jdt.internal.compiler.classfmt.ModuleInfo::readModuleAttribute (1166 bytes)
Total: 3

VM state: not at safepoint (normal execution)

VM Mutex/Monitor currently owned by a thread: None

Heap address: 0x00000000c0000000, size: 1024 MB, Compressed Oops mode: 32-bit

CDS archive(s) mapped at: [0x000001f400000000-0x000001f400ba0000-0x000001f400ba0000), size 12189696, SharedBaseAddress: 0x000001f400000000, ArchiveRelocationMode: 1.
Compressed class space mapped at: 0x000001f401000000-0x000001f441000000, reserved size: 1073741824
Narrow klass base: 0x000001f400000000, Narrow klass shift: 0, Narrow klass range: 0x100000000

GC Precious Log:
 CardTable entry size: 512
 CPUs: 12 total, 12 available
 Memory: 7498M
 Large Page Support: Disabled
 NUMA Support: Disabled
 Compressed Oops: Enabled (32-bit)
 Alignments: Space 512K, Generation 512K, Heap 2M
 Heap Min Capacity: 100M
 Heap Initial Capacity: 100M
 Heap Max Capacity: 1G
 Pre-touch: Disabled
 Parallel Workers: 10

Heap:
 PSYoungGen      total 12800K, used 10847K [0x00000000eab00000, 0x00000000ebd80000, 0x0000000100000000)
  eden space 11264K, 94% used [0x00000000eab00000,0x00000000eb56ff08,0x00000000eb600000)
  from space 1536K, 10% used [0x00000000eba80000,0x00000000ebaa8000,0x00000000ebc00000)
  to   space 1024K, 0% used [0x00000000ebc80000,0x00000000ebc80000,0x00000000ebd80000)
 ParOldGen       total 528384K, used 528306K [0x00000000c0000000, 0x00000000e0400000, 0x00000000eab00000)
  object space 528384K, 99% used [0x00000000c0000000,0x00000000e03eca40,0x00000000e0400000)
 Metaspace       used 71674K, committed 73344K, reserved 1114112K
  class space    used 7351K, committed 8064K, reserved 1048576K

Card table byte_map: [0x000001f46a030000,0x000001f46a240000] _byte_map_base: 0x000001f469a30000

Marking Bits: (ParMarkBitMap*) 0x00007fff507d3260
 Begin Bits: [0x000001f46a3a0000, 0x000001f46b3a0000)
 End Bits:   [0x000001f46b3a0000, 0x000001f46c3a0000)

Polling page: 0x000001f45ae20000

Metaspace:

Usage:
  Non-class:     62.82 MB used.
      Class:      7.18 MB used.
       Both:     69.99 MB used.

Virtual space:
  Non-class space:       64.00 MB reserved,      63.75 MB (>99%) committed,  1 nodes.
      Class space:        1.00 GB reserved,       7.88 MB ( <1%) committed,  1 nodes.
             Both:        1.06 GB reserved,      71.62 MB (  7%) committed. 

Chunk freelists:
   Non-Class:  64.00 KB
       Class:  7.97 MB
        Both:  8.03 MB

MaxMetaspaceSize: unlimited
CompressedClassSpaceSize: 1.00 GB
Initial GC threshold: 21.00 MB
Current GC threshold: 97.31 MB
CDS: on
 - commit_granule_bytes: 65536.
 - commit_granule_words: 8192.
 - virtual_space_node_default_size: 8388608.
 - enlarge_chunks_in_place: 1.
 - use_allocation_guard: 0.


Internal statistics:

num_allocs_failed_limit: 9.
num_arena_births: 1356.
num_arena_deaths: 14.
num_vsnodes_births: 2.
num_vsnodes_deaths: 0.
num_space_committed: 1146.
num_space_uncommitted: 0.
num_chunks_returned_to_freelist: 23.
num_chunks_taken_from_freelist: 4793.
num_chunk_merges: 15.
num_chunk_splits: 2931.
num_chunks_enlarged: 1618.
num_inconsistent_stats: 0.

CodeHeap 'non-profiled nmethods': size=120000Kb used=10006Kb max_used=10006Kb free=109993Kb
 bounds [0x000001f462910000, 0x000001f4632e0000, 0x000001f469e40000]
CodeHeap 'profiled nmethods': size=120000Kb used=31406Kb max_used=31406Kb free=88594Kb
 bounds [0x000001f45ae40000, 0x000001f45ccf0000, 0x000001f462370000]
CodeHeap 'non-nmethods': size=5760Kb used=1469Kb max_used=1533Kb free=4290Kb
 bounds [0x000001f462370000, 0x000001f4625e0000, 0x000001f462910000]
 total_blobs=14457 nmethods=13663 adapters=699
 compilation: enabled
              stopped_count=0, restarted_count=0
 full_count=0

Compilation events (20 events):
Event: 79.307 Thread 0x000001f46e7dcfb0 14433       2       org.eclipse.jdt.internal.compiler.ast.Argument::<init> (64 bytes)
Event: 79.307 Thread 0x000001f46e7dcfb0 nmethod 14433 0x000001f45ccc6510 code [0x000001f45ccc66a0, 0x000001f45ccc6838]
Event: 79.307 Thread 0x000001f46e7dcfb0 14434       2       org.eclipse.jdt.internal.core.BinaryType::getMethod (7 bytes)
Event: 79.307 Thread 0x000001f46e7dcfb0 nmethod 14434 0x000001f45ccc6990 code [0x000001f45ccc6b40, 0x000001f45ccc6c68]
Event: 79.307 Thread 0x000001f46e7dcfb0 14435       2       org.eclipse.jdt.internal.core.BinaryType::getMethod (11 bytes)
Event: 79.308 Thread 0x000001f46e7dcfb0 nmethod 14435 0x000001f45ccc6d10 code [0x000001f45ccc6ec0, 0x000001f45ccc7068]
Event: 79.308 Thread 0x000001f46e7dcfb0 14436       2       org.eclipse.jdt.internal.core.BinaryMethod::<init> (9 bytes)
Event: 79.308 Thread 0x000001f46e7dcfb0 nmethod 14436 0x000001f45ccc7110 code [0x000001f45ccc72c0, 0x000001f45ccc7490]
Event: 79.308 Thread 0x000001f46e7dcfb0 14438       2       org.eclipse.jdt.internal.compiler.parser.TypeConverter::decodeType (1624 bytes)
Event: 79.317 Thread 0x000001f46e7dcfb0 nmethod 14438 0x000001f45ccc7590 code [0x000001f45ccc7b60, 0x000001f45cccaf68]
Event: 79.317 Thread 0x000001f46e7dcfb0 14439       2       org.eclipse.jdt.internal.core.JavaElement::getSourceMapper (8 bytes)
Event: 79.317 Thread 0x000001f46e7dcfb0 nmethod 14439 0x000001f45cccc890 code [0x000001f45cccca40, 0x000001f45ccccb78]
Event: 79.317 Thread 0x000001f46e7dcfb0 14437       2       org.eclipse.jdt.internal.compiler.ast.MethodDeclaration::<init> (18 bytes)
Event: 79.317 Thread 0x000001f46e7dcfb0 nmethod 14437 0x000001f45ccccc10 code [0x000001f45ccccda0, 0x000001f45cccced8]
Event: 79.317 Thread 0x000001f46e7dcfb0 14440       2       org.eclipse.jdt.internal.compiler.ast.TypeReference::<init> (10 bytes)
Event: 79.317 Thread 0x000001f46e7dcfb0 nmethod 14440 0x000001f45ccccf90 code [0x000001f45cccd120, 0x000001f45cccd250]
Event: 79.317 Thread 0x000001f46e7dcfb0 14441       1       org.eclipse.jdt.internal.core.BinaryMember::isBinary (2 bytes)
Event: 79.318 Thread 0x000001f46e7dcfb0 nmethod 14441 0x000001f4632d5510 code [0x000001f4632d56a0, 0x000001f4632d5768]
Event: 79.318 Thread 0x000001f46e7dcfb0 14442       1       org.eclipse.jdt.internal.core.PackageFragmentRootInfo::getSourceMapper (5 bytes)
Event: 79.318 Thread 0x000001f46e7dcfb0 nmethod 14442 0x000001f4632d5810 code [0x000001f4632d59a0, 0x000001f4632d5a68]

GC Heap History (20 events):
Event: 49.235 GC heap before
{Heap before GC invocations=1201 (full 3):
 PSYoungGen      total 11776K, used 11771K [0x00000000eab00000, 0x00000000eb900000, 0x0000000100000000)
  eden space 11264K, 100% used [0x00000000eab00000,0x00000000eb600000,0x00000000eb600000)
  from space 512K, 99% used [0x00000000eb680000,0x00000000eb6feea8,0x00000000eb700000)
  to   space 1536K, 0% used [0x00000000eb780000,0x00000000eb780000,0x00000000eb900000)
 ParOldGen       total 516096K, used 515736K [0x00000000c0000000, 0x00000000df800000, 0x00000000eab00000)
  object space 516096K, 99% used [0x00000000c0000000,0x00000000df7a6340,0x00000000df800000)
 Metaspace       used 66911K, committed 68480K, reserved 1114112K
  class space    used 6763K, committed 7424K, reserved 1048576K
}
Event: 49.238 GC heap after
{Heap after GC invocations=1201 (full 3):
 PSYoungGen      total 12800K, used 1392K [0x00000000eab00000, 0x00000000eb900000, 0x0000000100000000)
  eden space 11264K, 0% used [0x00000000eab00000,0x00000000eab00000,0x00000000eb600000)
  from space 1536K, 90% used [0x00000000eb780000,0x00000000eb8dc010,0x00000000eb900000)
  to   space 1536K, 0% used [0x00000000eb600000,0x00000000eb600000,0x00000000eb780000)
 ParOldGen       total 516608K, used 516124K [0x00000000c0000000, 0x00000000df880000, 0x00000000eab00000)
  object space 516608K, 99% used [0x00000000c0000000,0x00000000df8070e8,0x00000000df880000)
 Metaspace       used 66911K, committed 68480K, reserved 1114112K
  class space    used 6763K, committed 7424K, reserved 1048576K
}
Event: 49.295 GC heap before
{Heap before GC invocations=1202 (full 3):
 PSYoungGen      total 12800K, used 12656K [0x00000000eab00000, 0x00000000eb900000, 0x0000000100000000)
  eden space 11264K, 100% used [0x00000000eab00000,0x00000000eb600000,0x00000000eb600000)
  from space 1536K, 90% used [0x00000000eb780000,0x00000000eb8dc010,0x00000000eb900000)
  to   space 1536K, 0% used [0x00000000eb600000,0x00000000eb600000,0x00000000eb780000)
 ParOldGen       total 516608K, used 516124K [0x00000000c0000000, 0x00000000df880000, 0x00000000eab00000)
  object space 516608K, 99% used [0x00000000c0000000,0x00000000df8070e8,0x00000000df880000)
 Metaspace       used 67497K, committed 69120K, reserved 1114112K
  class space    used 6818K, committed 7488K, reserved 1048576K
}
Event: 49.298 GC heap after
{Heap after GC invocations=1202 (full 3):
 PSYoungGen      total 12800K, used 1078K [0x00000000eab00000, 0x00000000eb900000, 0x0000000100000000)
  eden space 11264K, 0% used [0x00000000eab00000,0x00000000eab00000,0x00000000eb600000)
  from space 1536K, 70% used [0x00000000eb600000,0x00000000eb70d800,0x00000000eb780000)
  to   space 1536K, 0% used [0x00000000eb780000,0x00000000eb780000,0x00000000eb900000)
 ParOldGen       total 517120K, used 517067K [0x00000000c0000000, 0x00000000df900000, 0x00000000eab00000)
  object space 517120K, 99% used [0x00000000c0000000,0x00000000df8f2e48,0x00000000df900000)
 Metaspace       used 67497K, committed 69120K, reserved 1114112K
  class space    used 6818K, committed 7488K, reserved 1048576K
}
Event: 49.380 GC heap before
{Heap before GC invocations=1203 (full 3):
 PSYoungGen      total 12800K, used 12334K [0x00000000eab00000, 0x00000000eb900000, 0x0000000100000000)
  eden space 11264K, 99% used [0x00000000eab00000,0x00000000eb5fe248,0x00000000eb600000)
  from space 1536K, 70% used [0x00000000eb600000,0x00000000eb70d800,0x00000000eb780000)
  to   space 1536K, 0% used [0x00000000eb780000,0x00000000eb780000,0x00000000eb900000)
 ParOldGen       total 517120K, used 517067K [0x00000000c0000000, 0x00000000df900000, 0x00000000eab00000)
  object space 517120K, 99% used [0x00000000c0000000,0x00000000df8f2e48,0x00000000df900000)
 Metaspace       used 68705K, committed 70272K, reserved 1114112K
  class space    used 6959K, committed 7616K, reserved 1048576K
}
Event: 49.383 GC heap after
{Heap after GC invocations=1203 (full 3):
 PSYoungGen      total 12288K, used 566K [0x00000000eab00000, 0x00000000eb880000, 0x0000000100000000)
  eden space 11264K, 0% used [0x00000000eab00000,0x00000000eab00000,0x00000000eb600000)
  from space 1024K, 55% used [0x00000000eb780000,0x00000000eb80db40,0x00000000eb880000)
  to   space 1024K, 0% used [0x00000000eb680000,0x00000000eb680000,0x00000000eb780000)
 ParOldGen       total 518144K, used 517975K [0x00000000c0000000, 0x00000000dfa00000, 0x00000000eab00000)
  object space 518144K, 99% used [0x00000000c0000000,0x00000000df9d5c60,0x00000000dfa00000)
 Metaspace       used 68705K, committed 70272K, reserved 1114112K
  class space    used 6959K, committed 7616K, reserved 1048576K
}
Event: 49.461 GC heap before
{Heap before GC invocations=1204 (full 3):
 PSYoungGen      total 12288K, used 11830K [0x00000000eab00000, 0x00000000eb880000, 0x0000000100000000)
  eden space 11264K, 100% used [0x00000000eab00000,0x00000000eb600000,0x00000000eb600000)
  from space 1024K, 55% used [0x00000000eb780000,0x00000000eb80db40,0x00000000eb880000)
  to   space 1024K, 0% used [0x00000000eb680000,0x00000000eb680000,0x00000000eb780000)
 ParOldGen       total 518144K, used 517975K [0x00000000c0000000, 0x00000000dfa00000, 0x00000000eab00000)
  object space 518144K, 99% used [0x00000000c0000000,0x00000000df9d5c60,0x00000000dfa00000)
 Metaspace       used 69211K, committed 70784K, reserved 1114112K
  class space    used 7038K, committed 7680K, reserved 1048576K
}
Event: 49.465 GC heap after
{Heap after GC invocations=1204 (full 3):
 PSYoungGen      total 12288K, used 1024K [0x00000000eab00000, 0x00000000ec600000, 0x0000000100000000)
  eden space 11264K, 0% used [0x00000000eab00000,0x00000000eab00000,0x00000000eb600000)
  from space 1024K, 100% used [0x00000000eb680000,0x00000000eb780000,0x00000000eb780000)
  to   space 8192K, 0% used [0x00000000ebe00000,0x00000000ebe00000,0x00000000ec600000)
 ParOldGen       total 523776K, used 523624K [0x00000000c0000000, 0x00000000dff80000, 0x00000000eab00000)
  object space 523776K, 99% used [0x00000000c0000000,0x00000000dff5a378,0x00000000dff80000)
 Metaspace       used 69211K, committed 70784K, reserved 1114112K
  class space    used 7038K, committed 7680K, reserved 1048576K
}
Event: 49.633 GC heap before
{Heap before GC invocations=1205 (full 3):
 PSYoungGen      total 12288K, used 12288K [0x00000000eab00000, 0x00000000ec600000, 0x0000000100000000)
  eden space 11264K, 100% used [0x00000000eab00000,0x00000000eb600000,0x00000000eb600000)
  from space 1024K, 100% used [0x00000000eb680000,0x00000000eb780000,0x00000000eb780000)
  to   space 8192K, 0% used [0x00000000ebe00000,0x00000000ebe00000,0x00000000ec600000)
 ParOldGen       total 523776K, used 523624K [0x00000000c0000000, 0x00000000dff80000, 0x00000000eab00000)
  object space 523776K, 99% used [0x00000000c0000000,0x00000000dff5a378,0x00000000dff80000)
 Metaspace       used 70219K, committed 71808K, reserved 1114112K
  class space    used 7202K, committed 7872K, reserved 1048576K
}
Event: 49.637 GC heap after
{Heap after GC invocations=1205 (full 3):
 PSYoungGen      total 13312K, used 2016K [0x00000000eab00000, 0x00000000ec000000, 0x0000000100000000)
  eden space 11264K, 0% used [0x00000000eab00000,0x00000000eab00000,0x00000000eb600000)
  from space 2048K, 98% used [0x00000000ebe00000,0x00000000ebff8000,0x00000000ec000000)
  to   space 4096K, 0% used [0x00000000eb800000,0x00000000eb800000,0x00000000ebc00000)
 ParOldGen       total 524800K, used 524675K [0x00000000c0000000, 0x00000000e0080000, 0x00000000eab00000)
  object space 524800K, 99% used [0x00000000c0000000,0x00000000e0060ea0,0x00000000e0080000)
 Metaspace       used 70219K, committed 71808K, reserved 1114112K
  class space    used 7202K, committed 7872K, reserved 1048576K
}
Event: 77.332 GC heap before
{Heap before GC invocations=1206 (full 3):
 PSYoungGen      total 13312K, used 13280K [0x00000000eab00000, 0x00000000ec000000, 0x0000000100000000)
  eden space 11264K, 100% used [0x00000000eab00000,0x00000000eb600000,0x00000000eb600000)
  from space 2048K, 98% used [0x00000000ebe00000,0x00000000ebff8000,0x00000000ec000000)
  to   space 4096K, 0% used [0x00000000eb800000,0x00000000eb800000,0x00000000ebc00000)
 ParOldGen       total 524800K, used 524675K [0x00000000c0000000, 0x00000000e0080000, 0x00000000eab00000)
  object space 524800K, 99% used [0x00000000c0000000,0x00000000e0060ea0,0x00000000e0080000)
 Metaspace       used 70745K, committed 72384K, reserved 1114112K
  class space    used 7282K, committed 8000K, reserved 1048576K
}
Event: 77.336 GC heap after
{Heap after GC invocations=1206 (full 3):
 PSYoungGen      total 15360K, used 594K [0x00000000eab00000, 0x00000000ebe80000, 0x0000000100000000)
  eden space 11264K, 0% used [0x00000000eab00000,0x00000000eab00000,0x00000000eb600000)
  from space 4096K, 14% used [0x00000000eb800000,0x00000000eb894b88,0x00000000ebc00000)
  to   space 1536K, 0% used [0x00000000ebd00000,0x00000000ebd00000,0x00000000ebe80000)
 ParOldGen       total 526848K, used 526547K [0x00000000c0000000, 0x00000000e0280000, 0x00000000eab00000)
  object space 526848K, 99% used [0x00000000c0000000,0x00000000e0234ea0,0x00000000e0280000)
 Metaspace       used 70745K, committed 72384K, reserved 1114112K
  class space    used 7282K, committed 8000K, reserved 1048576K
}
Event: 78.863 GC heap before
{Heap before GC invocations=1207 (full 3):
 PSYoungGen      total 15360K, used 11858K [0x00000000eab00000, 0x00000000ebe80000, 0x0000000100000000)
  eden space 11264K, 100% used [0x00000000eab00000,0x00000000eb600000,0x00000000eb600000)
  from space 4096K, 14% used [0x00000000eb800000,0x00000000eb894b88,0x00000000ebc00000)
  to   space 1536K, 0% used [0x00000000ebd00000,0x00000000ebd00000,0x00000000ebe80000)
 ParOldGen       total 526848K, used 526547K [0x00000000c0000000, 0x00000000e0280000, 0x00000000eab00000)
  object space 526848K, 99% used [0x00000000c0000000,0x00000000e0234ea0,0x00000000e0280000)
 Metaspace       used 71002K, committed 72640K, reserved 1114112K
  class space    used 7295K, committed 8000K, reserved 1048576K
}
Event: 78.865 GC heap after
{Heap after GC invocations=1207 (full 3):
 PSYoungGen      total 12288K, used 707K [0x00000000eab00000, 0x00000000ebe00000, 0x0000000100000000)
  eden space 11264K, 0% used [0x00000000eab00000,0x00000000eab00000,0x00000000eb600000)
  from space 1024K, 69% used [0x00000000ebd00000,0x00000000ebdb0df0,0x00000000ebe00000)
  to   space 1024K, 0% used [0x00000000ebc00000,0x00000000ebc00000,0x00000000ebd00000)
 ParOldGen       total 526848K, used 526731K [0x00000000c0000000, 0x00000000e0280000, 0x00000000eab00000)
  object space 526848K, 99% used [0x00000000c0000000,0x00000000e0262eb0,0x00000000e0280000)
 Metaspace       used 71002K, committed 72640K, reserved 1114112K
  class space    used 7295K, committed 8000K, reserved 1048576K
}
Event: 79.168 GC heap before
{Heap before GC invocations=1208 (full 3):
 PSYoungGen      total 12288K, used 11971K [0x00000000eab00000, 0x00000000ebe00000, 0x0000000100000000)
  eden space 11264K, 100% used [0x00000000eab00000,0x00000000eb600000,0x00000000eb600000)
  from space 1024K, 69% used [0x00000000ebd00000,0x00000000ebdb0df0,0x00000000ebe00000)
  to   space 1024K, 0% used [0x00000000ebc00000,0x00000000ebc00000,0x00000000ebd00000)
 ParOldGen       total 526848K, used 526731K [0x00000000c0000000, 0x00000000e0280000, 0x00000000eab00000)
  object space 526848K, 99% used [0x00000000c0000000,0x00000000e0262eb0,0x00000000e0280000)
 Metaspace       used 71171K, committed 72832K, reserved 1114112K
  class space    used 7325K, committed 8064K, reserved 1048576K
}
Event: 79.171 GC heap after
{Heap after GC invocations=1208 (full 3):
 PSYoungGen      total 12288K, used 1023K [0x00000000eab00000, 0x00000000ebd80000, 0x0000000100000000)
  eden space 11264K, 0% used [0x00000000eab00000,0x00000000eab00000,0x00000000eb600000)
  from space 1024K, 99% used [0x00000000ebc00000,0x00000000ebcfff78,0x00000000ebd00000)
  to   space 512K, 0% used [0x00000000ebd00000,0x00000000ebd00000,0x00000000ebd80000)
 ParOldGen       total 527360K, used 527274K [0x00000000c0000000, 0x00000000e0300000, 0x00000000eab00000)
  object space 527360K, 99% used [0x00000000c0000000,0x00000000e02ea848,0x00000000e0300000)
 Metaspace       used 71171K, committed 72832K, reserved 1114112K
  class space    used 7325K, committed 8064K, reserved 1048576K
}
Event: 79.311 GC heap before
{Heap before GC invocations=1209 (full 3):
 PSYoungGen      total 12288K, used 11765K [0x00000000eab00000, 0x00000000ebd80000, 0x0000000100000000)
  eden space 11264K, 95% used [0x00000000eab00000,0x00000000eb57d770,0x00000000eb600000)
  from space 1024K, 99% used [0x00000000ebc00000,0x00000000ebcfff78,0x00000000ebd00000)
  to   space 512K, 0% used [0x00000000ebd00000,0x00000000ebd00000,0x00000000ebd80000)
 ParOldGen       total 527360K, used 527274K [0x00000000c0000000, 0x00000000e0300000, 0x00000000eab00000)
  object space 527360K, 99% used [0x00000000c0000000,0x00000000e02ea848,0x00000000e0300000)
 Metaspace       used 71625K, committed 73344K, reserved 1114112K
  class space    used 7349K, committed 8064K, reserved 1048576K
}
Event: 79.316 GC heap after
{Heap after GC invocations=1209 (full 3):
 PSYoungGen      total 11776K, used 500K [0x00000000eab00000, 0x00000000ebd80000, 0x0000000100000000)
  eden space 11264K, 0% used [0x00000000eab00000,0x00000000eab00000,0x00000000eb600000)
  from space 512K, 97% used [0x00000000ebd00000,0x00000000ebd7d200,0x00000000ebd80000)
  to   space 1536K, 0% used [0x00000000eba80000,0x00000000eba80000,0x00000000ebc00000)
 ParOldGen       total 528384K, used 527886K [0x00000000c0000000, 0x00000000e0400000, 0x00000000eab00000)
  object space 528384K, 99% used [0x00000000c0000000,0x00000000e0383840,0x00000000e0400000)
 Metaspace       used 71625K, committed 73344K, reserved 1114112K
  class space    used 7349K, committed 8064K, reserved 1048576K
}
Event: 79.336 GC heap before
{Heap before GC invocations=1210 (full 3):
 PSYoungGen      total 11776K, used 10741K [0x00000000eab00000, 0x00000000ebd80000, 0x0000000100000000)
  eden space 11264K, 90% used [0x00000000eab00000,0x00000000eb5003d8,0x00000000eb600000)
  from space 512K, 97% used [0x00000000ebd00000,0x00000000ebd7d200,0x00000000ebd80000)
  to   space 1536K, 0% used [0x00000000eba80000,0x00000000eba80000,0x00000000ebc00000)
 ParOldGen       total 528384K, used 527886K [0x00000000c0000000, 0x00000000e0400000, 0x00000000eab00000)
  object space 528384K, 99% used [0x00000000c0000000,0x00000000e0383840,0x00000000e0400000)
 Metaspace       used 71626K, committed 73344K, reserved 1114112K
  class space    used 7349K, committed 8064K, reserved 1048576K
}
Event: 79.339 GC heap after
{Heap after GC invocations=1210 (full 3):
 PSYoungGen      total 12800K, used 160K [0x00000000eab00000, 0x00000000ebd80000, 0x0000000100000000)
  eden space 11264K, 0% used [0x00000000eab00000,0x00000000eab00000,0x00000000eb600000)
  from space 1536K, 10% used [0x00000000eba80000,0x00000000ebaa8000,0x00000000ebc00000)
  to   space 1024K, 0% used [0x00000000ebc80000,0x00000000ebc80000,0x00000000ebd80000)
 ParOldGen       total 528384K, used 528306K [0x00000000c0000000, 0x00000000e0400000, 0x00000000eab00000)
  object space 528384K, 99% used [0x00000000c0000000,0x00000000e03eca40,0x00000000e0400000)
 Metaspace       used 71626K, committed 73344K, reserved 1114112K
  class space    used 7349K, committed 8064K, reserved 1048576K
}

Dll operation events (11 events):
Event: 0.019 Loaded shared library c:\Users\ASUS\.vscode\extensions\redhat.java-1.41.1-win32-x64\jre\21.0.6-win32-x86_64\bin\java.dll
Event: 0.131 Loaded shared library c:\Users\ASUS\.vscode\extensions\redhat.java-1.41.1-win32-x64\jre\21.0.6-win32-x86_64\bin\zip.dll
Event: 0.163 Loaded shared library C:\Users\ASUS\.vscode\extensions\redhat.java-1.41.1-win32-x64\jre\21.0.6-win32-x86_64\bin\instrument.dll
Event: 0.171 Loaded shared library C:\Users\ASUS\.vscode\extensions\redhat.java-1.41.1-win32-x64\jre\21.0.6-win32-x86_64\bin\net.dll
Event: 0.174 Loaded shared library C:\Users\ASUS\.vscode\extensions\redhat.java-1.41.1-win32-x64\jre\21.0.6-win32-x86_64\bin\nio.dll
Event: 0.179 Loaded shared library C:\Users\ASUS\.vscode\extensions\redhat.java-1.41.1-win32-x64\jre\21.0.6-win32-x86_64\bin\zip.dll
Event: 0.202 Loaded shared library C:\Users\ASUS\.vscode\extensions\redhat.java-1.41.1-win32-x64\jre\21.0.6-win32-x86_64\bin\jimage.dll
Event: 0.309 Loaded shared library c:\Users\ASUS\.vscode\extensions\redhat.java-1.41.1-win32-x64\jre\21.0.6-win32-x86_64\bin\verify.dll
Event: 4.733 Loaded shared library C:\Users\ASUS\AppData\Roaming\Code\User\globalStorage\redhat.java\1.41.1\config_win\org.eclipse.equinox.launcher\org.eclipse.equinox.launcher.win32.win32.x86_64_1.2.1300.v20250331-1702\eclipse_11911.dll
Event: 20.086 Loaded shared library C:\Users\ASUS\AppData\Local\Temp\jna-2018896\jna5057972096731716580.dll
Event: 49.224 Loaded shared library C:\Users\ASUS\.vscode\extensions\redhat.java-1.41.1-win32-x64\jre\21.0.6-win32-x86_64\bin\extnet.dll

Deoptimization events (20 events):
Event: 79.283 Thread 0x000001f4744942e0 Uncommon trap: trap_request=0xffffff45 fr.pc=0x000001f462b9d210 relative=0x00000000000003b0
Event: 79.283 Thread 0x000001f4744942e0 Uncommon trap: reason=unstable_if action=reinterpret pc=0x000001f462b9d210 method=java.lang.StringLatin1.indexOf([BIII)I @ 4 c2
Event: 79.283 Thread 0x000001f4744942e0 DEOPT PACKING pc=0x000001f462b9d210 sp=0x00000072f38fe550
Event: 79.283 Thread 0x000001f4744942e0 DEOPT UNPACKING pc=0x000001f4623c3aa2 sp=0x00000072f38fe3b0 mode 2
Event: 79.283 Thread 0x000001f4744942e0 Uncommon trap: trap_request=0xffffff45 fr.pc=0x000001f462a0ade4 relative=0x0000000000000224
Event: 79.283 Thread 0x000001f4744942e0 Uncommon trap: reason=unstable_if action=reinterpret pc=0x000001f462a0ade4 method=java.lang.StringLatin1.canEncode(I)Z @ 4 c2
Event: 79.283 Thread 0x000001f4744942e0 DEOPT PACKING pc=0x000001f462a0ade4 sp=0x00000072f38fe4f0
Event: 79.283 Thread 0x000001f4744942e0 DEOPT UNPACKING pc=0x000001f4623c3aa2 sp=0x00000072f38fe348 mode 2
Event: 79.283 Thread 0x000001f4744942e0 Uncommon trap: trap_request=0xffffff45 fr.pc=0x000001f462c639d4 relative=0x0000000000000554
Event: 79.283 Thread 0x000001f4744942e0 Uncommon trap: reason=unstable_if action=reinterpret pc=0x000001f462c639d4 method=java.net.URI.match(CJJ)Z @ 32 c2
Event: 79.283 Thread 0x000001f4744942e0 DEOPT PACKING pc=0x000001f462c639d4 sp=0x00000072f38fe540
Event: 79.283 Thread 0x000001f4744942e0 DEOPT UNPACKING pc=0x000001f4623c3aa2 sp=0x00000072f38fe3b8 mode 2
Event: 79.284 Thread 0x000001f4744942e0 Uncommon trap: trap_request=0xffffff45 fr.pc=0x000001f462990d28 relative=0x0000000000000088
Event: 79.284 Thread 0x000001f4744942e0 Uncommon trap: reason=unstable_if action=reinterpret pc=0x000001f462990d28 method=java.net.URI.match(CJJ)Z @ 32 c2
Event: 79.284 Thread 0x000001f4744942e0 DEOPT PACKING pc=0x000001f462990d28 sp=0x00000072f38fe430
Event: 79.284 Thread 0x000001f4744942e0 DEOPT UNPACKING pc=0x000001f4623c3aa2 sp=0x00000072f38fe3b8 mode 2
Event: 79.284 Thread 0x000001f4744942e0 Uncommon trap: trap_request=0xffffff45 fr.pc=0x000001f462930c94 relative=0x00000000000001f4
Event: 79.284 Thread 0x000001f4744942e0 Uncommon trap: reason=unstable_if action=reinterpret pc=0x000001f462930c94 method=java.lang.String.isLatin1()Z @ 10 c2
Event: 79.284 Thread 0x000001f4744942e0 DEOPT PACKING pc=0x000001f462930c94 sp=0x00000072f38fe530
Event: 79.284 Thread 0x000001f4744942e0 DEOPT UNPACKING pc=0x000001f4623c3aa2 sp=0x00000072f38fe458 mode 2

Classes loaded (20 events):
Event: 49.638 Loading class java/util/concurrent/CompletableFuture$UniWhenComplete
Event: 49.638 Loading class java/util/concurrent/CompletableFuture$UniWhenComplete done
Event: 49.639 Loading class java/util/concurrent/CompletableFuture$UniCompose
Event: 49.639 Loading class java/util/concurrent/CompletableFuture$UniCompose done
Event: 49.639 Loading class java/util/concurrent/CompletableFuture$UniRelay
Event: 49.640 Loading class java/util/concurrent/CompletableFuture$UniRelay done
Event: 50.422 Loading class java/util/concurrent/ScheduledThreadPoolExecutor$DelayedWorkQueue$Itr
Event: 50.423 Loading class java/util/concurrent/ScheduledThreadPoolExecutor$DelayedWorkQueue$Itr done
Event: 50.907 Loading class java/util/stream/IntPipeline$1
Event: 50.907 Loading class java/util/stream/IntPipeline$1 done
Event: 50.908 Loading class java/util/stream/IntPipeline$1$1
Event: 50.908 Loading class java/util/stream/Sink$ChainedInt
Event: 50.908 Loading class java/util/stream/Sink$ChainedInt done
Event: 50.908 Loading class java/util/stream/IntPipeline$1$1 done
Event: 51.257 Loading class java/lang/ProcessHandleImpl$ExitCompletion
Event: 51.257 Loading class java/lang/ProcessHandleImpl$ExitCompletion done
Event: 51.257 Loading class java/lang/ProcessHandleImpl$1
Event: 51.257 Loading class java/lang/ProcessHandleImpl$1 done
Event: 51.258 Loading class java/util/concurrent/CompletableFuture$UniHandle
Event: 51.258 Loading class java/util/concurrent/CompletableFuture$UniHandle done

Classes unloaded (7 events):
Event: 20.850 Thread 0x000001f46c7a4b50 Unloading class 0x000001f40119bc00 'java/lang/invoke/LambdaForm$MH+0x000001f40119bc00'
Event: 20.850 Thread 0x000001f46c7a4b50 Unloading class 0x000001f40119b800 'java/lang/invoke/LambdaForm$MH+0x000001f40119b800'
Event: 20.850 Thread 0x000001f46c7a4b50 Unloading class 0x000001f40119b400 'java/lang/invoke/LambdaForm$MH+0x000001f40119b400'
Event: 20.850 Thread 0x000001f46c7a4b50 Unloading class 0x000001f40119b000 'java/lang/invoke/LambdaForm$MH+0x000001f40119b000'
Event: 20.850 Thread 0x000001f46c7a4b50 Unloading class 0x000001f40119ac00 'java/lang/invoke/LambdaForm$BMH+0x000001f40119ac00'
Event: 20.850 Thread 0x000001f46c7a4b50 Unloading class 0x000001f40119a800 'java/lang/invoke/LambdaForm$DMH+0x000001f40119a800'
Event: 20.850 Thread 0x000001f46c7a4b50 Unloading class 0x000001f401199400 'java/lang/invoke/LambdaForm$DMH+0x000001f401199400'

Classes redefined (0 events):
No events

Internal exceptions (20 events):
Event: 49.613 Thread 0x000001f475d348f0 Exception <a 'sun/nio/fs/WindowsException'{0x00000000eb583460}> (0x00000000eb583460) 
thrown [s\src\hotspot\share\prims\jni.cpp, line 520]
Event: 49.633 Thread 0x000001f475d348f0 Exception <a 'java/lang/NoSuchMethodError'{0x00000000eb5fe8c8}: 'void java.lang.invoke.DirectMethodHandle$Holder.invokeStatic(java.lang.Object, java.lang.Object, java.lang.Object, java.lang.Object, java.lang.Object, java.lang.Object, java.lang.Object)'> (0x00000000eb5fe8c8) 
thrown [s\src\hotspot\share\interpreter\linkResolver.cpp, line 773]
Event: 50.804 Thread 0x000001f475f27020 Exception <a 'java/lang/IncompatibleClassChangeError'{0x00000000eab29aa0}: Found class java.lang.Object, but interface was expected> (0x00000000eab29aa0) 
thrown [s\src\hotspot\share\interpreter\linkResolver.cpp, line 840]
Event: 50.809 Thread 0x000001f4744942e0 Exception <a 'java/lang/ArrayIndexOutOfBoundsException'{0x00000000eab5a298}> (0x00000000eab5a298) 
thrown [s\src\hotspot\share\runtime\sharedRuntime.cpp, line 625]
Event: 50.853 Thread 0x000001f475d35610 Exception <a 'java/lang/NoSuchMethodError'{0x00000000eab92460}: 'long java.lang.invoke.DelegatingMethodHandle$Holder.reinvoke_L(java.lang.Object, java.lang.Object)'> (0x00000000eab92460) 
thrown [s\src\hotspot\share\interpreter\linkResolver.cpp, line 773]
Event: 50.854 Thread 0x000001f475d35610 Exception <a 'java/lang/NoSuchMethodError'{0x00000000eab9c7c8}: 'void java.lang.invoke.DelegatingMethodHandle$Holder.reinvoke_L(java.lang.Object, java.lang.Object, long)'> (0x00000000eab9c7c8) 
thrown [s\src\hotspot\share\interpreter\linkResolver.cpp, line 773]
Event: 51.259 Thread 0x000001f475d35610 Exception <a 'java/lang/NoSuchMethodError'{0x00000000eac6b1f0}: 'long java.lang.invoke.Invokers$Holder.invokeExact_MT(java.lang.Object, java.lang.Object, java.lang.Object)'> (0x00000000eac6b1f0) 
thrown [s\src\hotspot\share\interpreter\linkResolver.cpp, line 773]
Event: 74.877 Thread 0x000001f475f27020 Exception <a 'java/lang/IncompatibleClassChangeError'{0x00000000eaca3600}: Found class java.lang.Object, but interface was expected> (0x00000000eaca3600) 
thrown [s\src\hotspot\share\interpreter\linkResolver.cpp, line 840]
Event: 77.080 Thread 0x000001f4744942e0 Exception <a 'sun/nio/fs/WindowsException'{0x00000000eb0264b8}> (0x00000000eb0264b8) 
thrown [s\src\hotspot\share\prims\jni.cpp, line 520]
Event: 77.081 Thread 0x000001f4744942e0 Exception <a 'sun/nio/fs/WindowsException'{0x00000000eb026e78}> (0x00000000eb026e78) 
thrown [s\src\hotspot\share\prims\jni.cpp, line 520]
Event: 77.082 Thread 0x000001f4744942e0 Exception <a 'sun/nio/fs/WindowsException'{0x00000000eb028298}> (0x00000000eb028298) 
thrown [s\src\hotspot\share\prims\jni.cpp, line 520]
Event: 77.082 Thread 0x000001f4744942e0 Exception <a 'sun/nio/fs/WindowsException'{0x00000000eb028c58}> (0x00000000eb028c58) 
thrown [s\src\hotspot\share\prims\jni.cpp, line 520]
Event: 77.084 Thread 0x000001f4744942e0 Exception <a 'sun/nio/fs/WindowsException'{0x00000000eb02aac8}> (0x00000000eb02aac8) 
thrown [s\src\hotspot\share\prims\jni.cpp, line 520]
Event: 77.085 Thread 0x000001f4744942e0 Exception <a 'sun/nio/fs/WindowsException'{0x00000000eb02b1d8}> (0x00000000eb02b1d8) 
thrown [s\src\hotspot\share\prims\jni.cpp, line 520]
Event: 77.092 Thread 0x000001f4744942e0 Exception <a 'sun/nio/fs/WindowsException'{0x00000000eb048620}> (0x00000000eb048620) 
thrown [s\src\hotspot\share\prims\jni.cpp, line 520]
Event: 77.092 Thread 0x000001f4744942e0 Exception <a 'sun/nio/fs/WindowsException'{0x00000000eb048fe0}> (0x00000000eb048fe0) 
thrown [s\src\hotspot\share\prims\jni.cpp, line 520]
Event: 77.428 Thread 0x000001f475d348f0 Exception <a 'sun/nio/fs/WindowsException'{0x00000000eac7d478}> (0x00000000eac7d478) 
thrown [s\src\hotspot\share\prims\jni.cpp, line 520]
Event: 77.428 Thread 0x000001f475d348f0 Exception <a 'sun/nio/fs/WindowsException'{0x00000000eac7dae0}> (0x00000000eac7dae0) 
thrown [s\src\hotspot\share\prims\jni.cpp, line 520]
Event: 78.644 Thread 0x000001f4744942e0 Implicit null exception at 0x000001f46324c603 to 0x000001f46324dd90
Event: 79.048 Thread 0x000001f4744942e0 Implicit null exception at 0x000001f462cb225a to 0x000001f462cb22b3

ZGC Phase Switch (0 events):
No events

VM Operations (20 events):
Event: 76.951 Executing VM operation: Cleanup
Event: 76.951 Executing VM operation: Cleanup done
Event: 77.332 Executing VM operation: ParallelGCFailedAllocation (Allocation Failure)
Event: 77.336 Executing VM operation: ParallelGCFailedAllocation (Allocation Failure) done
Event: 78.339 Executing VM operation: Cleanup
Event: 78.339 Executing VM operation: Cleanup done
Event: 78.834 Executing VM operation: HandshakeAllThreads (Deoptimize)
Event: 78.834 Executing VM operation: HandshakeAllThreads (Deoptimize) done
Event: 78.862 Executing VM operation: ParallelGCFailedAllocation (Allocation Failure)
Event: 78.865 Executing VM operation: ParallelGCFailedAllocation (Allocation Failure) done
Event: 78.982 Executing VM operation: HandshakeAllThreads (Deoptimize)
Event: 78.982 Executing VM operation: HandshakeAllThreads (Deoptimize) done
Event: 79.168 Executing VM operation: ParallelGCFailedAllocation (Allocation Failure)
Event: 79.171 Executing VM operation: ParallelGCFailedAllocation (Allocation Failure) done
Event: 79.235 Executing VM operation: HandshakeAllThreads (Deoptimize)
Event: 79.236 Executing VM operation: HandshakeAllThreads (Deoptimize) done
Event: 79.311 Executing VM operation: ParallelGCFailedAllocation (Allocation Failure)
Event: 79.316 Executing VM operation: ParallelGCFailedAllocation (Allocation Failure) done
Event: 79.336 Executing VM operation: ParallelGCFailedAllocation (Allocation Failure)
Event: 79.339 Executing VM operation: ParallelGCFailedAllocation (Allocation Failure) done

Memory protections (0 events):
No events

Nmethod flushes (20 events):
Event: 38.091 Thread 0x000001f46c7a4b50 flushing  nmethod 0x000001f45b71b510
Event: 38.091 Thread 0x000001f46c7a4b50 flushing  nmethod 0x000001f45b71bb10
Event: 38.091 Thread 0x000001f46c7a4b50 flushing  nmethod 0x000001f45b71cf10
Event: 38.091 Thread 0x000001f46c7a4b50 flushing  nmethod 0x000001f45b71dc10
Event: 38.091 Thread 0x000001f46c7a4b50 flushing  nmethod 0x000001f45b720490
Event: 38.091 Thread 0x000001f46c7a4b50 flushing  nmethod 0x000001f45b724a90
Event: 38.091 Thread 0x000001f46c7a4b50 flushing  nmethod 0x000001f45b72d010
Event: 38.091 Thread 0x000001f46c7a4b50 flushing  nmethod 0x000001f45b74e510
Event: 38.091 Thread 0x000001f46c7a4b50 flushing osr nmethod 0x000001f45b782d90
Event: 38.091 Thread 0x000001f46c7a4b50 flushing  nmethod 0x000001f45b789a90
Event: 38.091 Thread 0x000001f46c7a4b50 flushing  nmethod 0x000001f45b7be310
Event: 38.091 Thread 0x000001f46c7a4b50 flushing  nmethod 0x000001f45b7c1d10
Event: 38.091 Thread 0x000001f46c7a4b50 flushing  nmethod 0x000001f45b7c3610
Event: 38.091 Thread 0x000001f46c7a4b50 flushing  nmethod 0x000001f45b7cfd90
Event: 38.091 Thread 0x000001f46c7a4b50 flushing  nmethod 0x000001f45b7d1610
Event: 38.091 Thread 0x000001f46c7a4b50 flushing  nmethod 0x000001f45b7d1d90
Event: 38.091 Thread 0x000001f46c7a4b50 flushing  nmethod 0x000001f45b7d2110
Event: 38.091 Thread 0x000001f46c7a4b50 flushing  nmethod 0x000001f45b7d2490
Event: 38.091 Thread 0x000001f46c7a4b50 flushing  nmethod 0x000001f45b7d2a10
Event: 38.091 Thread 0x000001f46c7a4b50 flushing  nmethod 0x000001f45b7d6610

Events (20 events):
Event: 49.585 Thread 0x000001f474497df0 Thread added: 0x000001f475d348f0
Event: 49.631 Thread 0x000001f475d348f0 Thread added: 0x000001f475d34f80
Event: 50.803 Thread 0x000001f4746682e0 Thread exited: 0x000001f4746682e0
Event: 50.851 Thread 0x000001f474497df0 Thread added: 0x000001f475d35610
Event: 50.851 Thread 0x000001f475d34f80 Thread exited: 0x000001f475d34f80
Event: 51.258 Thread 0x000001f475d35610 Thread added: 0x000001f475d35ca0
Event: 51.262 Thread 0x000001f475d35610 Thread exited: 0x000001f475d35610
Event: 52.358 Thread 0x000001f4744935c0 Thread exited: 0x000001f4744935c0
Event: 57.488 Thread 0x000001f475d348f0 Thread exited: 0x000001f475d348f0
Event: 74.966 Thread 0x000001f46e7dcfb0 Thread added: 0x000001f4746682e0
Event: 76.728 Thread 0x000001f4746682e0 Thread exited: 0x000001f4746682e0
Event: 77.235 Thread 0x000001f46e7dcfb0 Thread added: 0x000001f4746682e0
Event: 77.419 Thread 0x000001f474497df0 Thread added: 0x000001f475d348f0
Event: 77.430 Thread 0x000001f475d348f0 Thread added: 0x000001f475d34f80
Event: 77.651 Thread 0x000001f474497df0 Thread added: 0x000001f475d35610
Event: 77.651 Thread 0x000001f4746682e0 Thread exited: 0x000001f4746682e0
Event: 77.660 Thread 0x000001f475d34f80 Thread exited: 0x000001f475d34f80
Event: 78.047 Thread 0x000001f475d35610 Thread exited: 0x000001f475d35610
Event: 78.629 Thread 0x000001f46e7dcfb0 Thread added: 0x000001f4746682e0
Event: 79.254 Thread 0x000001f475d348f0 Thread exited: 0x000001f475d348f0


Dynamic libraries:
0x00007ff620a20000 - 0x00007ff620a2e000 	c:\Users\ASUS\.vscode\extensions\redhat.java-1.41.1-win32-x64\jre\21.0.6-win32-x86_64\bin\java.exe
0x00007fffca200000 - 0x00007fffca460000 	C:\WINDOWS\SYSTEM32\ntdll.dll
0x00007fffc9010000 - 0x00007fffc90d7000 	C:\WINDOWS\System32\KERNEL32.DLL
0x00007fffc73e0000 - 0x00007fffc77aa000 	C:\WINDOWS\System32\KERNELBASE.dll
0x00007fffc7eb0000 - 0x00007fffc7ffb000 	C:\WINDOWS\System32\ucrtbase.dll
0x00007fffb5db0000 - 0x00007fffb5dce000 	c:\Users\ASUS\.vscode\extensions\redhat.java-1.41.1-win32-x64\jre\21.0.6-win32-x86_64\bin\VCRUNTIME140.dll
0x00007fffbff70000 - 0x00007fffbff88000 	c:\Users\ASUS\.vscode\extensions\redhat.java-1.41.1-win32-x64\jre\21.0.6-win32-x86_64\bin\jli.dll
0x00007fffc8560000 - 0x00007fffc872c000 	C:\WINDOWS\System32\USER32.dll
0x00007fffc7930000 - 0x00007fffc7957000 	C:\WINDOWS\System32\win32u.dll
0x00007fffb0dd0000 - 0x00007fffb1067000 	C:\WINDOWS\WinSxS\amd64_microsoft.windows.common-controls_6595b64144ccf1df_6.0.26100.3624_none_3e086962e3345f24\COMCTL32.dll
0x00007fffc9570000 - 0x00007fffc959a000 	C:\WINDOWS\System32\GDI32.dll
0x00007fffc8100000 - 0x00007fffc81a9000 	C:\WINDOWS\System32\msvcrt.dll
0x00007fffc7c20000 - 0x00007fffc7d51000 	C:\WINDOWS\System32\gdi32full.dll
0x00007fffc7b70000 - 0x00007fffc7c13000 	C:\WINDOWS\System32\msvcp_win.dll
0x00007fffc9650000 - 0x00007fffc967f000 	C:\WINDOWS\System32\IMM32.DLL
0x00007fffc4340000 - 0x00007fffc434c000 	c:\Users\ASUS\.vscode\extensions\redhat.java-1.41.1-win32-x64\jre\21.0.6-win32-x86_64\bin\vcruntime140_1.dll
0x00007fff5ddc0000 - 0x00007fff5de4d000 	c:\Users\ASUS\.vscode\extensions\redhat.java-1.41.1-win32-x64\jre\21.0.6-win32-x86_64\bin\msvcp140.dll
0x00007fff4fb20000 - 0x00007fff508b0000 	c:\Users\ASUS\.vscode\extensions\redhat.java-1.41.1-win32-x64\jre\21.0.6-win32-x86_64\bin\server\jvm.dll
0x00007fffc8850000 - 0x00007fffc8902000 	C:\WINDOWS\System32\ADVAPI32.dll
0x00007fffc9700000 - 0x00007fffc97a6000 	C:\WINDOWS\System32\sechost.dll
0x00007fffc8730000 - 0x00007fffc8846000 	C:\WINDOWS\System32\RPCRT4.dll
0x00007fffc8ca0000 - 0x00007fffc8d14000 	C:\WINDOWS\System32\WS2_32.dll
0x00007fffc7250000 - 0x00007fffc72ae000 	C:\WINDOWS\SYSTEM32\POWRPROF.dll
0x00007fffc0830000 - 0x00007fffc083b000 	C:\WINDOWS\SYSTEM32\VERSION.dll
0x00007fffba540000 - 0x00007fffba576000 	C:\WINDOWS\SYSTEM32\WINMM.dll
0x00007fffc7230000 - 0x00007fffc7244000 	C:\WINDOWS\SYSTEM32\UMPDC.dll
0x00007fffc61d0000 - 0x00007fffc61ea000 	C:\WINDOWS\SYSTEM32\kernel.appcore.dll
0x00007fffc01f0000 - 0x00007fffc01fa000 	c:\Users\ASUS\.vscode\extensions\redhat.java-1.41.1-win32-x64\jre\21.0.6-win32-x86_64\bin\jimage.dll
0x00007fffbe760000 - 0x00007fffbe9a1000 	C:\WINDOWS\SYSTEM32\DBGHELP.DLL
0x00007fffc8910000 - 0x00007fffc8c92000 	C:\WINDOWS\System32\combase.dll
0x00007fffc83e0000 - 0x00007fffc84b6000 	C:\WINDOWS\System32\OLEAUT32.dll
0x00007fff8e690000 - 0x00007fff8e6c9000 	C:\WINDOWS\SYSTEM32\dbgcore.DLL
0x00007fffc7ad0000 - 0x00007fffc7b69000 	C:\WINDOWS\System32\bcryptPrimitives.dll
0x00007fffbff60000 - 0x00007fffbff6f000 	c:\Users\ASUS\.vscode\extensions\redhat.java-1.41.1-win32-x64\jre\21.0.6-win32-x86_64\bin\instrument.dll
0x00007fff7cad0000 - 0x00007fff7caef000 	c:\Users\ASUS\.vscode\extensions\redhat.java-1.41.1-win32-x64\jre\21.0.6-win32-x86_64\bin\java.dll
0x00007fffc9a90000 - 0x00007fffca1b9000 	C:\WINDOWS\System32\SHELL32.dll
0x00007fffc7960000 - 0x00007fffc7ac8000 	C:\WINDOWS\System32\wintypes.dll
0x00007fffc5040000 - 0x00007fffc5892000 	C:\WINDOWS\SYSTEM32\windows.storage.dll
0x00007fffc97b0000 - 0x00007fffc989d000 	C:\WINDOWS\System32\SHCORE.dll
0x00007fffc9690000 - 0x00007fffc96f4000 	C:\WINDOWS\System32\shlwapi.dll
0x00007fffc72f0000 - 0x00007fffc731f000 	C:\WINDOWS\SYSTEM32\profapi.dll
0x00007fff6a680000 - 0x00007fff6a698000 	c:\Users\ASUS\.vscode\extensions\redhat.java-1.41.1-win32-x64\jre\21.0.6-win32-x86_64\bin\zip.dll
0x00007fffb7cf0000 - 0x00007fffb7d00000 	C:\Users\ASUS\.vscode\extensions\redhat.java-1.41.1-win32-x64\jre\21.0.6-win32-x86_64\bin\net.dll
0x00007fffc1300000 - 0x00007fffc141d000 	C:\WINDOWS\SYSTEM32\WINHTTP.dll
0x00007fffc6710000 - 0x00007fffc677a000 	C:\WINDOWS\system32\mswsock.dll
0x00007fff676e0000 - 0x00007fff676f6000 	C:\Users\ASUS\.vscode\extensions\redhat.java-1.41.1-win32-x64\jre\21.0.6-win32-x86_64\bin\nio.dll
0x00007fffb6c60000 - 0x00007fffb6c70000 	c:\Users\ASUS\.vscode\extensions\redhat.java-1.41.1-win32-x64\jre\21.0.6-win32-x86_64\bin\verify.dll
0x00007fff5cc70000 - 0x00007fff5ccb5000 	C:\Users\ASUS\AppData\Roaming\Code\User\globalStorage\redhat.java\1.41.1\config_win\org.eclipse.equinox.launcher\org.eclipse.equinox.launcher.win32.win32.x86_64_1.2.1300.v20250331-1702\eclipse_11911.dll
0x00007fffc81b0000 - 0x00007fffc8346000 	C:\WINDOWS\System32\ole32.dll
0x00007fffc69b0000 - 0x00007fffc69cc000 	C:\WINDOWS\SYSTEM32\CRYPTSP.dll
0x00007fffc6120000 - 0x00007fffc615a000 	C:\WINDOWS\system32\rsaenh.dll
0x00007fffc67b0000 - 0x00007fffc67db000 	C:\WINDOWS\SYSTEM32\USERENV.dll
0x00007fffc72c0000 - 0x00007fffc72e6000 	C:\WINDOWS\SYSTEM32\bcrypt.dll
0x00007fffc69d0000 - 0x00007fffc69dc000 	C:\WINDOWS\SYSTEM32\CRYPTBASE.dll
0x00007fffc5bc0000 - 0x00007fffc5bf3000 	C:\WINDOWS\SYSTEM32\IPHLPAPI.DLL
0x00007fffc9a80000 - 0x00007fffc9a8a000 	C:\WINDOWS\System32\NSI.dll
0x00007fff5ac90000 - 0x00007fff5acd9000 	C:\Users\ASUS\AppData\Local\Temp\jna-2018896\jna5057972096731716580.dll
0x00007fffc8e20000 - 0x00007fffc8e28000 	C:\WINDOWS\System32\PSAPI.DLL
0x00007fffc1a90000 - 0x00007fffc1aaf000 	C:\WINDOWS\SYSTEM32\dhcpcsvc6.DLL
0x00007fffc1740000 - 0x00007fffc1765000 	C:\WINDOWS\SYSTEM32\dhcpcsvc.DLL
0x00007fffc62f0000 - 0x00007fffc6325000 	C:\WINDOWS\SYSTEM32\ntmarta.dll
0x00007fffc0080000 - 0x00007fffc0089000 	C:\Users\ASUS\.vscode\extensions\redhat.java-1.41.1-win32-x64\jre\21.0.6-win32-x86_64\bin\extnet.dll

dbghelp: loaded successfully - version: 4.0.5 - missing functions: none
symbol engine: initialized successfully - sym options: 0x614 - pdb path: .;c:\Users\ASUS\.vscode\extensions\redhat.java-1.41.1-win32-x64\jre\21.0.6-win32-x86_64\bin;C:\WINDOWS\SYSTEM32;C:\WINDOWS\WinSxS\amd64_microsoft.windows.common-controls_6595b64144ccf1df_6.0.26100.3624_none_3e086962e3345f24;c:\Users\ASUS\.vscode\extensions\redhat.java-1.41.1-win32-x64\jre\21.0.6-win32-x86_64\bin\server;C:\Users\ASUS\AppData\Roaming\Code\User\globalStorage\redhat.java\1.41.1\config_win\org.eclipse.equinox.launcher\org.eclipse.equinox.launcher.win32.win32.x86_64_1.2.1300.v20250331-1702;C:\Users\ASUS\AppData\Local\Temp\jna-2018896

VM Arguments:
jvm_args: --add-modules=ALL-SYSTEM --add-opens=java.base/java.util=ALL-UNNAMED --add-opens=java.base/java.lang=ALL-UNNAMED --add-opens=java.base/sun.nio.fs=ALL-UNNAMED -Declipse.application=org.eclipse.jdt.ls.core.id1 -Dosgi.bundles.defaultStartLevel=4 -Declipse.product=org.eclipse.jdt.ls.core.product -Djava.import.generatesMetadataFilesAtProjectRoot=false -DDetectVMInstallationsJob.disabled=true -Dfile.encoding=utf8 -XX:+UseParallelGC -XX:GCTimeRatio=4 -XX:AdaptiveSizePolicyWeight=90 -Dsun.zip.disableMemoryMapping=true -Xmx1G -Xms100m -Xlog:disable -javaagent:c:\Users\ASUS\.vscode\extensions\redhat.java-1.41.1-win32-x64\lombok\lombok-1.18.36.jar -XX:+HeapDumpOnOutOfMemoryError -XX:HeapDumpPath=c:\Users\ASUS\AppData\Roaming\Code\User\workspaceStorage\4b0376d230ac6989838f7d7fb20bbc41\redhat.java -Daether.dependencyCollector.impl=bf 
java_command: c:\Users\ASUS\.vscode\extensions\redhat.java-1.41.1-win32-x64\server\plugins\org.eclipse.equinox.launcher_1.7.0.v20250331-1702.jar -configuration c:\Users\ASUS\AppData\Roaming\Code\User\globalStorage\redhat.java\1.41.1\config_win -data c:\Users\ASUS\AppData\Roaming\Code\User\workspaceStorage\4b0376d230ac6989838f7d7fb20bbc41\redhat.java\jdt_ws --pipe=\\.\pipe\lsp-f619e9ae6fb605f3cd84b90cf732ce41-sock
java_class_path (initial): c:\Users\ASUS\.vscode\extensions\redhat.java-1.41.1-win32-x64\server\plugins\org.eclipse.equinox.launcher_1.7.0.v20250331-1702.jar
Launcher Type: SUN_STANDARD

[Global flags]
    uintx AdaptiveSizePolicyWeight                 = 90                                        {product} {command line}
     intx CICompilerCount                          = 4                                         {product} {ergonomic}
    uintx GCTimeRatio                              = 4                                         {product} {command line}
     bool HeapDumpOnOutOfMemoryError               = true                                   {manageable} {command line}
    ccstr HeapDumpPath                             = c:\Users\ASUS\AppData\Roaming\Code\User\workspaceStorage\4b0376d230ac6989838f7d7fb20bbc41\redhat.java         {manageable} {command line}
   size_t InitialHeapSize                          = 104857600                                 {product} {command line}
   size_t MaxHeapSize                              = 1073741824                                {product} {command line}
   size_t MaxNewSize                               = 357564416                                 {product} {ergonomic}
   size_t MinHeapDeltaBytes                        = 524288                                    {product} {ergonomic}
   size_t MinHeapSize                              = 104857600                                 {product} {command line}
   size_t NewSize                                  = 34603008                                  {product} {ergonomic}
    uintx NonNMethodCodeHeapSize                   = 5839372                                {pd product} {ergonomic}
    uintx NonProfiledCodeHeapSize                  = 122909434                              {pd product} {ergonomic}
   size_t OldSize                                  = 70254592                                  {product} {ergonomic}
    uintx ProfiledCodeHeapSize                     = 122909434                              {pd product} {ergonomic}
    uintx ReservedCodeCacheSize                    = 251658240                              {pd product} {ergonomic}
     bool SegmentedCodeCache                       = true                                      {product} {ergonomic}
   size_t SoftMaxHeapSize                          = 1073741824                             {manageable} {ergonomic}
     bool UseCompressedOops                        = true                           {product lp64_product} {ergonomic}
     bool UseLargePagesIndividualAllocation        = false                                  {pd product} {ergonomic}
     bool UseParallelGC                            = true                                      {product} {command line}

Logging:
Log output configuration:
 #0: stdout all=off uptime,level,tags foldmultilines=false
 #1: stderr all=off uptime,level,tags foldmultilines=false

Environment Variables:
PATH=C:\Program Files (x86)\VMware\VMware Workstation\bin\;C:\Program Files\Eclipse Adoptium\jdk-21.0.4.7-hotspot\bin;C:\WINDOWS\system32;C:\WINDOWS;C:\WINDOWS\System32\Wbem;C:\WINDOWS\System32\WindowsPowerShell\v1.0\;C:\WINDOWS\System32\OpenSSH\;C:\Program Files (x86)\NVIDIA Corporation\PhysX\Common;C:\Program Files\NVIDIA Corporation\NVIDIA NvDLISR;C:\Program Files\dotnet\;C:\Program Files (x86)\Git\cmd;C:\Program Files\nodejs\;%MAVEN_HOME%\bin.;C:\Users\ASUS\Downloads\apache-maven-3.9.9\bin;C:\Users\ASUS\AppData\Local\Programs\Python\Python313\Scripts\;C:\Users\ASUS\AppData\Local\Programs\Python\Python313\;C:\Users\ASUS\.cargo\bin;C:\Users\ASUS\AppData\Local\Microsoft\WindowsApps;C:\Users\ASUS\AppData\Local\Programs\Microsoft VS Code\bin;;C:\Program Files\JetBrains\IntelliJ IDEA 2024.3.5\bin;;C:\Users\ASUS\AppData\Roaming\npm
USERNAME=ASUS
OS=Windows_NT
PROCESSOR_IDENTIFIER=AMD64 Family 25 Model 68 Stepping 1, AuthenticAMD
TMP=C:\Users\ASUS\AppData\Local\Temp
TEMP=C:\Users\ASUS\AppData\Local\Temp




Periodic native trim disabled

---------------  S Y S T E M  ---------------

OS:
 Windows 11 , 64 bit Build 26100 (10.0.26100.3775)
OS uptime: 4 days 0:35 hours
Hyper-V role detected

CPU: total 12 (initial active 12) (12 cores per cpu, 2 threads per core) family 25 model 68 stepping 1 microcode 0xa404102, cx8, cmov, fxsr, ht, mmx, 3dnowpref, sse, sse2, sse3, ssse3, sse4a, sse4.1, sse4.2, popcnt, lzcnt, tsc, tscinvbit, avx, avx2, aes, erms, clmul, bmi1, bmi2, adx, sha, fma, vzeroupper, clflush, clflushopt, hv, rdtscp, rdpid, fsrm, f16c, cet_ss
Processor Information for processor 0
  Max Mhz: 3301, Current Mhz: 2024, Mhz Limit: 3301
Processor Information for processor 1
  Max Mhz: 3301, Current Mhz: 2496, Mhz Limit: 3301
Processor Information for processor 2
  Max Mhz: 3301, Current Mhz: 2024, Mhz Limit: 3301
Processor Information for processor 3
  Max Mhz: 3301, Current Mhz: 2024, Mhz Limit: 3301
Processor Information for processor 4
  Max Mhz: 3301, Current Mhz: 2496, Mhz Limit: 3301
Processor Information for processor 5
  Max Mhz: 3301, Current Mhz: 2496, Mhz Limit: 3301
Processor Information for processor 6
  Max Mhz: 3301, Current Mhz: 2496, Mhz Limit: 3301
Processor Information for processor 7
  Max Mhz: 3301, Current Mhz: 2024, Mhz Limit: 3301
Processor Information for processor 8
  Max Mhz: 3301, Current Mhz: 2496, Mhz Limit: 3301
Processor Information for processor 9
  Max Mhz: 3301, Current Mhz: 2496, Mhz Limit: 3301
Processor Information for processor 10
  Max Mhz: 3301, Current Mhz: 2496, Mhz Limit: 3301
Processor Information for processor 11
  Max Mhz: 3301, Current Mhz: 2496, Mhz Limit: 3301

Memory: 4k page, system-wide physical 7498M (533M free)
TotalPageFile size 30026M (AvailPageFile size 1M)
current process WorkingSet (physical memory assigned to process): 638M, peak: 863M
current process commit charge ("private bytes"): 854M, peak: 857M

vm_info: OpenJDK 64-Bit Server VM (21.0.6+7-LTS) for windows-amd64 JRE (21.0.6+7-LTS), built on 2025-01-21T00:00:00Z by "admin" with MS VC++ 17.7 (VS2022)

END.
