#
# There is insufficient memory for the Java Runtime Environment to continue.
# Native memory allocation (malloc) failed to allocate 1731856 bytes. Error detail: Chunk::new
# Possible reasons:
#   The system is out of physical RAM or swap space
#   This process is running with CompressedOops enabled, and the Java Heap may be blocking the growth of the native heap
# Possible solutions:
#   Reduce memory load on the system
#   Increase physical memory or swap space
#   Check if swap backing store is full
#   Decrease Java heap size (-Xmx/-Xms)
#   Decrease number of Java threads
#   Decrease Java thread stack sizes (-Xss)
#   Set larger code cache with -XX:ReservedCodeCacheSize=
#   JVM is running with Unscaled Compressed Oops mode in which the Java heap is
#     placed in the first 4GB address space. The Java Heap base address is the
#     maximum limit for the native heap growth. Please use -XX:HeapBaseMinAddress
#     to set the Java Heap base and to place the Java Heap above 4GB virtual address.
# This output file may be truncated or incomplete.
#
#  Out of Memory Error (arena.cpp:168), pid=29120, tid=32292
#
# JRE version: OpenJDK Runtime Environment Temurin-21.0.7+6 (21.0.7+6) (build 21.0.7+6-LTS)
# Java VM: OpenJDK 64-Bit Server VM Temurin-21.0.7+6 (21.0.7+6-LTS, mixed mode, sharing, tiered, compressed oops, compressed class ptrs, parallel gc, windows-amd64)
# No core dump will be written. Minidumps are not enabled by default on client versions of Windows
#

---------------  S U M M A R Y ------------

Command Line: --add-modules=ALL-SYSTEM --add-opens=java.base/java.util=ALL-UNNAMED --add-opens=java.base/java.lang=ALL-UNNAMED --add-opens=java.base/sun.nio.fs=ALL-UNNAMED -Declipse.application=org.eclipse.jdt.ls.core.id1 -Dosgi.bundles.defaultStartLevel=4 -Declipse.product=org.eclipse.jdt.ls.core.product -Djava.import.generatesMetadataFilesAtProjectRoot=false -DDetectVMInstallationsJob.disabled=true -Dfile.encoding=utf8 -XX:+UseParallelGC -XX:GCTimeRatio=4 -XX:AdaptiveSizePolicyWeight=90 -Dsun.zip.disableMemoryMapping=true -Xmx1G -Xms100m -Xlog:disable -javaagent:c:\Users\ASUS\.vscode\extensions\redhat.java-1.42.0-win32-x64\lombok\lombok-1.18.36.jar -XX:+HeapDumpOnOutOfMemoryError -XX:HeapDumpPath=c:\Users\ASUS\AppData\Roaming\Code\User\workspaceStorage\4b0376d230ac6989838f7d7fb20bbc41\redhat.java -Daether.dependencyCollector.impl=bf c:\Users\ASUS\.vscode\extensions\redhat.java-1.42.0-win32-x64\server\plugins\org.eclipse.equinox.launcher_1.7.0.v20250424-1814.jar -configuration c:\Users\ASUS\AppData\Roaming\Code\User\globalStorage\redhat.java\1.42.0\config_win -data c:\Users\ASUS\AppData\Roaming\Code\User\workspaceStorage\4b0376d230ac6989838f7d7fb20bbc41\redhat.java\jdt_ws --pipe=\\.\pipe\lsp-e701ed76204db64b24adacb26da49806-sock

Host: AMD Ryzen 5 7535HS with Radeon Graphics        , 12 cores, 7G,  Windows 11 , 64 bit Build 26100 (10.0.26100.3775)
Time: Fri May 16 00:54:39 2025 SE Asia Standard Time elapsed time: 38.823461 seconds (0d 0h 0m 38s)

---------------  T H R E A D  ---------------

Current thread (0x000001eceebc3c90):  JavaThread "C2 CompilerThread0" daemon [_thread_in_native, id=32292, stack(0x0000008800f00000,0x0000008801000000) (1024K)]


Current CompileTask:
C2:38823 5275   !   4       org.eclipse.osgi.internal.loader.classpath.ClasspathManager::findClassImpl (343 bytes)

Stack: [0x0000008800f00000,0x0000008801000000]
Native frames: (J=compiled Java code, j=interpreted, Vv=VM code, C=native code)
V  [jvm.dll+0x6ce119]
V  [jvm.dll+0x8a84a1]
V  [jvm.dll+0x8aa9ce]
V  [jvm.dll+0x8ab0b3]
V  [jvm.dll+0x27f8a6]
V  [jvm.dll+0xc507d]
V  [jvm.dll+0xc55b3]
V  [jvm.dll+0x3b692c]
V  [jvm.dll+0x1e0029]
V  [jvm.dll+0x247c42]
V  [jvm.dll+0x2470cf]
V  [jvm.dll+0x1c760e]
V  [jvm.dll+0x25695a]
V  [jvm.dll+0x254efa]
V  [jvm.dll+0x3f03f6]
V  [jvm.dll+0x851f6b]
V  [jvm.dll+0x6cc7dd]
C  [ucrtbase.dll+0x37b0]
C  [KERNEL32.DLL+0x2e8d7]
C  [ntdll.dll+0xb14fc]


---------------  P R O C E S S  ---------------

Threads class SMR info:
_java_thread_list=0x000001ecf5fcf4e0, length=47, elements={
0x000001ecd87dd080, 0x000001eceebb42a0, 0x000001eceebb8430, 0x000001eceebbb340,
0x000001eceebbc340, 0x000001eceebbeea0, 0x000001eceebbf8f0, 0x000001eceebc3c90,
0x000001eceebc5e60, 0x000001eceeca2e60, 0x000001eceef01b50, 0x000001ecf360ac50,
0x000001ecf3027f30, 0x000001ecf3587870, 0x000001ecf3587f00, 0x000001ecf3589940,
0x000001ecf3588590, 0x000001ecf3588c20, 0x000001ecf35892b0, 0x000001ecf3589fd0,
0x000001ecf35871e0, 0x000001ecf5124ef0, 0x000001ecf3be8ea0, 0x000001ecf51234b0,
0x000001ecf5122100, 0x000001ecf5d20ca0, 0x000001ecf5122e20, 0x000001ecf5123b40,
0x000001ecf5125580, 0x000001ecf5125c10, 0x000001ecf5122790, 0x000001ecf51262a0,
0x000001ecf5126930, 0x000001ecf5124860, 0x000001ecf5126fc0, 0x000001ecf5127650,
0x000001ecf51241d0, 0x000001ecf5129720, 0x000001ecf5129090, 0x000001ecf5127ce0,
0x000001ecf5128370, 0x000001ecf5128a00, 0x000001ecf320b0a0, 0x000001ecf320b730,
0x000001ecf320f240, 0x000001ecf320bdc0, 0x000001ecf320d170
}

Java Threads: ( => current thread )
  0x000001ecd87dd080 JavaThread "main"                              [_thread_in_Java, id=10480, stack(0x0000008800500000,0x0000008800600000) (1024K)]
  0x000001eceebb42a0 JavaThread "Reference Handler"          daemon [_thread_blocked, id=16452, stack(0x0000008800900000,0x0000008800a00000) (1024K)]
  0x000001eceebb8430 JavaThread "Finalizer"                  daemon [_thread_blocked, id=39344, stack(0x0000008800a00000,0x0000008800b00000) (1024K)]
  0x000001eceebbb340 JavaThread "Signal Dispatcher"          daemon [_thread_blocked, id=24972, stack(0x0000008800b00000,0x0000008800c00000) (1024K)]
  0x000001eceebbc340 JavaThread "Attach Listener"            daemon [_thread_blocked, id=21576, stack(0x0000008800c00000,0x0000008800d00000) (1024K)]
  0x000001eceebbeea0 JavaThread "Service Thread"             daemon [_thread_blocked, id=38720, stack(0x0000008800d00000,0x0000008800e00000) (1024K)]
  0x000001eceebbf8f0 JavaThread "Monitor Deflation Thread"   daemon [_thread_blocked, id=30408, stack(0x0000008800e00000,0x0000008800f00000) (1024K)]
=>0x000001eceebc3c90 JavaThread "C2 CompilerThread0"         daemon [_thread_in_native, id=32292, stack(0x0000008800f00000,0x0000008801000000) (1024K)]
  0x000001eceebc5e60 JavaThread "C1 CompilerThread0"         daemon [_thread_in_native, id=30852, stack(0x0000008801000000,0x0000008801100000) (1024K)]
  0x000001eceeca2e60 JavaThread "Common-Cleaner"             daemon [_thread_blocked, id=15924, stack(0x0000008801100000,0x0000008801200000) (1024K)]
  0x000001eceef01b50 JavaThread "Notification Thread"        daemon [_thread_blocked, id=37444, stack(0x0000008801200000,0x0000008801300000) (1024K)]
  0x000001ecf360ac50 JavaThread "Active Thread: Equinox Container: dfdc4045-88a0-41f2-92b6-4bb1b8fc93b6"        [_thread_blocked, id=7428, stack(0x0000008802000000,0x0000008802100000) (1024K)]
  0x000001ecf3027f30 JavaThread "Framework Event Dispatcher: Equinox Container: dfdc4045-88a0-41f2-92b6-4bb1b8fc93b6" daemon [_thread_blocked, id=23872, stack(0x0000008801300000,0x0000008801400000) (1024K)]
  0x000001ecf3587870 JavaThread "Start Level: Equinox Container: dfdc4045-88a0-41f2-92b6-4bb1b8fc93b6" daemon [_thread_blocked, id=1492, stack(0x0000008802100000,0x0000008802200000) (1024K)]
  0x000001ecf3587f00 JavaThread "Refresh Thread: Equinox Container: dfdc4045-88a0-41f2-92b6-4bb1b8fc93b6" daemon [_thread_blocked, id=17732, stack(0x0000008802400000,0x0000008802500000) (1024K)]
  0x000001ecf3589940 JavaThread "Bundle File Closer"         daemon [_thread_blocked, id=15692, stack(0x0000008802c00000,0x0000008802d00000) (1024K)]
  0x000001ecf3588590 JavaThread "SCR Component Actor"        daemon [_thread_blocked, id=8528, stack(0x0000008801b00000,0x0000008801c00000) (1024K)]
  0x000001ecf3588c20 JavaThread "Worker-JM"                         [_thread_blocked, id=37220, stack(0x0000008801d00000,0x0000008801e00000) (1024K)]
  0x000001ecf35892b0 JavaThread "JNA Cleaner"                daemon [_thread_blocked, id=13512, stack(0x0000008801e00000,0x0000008801f00000) (1024K)]
  0x000001ecf3589fd0 JavaThread "Worker-0: Repository registry initialization"        [_thread_in_native, id=24904, stack(0x0000008801f00000,0x0000008802000000) (1024K)]
  0x000001ecf35871e0 JavaThread "Worker-1: Building"                [_thread_in_native, id=18048, stack(0x0000008802500000,0x0000008802600000) (1024K)]
  0x000001ecf5124ef0 JavaThread "Worker-2: Processing Java changes since last activation"        [_thread_blocked, id=10604, stack(0x0000008801c00000,0x0000008801d00000) (1024K)]
  0x000001ecf3be8ea0 JavaThread "C2 CompilerThread1"         daemon [_thread_in_native, id=13084, stack(0x0000008802600000,0x0000008802700000) (1024K)]
  0x000001ecf51234b0 JavaThread "Java indexing"              daemon [_thread_in_Java, id=37644, stack(0x0000008802700000,0x0000008802800000) (1024K)]
  0x000001ecf5122100 JavaThread "Worker-3"                          [_thread_blocked, id=20596, stack(0x0000008802800000,0x0000008802900000) (1024K)]
  0x000001ecf5d20ca0 JavaThread "C2 CompilerThread2"         daemon [_thread_in_native, id=39128, stack(0x0000008802900000,0x0000008802a00000) (1024K)]
  0x000001ecf5122e20 JavaThread "Worker-4: Initialize After Load"        [_thread_blocked, id=1036, stack(0x0000008802a00000,0x0000008802b00000) (1024K)]
  0x000001ecf5123b40 JavaThread "Worker-5"                          [_thread_blocked, id=20576, stack(0x0000008802f00000,0x0000008803000000) (1024K)]
  0x000001ecf5125580 JavaThread "Worker-6: Java indexing... "        [_thread_blocked, id=11092, stack(0x0000008803000000,0x0000008803100000) (1024K)]
  0x000001ecf5125c10 JavaThread "Thread-2"                   daemon [_thread_in_native, id=26268, stack(0x0000008803100000,0x0000008803200000) (1024K)]
  0x000001ecf5122790 JavaThread "Thread-3"                   daemon [_thread_in_native, id=18880, stack(0x0000008803200000,0x0000008803300000) (1024K)]
  0x000001ecf51262a0 JavaThread "Thread-4"                   daemon [_thread_in_native, id=9824, stack(0x0000008803300000,0x0000008803400000) (1024K)]
  0x000001ecf5126930 JavaThread "Thread-5"                   daemon [_thread_in_native, id=18908, stack(0x0000008803400000,0x0000008803500000) (1024K)]
  0x000001ecf5124860 JavaThread "Thread-6"                   daemon [_thread_in_native, id=24624, stack(0x0000008803500000,0x0000008803600000) (1024K)]
  0x000001ecf5126fc0 JavaThread "Thread-7"                   daemon [_thread_in_native, id=37356, stack(0x0000008803600000,0x0000008803700000) (1024K)]
  0x000001ecf5127650 JavaThread "Thread-8"                   daemon [_thread_in_native, id=12696, stack(0x0000008803700000,0x0000008803800000) (1024K)]
  0x000001ecf51241d0 JavaThread "Thread-9"                   daemon [_thread_in_native, id=21276, stack(0x0000008803800000,0x0000008803900000) (1024K)]
  0x000001ecf5129720 JavaThread "Thread-10"                  daemon [_thread_in_native, id=16772, stack(0x0000008803900000,0x0000008803a00000) (1024K)]
  0x000001ecf5129090 JavaThread "Thread-11"                  daemon [_thread_in_native, id=5876, stack(0x0000008803a00000,0x0000008803b00000) (1024K)]
  0x000001ecf5127ce0 JavaThread "Thread-12"                  daemon [_thread_in_native, id=26812, stack(0x0000008803b00000,0x0000008803c00000) (1024K)]
  0x000001ecf5128370 JavaThread "Thread-13"                  daemon [_thread_in_native, id=34504, stack(0x0000008803c00000,0x0000008803d00000) (1024K)]
  0x000001ecf5128a00 JavaThread "Thread-14"                  daemon [_thread_in_native, id=21716, stack(0x0000008803d00000,0x0000008803e00000) (1024K)]
  0x000001ecf320b0a0 JavaThread "pool-2-thread-1"                   [_thread_blocked, id=26660, stack(0x0000008803e00000,0x0000008803f00000) (1024K)]
  0x000001ecf320b730 JavaThread "Worker-7"                          [_thread_blocked, id=12880, stack(0x0000008803f00000,0x0000008804000000) (1024K)]
  0x000001ecf320f240 JavaThread "Worker-8"                          [_thread_blocked, id=33732, stack(0x0000008804000000,0x0000008804100000) (1024K)]
  0x000001ecf320bdc0 JavaThread "WorkspaceEventsHandler"            [_thread_blocked, id=30428, stack(0x0000008801a00000,0x0000008801b00000) (1024K)]
  0x000001ecf320d170 JavaThread "pool-1-thread-1"                   [_thread_in_vm, id=34116, stack(0x0000008804100000,0x0000008804200000) (1024K)]
Total: 47

Other Threads:
  0x000001ececbb4740 VMThread "VM Thread"                           [id=8732, stack(0x0000008800800000,0x0000008800900000) (1024K)]
  0x000001ececaaca00 WatcherThread "VM Periodic Task Thread"        [id=35524, stack(0x0000008800700000,0x0000008800800000) (1024K)]
  0x000001ecd87fc6f0 WorkerThread "GC Thread#0"                     [id=21148, stack(0x0000008800600000,0x0000008800700000) (1024K)]
  0x000001ecf3329f10 WorkerThread "GC Thread#1"                     [id=39420, stack(0x0000008801400000,0x0000008801500000) (1024K)]
  0x000001ecf3474f90 WorkerThread "GC Thread#2"                     [id=33188, stack(0x0000008801500000,0x0000008801600000) (1024K)]
  0x000001ecf3413d30 WorkerThread "GC Thread#3"                     [id=12604, stack(0x0000008801600000,0x0000008801700000) (1024K)]
  0x000001ecf3a74bd0 WorkerThread "GC Thread#4"                     [id=37860, stack(0x0000008801700000,0x0000008801800000) (1024K)]
  0x000001ecf333fd20 WorkerThread "GC Thread#5"                     [id=24144, stack(0x0000008801800000,0x0000008801900000) (1024K)]
  0x000001ecf33400c0 WorkerThread "GC Thread#6"                     [id=19296, stack(0x0000008801900000,0x0000008801a00000) (1024K)]
  0x000001ecf31bcc90 WorkerThread "GC Thread#7"                     [id=8376, stack(0x0000008802200000,0x0000008802300000) (1024K)]
  0x000001ecf37acf60 WorkerThread "GC Thread#8"                     [id=18004, stack(0x0000008802b00000,0x0000008802c00000) (1024K)]
  0x000001ecf37ae180 WorkerThread "GC Thread#9"                     [id=28160, stack(0x0000008802300000,0x0000008802400000) (1024K)]
Total: 12

Threads with active compile tasks:
C2 CompilerThread0  38884 5275   !   4       org.eclipse.osgi.internal.loader.classpath.ClasspathManager::findClassImpl (343 bytes)
C1 CompilerThread0  38885 5912       2       jdk.internal.jimage.BasicImageReader::match (37 bytes)
C2 CompilerThread1  38885 5856 %     4       java.io.BufferedReader::implReadLine @ 125 (301 bytes)
C2 CompilerThread2  38885 5357   !   4       sun.nio.cs.StreamDecoder::read (78 bytes)
Total: 4

VM state: not at safepoint (normal execution)

VM Mutex/Monitor currently owned by a thread:  ([mutex/lock_event])
[0x00007fff505fce88] MethodCompileQueue_lock - owner thread: 0x0000000000000000

Heap address: 0x00000000c0000000, size: 1024 MB, Compressed Oops mode: 32-bit

CDS archive(s) mapped at: [0x000001ec80000000-0x000001ec80ba0000-0x000001ec80ba0000), size 12189696, SharedBaseAddress: 0x000001ec80000000, ArchiveRelocationMode: 1.
Compressed class space mapped at: 0x000001ec81000000-0x000001ecc1000000, reserved size: 1073741824
Narrow klass base: 0x000001ec80000000, Narrow klass shift: 0, Narrow klass range: 0x100000000

GC Precious Log:
 CardTable entry size: 512
 CPUs: 12 total, 12 available
 Memory: 7498M
 Large Page Support: Disabled
 NUMA Support: Disabled
 Compressed Oops: Enabled (32-bit)
 Alignments: Space 512K, Generation 512K, Heap 2M
 Heap Min Capacity: 100M
 Heap Initial Capacity: 100M
 Heap Max Capacity: 1G
 Pre-touch: Disabled
 Parallel Workers: 10

Heap:
 PSYoungGen      total 22528K, used 12450K [0x00000000eab00000, 0x00000000ec580000, 0x0000000100000000)
  eden space 22016K, 54% used [0x00000000eab00000,0x00000000eb6a8860,0x00000000ec080000)
  from space 512K, 100% used [0x00000000ec480000,0x00000000ec500000,0x00000000ec500000)
  to   space 2560K, 0% used [0x00000000ec080000,0x00000000ec080000,0x00000000ec300000)
 ParOldGen       total 68608K, used 20646K [0x00000000c0000000, 0x00000000c4300000, 0x00000000eab00000)
  object space 68608K, 30% used [0x00000000c0000000,0x00000000c1429bb8,0x00000000c4300000)
 Metaspace       used 39387K, committed 40576K, reserved 1114112K
  class space    used 4030K, committed 4544K, reserved 1048576K

Card table byte_map: [0x000001ecd8180000,0x000001ecd8390000] _byte_map_base: 0x000001ecd7b80000

Marking Bits: (ParMarkBitMap*) 0x00007fff506031f0
 Begin Bits: [0x000001ecea9d0000, 0x000001eceb9d0000)
 End Bits:   [0x000001eceb9d0000, 0x000001ecec9d0000)

Polling page: 0x000001ecd7e30000

Metaspace:

Usage:
  Non-class:     34.53 MB used.
      Class:      3.94 MB used.
       Both:     38.47 MB used.

Virtual space:
  Non-class space:       64.00 MB reserved,      35.19 MB ( 55%) committed,  1 nodes.
      Class space:        1.00 GB reserved,       4.44 MB ( <1%) committed,  1 nodes.
             Both:        1.06 GB reserved,      39.62 MB (  4%) committed. 

Chunk freelists:
   Non-Class:  12.03 MB
       Class:  11.56 MB
        Both:  23.59 MB

MaxMetaspaceSize: unlimited
CompressedClassSpaceSize: 1.00 GB
Initial GC threshold: 21.00 MB
Current GC threshold: 58.38 MB
CDS: on
 - commit_granule_bytes: 65536.
 - commit_granule_words: 8192.
 - virtual_space_node_default_size: 8388608.
 - enlarge_chunks_in_place: 1.
 - use_allocation_guard: 0.


Internal statistics:

num_allocs_failed_limit: 8.
num_arena_births: 916.
num_arena_deaths: 14.
num_vsnodes_births: 2.
num_vsnodes_deaths: 0.
num_space_committed: 634.
num_space_uncommitted: 0.
num_chunks_returned_to_freelist: 22.
num_chunks_taken_from_freelist: 2682.
num_chunk_merges: 11.
num_chunk_splits: 1662.
num_chunks_enlarged: 900.
num_inconsistent_stats: 0.

CodeHeap 'non-profiled nmethods': size=120000Kb used=2348Kb max_used=2541Kb free=117651Kb
 bounds [0x000001ece34a0000, 0x000001ece3740000, 0x000001ecea9d0000]
CodeHeap 'profiled nmethods': size=120000Kb used=10638Kb max_used=11258Kb free=109361Kb
 bounds [0x000001ecdb9d0000, 0x000001ecdc4d0000, 0x000001ece2f00000]
CodeHeap 'non-nmethods': size=5760Kb used=1358Kb max_used=1413Kb free=4401Kb
 bounds [0x000001ece2f00000, 0x000001ece3170000, 0x000001ece34a0000]
 total_blobs=5862 nmethods=5207 adapters=561
 compilation: enabled
              stopped_count=0, restarted_count=0
 full_count=0

Compilation events (20 events):
Event: 37.782 Thread 0x000001eceebc5e60 5803       2       jdk.internal.jimage.ImageLocation::getAttribute (44 bytes)
Event: 37.783 Thread 0x000001eceebc5e60 nmethod 5803 0x000001ecdbb66310 code [0x000001ecdbb66500, 0x000001ecdbb66890]
Event: 37.783 Thread 0x000001eceebc5e60 5804       2       jdk.internal.jimage.ImageLocation::readValue (61 bytes)
Event: 37.783 Thread 0x000001eceebc5e60 nmethod 5804 0x000001ecdbb65d10 code [0x000001ecdbb65ee0, 0x000001ecdbb66180]
Event: 37.783 Thread 0x000001eceebc5e60 5805       2       java.lang.WeakPairMap$Pair$Lookup::hashCode (12 bytes)
Event: 37.783 Thread 0x000001eceebc5e60 nmethod 5805 0x000001ecdbb65910 code [0x000001ecdbb65ac0, 0x000001ecdbb65c10]
Event: 37.786 Thread 0x000001eceebc5e60 5808       2       jdk.internal.jimage.ImageStringsReader::stringFromByteBuffer (73 bytes)
Event: 37.786 Thread 0x000001eceebc5e60 nmethod 5808 0x000001ecdbb65010 code [0x000001ecdbb65220, 0x000001ecdbb656e8]
Event: 37.786 Thread 0x000001eceebc5e60 5809       2       jdk.internal.jimage.ImageStringsReader::charsFromByteBufferLength (81 bytes)
Event: 37.787 Thread 0x000001eceebc5e60 nmethod 5809 0x000001ecdbb64a10 code [0x000001ecdbb64be0, 0x000001ecdbb64ea8]
Event: 37.787 Thread 0x000001eceebc5e60 5807       2       jdk.internal.jimage.BasicImageReader::getString (35 bytes)
Event: 37.788 Thread 0x000001eceebc5e60 nmethod 5807 0x000001ecdb9fff90 code [0x000001ecdba00160, 0x000001ecdba00370]
Event: 37.788 Thread 0x000001eceebc5e60 5810       1       jdk.internal.jimage.ImageReader$Node::getName (5 bytes)
Event: 37.788 Thread 0x000001eceebc5e60 nmethod 5810 0x000001ece35f3c90 code [0x000001ece35f3e20, 0x000001ece35f3ee8]
Event: 37.788 Thread 0x000001eceebc5e60 5811       1       java.nio.MappedByteBuffer::fileDescriptor (5 bytes)
Event: 37.788 Thread 0x000001eceebc5e60 nmethod 5811 0x000001ece35f3990 code [0x000001ece35f3b20, 0x000001ece35f3be8]
Event: 37.788 Thread 0x000001eceebc5e60 5812       1       java.nio.MappedByteBuffer::isSync (5 bytes)
Event: 37.788 Thread 0x000001eceebc5e60 nmethod 5812 0x000001ece35f3410 code [0x000001ece35f35a0, 0x000001ece35f3670]
Event: 37.789 Thread 0x000001eceebc5e60 5813       2       org.eclipse.osgi.internal.loader.classpath.ClasspathManager::findLocalResourceImpl (81 bytes)
Event: 37.789 Thread 0x000001eceebc5e60 nmethod 5813 0x000001ecdb9ff890 code [0x000001ecdb9ffa60, 0x000001ecdb9ffd50]

GC Heap History (20 events):
Event: 32.333 GC heap before
{Heap before GC invocations=9 (full 1):
 PSYoungGen      total 29184K, used 5099K [0x00000000eab00000, 0x00000000ece80000, 0x0000000100000000)
  eden space 24064K, 0% used [0x00000000eab00000,0x00000000eab00000,0x00000000ec280000)
  from space 5120K, 99% used [0x00000000ec980000,0x00000000ece7af30,0x00000000ece80000)
  to   space 5632K, 0% used [0x00000000ec380000,0x00000000ec380000,0x00000000ec900000)
 ParOldGen       total 68608K, used 12599K [0x00000000c0000000, 0x00000000c4300000, 0x00000000eab00000)
  object space 68608K, 18% used [0x00000000c0000000,0x00000000c0c4de38,0x00000000c4300000)
 Metaspace       used 20652K, committed 21504K, reserved 1114112K
  class space    used 2095K, committed 2496K, reserved 1048576K
}
Event: 32.383 GC heap after
{Heap after GC invocations=9 (full 1):
 PSYoungGen      total 29184K, used 0K [0x00000000eab00000, 0x00000000ece80000, 0x0000000100000000)
  eden space 24064K, 0% used [0x00000000eab00000,0x00000000eab00000,0x00000000ec280000)
  from space 5120K, 0% used [0x00000000ec980000,0x00000000ec980000,0x00000000ece80000)
  to   space 5632K, 0% used [0x00000000ec380000,0x00000000ec380000,0x00000000ec900000)
 ParOldGen       total 68608K, used 12835K [0x00000000c0000000, 0x00000000c4300000, 0x00000000eab00000)
  object space 68608K, 18% used [0x00000000c0000000,0x00000000c0c88f20,0x00000000c4300000)
 Metaspace       used 20639K, committed 21504K, reserved 1114112K
  class space    used 2092K, committed 2496K, reserved 1048576K
}
Event: 32.686 GC heap before
{Heap before GC invocations=10 (full 1):
 PSYoungGen      total 29184K, used 24064K [0x00000000eab00000, 0x00000000ece80000, 0x0000000100000000)
  eden space 24064K, 100% used [0x00000000eab00000,0x00000000ec280000,0x00000000ec280000)
  from space 5120K, 0% used [0x00000000ec980000,0x00000000ec980000,0x00000000ece80000)
  to   space 5632K, 0% used [0x00000000ec380000,0x00000000ec380000,0x00000000ec900000)
 ParOldGen       total 68608K, used 12835K [0x00000000c0000000, 0x00000000c4300000, 0x00000000eab00000)
  object space 68608K, 18% used [0x00000000c0000000,0x00000000c0c88f20,0x00000000c4300000)
 Metaspace       used 23162K, committed 24064K, reserved 1114112K
  class space    used 2324K, committed 2688K, reserved 1048576K
}
Event: 32.688 GC heap after
{Heap after GC invocations=10 (full 1):
 PSYoungGen      total 27136K, used 3536K [0x00000000eab00000, 0x00000000ecb00000, 0x0000000100000000)
  eden space 23552K, 0% used [0x00000000eab00000,0x00000000eab00000,0x00000000ec200000)
  from space 3584K, 98% used [0x00000000ec380000,0x00000000ec6f4150,0x00000000ec700000)
  to   space 4096K, 0% used [0x00000000ec700000,0x00000000ec700000,0x00000000ecb00000)
 ParOldGen       total 68608K, used 12843K [0x00000000c0000000, 0x00000000c4300000, 0x00000000eab00000)
  object space 68608K, 18% used [0x00000000c0000000,0x00000000c0c8af20,0x00000000c4300000)
 Metaspace       used 23162K, committed 24064K, reserved 1114112K
  class space    used 2324K, committed 2688K, reserved 1048576K
}
Event: 32.897 GC heap before
{Heap before GC invocations=11 (full 1):
 PSYoungGen      total 27136K, used 27088K [0x00000000eab00000, 0x00000000ecb00000, 0x0000000100000000)
  eden space 23552K, 100% used [0x00000000eab00000,0x00000000ec200000,0x00000000ec200000)
  from space 3584K, 98% used [0x00000000ec380000,0x00000000ec6f4150,0x00000000ec700000)
  to   space 4096K, 0% used [0x00000000ec700000,0x00000000ec700000,0x00000000ecb00000)
 ParOldGen       total 68608K, used 12843K [0x00000000c0000000, 0x00000000c4300000, 0x00000000eab00000)
  object space 68608K, 18% used [0x00000000c0000000,0x00000000c0c8af20,0x00000000c4300000)
 Metaspace       used 25988K, committed 26880K, reserved 1114112K
  class space    used 2511K, committed 2880K, reserved 1048576K
}
Event: 32.900 GC heap after
{Heap after GC invocations=11 (full 1):
 PSYoungGen      total 25088K, used 1904K [0x00000000eab00000, 0x00000000ec900000, 0x0000000100000000)
  eden space 23040K, 0% used [0x00000000eab00000,0x00000000eab00000,0x00000000ec180000)
  from space 2048K, 92% used [0x00000000ec700000,0x00000000ec8dc238,0x00000000ec900000)
  to   space 3072K, 0% used [0x00000000ec300000,0x00000000ec300000,0x00000000ec600000)
 ParOldGen       total 68608K, used 12851K [0x00000000c0000000, 0x00000000c4300000, 0x00000000eab00000)
  object space 68608K, 18% used [0x00000000c0000000,0x00000000c0c8cf20,0x00000000c4300000)
 Metaspace       used 25988K, committed 26880K, reserved 1114112K
  class space    used 2511K, committed 2880K, reserved 1048576K
}
Event: 33.047 GC heap before
{Heap before GC invocations=12 (full 1):
 PSYoungGen      total 25088K, used 24944K [0x00000000eab00000, 0x00000000ec900000, 0x0000000100000000)
  eden space 23040K, 100% used [0x00000000eab00000,0x00000000ec180000,0x00000000ec180000)
  from space 2048K, 92% used [0x00000000ec700000,0x00000000ec8dc238,0x00000000ec900000)
  to   space 3072K, 0% used [0x00000000ec300000,0x00000000ec300000,0x00000000ec600000)
 ParOldGen       total 68608K, used 12851K [0x00000000c0000000, 0x00000000c4300000, 0x00000000eab00000)
  object space 68608K, 18% used [0x00000000c0000000,0x00000000c0c8cf20,0x00000000c4300000)
 Metaspace       used 27736K, committed 28608K, reserved 1114112K
  class space    used 2641K, committed 3008K, reserved 1048576K
}
Event: 33.050 GC heap after
{Heap after GC invocations=12 (full 1):
 PSYoungGen      total 24576K, used 2024K [0x00000000eab00000, 0x00000000ec780000, 0x0000000100000000)
  eden space 22528K, 0% used [0x00000000eab00000,0x00000000eab00000,0x00000000ec100000)
  from space 2048K, 98% used [0x00000000ec300000,0x00000000ec4fa2b0,0x00000000ec500000)
  to   space 2560K, 0% used [0x00000000ec500000,0x00000000ec500000,0x00000000ec780000)
 ParOldGen       total 68608K, used 14570K [0x00000000c0000000, 0x00000000c4300000, 0x00000000eab00000)
  object space 68608K, 21% used [0x00000000c0000000,0x00000000c0e3aa38,0x00000000c4300000)
 Metaspace       used 27736K, committed 28608K, reserved 1114112K
  class space    used 2641K, committed 3008K, reserved 1048576K
}
Event: 35.612 GC heap before
{Heap before GC invocations=13 (full 1):
 PSYoungGen      total 24576K, used 24552K [0x00000000eab00000, 0x00000000ec780000, 0x0000000100000000)
  eden space 22528K, 100% used [0x00000000eab00000,0x00000000ec100000,0x00000000ec100000)
  from space 2048K, 98% used [0x00000000ec300000,0x00000000ec4fa2b0,0x00000000ec500000)
  to   space 2560K, 0% used [0x00000000ec500000,0x00000000ec500000,0x00000000ec780000)
 ParOldGen       total 68608K, used 14570K [0x00000000c0000000, 0x00000000c4300000, 0x00000000eab00000)
  object space 68608K, 21% used [0x00000000c0000000,0x00000000c0e3aa38,0x00000000c4300000)
 Metaspace       used 30510K, committed 31616K, reserved 1114112K
  class space    used 2917K, committed 3392K, reserved 1048576K
}
Event: 35.615 GC heap after
{Heap after GC invocations=13 (full 1):
 PSYoungGen      total 24064K, used 1546K [0x00000000eab00000, 0x00000000ec700000, 0x0000000100000000)
  eden space 22016K, 0% used [0x00000000eab00000,0x00000000eab00000,0x00000000ec080000)
  from space 2048K, 75% used [0x00000000ec500000,0x00000000ec682868,0x00000000ec700000)
  to   space 2048K, 0% used [0x00000000ec300000,0x00000000ec300000,0x00000000ec500000)
 ParOldGen       total 68608K, used 16431K [0x00000000c0000000, 0x00000000c4300000, 0x00000000eab00000)
  object space 68608K, 23% used [0x00000000c0000000,0x00000000c100bc88,0x00000000c4300000)
 Metaspace       used 30510K, committed 31616K, reserved 1114112K
  class space    used 2917K, committed 3392K, reserved 1048576K
}
Event: 35.959 GC heap before
{Heap before GC invocations=14 (full 1):
 PSYoungGen      total 24064K, used 23553K [0x00000000eab00000, 0x00000000ec700000, 0x0000000100000000)
  eden space 22016K, 99% used [0x00000000eab00000,0x00000000ec07df30,0x00000000ec080000)
  from space 2048K, 75% used [0x00000000ec500000,0x00000000ec682868,0x00000000ec700000)
  to   space 2048K, 0% used [0x00000000ec300000,0x00000000ec300000,0x00000000ec500000)
 ParOldGen       total 68608K, used 16431K [0x00000000c0000000, 0x00000000c4300000, 0x00000000eab00000)
  object space 68608K, 23% used [0x00000000c0000000,0x00000000c100bc88,0x00000000c4300000)
 Metaspace       used 33574K, committed 34624K, reserved 1114112K
  class space    used 3315K, committed 3712K, reserved 1048576K
}
Event: 35.962 GC heap after
{Heap after GC invocations=14 (full 1):
 PSYoungGen      total 23552K, used 1152K [0x00000000eab00000, 0x00000000ec580000, 0x0000000100000000)
  eden space 22016K, 0% used [0x00000000eab00000,0x00000000eab00000,0x00000000ec080000)
  from space 1536K, 75% used [0x00000000ec300000,0x00000000ec420000,0x00000000ec480000)
  to   space 1024K, 0% used [0x00000000ec480000,0x00000000ec480000,0x00000000ec580000)
 ParOldGen       total 68608K, used 17745K [0x00000000c0000000, 0x00000000c4300000, 0x00000000eab00000)
  object space 68608K, 25% used [0x00000000c0000000,0x00000000c11546a0,0x00000000c4300000)
 Metaspace       used 33574K, committed 34624K, reserved 1114112K
  class space    used 3315K, committed 3712K, reserved 1048576K
}
Event: 36.081 GC heap before
{Heap before GC invocations=15 (full 1):
 PSYoungGen      total 23552K, used 10652K [0x00000000eab00000, 0x00000000ec580000, 0x0000000100000000)
  eden space 22016K, 43% used [0x00000000eab00000,0x00000000eb447178,0x00000000ec080000)
  from space 1536K, 75% used [0x00000000ec300000,0x00000000ec420000,0x00000000ec480000)
  to   space 1024K, 0% used [0x00000000ec480000,0x00000000ec480000,0x00000000ec580000)
 ParOldGen       total 68608K, used 17745K [0x00000000c0000000, 0x00000000c4300000, 0x00000000eab00000)
  object space 68608K, 25% used [0x00000000c0000000,0x00000000c11546a0,0x00000000c4300000)
 Metaspace       used 34693K, committed 35840K, reserved 1114112K
  class space    used 3454K, committed 3968K, reserved 1048576K
}
Event: 36.084 GC heap after
{Heap after GC invocations=15 (full 1):
 PSYoungGen      total 23040K, used 898K [0x00000000eab00000, 0x00000000ec580000, 0x0000000100000000)
  eden space 22016K, 0% used [0x00000000eab00000,0x00000000eab00000,0x00000000ec080000)
  from space 1024K, 87% used [0x00000000ec480000,0x00000000ec560970,0x00000000ec580000)
  to   space 1024K, 0% used [0x00000000ec380000,0x00000000ec380000,0x00000000ec480000)
 ParOldGen       total 68608K, used 18757K [0x00000000c0000000, 0x00000000c4300000, 0x00000000eab00000)
  object space 68608K, 27% used [0x00000000c0000000,0x00000000c1251458,0x00000000c4300000)
 Metaspace       used 34693K, committed 35840K, reserved 1114112K
  class space    used 3454K, committed 3968K, reserved 1048576K
}
Event: 36.084 GC heap before
{Heap before GC invocations=16 (full 2):
 PSYoungGen      total 23040K, used 898K [0x00000000eab00000, 0x00000000ec580000, 0x0000000100000000)
  eden space 22016K, 0% used [0x00000000eab00000,0x00000000eab00000,0x00000000ec080000)
  from space 1024K, 87% used [0x00000000ec480000,0x00000000ec560970,0x00000000ec580000)
  to   space 1024K, 0% used [0x00000000ec380000,0x00000000ec380000,0x00000000ec480000)
 ParOldGen       total 68608K, used 18757K [0x00000000c0000000, 0x00000000c4300000, 0x00000000eab00000)
  object space 68608K, 27% used [0x00000000c0000000,0x00000000c1251458,0x00000000c4300000)
 Metaspace       used 34693K, committed 35840K, reserved 1114112K
  class space    used 3454K, committed 3968K, reserved 1048576K
}
Event: 36.132 GC heap after
{Heap after GC invocations=16 (full 2):
 PSYoungGen      total 23040K, used 0K [0x00000000eab00000, 0x00000000ec580000, 0x0000000100000000)
  eden space 22016K, 0% used [0x00000000eab00000,0x00000000eab00000,0x00000000ec080000)
  from space 1024K, 0% used [0x00000000ec480000,0x00000000ec480000,0x00000000ec580000)
  to   space 1024K, 0% used [0x00000000ec380000,0x00000000ec380000,0x00000000ec480000)
 ParOldGen       total 68608K, used 18177K [0x00000000c0000000, 0x00000000c4300000, 0x00000000eab00000)
  object space 68608K, 26% used [0x00000000c0000000,0x00000000c11c0698,0x00000000c4300000)
 Metaspace       used 34693K, committed 35840K, reserved 1114112K
  class space    used 3454K, committed 3968K, reserved 1048576K
}
Event: 36.370 GC heap before
{Heap before GC invocations=17 (full 2):
 PSYoungGen      total 23040K, used 22016K [0x00000000eab00000, 0x00000000ec580000, 0x0000000100000000)
  eden space 22016K, 100% used [0x00000000eab00000,0x00000000ec080000,0x00000000ec080000)
  from space 1024K, 0% used [0x00000000ec480000,0x00000000ec480000,0x00000000ec580000)
  to   space 1024K, 0% used [0x00000000ec380000,0x00000000ec380000,0x00000000ec480000)
 ParOldGen       total 68608K, used 18177K [0x00000000c0000000, 0x00000000c4300000, 0x00000000eab00000)
  object space 68608K, 26% used [0x00000000c0000000,0x00000000c11c0698,0x00000000c4300000)
 Metaspace       used 36589K, committed 37696K, reserved 1114112K
  class space    used 3705K, committed 4160K, reserved 1048576K
}
Event: 36.372 GC heap after
{Heap after GC invocations=17 (full 2):
 PSYoungGen      total 23040K, used 1014K [0x00000000eab00000, 0x00000000ec500000, 0x0000000100000000)
  eden space 22016K, 0% used [0x00000000eab00000,0x00000000eab00000,0x00000000ec080000)
  from space 1024K, 99% used [0x00000000ec380000,0x00000000ec47dba0,0x00000000ec480000)
  to   space 512K, 0% used [0x00000000ec480000,0x00000000ec480000,0x00000000ec500000)
 ParOldGen       total 68608K, used 18849K [0x00000000c0000000, 0x00000000c4300000, 0x00000000eab00000)
  object space 68608K, 27% used [0x00000000c0000000,0x00000000c12686a8,0x00000000c4300000)
 Metaspace       used 36589K, committed 37696K, reserved 1114112K
  class space    used 3705K, committed 4160K, reserved 1048576K
}
Event: 36.671 GC heap before
{Heap before GC invocations=18 (full 2):
 PSYoungGen      total 23040K, used 23030K [0x00000000eab00000, 0x00000000ec500000, 0x0000000100000000)
  eden space 22016K, 99% used [0x00000000eab00000,0x00000000ec07ffe0,0x00000000ec080000)
  from space 1024K, 99% used [0x00000000ec380000,0x00000000ec47dba0,0x00000000ec480000)
  to   space 512K, 0% used [0x00000000ec480000,0x00000000ec480000,0x00000000ec500000)
 ParOldGen       total 68608K, used 18849K [0x00000000c0000000, 0x00000000c4300000, 0x00000000eab00000)
  object space 68608K, 27% used [0x00000000c0000000,0x00000000c12686a8,0x00000000c4300000)
 Metaspace       used 38282K, committed 39360K, reserved 1114112K
  class space    used 3908K, committed 4352K, reserved 1048576K
}
Event: 36.674 GC heap after
{Heap after GC invocations=18 (full 2):
 PSYoungGen      total 22528K, used 512K [0x00000000eab00000, 0x00000000ec580000, 0x0000000100000000)
  eden space 22016K, 0% used [0x00000000eab00000,0x00000000eab00000,0x00000000ec080000)
  from space 512K, 100% used [0x00000000ec480000,0x00000000ec500000,0x00000000ec500000)
  to   space 2560K, 0% used [0x00000000ec080000,0x00000000ec080000,0x00000000ec300000)
 ParOldGen       total 68608K, used 20646K [0x00000000c0000000, 0x00000000c4300000, 0x00000000eab00000)
  object space 68608K, 30% used [0x00000000c0000000,0x00000000c1429bb8,0x00000000c4300000)
 Metaspace       used 38282K, committed 39360K, reserved 1114112K
  class space    used 3908K, committed 4352K, reserved 1048576K
}

Dll operation events (10 events):
Event: 0.022 Loaded shared library c:\Users\ASUS\.vscode\extensions\redhat.java-1.42.0-win32-x64\jre\21.0.7-win32-x86_64\bin\java.dll
Event: 0.158 Loaded shared library c:\Users\ASUS\.vscode\extensions\redhat.java-1.42.0-win32-x64\jre\21.0.7-win32-x86_64\bin\zip.dll
Event: 0.202 Loaded shared library C:\Users\ASUS\.vscode\extensions\redhat.java-1.42.0-win32-x64\jre\21.0.7-win32-x86_64\bin\instrument.dll
Event: 0.211 Loaded shared library C:\Users\ASUS\.vscode\extensions\redhat.java-1.42.0-win32-x64\jre\21.0.7-win32-x86_64\bin\net.dll
Event: 0.216 Loaded shared library C:\Users\ASUS\.vscode\extensions\redhat.java-1.42.0-win32-x64\jre\21.0.7-win32-x86_64\bin\nio.dll
Event: 0.222 Loaded shared library C:\Users\ASUS\.vscode\extensions\redhat.java-1.42.0-win32-x64\jre\21.0.7-win32-x86_64\bin\zip.dll
Event: 0.255 Loaded shared library C:\Users\ASUS\.vscode\extensions\redhat.java-1.42.0-win32-x64\jre\21.0.7-win32-x86_64\bin\jimage.dll
Event: 0.396 Loaded shared library c:\Users\ASUS\.vscode\extensions\redhat.java-1.42.0-win32-x64\jre\21.0.7-win32-x86_64\bin\verify.dll
Event: 9.083 Loaded shared library C:\Users\ASUS\AppData\Roaming\Code\User\globalStorage\redhat.java\1.42.0\config_win\org.eclipse.equinox.launcher\org.eclipse.equinox.launcher.win32.win32.x86_64_1.2.1300.v20250331-1702\eclipse_11911.dll
Event: 31.287 Loaded shared library C:\Users\ASUS\AppData\Local\Temp\jna-2018896\jna4116496390256978399.dll

Deoptimization events (20 events):
Event: 36.680 Thread 0x000001ecd87dd080 DEOPT PACKING pc=0x000001ece370c3ec sp=0x00000088005fe670
Event: 36.680 Thread 0x000001ecd87dd080 DEOPT UNPACKING pc=0x000001ece2f53aa2 sp=0x00000088005fe600 mode 2
Event: 37.724 Thread 0x000001ecf35871e0 DEOPT PACKING pc=0x000001ecdb9d7d1f sp=0x00000088025fe320
Event: 37.724 Thread 0x000001ecf35871e0 DEOPT UNPACKING pc=0x000001ece2f54242 sp=0x00000088025fd7f8 mode 0
Event: 37.766 Thread 0x000001ecd87dd080 Uncommon trap: trap_request=0xffffff45 fr.pc=0x000001ece361f4a8 relative=0x00000000000000e8
Event: 37.766 Thread 0x000001ecd87dd080 Uncommon trap: reason=unstable_if action=reinterpret pc=0x000001ece361f4a8 method=java.lang.CharacterDataLatin1.digit(II)I @ 7 c2
Event: 37.766 Thread 0x000001ecd87dd080 DEOPT PACKING pc=0x000001ece361f4a8 sp=0x00000088005fe6d0
Event: 37.766 Thread 0x000001ecd87dd080 DEOPT UNPACKING pc=0x000001ece2f53aa2 sp=0x00000088005fe590 mode 2
Event: 37.766 Thread 0x000001ecd87dd080 Uncommon trap: trap_request=0xffffff45 fr.pc=0x000001ece361f028 relative=0x00000000000000e8
Event: 37.766 Thread 0x000001ecd87dd080 Uncommon trap: reason=unstable_if action=reinterpret pc=0x000001ece361f028 method=java.lang.CharacterDataLatin1.digit(II)I @ 7 c2
Event: 37.766 Thread 0x000001ecd87dd080 DEOPT PACKING pc=0x000001ece361f028 sp=0x00000088005fe670
Event: 37.766 Thread 0x000001ecd87dd080 DEOPT UNPACKING pc=0x000001ece2f53aa2 sp=0x00000088005fe598 mode 2
Event: 37.766 Thread 0x000001ecd87dd080 Uncommon trap: trap_request=0xffffff45 fr.pc=0x000001ece34dbfc8 relative=0x00000000000000a8
Event: 37.766 Thread 0x000001ecd87dd080 Uncommon trap: reason=unstable_if action=reinterpret pc=0x000001ece34dbfc8 method=java.lang.CharacterDataLatin1.digit(II)I @ 7 c2
Event: 37.766 Thread 0x000001ecd87dd080 DEOPT PACKING pc=0x000001ece34dbfc8 sp=0x00000088005fe600
Event: 37.766 Thread 0x000001ecd87dd080 DEOPT UNPACKING pc=0x000001ece2f53aa2 sp=0x00000088005fe598 mode 2
Event: 37.798 Thread 0x000001ecf35871e0 Uncommon trap: trap_request=0xffffff45 fr.pc=0x000001ece3709290 relative=0x0000000000000510
Event: 37.798 Thread 0x000001ecf35871e0 Uncommon trap: reason=unstable_if action=reinterpret pc=0x000001ece3709290 method=java.util.TreeMap.put(Ljava/lang/Object;Ljava/lang/Object;Z)Ljava/lang/Object; @ 27 c2
Event: 37.798 Thread 0x000001ecf35871e0 DEOPT PACKING pc=0x000001ece3709290 sp=0x00000088025fdd80
Event: 37.798 Thread 0x000001ecf35871e0 DEOPT UNPACKING pc=0x000001ece2f53aa2 sp=0x00000088025fdcf0 mode 2

Classes loaded (20 events):
Event: 37.764 Loading class sun/nio/ch/PendingFuture
Event: 37.764 Loading class sun/nio/ch/PendingFuture done
Event: 37.764 Loading class sun/nio/ch/WindowsAsynchronousFileChannelImpl$ReadTask
Event: 37.764 Loading class sun/nio/ch/Iocp$ResultHandler
Event: 37.764 Loading class sun/nio/ch/Iocp$ResultHandler done
Event: 37.764 Loading class sun/nio/ch/WindowsAsynchronousFileChannelImpl$ReadTask done
Event: 37.766 Loading class java/text/ParsePosition
Event: 37.766 Loading class java/text/ParsePosition done
Event: 37.766 Loading class java/text/CalendarBuilder
Event: 37.766 Loading class java/text/CalendarBuilder done
Event: 37.767 Loading class sun/util/locale/provider/CalendarDataUtility$CalendarFieldValueNamesMapGetter
Event: 37.767 Loading class jdk/internal/event/ThreadSleepEvent
Event: 37.768 Loading class sun/util/locale/provider/CalendarDataUtility$CalendarFieldValueNamesMapGetter done
Event: 37.769 Loading class jdk/internal/event/ThreadSleepEvent done
Event: 37.770 Loading class sun/util/cldr/CLDRCalendarNameProviderImpl
Event: 37.770 Loading class sun/util/locale/provider/CalendarNameProviderImpl
Event: 37.770 Loading class sun/util/locale/provider/CalendarNameProviderImpl done
Event: 37.770 Loading class sun/util/cldr/CLDRCalendarNameProviderImpl done
Event: 37.771 Loading class sun/util/locale/provider/CalendarNameProviderImpl$LengthBasedComparator
Event: 37.772 Loading class sun/util/locale/provider/CalendarNameProviderImpl$LengthBasedComparator done

Classes unloaded (7 events):
Event: 32.339 Thread 0x000001ececbb4740 Unloading class 0x000001ec811abc00 'java/lang/invoke/LambdaForm$MH+0x000001ec811abc00'
Event: 32.339 Thread 0x000001ececbb4740 Unloading class 0x000001ec811ab800 'java/lang/invoke/LambdaForm$MH+0x000001ec811ab800'
Event: 32.339 Thread 0x000001ececbb4740 Unloading class 0x000001ec811ab400 'java/lang/invoke/LambdaForm$MH+0x000001ec811ab400'
Event: 32.339 Thread 0x000001ececbb4740 Unloading class 0x000001ec811ab000 'java/lang/invoke/LambdaForm$MH+0x000001ec811ab000'
Event: 32.339 Thread 0x000001ececbb4740 Unloading class 0x000001ec811aac00 'java/lang/invoke/LambdaForm$BMH+0x000001ec811aac00'
Event: 32.339 Thread 0x000001ececbb4740 Unloading class 0x000001ec811aa800 'java/lang/invoke/LambdaForm$DMH+0x000001ec811aa800'
Event: 32.339 Thread 0x000001ececbb4740 Unloading class 0x000001ec811a9400 'java/lang/invoke/LambdaForm$DMH+0x000001ec811a9400'

Classes redefined (0 events):
No events

Internal exceptions (20 events):
Event: 35.906 Thread 0x000001ecf35871e0 Exception <a 'sun/nio/fs/WindowsException'{0x00000000ebcd0ea8}> (0x00000000ebcd0ea8) 
thrown [s\src\hotspot\share\prims\jni.cpp, line 520]
Event: 35.906 Thread 0x000001ecf35871e0 Exception <a 'sun/nio/fs/WindowsException'{0x00000000ebcd1868}> (0x00000000ebcd1868) 
thrown [s\src\hotspot\share\prims\jni.cpp, line 520]
Event: 35.935 Thread 0x000001ecf3587870 Exception <a 'java/lang/UnsatisfiedLinkError'{0x00000000ebe58038}: The specified procedure could not be found.
> (0x00000000ebe58038) 
thrown [s\src\hotspot\share\prims\jni.cpp, line 539]
Event: 35.939 Thread 0x000001ecf35871e0 Exception <a 'sun/nio/fs/WindowsException'{0x00000000ebf44678}> (0x00000000ebf44678) 
thrown [s\src\hotspot\share\prims\jni.cpp, line 520]
Event: 35.939 Thread 0x000001ecf35871e0 Exception <a 'sun/nio/fs/WindowsException'{0x00000000ebf45038}> (0x00000000ebf45038) 
thrown [s\src\hotspot\share\prims\jni.cpp, line 520]
Event: 35.942 Thread 0x000001ecf3587870 Exception <a 'java/io/FileNotFoundException'{0x00000000ebee6b58}> (0x00000000ebee6b58) 
thrown [s\src\hotspot\share\prims\jni.cpp, line 520]
Event: 35.958 Thread 0x000001ecf3587870 Exception <a 'java/io/FileNotFoundException'{0x00000000ebffe318}> (0x00000000ebffe318) 
thrown [s\src\hotspot\share\prims\jni.cpp, line 520]
Event: 35.973 Thread 0x000001ecf3587870 Exception <a 'java/lang/UnsatisfiedLinkError'{0x00000000eab31458}: The specified procedure could not be found.
> (0x00000000eab31458) 
thrown [s\src\hotspot\share\prims\jni.cpp, line 539]
Event: 36.073 Thread 0x000001ecd87dd080 Exception <a 'java/lang/NoSuchMethodError'{0x00000000eb39eed0}: 'java.lang.Object java.lang.invoke.DirectMethodHandle$Holder.invokeStatic(java.lang.Object, long, java.lang.Object)'> (0x00000000eb39eed0) 
thrown [s\src\hotspot\share\interpreter\linkResolver.cpp, line 773]
Event: 36.075 Thread 0x000001ecd87dd080 Exception <a 'java/lang/NoSuchMethodError'{0x00000000eb3a8ef0}: 'java.lang.Object java.lang.invoke.DirectMethodHandle$Holder.invokeStaticInit(java.lang.Object, long, java.lang.Object)'> (0x00000000eb3a8ef0) 
thrown [s\src\hotspot\share\interpreter\linkResolver.cpp, line 773]
Event: 36.077 Thread 0x000001ecd87dd080 Exception <a 'java/lang/NoSuchMethodError'{0x00000000eb3e2768}: 'java.lang.Object java.lang.invoke.DirectMethodHandle$Holder.newInvokeSpecial(java.lang.Object, long)'> (0x00000000eb3e2768) 
thrown [s\src\hotspot\share\interpreter\linkResolver.cpp, line 773]
Event: 36.138 Thread 0x000001ecf5122100 Exception <a 'java/lang/NoSuchMethodError'{0x00000000eabc5fa8}: 'void java.lang.invoke.DirectMethodHandle$Holder.invokeStaticInit(java.lang.Object, java.lang.Object, java.lang.Object, java.lang.Object)'> (0x00000000eabc5fa8) 
thrown [s\src\hotspot\share\interpreter\linkResolver.cpp, line 773]
Event: 36.153 Thread 0x000001ecf5122e20 Exception <a 'java/io/FileNotFoundException'{0x00000000eac86d38}> (0x00000000eac86d38) 
thrown [s\src\hotspot\share\prims\jni.cpp, line 520]
Event: 36.234 Thread 0x000001ecf5122e20 Exception <a 'sun/nio/fs/WindowsException'{0x00000000eb156838}> (0x00000000eb156838) 
thrown [s\src\hotspot\share\prims\jni.cpp, line 520]
Event: 36.239 Thread 0x000001ecf3589fd0 Exception <a 'java/lang/NoClassDefFoundError'{0x00000000eb1914e8}: javax/enterprise/inject/Typed> (0x00000000eb1914e8) 
thrown [s\src\hotspot\share\classfile\systemDictionary.cpp, line 301]
Event: 36.650 Thread 0x000001ecf51234b0 Implicit null exception at 0x000001ece3688a77 to 0x000001ece3688ce8
Event: 36.651 Thread 0x000001ecf51234b0 Exception <a 'java/lang/NoSuchMethodError'{0x00000000ebf45b90}: 'java.lang.Object java.lang.invoke.DelegatingMethodHandle$Holder.reinvoke_L(java.lang.Object, int, long, java.lang.Object, java.lang.Object, int, java.lang.Object)'> (0x00000000ebf45b90) 
thrown [s\src\hotspot\share\interpreter\linkResolver.cpp, line 773]
Event: 36.678 Thread 0x000001ecd87dd080 Exception <a 'java/lang/NoSuchMethodError'{0x00000000eab45bb8}: 'void java.lang.invoke.DirectMethodHandle$Holder.invokeSpecial(java.lang.Object, java.lang.Object, java.lang.Object, java.lang.Object, java.lang.Object, java.lang.Object)'> (0x00000000eab45bb8) 
thrown [s\src\hotspot\share\interpreter\linkResolver.cpp, line 773]
Event: 36.679 Thread 0x000001ecd87dd080 Exception <a 'java/lang/IncompatibleClassChangeError'{0x00000000eab4de98}: Found class java.lang.Object, but interface was expected> (0x00000000eab4de98) 
thrown [s\src\hotspot\share\interpreter\linkResolver.cpp, line 840]
Event: 36.680 Thread 0x000001ecd87dd080 Exception <a 'java/lang/IncompatibleClassChangeError'{0x00000000eab5aa60}: Found class java.lang.Object, but interface was expected> (0x00000000eab5aa60) 
thrown [s\src\hotspot\share\interpreter\linkResolver.cpp, line 840]

ZGC Phase Switch (0 events):
No events

VM Operations (20 events):
Event: 36.132 Executing VM operation: CollectForMetadataAllocation (Metadata GC Threshold) done
Event: 36.133 Executing VM operation: CollectForMetadataAllocation (Metadata GC Threshold)
Event: 36.133 Executing VM operation: CollectForMetadataAllocation (Metadata GC Threshold) done
Event: 36.216 Executing VM operation: HandshakeAllThreads (Deoptimize)
Event: 36.216 Executing VM operation: HandshakeAllThreads (Deoptimize) done
Event: 36.233 Executing VM operation: HandshakeAllThreads (Deoptimize)
Event: 36.233 Executing VM operation: HandshakeAllThreads (Deoptimize) done
Event: 36.367 Executing VM operation: ParallelGCFailedAllocation (Allocation Failure)
Event: 36.373 Executing VM operation: ParallelGCFailedAllocation (Allocation Failure) done
Event: 36.571 Executing VM operation: HandshakeAllThreads (Deoptimize)
Event: 36.571 Executing VM operation: HandshakeAllThreads (Deoptimize) done
Event: 36.668 Executing VM operation: ParallelGCFailedAllocation (Allocation Failure)
Event: 36.674 Executing VM operation: ParallelGCFailedAllocation (Allocation Failure) done
Event: 36.708 Executing VM operation: HandshakeAllThreads (Deoptimize)
Event: 36.708 Executing VM operation: HandshakeAllThreads (Deoptimize) done
Event: 36.709 Executing VM operation: HandshakeAllThreads (Deoptimize)
Event: 36.709 Executing VM operation: HandshakeAllThreads (Deoptimize) done
Event: 37.722 Executing VM operation: Cleanup
Event: 37.738 Executing VM operation: Cleanup done
Event: 38.739 Executing VM operation: Cleanup

Memory protections (0 events):
No events

Nmethod flushes (20 events):
Event: 36.106 Thread 0x000001ececbb4740 flushing  nmethod 0x000001ecdc110f90
Event: 36.106 Thread 0x000001ececbb4740 flushing  nmethod 0x000001ecdc119410
Event: 36.106 Thread 0x000001ececbb4740 flushing  nmethod 0x000001ecdc13af10
Event: 36.106 Thread 0x000001ececbb4740 flushing  nmethod 0x000001ecdc156390
Event: 36.106 Thread 0x000001ececbb4740 flushing  nmethod 0x000001ecdc18a390
Event: 36.106 Thread 0x000001ececbb4740 flushing  nmethod 0x000001ecdc18a790
Event: 36.106 Thread 0x000001ececbb4740 flushing  nmethod 0x000001ecdc18b090
Event: 36.106 Thread 0x000001ececbb4740 flushing  nmethod 0x000001ecdc18c290
Event: 36.106 Thread 0x000001ececbb4740 flushing  nmethod 0x000001ecdc18da90
Event: 36.106 Thread 0x000001ececbb4740 flushing  nmethod 0x000001ecdc18e210
Event: 36.106 Thread 0x000001ececbb4740 flushing  nmethod 0x000001ecdc18f790
Event: 36.106 Thread 0x000001ececbb4740 flushing  nmethod 0x000001ecdc190710
Event: 36.106 Thread 0x000001ececbb4740 flushing  nmethod 0x000001ecdc191010
Event: 36.106 Thread 0x000001ececbb4740 flushing  nmethod 0x000001ecdc191d10
Event: 36.106 Thread 0x000001ececbb4740 flushing  nmethod 0x000001ecdc193d90
Event: 36.106 Thread 0x000001ececbb4740 flushing  nmethod 0x000001ecdc194910
Event: 36.106 Thread 0x000001ececbb4740 flushing  nmethod 0x000001ecdc195390
Event: 36.106 Thread 0x000001ececbb4740 flushing  nmethod 0x000001ecdc1b2590
Event: 36.106 Thread 0x000001ececbb4740 flushing  nmethod 0x000001ecdc1b7e90
Event: 36.106 Thread 0x000001ececbb4740 flushing  nmethod 0x000001ecdc1bf490

Events (20 events):
Event: 36.043 Thread 0x000001ecf5123b40 Thread added: 0x000001ecf5125580
Event: 36.149 Thread 0x000001ecd87dd080 Thread added: 0x000001ecf5125c10
Event: 36.150 Thread 0x000001ecd87dd080 Thread added: 0x000001ecf5122790
Event: 36.150 Thread 0x000001ecd87dd080 Thread added: 0x000001ecf51262a0
Event: 36.151 Thread 0x000001ecd87dd080 Thread added: 0x000001ecf5126930
Event: 36.151 Thread 0x000001ecd87dd080 Thread added: 0x000001ecf5124860
Event: 36.151 Thread 0x000001ecd87dd080 Thread added: 0x000001ecf5126fc0
Event: 36.159 Thread 0x000001ecd87dd080 Thread added: 0x000001ecf5127650
Event: 36.159 Thread 0x000001ecd87dd080 Thread added: 0x000001ecf51241d0
Event: 36.159 Thread 0x000001ecd87dd080 Thread added: 0x000001ecf5129720
Event: 36.160 Thread 0x000001ecd87dd080 Thread added: 0x000001ecf5129090
Event: 36.160 Thread 0x000001ecd87dd080 Thread added: 0x000001ecf5127ce0
Event: 36.161 Thread 0x000001ecd87dd080 Thread added: 0x000001ecf5128370
Event: 36.161 Thread 0x000001ecd87dd080 Thread added: 0x000001ecf5128a00
Event: 36.243 Thread 0x000001ecd87dd080 Thread added: 0x000001ecf320b0a0
Event: 36.309 Thread 0x000001ecf5123b40 Thread added: 0x000001ecf320b730
Event: 36.324 Thread 0x000001ecf5123b40 Thread added: 0x000001ecf320f240
Event: 37.516 Thread 0x000001ecf3586b50 Thread exited: 0x000001ecf3586b50
Event: 37.762 Thread 0x000001ecd87dd080 Thread added: 0x000001ecf320bdc0
Event: 37.762 Thread 0x000001ecd87dd080 Thread added: 0x000001ecf320d170


Dynamic libraries:
0x00007ff685ad0000 - 0x00007ff685ade000 	c:\Users\ASUS\.vscode\extensions\redhat.java-1.42.0-win32-x64\jre\21.0.7-win32-x86_64\bin\java.exe
0x00007fffca200000 - 0x00007fffca460000 	C:\WINDOWS\SYSTEM32\ntdll.dll
0x00007fffc9010000 - 0x00007fffc90d7000 	C:\WINDOWS\System32\KERNEL32.DLL
0x00007fffc73e0000 - 0x00007fffc77aa000 	C:\WINDOWS\System32\KERNELBASE.dll
0x00007fffc7eb0000 - 0x00007fffc7ffb000 	C:\WINDOWS\System32\ucrtbase.dll
0x00007fff96f10000 - 0x00007fff96f2e000 	c:\Users\ASUS\.vscode\extensions\redhat.java-1.42.0-win32-x64\jre\21.0.7-win32-x86_64\bin\VCRUNTIME140.dll
0x00007fffa0310000 - 0x00007fffa0328000 	c:\Users\ASUS\.vscode\extensions\redhat.java-1.42.0-win32-x64\jre\21.0.7-win32-x86_64\bin\jli.dll
0x00007fffc8560000 - 0x00007fffc872c000 	C:\WINDOWS\System32\USER32.dll
0x00007fffb0dd0000 - 0x00007fffb1067000 	C:\WINDOWS\WinSxS\amd64_microsoft.windows.common-controls_6595b64144ccf1df_6.0.26100.3624_none_3e086962e3345f24\COMCTL32.dll
0x00007fffc7930000 - 0x00007fffc7957000 	C:\WINDOWS\System32\win32u.dll
0x00007fffc8100000 - 0x00007fffc81a9000 	C:\WINDOWS\System32\msvcrt.dll
0x00007fffc9570000 - 0x00007fffc959a000 	C:\WINDOWS\System32\GDI32.dll
0x00007fffc7c20000 - 0x00007fffc7d51000 	C:\WINDOWS\System32\gdi32full.dll
0x00007fffc7b70000 - 0x00007fffc7c13000 	C:\WINDOWS\System32\msvcp_win.dll
0x00007fffc9650000 - 0x00007fffc967f000 	C:\WINDOWS\System32\IMM32.DLL
0x00007fffba170000 - 0x00007fffba17c000 	c:\Users\ASUS\.vscode\extensions\redhat.java-1.42.0-win32-x64\jre\21.0.7-win32-x86_64\bin\vcruntime140_1.dll
0x00007fff5cc30000 - 0x00007fff5ccbd000 	c:\Users\ASUS\.vscode\extensions\redhat.java-1.42.0-win32-x64\jre\21.0.7-win32-x86_64\bin\msvcp140.dll
0x00007fff4f950000 - 0x00007fff506e0000 	c:\Users\ASUS\.vscode\extensions\redhat.java-1.42.0-win32-x64\jre\21.0.7-win32-x86_64\bin\server\jvm.dll
0x00007fffc8850000 - 0x00007fffc8902000 	C:\WINDOWS\System32\ADVAPI32.dll
0x00007fffc9700000 - 0x00007fffc97a6000 	C:\WINDOWS\System32\sechost.dll
0x00007fffc8730000 - 0x00007fffc8846000 	C:\WINDOWS\System32\RPCRT4.dll
0x00007fffc8ca0000 - 0x00007fffc8d14000 	C:\WINDOWS\System32\WS2_32.dll
0x00007fffc7250000 - 0x00007fffc72ae000 	C:\WINDOWS\SYSTEM32\POWRPROF.dll
0x00007fffc0830000 - 0x00007fffc083b000 	C:\WINDOWS\SYSTEM32\VERSION.dll
0x00007fffba540000 - 0x00007fffba576000 	C:\WINDOWS\SYSTEM32\WINMM.dll
0x00007fffc7230000 - 0x00007fffc7244000 	C:\WINDOWS\SYSTEM32\UMPDC.dll
0x00007fffc61d0000 - 0x00007fffc61ea000 	C:\WINDOWS\SYSTEM32\kernel.appcore.dll
0x00007fffb7cf0000 - 0x00007fffb7cfa000 	c:\Users\ASUS\.vscode\extensions\redhat.java-1.42.0-win32-x64\jre\21.0.7-win32-x86_64\bin\jimage.dll
0x00007fffbe760000 - 0x00007fffbe9a1000 	C:\WINDOWS\SYSTEM32\DBGHELP.DLL
0x00007fffc8910000 - 0x00007fffc8c92000 	C:\WINDOWS\System32\combase.dll
0x00007fffc83e0000 - 0x00007fffc84b6000 	C:\WINDOWS\System32\OLEAUT32.dll
0x00007fff8e690000 - 0x00007fff8e6c9000 	C:\WINDOWS\SYSTEM32\dbgcore.DLL
0x00007fffc7ad0000 - 0x00007fffc7b69000 	C:\WINDOWS\System32\bcryptPrimitives.dll
0x00007fffb6fc0000 - 0x00007fffb6fcf000 	c:\Users\ASUS\.vscode\extensions\redhat.java-1.42.0-win32-x64\jre\21.0.7-win32-x86_64\bin\instrument.dll
0x00007fff939f0000 - 0x00007fff93a0f000 	c:\Users\ASUS\.vscode\extensions\redhat.java-1.42.0-win32-x64\jre\21.0.7-win32-x86_64\bin\java.dll
0x00007fffc9a90000 - 0x00007fffca1b9000 	C:\WINDOWS\System32\SHELL32.dll
0x00007fffc7960000 - 0x00007fffc7ac8000 	C:\WINDOWS\System32\wintypes.dll
0x00007fffc5040000 - 0x00007fffc5892000 	C:\WINDOWS\SYSTEM32\windows.storage.dll
0x00007fffc97b0000 - 0x00007fffc989d000 	C:\WINDOWS\System32\SHCORE.dll
0x00007fffc9690000 - 0x00007fffc96f4000 	C:\WINDOWS\System32\shlwapi.dll
0x00007fffc72f0000 - 0x00007fffc731f000 	C:\WINDOWS\SYSTEM32\profapi.dll
0x00007fff938f0000 - 0x00007fff93908000 	c:\Users\ASUS\.vscode\extensions\redhat.java-1.42.0-win32-x64\jre\21.0.7-win32-x86_64\bin\zip.dll
0x00007fffb5590000 - 0x00007fffb55a0000 	C:\Users\ASUS\.vscode\extensions\redhat.java-1.42.0-win32-x64\jre\21.0.7-win32-x86_64\bin\net.dll
0x00007fffc1300000 - 0x00007fffc141d000 	C:\WINDOWS\SYSTEM32\WINHTTP.dll
0x00007fffc6710000 - 0x00007fffc677a000 	C:\WINDOWS\system32\mswsock.dll
0x00007fff93660000 - 0x00007fff93676000 	C:\Users\ASUS\.vscode\extensions\redhat.java-1.42.0-win32-x64\jre\21.0.7-win32-x86_64\bin\nio.dll
0x00007fffb3500000 - 0x00007fffb3510000 	c:\Users\ASUS\.vscode\extensions\redhat.java-1.42.0-win32-x64\jre\21.0.7-win32-x86_64\bin\verify.dll
0x00007fff864d0000 - 0x00007fff86515000 	C:\Users\ASUS\AppData\Roaming\Code\User\globalStorage\redhat.java\1.42.0\config_win\org.eclipse.equinox.launcher\org.eclipse.equinox.launcher.win32.win32.x86_64_1.2.1300.v20250331-1702\eclipse_11911.dll
0x00007fffc81b0000 - 0x00007fffc8346000 	C:\WINDOWS\System32\ole32.dll
0x00007fffc69b0000 - 0x00007fffc69cc000 	C:\WINDOWS\SYSTEM32\CRYPTSP.dll
0x00007fffc6120000 - 0x00007fffc615a000 	C:\WINDOWS\system32\rsaenh.dll
0x00007fffc67b0000 - 0x00007fffc67db000 	C:\WINDOWS\SYSTEM32\USERENV.dll
0x00007fffc72c0000 - 0x00007fffc72e6000 	C:\WINDOWS\SYSTEM32\bcrypt.dll
0x00007fffc69d0000 - 0x00007fffc69dc000 	C:\WINDOWS\SYSTEM32\CRYPTBASE.dll
0x00007fffc5bc0000 - 0x00007fffc5bf3000 	C:\WINDOWS\SYSTEM32\IPHLPAPI.DLL
0x00007fffc9a80000 - 0x00007fffc9a8a000 	C:\WINDOWS\System32\NSI.dll
0x00007fff895e0000 - 0x00007fff89629000 	C:\Users\ASUS\AppData\Local\Temp\jna-2018896\jna4116496390256978399.dll
0x00007fffc8e20000 - 0x00007fffc8e28000 	C:\WINDOWS\System32\PSAPI.DLL
0x00007fffc1a90000 - 0x00007fffc1aaf000 	C:\WINDOWS\SYSTEM32\dhcpcsvc6.DLL
0x00007fffc1740000 - 0x00007fffc1765000 	C:\WINDOWS\SYSTEM32\dhcpcsvc.DLL

dbghelp: loaded successfully - version: 4.0.5 - missing functions: none
symbol engine: initialized successfully - sym options: 0x614 - pdb path: .;c:\Users\ASUS\.vscode\extensions\redhat.java-1.42.0-win32-x64\jre\21.0.7-win32-x86_64\bin;C:\WINDOWS\SYSTEM32;C:\WINDOWS\WinSxS\amd64_microsoft.windows.common-controls_6595b64144ccf1df_6.0.26100.3624_none_3e086962e3345f24;c:\Users\ASUS\.vscode\extensions\redhat.java-1.42.0-win32-x64\jre\21.0.7-win32-x86_64\bin\server;C:\Users\ASUS\AppData\Roaming\Code\User\globalStorage\redhat.java\1.42.0\config_win\org.eclipse.equinox.launcher\org.eclipse.equinox.launcher.win32.win32.x86_64_1.2.1300.v20250331-1702;C:\Users\ASUS\AppData\Local\Temp\jna-2018896

VM Arguments:
jvm_args: --add-modules=ALL-SYSTEM --add-opens=java.base/java.util=ALL-UNNAMED --add-opens=java.base/java.lang=ALL-UNNAMED --add-opens=java.base/sun.nio.fs=ALL-UNNAMED -Declipse.application=org.eclipse.jdt.ls.core.id1 -Dosgi.bundles.defaultStartLevel=4 -Declipse.product=org.eclipse.jdt.ls.core.product -Djava.import.generatesMetadataFilesAtProjectRoot=false -DDetectVMInstallationsJob.disabled=true -Dfile.encoding=utf8 -XX:+UseParallelGC -XX:GCTimeRatio=4 -XX:AdaptiveSizePolicyWeight=90 -Dsun.zip.disableMemoryMapping=true -Xmx1G -Xms100m -Xlog:disable -javaagent:c:\Users\ASUS\.vscode\extensions\redhat.java-1.42.0-win32-x64\lombok\lombok-1.18.36.jar -XX:+HeapDumpOnOutOfMemoryError -XX:HeapDumpPath=c:\Users\ASUS\AppData\Roaming\Code\User\workspaceStorage\4b0376d230ac6989838f7d7fb20bbc41\redhat.java -Daether.dependencyCollector.impl=bf 
java_command: c:\Users\ASUS\.vscode\extensions\redhat.java-1.42.0-win32-x64\server\plugins\org.eclipse.equinox.launcher_1.7.0.v20250424-1814.jar -configuration c:\Users\ASUS\AppData\Roaming\Code\User\globalStorage\redhat.java\1.42.0\config_win -data c:\Users\ASUS\AppData\Roaming\Code\User\workspaceStorage\4b0376d230ac6989838f7d7fb20bbc41\redhat.java\jdt_ws --pipe=\\.\pipe\lsp-e701ed76204db64b24adacb26da49806-sock
java_class_path (initial): c:\Users\ASUS\.vscode\extensions\redhat.java-1.42.0-win32-x64\server\plugins\org.eclipse.equinox.launcher_1.7.0.v20250424-1814.jar
Launcher Type: SUN_STANDARD

[Global flags]
    uintx AdaptiveSizePolicyWeight                 = 90                                        {product} {command line}
     intx CICompilerCount                          = 4                                         {product} {ergonomic}
    uintx GCTimeRatio                              = 4                                         {product} {command line}
     bool HeapDumpOnOutOfMemoryError               = true                                   {manageable} {command line}
    ccstr HeapDumpPath                             = c:\Users\ASUS\AppData\Roaming\Code\User\workspaceStorage\4b0376d230ac6989838f7d7fb20bbc41\redhat.java         {manageable} {command line}
   size_t InitialHeapSize                          = 104857600                                 {product} {command line}
   size_t MaxHeapSize                              = 1073741824                                {product} {command line}
   size_t MaxNewSize                               = 357564416                                 {product} {ergonomic}
   size_t MinHeapDeltaBytes                        = 524288                                    {product} {ergonomic}
   size_t MinHeapSize                              = 104857600                                 {product} {command line}
   size_t NewSize                                  = 34603008                                  {product} {ergonomic}
    uintx NonNMethodCodeHeapSize                   = 5839372                                {pd product} {ergonomic}
    uintx NonProfiledCodeHeapSize                  = 122909434                              {pd product} {ergonomic}
   size_t OldSize                                  = 70254592                                  {product} {ergonomic}
    uintx ProfiledCodeHeapSize                     = 122909434                              {pd product} {ergonomic}
    uintx ReservedCodeCacheSize                    = 251658240                              {pd product} {ergonomic}
     bool SegmentedCodeCache                       = true                                      {product} {ergonomic}
   size_t SoftMaxHeapSize                          = 1073741824                             {manageable} {ergonomic}
     bool UseCompressedOops                        = true                           {product lp64_product} {ergonomic}
     bool UseLargePagesIndividualAllocation        = false                                  {pd product} {ergonomic}
     bool UseParallelGC                            = true                                      {product} {command line}

Logging:
Log output configuration:
 #0: stdout all=off uptime,level,tags foldmultilines=false
 #1: stderr all=off uptime,level,tags foldmultilines=false

Environment Variables:
PATH=C:\Program Files (x86)\VMware\VMware Workstation\bin\;C:\Program Files\Eclipse Adoptium\jdk-21.0.4.7-hotspot\bin;C:\WINDOWS\system32;C:\WINDOWS;C:\WINDOWS\System32\Wbem;C:\WINDOWS\System32\WindowsPowerShell\v1.0\;C:\WINDOWS\System32\OpenSSH\;C:\Program Files (x86)\NVIDIA Corporation\PhysX\Common;C:\Program Files\NVIDIA Corporation\NVIDIA NvDLISR;C:\Program Files\dotnet\;C:\Program Files (x86)\Git\cmd;C:\Program Files\nodejs\;%MAVEN_HOME%\bin.;C:\Users\ASUS\Downloads\apache-maven-3.9.9\bin;C:\Users\ASUS\AppData\Local\Programs\Python\Python313\Scripts\;C:\Users\ASUS\AppData\Local\Programs\Python\Python313\;C:\Users\ASUS\.cargo\bin;C:\Users\ASUS\AppData\Local\Microsoft\WindowsApps;C:\Users\ASUS\AppData\Local\Programs\Microsoft VS Code\bin;;C:\Program Files\JetBrains\IntelliJ IDEA 2024.3.5\bin;;C:\Users\ASUS\AppData\Roaming\npm
USERNAME=ASUS
OS=Windows_NT
PROCESSOR_IDENTIFIER=AMD64 Family 25 Model 68 Stepping 1, AuthenticAMD
TMP=C:\Users\ASUS\AppData\Local\Temp
TEMP=C:\Users\ASUS\AppData\Local\Temp




Periodic native trim disabled

---------------  S Y S T E M  ---------------

OS:
 Windows 11 , 64 bit Build 26100 (10.0.26100.3775)
OS uptime: 4 days 3:51 hours
Hyper-V role detected

CPU: total 12 (initial active 12) (12 cores per cpu, 2 threads per core) family 25 model 68 stepping 1 microcode 0xa404102, cx8, cmov, fxsr, ht, mmx, 3dnowpref, sse, sse2, sse3, ssse3, sse4a, sse4.1, sse4.2, popcnt, lzcnt, tsc, tscinvbit, avx, avx2, aes, erms, clmul, bmi1, bmi2, adx, sha, fma, vzeroupper, clflush, clflushopt, hv, rdtscp, rdpid, fsrm, f16c, cet_ss
Processor Information for processor 0
  Max Mhz: 3301, Current Mhz: 2024, Mhz Limit: 3301
Processor Information for processor 1
  Max Mhz: 3301, Current Mhz: 2024, Mhz Limit: 3301
Processor Information for processor 2
  Max Mhz: 3301, Current Mhz: 2024, Mhz Limit: 3301
Processor Information for processor 3
  Max Mhz: 3301, Current Mhz: 2024, Mhz Limit: 3301
Processor Information for processor 4
  Max Mhz: 3301, Current Mhz: 2024, Mhz Limit: 3301
Processor Information for processor 5
  Max Mhz: 3301, Current Mhz: 2024, Mhz Limit: 3301
Processor Information for processor 6
  Max Mhz: 3301, Current Mhz: 2024, Mhz Limit: 3301
Processor Information for processor 7
  Max Mhz: 3301, Current Mhz: 2024, Mhz Limit: 3301
Processor Information for processor 8
  Max Mhz: 3301, Current Mhz: 2496, Mhz Limit: 3301
Processor Information for processor 9
  Max Mhz: 3301, Current Mhz: 2496, Mhz Limit: 3301
Processor Information for processor 10
  Max Mhz: 3301, Current Mhz: 2496, Mhz Limit: 3301
Processor Information for processor 11
  Max Mhz: 3301, Current Mhz: 2024, Mhz Limit: 3301

Memory: 4k page, system-wide physical 7498M (553M free)
TotalPageFile size 30026M (AvailPageFile size 4M)
current process WorkingSet (physical memory assigned to process): 199M, peak: 204M
current process commit charge ("private bytes"): 305M, peak: 310M

vm_info: OpenJDK 64-Bit Server VM (21.0.7+6-LTS) for windows-amd64 JRE (21.0.7+6-LTS), built on 2025-04-15T00:00:00Z by "admin" with MS VC++ 17.7 (VS2022)

END.
